

================================================================
== Vivado HLS Report for 'dense_mult_3lyr_1'
================================================================
* Date:           Mon Aug 22 13:43:18 2022

* Version:        2019.2 (Build 2704478 on Wed Nov 06 22:10:23 MST 2019)
* Project:        axi_ii_1
* Solution:       example_par_1
* Product family: virtexuplus
* Target device:  xcvu9p-flga2104-2-i


================================================================
== Performance Estimates
================================================================
+ Timing: 
    * Summary: 
    +--------+---------+----------+------------+
    |  Clock |  Target | Estimated| Uncertainty|
    +--------+---------+----------+------------+
    |ap_clk  | 5.00 ns | 3.804 ns |   0.62 ns  |
    +--------+---------+----------+------------+

+ Latency: 
    * Summary: 
    +---------+---------+-----------+-----------+-----+-----+----------+
    |  Latency (cycles) |   Latency (absolute)  |  Interval | Pipeline |
    |   min   |   max   |    min    |    max    | min | max |   Type   |
    +---------+---------+-----------+-----------+-----+-----+----------+
    |        7|        7| 35.000 ns | 35.000 ns |    1|    1| function |
    +---------+---------+-----------+-----------+-----+-----+----------+

    + Detail: 
        * Instance: 
        N/A

        * Loop: 
        N/A

============================================================
+ Verbose Summary: Synthesis Manager
============================================================
InlineROM: 1
ExposeGlobal: 0
============================================================
+ Verbose Summary: CDFG Model
============================================================
IsTopModel: 0
ResetActiveHigh: 1
IsCombinational: 0
IsDatapathOnly: 0
HasWiredReturn: 1
HasMFsm: 2
HasVarLatency: 0
IsPipeline: 1
IsRtlPipelined: 1
IsInstanceOverlapped: 0
IsDontTouch: 0
HasImplIP: 0
IsGatedGlobalClock: 0

+ Individual pipeline summary: 
  * Pipeline-0: initiation interval (II) = 1, depth = 8


============================================================
+ Verbose Summary: Schedule
============================================================
* Number of FSM states : 8
* Pipeline : 1
  Pipeline-0 : II = 1, D = 8, States = { 1 2 3 4 5 6 7 8 }
* Dataflow Pipeline: 0

* FSM state transitions: 
1 --> 2 
2 --> 3 
3 --> 4 
4 --> 5 
5 --> 6 
6 --> 7 
7 --> 8 
8 --> 

* FSM state operations: 

State 1 <SV = 0> <Delay = 3.80>
ST_1 : Operation 9 [1/1] (0.00ns)   --->   "%data_9_V_read_4 = call i14 @_ssdm_op_Read.ap_auto.i14(i14 %data_9_V_read)" [./example.h:344]   --->   Operation 9 'read' 'data_9_V_read_4' <Predicate = true> <Delay = 0.00>
ST_1 : Operation 10 [1/1] (0.00ns)   --->   "%data_8_V_read_4 = call i14 @_ssdm_op_Read.ap_auto.i14(i14 %data_8_V_read)" [./example.h:344]   --->   Operation 10 'read' 'data_8_V_read_4' <Predicate = true> <Delay = 0.00>
ST_1 : Operation 11 [1/1] (0.00ns)   --->   "%data_7_V_read_7 = call i14 @_ssdm_op_Read.ap_auto.i14(i14 %data_7_V_read)" [./example.h:344]   --->   Operation 11 'read' 'data_7_V_read_7' <Predicate = true> <Delay = 0.00>
ST_1 : Operation 12 [1/1] (0.00ns)   --->   "%data_6_V_read_7 = call i14 @_ssdm_op_Read.ap_auto.i14(i14 %data_6_V_read)" [./example.h:344]   --->   Operation 12 'read' 'data_6_V_read_7' <Predicate = true> <Delay = 0.00>
ST_1 : Operation 13 [1/1] (0.00ns)   --->   "%data_5_V_read_9 = call i14 @_ssdm_op_Read.ap_auto.i14(i14 %data_5_V_read)" [./example.h:344]   --->   Operation 13 'read' 'data_5_V_read_9' <Predicate = true> <Delay = 0.00>
ST_1 : Operation 14 [1/1] (0.00ns)   --->   "%data_4_V_read_10 = call i14 @_ssdm_op_Read.ap_auto.i14(i14 %data_4_V_read)" [./example.h:344]   --->   Operation 14 'read' 'data_4_V_read_10' <Predicate = true> <Delay = 0.00>
ST_1 : Operation 15 [1/1] (0.00ns)   --->   "%data_3_V_read_10 = call i14 @_ssdm_op_Read.ap_auto.i14(i14 %data_3_V_read)" [./example.h:344]   --->   Operation 15 'read' 'data_3_V_read_10' <Predicate = true> <Delay = 0.00>
ST_1 : Operation 16 [1/1] (0.00ns)   --->   "%data_2_V_read_10 = call i14 @_ssdm_op_Read.ap_auto.i14(i14 %data_2_V_read)" [./example.h:344]   --->   Operation 16 'read' 'data_2_V_read_10' <Predicate = true> <Delay = 0.00>
ST_1 : Operation 17 [1/1] (0.00ns)   --->   "%data_1_V_read_10 = call i14 @_ssdm_op_Read.ap_auto.i14(i14 %data_1_V_read)" [./example.h:344]   --->   Operation 17 'read' 'data_1_V_read_10' <Predicate = true> <Delay = 0.00>
ST_1 : Operation 18 [1/1] (0.00ns)   --->   "%data_0_V_read_10 = call i14 @_ssdm_op_Read.ap_auto.i14(i14 %data_0_V_read)" [./example.h:344]   --->   Operation 18 'read' 'data_0_V_read_10' <Predicate = true> <Delay = 0.00>
ST_1 : Operation 19 [2/2] (3.80ns)   --->   "%call_ret5 = call fastcc { i14, i14, i14, i14, i14, i14, i14, i14 } @dense_resource.1.0.1(i14 %data_0_V_read_10, i14 %data_1_V_read_10, i14 %data_2_V_read_10, i14 %data_3_V_read_10, i14 %data_4_V_read_10, i14 %data_5_V_read_9, i14 %data_6_V_read_7, i14 %data_7_V_read_7, i14 %data_8_V_read_4, i14 %data_9_V_read_4)" [./example.h:344]   --->   Operation 19 'call' 'call_ret5' <Predicate = true> <Delay = 3.80> <CoreType = "Generic">   --->   Core 0 '' <Latency = 0> <II = 1> <Delay = 1.00> <Generic> <Opcode : >

State 2 <SV = 1> <Delay = 3.80>
ST_2 : Operation 20 [1/2] (3.80ns)   --->   "%call_ret5 = call fastcc { i14, i14, i14, i14, i14, i14, i14, i14 } @dense_resource.1.0.1(i14 %data_0_V_read_10, i14 %data_1_V_read_10, i14 %data_2_V_read_10, i14 %data_3_V_read_10, i14 %data_4_V_read_10, i14 %data_5_V_read_9, i14 %data_6_V_read_7, i14 %data_7_V_read_7, i14 %data_8_V_read_4, i14 %data_9_V_read_4)" [./example.h:344]   --->   Operation 20 'call' 'call_ret5' <Predicate = true> <Delay = 3.80> <CoreType = "Generic">   --->   Core 0 '' <Latency = 0> <II = 1> <Delay = 1.00> <Generic> <Opcode : >
ST_2 : Operation 21 [1/1] (0.00ns)   --->   "%data0_logits_0_V = extractvalue { i14, i14, i14, i14, i14, i14, i14, i14 } %call_ret5, 0" [./example.h:344]   --->   Operation 21 'extractvalue' 'data0_logits_0_V' <Predicate = true> <Delay = 0.00>
ST_2 : Operation 22 [1/1] (0.00ns)   --->   "%data0_logits_1_V = extractvalue { i14, i14, i14, i14, i14, i14, i14, i14 } %call_ret5, 1" [./example.h:344]   --->   Operation 22 'extractvalue' 'data0_logits_1_V' <Predicate = true> <Delay = 0.00>
ST_2 : Operation 23 [1/1] (0.00ns)   --->   "%data0_logits_2_V = extractvalue { i14, i14, i14, i14, i14, i14, i14, i14 } %call_ret5, 2" [./example.h:344]   --->   Operation 23 'extractvalue' 'data0_logits_2_V' <Predicate = true> <Delay = 0.00>
ST_2 : Operation 24 [1/1] (0.00ns)   --->   "%data0_logits_3_V = extractvalue { i14, i14, i14, i14, i14, i14, i14, i14 } %call_ret5, 3" [./example.h:344]   --->   Operation 24 'extractvalue' 'data0_logits_3_V' <Predicate = true> <Delay = 0.00>
ST_2 : Operation 25 [1/1] (0.00ns)   --->   "%data0_logits_4_V = extractvalue { i14, i14, i14, i14, i14, i14, i14, i14 } %call_ret5, 4" [./example.h:344]   --->   Operation 25 'extractvalue' 'data0_logits_4_V' <Predicate = true> <Delay = 0.00>
ST_2 : Operation 26 [1/1] (0.00ns)   --->   "%data0_logits_5_V = extractvalue { i14, i14, i14, i14, i14, i14, i14, i14 } %call_ret5, 5" [./example.h:344]   --->   Operation 26 'extractvalue' 'data0_logits_5_V' <Predicate = true> <Delay = 0.00>
ST_2 : Operation 27 [1/1] (0.00ns)   --->   "%data0_logits_6_V = extractvalue { i14, i14, i14, i14, i14, i14, i14, i14 } %call_ret5, 6" [./example.h:344]   --->   Operation 27 'extractvalue' 'data0_logits_6_V' <Predicate = true> <Delay = 0.00>
ST_2 : Operation 28 [1/1] (0.00ns)   --->   "%data0_logits_7_V = extractvalue { i14, i14, i14, i14, i14, i14, i14, i14 } %call_ret5, 7" [./example.h:344]   --->   Operation 28 'extractvalue' 'data0_logits_7_V' <Predicate = true> <Delay = 0.00>

State 3 <SV = 2> <Delay = 0.97>
ST_3 : Operation 29 [1/1] (0.97ns)   --->   "%call_ret6 = call fastcc { i14, i14, i14, i14, i14, i14, i14, i14 } @relu(i14 %data0_logits_0_V, i14 %data0_logits_1_V, i14 %data0_logits_2_V, i14 %data0_logits_3_V, i14 %data0_logits_4_V, i14 %data0_logits_5_V, i14 %data0_logits_6_V, i14 %data0_logits_7_V)" [./example.h:358]   --->   Operation 29 'call' 'call_ret6' <Predicate = true> <Delay = 0.97> <CoreType = "Generic">   --->   Core 0 '' <Latency = 0> <II = 1> <Delay = 1.00> <Generic> <Opcode : >
ST_3 : Operation 30 [1/1] (0.00ns)   --->   "%data0_0_V = extractvalue { i14, i14, i14, i14, i14, i14, i14, i14 } %call_ret6, 0" [./example.h:358]   --->   Operation 30 'extractvalue' 'data0_0_V' <Predicate = true> <Delay = 0.00>
ST_3 : Operation 31 [1/1] (0.00ns)   --->   "%data0_1_V = extractvalue { i14, i14, i14, i14, i14, i14, i14, i14 } %call_ret6, 1" [./example.h:358]   --->   Operation 31 'extractvalue' 'data0_1_V' <Predicate = true> <Delay = 0.00>
ST_3 : Operation 32 [1/1] (0.00ns)   --->   "%data0_2_V = extractvalue { i14, i14, i14, i14, i14, i14, i14, i14 } %call_ret6, 2" [./example.h:358]   --->   Operation 32 'extractvalue' 'data0_2_V' <Predicate = true> <Delay = 0.00>
ST_3 : Operation 33 [1/1] (0.00ns)   --->   "%data0_3_V = extractvalue { i14, i14, i14, i14, i14, i14, i14, i14 } %call_ret6, 3" [./example.h:358]   --->   Operation 33 'extractvalue' 'data0_3_V' <Predicate = true> <Delay = 0.00>
ST_3 : Operation 34 [1/1] (0.00ns)   --->   "%data0_4_V = extractvalue { i14, i14, i14, i14, i14, i14, i14, i14 } %call_ret6, 4" [./example.h:358]   --->   Operation 34 'extractvalue' 'data0_4_V' <Predicate = true> <Delay = 0.00>
ST_3 : Operation 35 [1/1] (0.00ns)   --->   "%data0_5_V = extractvalue { i14, i14, i14, i14, i14, i14, i14, i14 } %call_ret6, 5" [./example.h:358]   --->   Operation 35 'extractvalue' 'data0_5_V' <Predicate = true> <Delay = 0.00>
ST_3 : Operation 36 [1/1] (0.00ns)   --->   "%data0_6_V = extractvalue { i14, i14, i14, i14, i14, i14, i14, i14 } %call_ret6, 6" [./example.h:358]   --->   Operation 36 'extractvalue' 'data0_6_V' <Predicate = true> <Delay = 0.00>
ST_3 : Operation 37 [1/1] (0.00ns)   --->   "%data0_7_V = extractvalue { i14, i14, i14, i14, i14, i14, i14, i14 } %call_ret6, 7" [./example.h:358]   --->   Operation 37 'extractvalue' 'data0_7_V' <Predicate = true> <Delay = 0.00>

State 4 <SV = 3> <Delay = 3.80>
ST_4 : Operation 38 [2/2] (3.80ns)   --->   "%call_ret7 = call fastcc { i14, i14, i14, i14, i14, i14, i14, i14 } @dense_resource.2.0(i14 %data0_0_V, i14 %data0_1_V, i14 %data0_2_V, i14 %data0_3_V, i14 %data0_4_V, i14 %data0_5_V, i14 %data0_6_V, i14 %data0_7_V)" [./example.h:358]   --->   Operation 38 'call' 'call_ret7' <Predicate = true> <Delay = 3.80> <CoreType = "Generic">   --->   Core 0 '' <Latency = 0> <II = 1> <Delay = 1.00> <Generic> <Opcode : >

State 5 <SV = 4> <Delay = 3.80>
ST_5 : Operation 39 [1/2] (3.80ns)   --->   "%call_ret7 = call fastcc { i14, i14, i14, i14, i14, i14, i14, i14 } @dense_resource.2.0(i14 %data0_0_V, i14 %data0_1_V, i14 %data0_2_V, i14 %data0_3_V, i14 %data0_4_V, i14 %data0_5_V, i14 %data0_6_V, i14 %data0_7_V)" [./example.h:358]   --->   Operation 39 'call' 'call_ret7' <Predicate = true> <Delay = 3.80> <CoreType = "Generic">   --->   Core 0 '' <Latency = 0> <II = 1> <Delay = 1.00> <Generic> <Opcode : >
ST_5 : Operation 40 [1/1] (0.00ns)   --->   "%data1_logits_0_V = extractvalue { i14, i14, i14, i14, i14, i14, i14, i14 } %call_ret7, 0" [./example.h:358]   --->   Operation 40 'extractvalue' 'data1_logits_0_V' <Predicate = true> <Delay = 0.00>
ST_5 : Operation 41 [1/1] (0.00ns)   --->   "%data1_logits_1_V = extractvalue { i14, i14, i14, i14, i14, i14, i14, i14 } %call_ret7, 1" [./example.h:358]   --->   Operation 41 'extractvalue' 'data1_logits_1_V' <Predicate = true> <Delay = 0.00>
ST_5 : Operation 42 [1/1] (0.00ns)   --->   "%data1_logits_2_V = extractvalue { i14, i14, i14, i14, i14, i14, i14, i14 } %call_ret7, 2" [./example.h:358]   --->   Operation 42 'extractvalue' 'data1_logits_2_V' <Predicate = true> <Delay = 0.00>
ST_5 : Operation 43 [1/1] (0.00ns)   --->   "%data1_logits_3_V = extractvalue { i14, i14, i14, i14, i14, i14, i14, i14 } %call_ret7, 3" [./example.h:358]   --->   Operation 43 'extractvalue' 'data1_logits_3_V' <Predicate = true> <Delay = 0.00>
ST_5 : Operation 44 [1/1] (0.00ns)   --->   "%data1_logits_4_V = extractvalue { i14, i14, i14, i14, i14, i14, i14, i14 } %call_ret7, 4" [./example.h:358]   --->   Operation 44 'extractvalue' 'data1_logits_4_V' <Predicate = true> <Delay = 0.00>
ST_5 : Operation 45 [1/1] (0.00ns)   --->   "%data1_logits_5_V = extractvalue { i14, i14, i14, i14, i14, i14, i14, i14 } %call_ret7, 5" [./example.h:358]   --->   Operation 45 'extractvalue' 'data1_logits_5_V' <Predicate = true> <Delay = 0.00>
ST_5 : Operation 46 [1/1] (0.00ns)   --->   "%data1_logits_6_V = extractvalue { i14, i14, i14, i14, i14, i14, i14, i14 } %call_ret7, 6" [./example.h:358]   --->   Operation 46 'extractvalue' 'data1_logits_6_V' <Predicate = true> <Delay = 0.00>
ST_5 : Operation 47 [1/1] (0.00ns)   --->   "%data1_logits_7_V = extractvalue { i14, i14, i14, i14, i14, i14, i14, i14 } %call_ret7, 7" [./example.h:358]   --->   Operation 47 'extractvalue' 'data1_logits_7_V' <Predicate = true> <Delay = 0.00>

State 6 <SV = 5> <Delay = 0.97>
ST_6 : Operation 48 [1/1] (0.97ns)   --->   "%call_ret = call fastcc { i14, i14, i14, i14, i14, i14, i14, i14 } @relu(i14 %data1_logits_0_V, i14 %data1_logits_1_V, i14 %data1_logits_2_V, i14 %data1_logits_3_V, i14 %data1_logits_4_V, i14 %data1_logits_5_V, i14 %data1_logits_6_V, i14 %data1_logits_7_V)" [./example.h:367]   --->   Operation 48 'call' 'call_ret' <Predicate = true> <Delay = 0.97> <CoreType = "Generic">   --->   Core 0 '' <Latency = 0> <II = 1> <Delay = 1.00> <Generic> <Opcode : >
ST_6 : Operation 49 [1/1] (0.00ns)   --->   "%data1_0_V = extractvalue { i14, i14, i14, i14, i14, i14, i14, i14 } %call_ret, 0" [./example.h:367]   --->   Operation 49 'extractvalue' 'data1_0_V' <Predicate = true> <Delay = 0.00>
ST_6 : Operation 50 [1/1] (0.00ns)   --->   "%data1_1_V = extractvalue { i14, i14, i14, i14, i14, i14, i14, i14 } %call_ret, 1" [./example.h:367]   --->   Operation 50 'extractvalue' 'data1_1_V' <Predicate = true> <Delay = 0.00>
ST_6 : Operation 51 [1/1] (0.00ns)   --->   "%data1_2_V = extractvalue { i14, i14, i14, i14, i14, i14, i14, i14 } %call_ret, 2" [./example.h:367]   --->   Operation 51 'extractvalue' 'data1_2_V' <Predicate = true> <Delay = 0.00>
ST_6 : Operation 52 [1/1] (0.00ns)   --->   "%data1_3_V = extractvalue { i14, i14, i14, i14, i14, i14, i14, i14 } %call_ret, 3" [./example.h:367]   --->   Operation 52 'extractvalue' 'data1_3_V' <Predicate = true> <Delay = 0.00>
ST_6 : Operation 53 [1/1] (0.00ns)   --->   "%data1_4_V = extractvalue { i14, i14, i14, i14, i14, i14, i14, i14 } %call_ret, 4" [./example.h:367]   --->   Operation 53 'extractvalue' 'data1_4_V' <Predicate = true> <Delay = 0.00>
ST_6 : Operation 54 [1/1] (0.00ns)   --->   "%data1_5_V = extractvalue { i14, i14, i14, i14, i14, i14, i14, i14 } %call_ret, 5" [./example.h:367]   --->   Operation 54 'extractvalue' 'data1_5_V' <Predicate = true> <Delay = 0.00>
ST_6 : Operation 55 [1/1] (0.00ns)   --->   "%data1_6_V = extractvalue { i14, i14, i14, i14, i14, i14, i14, i14 } %call_ret, 6" [./example.h:367]   --->   Operation 55 'extractvalue' 'data1_6_V' <Predicate = true> <Delay = 0.00>
ST_6 : Operation 56 [1/1] (0.00ns)   --->   "%data1_7_V = extractvalue { i14, i14, i14, i14, i14, i14, i14, i14 } %call_ret, 7" [./example.h:367]   --->   Operation 56 'extractvalue' 'data1_7_V' <Predicate = true> <Delay = 0.00>

State 7 <SV = 6> <Delay = 3.80>
ST_7 : Operation 57 [2/2] (3.80ns)   --->   "%call_ret8 = call fastcc { i14, i14, i14, i14 } @dense_resource.0.0.1(i14 %data1_0_V, i14 %data1_1_V, i14 %data1_2_V, i14 %data1_3_V, i14 %data1_4_V, i14 %data1_5_V, i14 %data1_6_V, i14 %data1_7_V)" [./example.h:367]   --->   Operation 57 'call' 'call_ret8' <Predicate = true> <Delay = 3.80> <CoreType = "Generic">   --->   Core 0 '' <Latency = 0> <II = 1> <Delay = 1.00> <Generic> <Opcode : >

State 8 <SV = 7> <Delay = 3.78>
ST_8 : Operation 58 [1/2] (3.78ns)   --->   "%call_ret8 = call fastcc { i14, i14, i14, i14 } @dense_resource.0.0.1(i14 %data1_0_V, i14 %data1_1_V, i14 %data1_2_V, i14 %data1_3_V, i14 %data1_4_V, i14 %data1_5_V, i14 %data1_6_V, i14 %data1_7_V)" [./example.h:367]   --->   Operation 58 'call' 'call_ret8' <Predicate = true> <Delay = 3.78> <CoreType = "Generic">   --->   Core 0 '' <Latency = 0> <II = 1> <Delay = 1.00> <Generic> <Opcode : >
ST_8 : Operation 59 [1/1] (0.00ns)   --->   "ret { i14, i14, i14, i14 } %call_ret8" [./example.h:370]   --->   Operation 59 'ret' <Predicate = true> <Delay = 0.00>


============================================================
+ Verbose Summary: Timing violations
============================================================
Target clock period: 5ns, clock uncertainty: 0.625ns.

 <State 1>: 3.8ns
The critical path consists of the following:
	wire read on port 'data_9_V_read' (./example.h:344) [11]  (0 ns)
	'call' operation ('call_ret5', ./example.h:344) to 'dense_resource.1.0.1' [21]  (3.8 ns)

 <State 2>: 3.8ns
The critical path consists of the following:
	'call' operation ('call_ret5', ./example.h:344) to 'dense_resource.1.0.1' [21]  (3.8 ns)

 <State 3>: 0.973ns
The critical path consists of the following:
	'call' operation ('call_ret6', ./example.h:358) to 'relu' [30]  (0.973 ns)

 <State 4>: 3.8ns
The critical path consists of the following:
	'call' operation ('call_ret7', ./example.h:358) to 'dense_resource.2.0' [39]  (3.8 ns)

 <State 5>: 3.8ns
The critical path consists of the following:
	'call' operation ('call_ret7', ./example.h:358) to 'dense_resource.2.0' [39]  (3.8 ns)

 <State 6>: 0.973ns
The critical path consists of the following:
	'call' operation ('call_ret', ./example.h:367) to 'relu' [48]  (0.973 ns)

 <State 7>: 3.8ns
The critical path consists of the following:
	'call' operation ('call_ret8', ./example.h:367) to 'dense_resource.0.0.1' [57]  (3.8 ns)

 <State 8>: 3.79ns
The critical path consists of the following:
	'call' operation ('call_ret8', ./example.h:367) to 'dense_resource.0.0.1' [57]  (3.79 ns)


============================================================
+ Verbose Summary: Binding
============================================================
N/A
* FSMD analyzer results:
  - Output states:
 - Input state : 
  - Chain level:
	State 1
	State 2
	State 3
	State 4
	State 5
	State 6
	State 7
	State 8


============================================================
+ Verbose Summary: Datapath Resource usage 
============================================================
N/A
