

================================================================
== Vivado HLS Report for 'Loop_1_proc225'
================================================================
* Date:           Mon Aug 22 13:43:03 2022

* Version:        2019.2 (Build 2704478 on Wed Nov 06 22:10:23 MST 2019)
* Project:        axi_ii_1
* Solution:       example_par_1
* Product family: virtexuplus
* Target device:  xcvu9p-flga2104-2-i


================================================================
== Performance Estimates
================================================================
+ Timing: 
    * Summary: 
    +--------+---------+----------+------------+
    |  Clock |  Target | Estimated| Uncertainty|
    +--------+---------+----------+------------+
    |ap_clk  | 5.00 ns | 0.619 ns |   0.62 ns  |
    +--------+---------+----------+------------+

+ Latency: 
    * Summary: 
    +---------+---------+----------+----------+-----+-----+---------+
    |  Latency (cycles) |  Latency (absolute) |  Interval | Pipeline|
    |   min   |   max   |    min   |    max   | min | max |   Type  |
    +---------+---------+----------+----------+-----+-----+---------+
    |       62|       62| 0.310 us | 0.310 us |   62|   62|   none  |
    +---------+---------+----------+----------+-----+-----+---------+

    + Detail: 
        * Instance: 
        N/A

        * Loop: 
        +----------+---------+---------+----------+-----------+-----------+------+----------+
        |          |  Latency (cycles) | Iteration|  Initiation Interval  | Trip |          |
        | Loop Name|   min   |   max   |  Latency |  achieved |   target  | Count| Pipelined|
        +----------+---------+---------+----------+-----------+-----------+------+----------+
        |- Loop 1  |       60|       60|         1|          1|          1|    60|    yes   |
        +----------+---------+---------+----------+-----------+-----------+------+----------+

============================================================
+ Verbose Summary: Synthesis Manager
============================================================
InlineROM: 1
ExposeGlobal: 0
============================================================
+ Verbose Summary: CDFG Model
============================================================
IsTopModel: 0
ResetActiveHigh: 1
IsCombinational: 2
IsDatapathOnly: 0
HasWiredReturn: 1
HasMFsm: 0
HasVarLatency: 1
IsPipeline: 0
IsRtlPipelined: 0
IsInstanceOverlapped: 0
IsDontTouch: 0
HasImplIP: 0
IsGatedGlobalClock: 0

+ Individual pipeline summary: 
  * Pipeline-0: initiation interval (II) = 1, depth = 1


============================================================
+ Verbose Summary: Schedule
============================================================
* Number of FSM states : 3
* Pipeline : 1
  Pipeline-0 : II = 1, D = 1, States = { 2 }
* Dataflow Pipeline: 0

* FSM state transitions: 
1 --> 2 
2 --> 3 2 
3 --> 

* FSM state operations: 

State 1 <SV = 0> <Delay = 0.60>
ST_1 : Operation 4 [1/1] (0.00ns)   --->   "%node_attr_mat_s_V_V_s = getelementptr [11 x i14]* %node_attr_mat_s_V_V, i64 0, i64 0" [example.cpp:138]   --->   Operation 4 'getelementptr' 'node_attr_mat_s_V_V_s' <Predicate = true> <Delay = 0.00>
ST_1 : Operation 5 [1/1] (0.00ns)   --->   "%node_attr_mat_s_V_V_1 = getelementptr [11 x i14]* %node_attr_mat_s_V_V, i64 0, i64 1" [example.cpp:138]   --->   Operation 5 'getelementptr' 'node_attr_mat_s_V_V_1' <Predicate = true> <Delay = 0.00>
ST_1 : Operation 6 [1/1] (0.00ns)   --->   "%node_attr_mat_s_V_V_2 = getelementptr [11 x i14]* %node_attr_mat_s_V_V, i64 0, i64 2" [example.cpp:138]   --->   Operation 6 'getelementptr' 'node_attr_mat_s_V_V_2' <Predicate = true> <Delay = 0.00>
ST_1 : Operation 7 [1/1] (0.00ns)   --->   "%node_attr_mat_s_V_V_3 = getelementptr [11 x i14]* %node_attr_mat_s_V_V, i64 0, i64 3" [example.cpp:138]   --->   Operation 7 'getelementptr' 'node_attr_mat_s_V_V_3' <Predicate = true> <Delay = 0.00>
ST_1 : Operation 8 [1/1] (0.00ns)   --->   "%node_attr_mat_s_V_V_4 = getelementptr [11 x i14]* %node_attr_mat_s_V_V, i64 0, i64 4" [example.cpp:138]   --->   Operation 8 'getelementptr' 'node_attr_mat_s_V_V_4' <Predicate = true> <Delay = 0.00>
ST_1 : Operation 9 [1/1] (0.00ns)   --->   "%node_attr_mat_s_V_V_5 = getelementptr [11 x i14]* %node_attr_mat_s_V_V, i64 0, i64 5" [example.cpp:138]   --->   Operation 9 'getelementptr' 'node_attr_mat_s_V_V_5' <Predicate = true> <Delay = 0.00>
ST_1 : Operation 10 [1/1] (0.00ns)   --->   "%node_attr_mat_s_V_V_6 = getelementptr [11 x i14]* %node_attr_mat_s_V_V, i64 0, i64 6" [example.cpp:138]   --->   Operation 10 'getelementptr' 'node_attr_mat_s_V_V_6' <Predicate = true> <Delay = 0.00>
ST_1 : Operation 11 [1/1] (0.00ns)   --->   "%node_attr_mat_s_V_V_7 = getelementptr [11 x i14]* %node_attr_mat_s_V_V, i64 0, i64 7" [example.cpp:138]   --->   Operation 11 'getelementptr' 'node_attr_mat_s_V_V_7' <Predicate = true> <Delay = 0.00>
ST_1 : Operation 12 [1/1] (0.00ns)   --->   "%node_attr_mat_s_V_V_8 = getelementptr [11 x i14]* %node_attr_mat_s_V_V, i64 0, i64 8" [example.cpp:138]   --->   Operation 12 'getelementptr' 'node_attr_mat_s_V_V_8' <Predicate = true> <Delay = 0.00>
ST_1 : Operation 13 [1/1] (0.00ns)   --->   "%node_attr_mat_s_V_V_9 = getelementptr [11 x i14]* %node_attr_mat_s_V_V, i64 0, i64 9" [example.cpp:138]   --->   Operation 13 'getelementptr' 'node_attr_mat_s_V_V_9' <Predicate = true> <Delay = 0.00>
ST_1 : Operation 14 [1/1] (0.00ns)   --->   "%node_attr_mat_s_V_V_10 = getelementptr [11 x i14]* %node_attr_mat_s_V_V, i64 0, i64 10" [example.cpp:138]   --->   Operation 14 'getelementptr' 'node_attr_mat_s_V_V_10' <Predicate = true> <Delay = 0.00>
ST_1 : Operation 15 [1/1] (0.00ns)   --->   "%node_attr_mat_s_V_V_11 = getelementptr [11 x i14]* %node_attr_mat_s_V_V, i64 0, i64 11" [example.cpp:138]   --->   Operation 15 'getelementptr' 'node_attr_mat_s_V_V_11' <Predicate = true> <Delay = 0.00>
ST_1 : Operation 16 [1/1] (0.00ns)   --->   "%node_attr_mat_s_V_V_12 = getelementptr [11 x i14]* %node_attr_mat_s_V_V, i64 0, i64 12" [example.cpp:138]   --->   Operation 16 'getelementptr' 'node_attr_mat_s_V_V_12' <Predicate = true> <Delay = 0.00>
ST_1 : Operation 17 [1/1] (0.00ns)   --->   "%node_attr_mat_s_V_V_13 = getelementptr [11 x i14]* %node_attr_mat_s_V_V, i64 0, i64 13" [example.cpp:138]   --->   Operation 17 'getelementptr' 'node_attr_mat_s_V_V_13' <Predicate = true> <Delay = 0.00>
ST_1 : Operation 18 [1/1] (0.00ns)   --->   "%node_attr_mat_s_V_V_14 = getelementptr [11 x i14]* %node_attr_mat_s_V_V, i64 0, i64 14" [example.cpp:138]   --->   Operation 18 'getelementptr' 'node_attr_mat_s_V_V_14' <Predicate = true> <Delay = 0.00>
ST_1 : Operation 19 [1/1] (0.00ns)   --->   "%node_attr_mat_s_V_V_15 = getelementptr [11 x i14]* %node_attr_mat_s_V_V, i64 0, i64 15" [example.cpp:138]   --->   Operation 19 'getelementptr' 'node_attr_mat_s_V_V_15' <Predicate = true> <Delay = 0.00>
ST_1 : Operation 20 [1/1] (0.00ns)   --->   "%node_attr_mat_s_V_V_16 = getelementptr [11 x i14]* %node_attr_mat_s_V_V, i64 0, i64 16" [example.cpp:138]   --->   Operation 20 'getelementptr' 'node_attr_mat_s_V_V_16' <Predicate = true> <Delay = 0.00>
ST_1 : Operation 21 [1/1] (0.00ns)   --->   "%node_attr_mat_s_V_V_17 = getelementptr [11 x i14]* %node_attr_mat_s_V_V, i64 0, i64 17" [example.cpp:138]   --->   Operation 21 'getelementptr' 'node_attr_mat_s_V_V_17' <Predicate = true> <Delay = 0.00>
ST_1 : Operation 22 [1/1] (0.00ns)   --->   "%node_attr_mat_s_V_V_18 = getelementptr [11 x i14]* %node_attr_mat_s_V_V, i64 0, i64 18" [example.cpp:138]   --->   Operation 22 'getelementptr' 'node_attr_mat_s_V_V_18' <Predicate = true> <Delay = 0.00>
ST_1 : Operation 23 [1/1] (0.00ns)   --->   "%node_attr_mat_s_V_V_19 = getelementptr [11 x i14]* %node_attr_mat_s_V_V, i64 0, i64 19" [example.cpp:138]   --->   Operation 23 'getelementptr' 'node_attr_mat_s_V_V_19' <Predicate = true> <Delay = 0.00>
ST_1 : Operation 24 [1/1] (0.00ns)   --->   "%node_attr_mat_s_V_V_20 = getelementptr [11 x i14]* %node_attr_mat_s_V_V, i64 0, i64 20" [example.cpp:138]   --->   Operation 24 'getelementptr' 'node_attr_mat_s_V_V_20' <Predicate = true> <Delay = 0.00>
ST_1 : Operation 25 [1/1] (0.00ns)   --->   "%node_attr_mat_s_V_V_21 = getelementptr [11 x i14]* %node_attr_mat_s_V_V, i64 0, i64 21" [example.cpp:138]   --->   Operation 25 'getelementptr' 'node_attr_mat_s_V_V_21' <Predicate = true> <Delay = 0.00>
ST_1 : Operation 26 [1/1] (0.00ns)   --->   "%node_attr_mat_s_V_V_22 = getelementptr [11 x i14]* %node_attr_mat_s_V_V, i64 0, i64 22" [example.cpp:138]   --->   Operation 26 'getelementptr' 'node_attr_mat_s_V_V_22' <Predicate = true> <Delay = 0.00>
ST_1 : Operation 27 [1/1] (0.00ns)   --->   "%node_attr_mat_s_V_V_23 = getelementptr [11 x i14]* %node_attr_mat_s_V_V, i64 0, i64 23" [example.cpp:138]   --->   Operation 27 'getelementptr' 'node_attr_mat_s_V_V_23' <Predicate = true> <Delay = 0.00>
ST_1 : Operation 28 [1/1] (0.00ns)   --->   "%node_attr_mat_s_V_V_24 = getelementptr [11 x i14]* %node_attr_mat_s_V_V, i64 0, i64 24" [example.cpp:138]   --->   Operation 28 'getelementptr' 'node_attr_mat_s_V_V_24' <Predicate = true> <Delay = 0.00>
ST_1 : Operation 29 [1/1] (0.00ns)   --->   "%node_attr_mat_s_V_V_25 = getelementptr [11 x i14]* %node_attr_mat_s_V_V, i64 0, i64 25" [example.cpp:138]   --->   Operation 29 'getelementptr' 'node_attr_mat_s_V_V_25' <Predicate = true> <Delay = 0.00>
ST_1 : Operation 30 [1/1] (0.00ns)   --->   "%node_attr_mat_s_V_V_26 = getelementptr [11 x i14]* %node_attr_mat_s_V_V, i64 0, i64 26" [example.cpp:138]   --->   Operation 30 'getelementptr' 'node_attr_mat_s_V_V_26' <Predicate = true> <Delay = 0.00>
ST_1 : Operation 31 [1/1] (0.00ns)   --->   "%node_attr_mat_s_V_V_27 = getelementptr [11 x i14]* %node_attr_mat_s_V_V, i64 0, i64 27" [example.cpp:138]   --->   Operation 31 'getelementptr' 'node_attr_mat_s_V_V_27' <Predicate = true> <Delay = 0.00>
ST_1 : Operation 32 [1/1] (0.00ns)   --->   "%node_attr_mat_s_V_V_28 = getelementptr [11 x i14]* %node_attr_mat_s_V_V, i64 0, i64 28" [example.cpp:138]   --->   Operation 32 'getelementptr' 'node_attr_mat_s_V_V_28' <Predicate = true> <Delay = 0.00>
ST_1 : Operation 33 [1/1] (0.00ns)   --->   "%node_attr_mat_s_V_V_29 = getelementptr [11 x i14]* %node_attr_mat_s_V_V, i64 0, i64 29" [example.cpp:138]   --->   Operation 33 'getelementptr' 'node_attr_mat_s_V_V_29' <Predicate = true> <Delay = 0.00>
ST_1 : Operation 34 [1/1] (0.00ns)   --->   "%node_attr_mat_s_V_V_30 = getelementptr [11 x i14]* %node_attr_mat_s_V_V, i64 0, i64 30" [example.cpp:138]   --->   Operation 34 'getelementptr' 'node_attr_mat_s_V_V_30' <Predicate = true> <Delay = 0.00>
ST_1 : Operation 35 [1/1] (0.00ns)   --->   "%node_attr_mat_s_V_V_31 = getelementptr [11 x i14]* %node_attr_mat_s_V_V, i64 0, i64 31" [example.cpp:138]   --->   Operation 35 'getelementptr' 'node_attr_mat_s_V_V_31' <Predicate = true> <Delay = 0.00>
ST_1 : Operation 36 [1/1] (0.00ns)   --->   "%node_attr_mat_s_V_V_32 = getelementptr [11 x i14]* %node_attr_mat_s_V_V, i64 0, i64 32" [example.cpp:138]   --->   Operation 36 'getelementptr' 'node_attr_mat_s_V_V_32' <Predicate = true> <Delay = 0.00>
ST_1 : Operation 37 [1/1] (0.60ns)   --->   "br label %0"   --->   Operation 37 'br' <Predicate = true> <Delay = 0.60>

State 2 <SV = 1> <Delay = 0.61>
ST_2 : Operation 38 [1/1] (0.00ns)   --->   "%i_0 = phi i6 [ 0, %newFuncRoot ], [ %i, %hls_label_0 ]"   --->   Operation 38 'phi' 'i_0' <Predicate = true> <Delay = 0.00>
ST_2 : Operation 39 [1/1] (0.61ns)   --->   "%icmp_ln131 = icmp eq i6 %i_0, -4" [example.cpp:131]   --->   Operation 39 'icmp' 'icmp_ln131' <Predicate = true> <Delay = 0.61> <Core = "Cmp">   --->   Core 25 'Cmp' <Latency = 0> <II = 1> <Delay = 0.61> <FuncUnit> <Opcode : 'icmp'> <InPorts = 2> <OutPorts = 1>
ST_2 : Operation 40 [1/1] (0.00ns)   --->   "%empty = call i32 (...)* @_ssdm_op_SpecLoopTripCount(i64 60, i64 60, i64 60)"   --->   Operation 40 'speclooptripcount' 'empty' <Predicate = true> <Delay = 0.00>
ST_2 : Operation 41 [1/1] (0.43ns)   --->   "%i = add i6 %i_0, 1" [example.cpp:131]   --->   Operation 41 'add' 'i' <Predicate = true> <Delay = 0.43> <Core = "AddSub">   --->   Core 14 'AddSub' <Latency = 0> <II = 1> <Delay = 0.43> <FuncUnit> <Opcode : 'add' 'sub'> <InPorts = 2> <OutPorts = 1>
ST_2 : Operation 42 [1/1] (0.00ns)   --->   "br i1 %icmp_ln131, label %.preheader83.exitStub, label %hls_label_0" [example.cpp:131]   --->   Operation 42 'br' <Predicate = true> <Delay = 0.00>
ST_2 : Operation 43 [1/1] (0.00ns)   --->   "%tmp = call i32 (...)* @_ssdm_op_SpecRegionBegin([12 x i8]* @p_str29)" [example.cpp:131]   --->   Operation 43 'specregionbegin' 'tmp' <Predicate = (!icmp_ln131)> <Delay = 0.00>
ST_2 : Operation 44 [1/1] (0.00ns)   --->   "call void (...)* @_ssdm_op_SpecPipeline(i32 -1, i32 1, i32 1, i32 0, [1 x i8]* @p_str) nounwind" [example.cpp:132]   --->   Operation 44 'specpipeline' <Predicate = (!icmp_ln131)> <Delay = 0.00>
ST_2 : Operation 45 [1/1] (0.00ns)   --->   "%tmp_V = call i14 @_ssdm_op_Read.ap_auto.volatile.i14P(i14* %node_attr_mat_s_V_V_s)" [example.cpp:138]   --->   Operation 45 'read' 'tmp_V' <Predicate = (!icmp_ln131)> <Delay = 0.00>
ST_2 : Operation 46 [1/1] (0.00ns)   --->   "%zext_ln203 = zext i6 %i_0 to i64" [example.cpp:138]   --->   Operation 46 'zext' 'zext_ln203' <Predicate = (!icmp_ln131)> <Delay = 0.00>
ST_2 : Operation 47 [1/1] (0.00ns)   --->   "%node_attr_0_0_V_ad = getelementptr [60 x i14]* %node_attr_0_0_V, i64 0, i64 %zext_ln203" [example.cpp:138]   --->   Operation 47 'getelementptr' 'node_attr_0_0_V_ad' <Predicate = (!icmp_ln131)> <Delay = 0.00>
ST_2 : Operation 48 [1/1] (0.59ns)   --->   "store i14 %tmp_V, i14* %node_attr_0_0_V_ad, align 2" [example.cpp:138]   --->   Operation 48 'store' <Predicate = (!icmp_ln131)> <Delay = 0.59> <Core = "RAM">   --->   Core 37 'RAM' <Latency = 1> <II = 1> <Delay = 0.59> <Storage> <Opcode : 'load' 'store'> <Ports = 2> <Width = 14> <Depth = 60> <RAM>
ST_2 : Operation 49 [1/1] (0.00ns)   --->   "%tmp_V_77 = call i14 @_ssdm_op_Read.ap_auto.volatile.i14P(i14* %node_attr_mat_s_V_V_1)" [example.cpp:138]   --->   Operation 49 'read' 'tmp_V_77' <Predicate = (!icmp_ln131)> <Delay = 0.00>
ST_2 : Operation 50 [1/1] (0.00ns)   --->   "%node_attr_0_1_V_ad = getelementptr [60 x i14]* %node_attr_0_1_V, i64 0, i64 %zext_ln203" [example.cpp:138]   --->   Operation 50 'getelementptr' 'node_attr_0_1_V_ad' <Predicate = (!icmp_ln131)> <Delay = 0.00>
ST_2 : Operation 51 [1/1] (0.59ns)   --->   "store i14 %tmp_V_77, i14* %node_attr_0_1_V_ad, align 2" [example.cpp:138]   --->   Operation 51 'store' <Predicate = (!icmp_ln131)> <Delay = 0.59> <Core = "RAM">   --->   Core 37 'RAM' <Latency = 1> <II = 1> <Delay = 0.59> <Storage> <Opcode : 'load' 'store'> <Ports = 2> <Width = 14> <Depth = 60> <RAM>
ST_2 : Operation 52 [1/1] (0.00ns)   --->   "%tmp_V_78 = call i14 @_ssdm_op_Read.ap_auto.volatile.i14P(i14* %node_attr_mat_s_V_V_2)" [example.cpp:138]   --->   Operation 52 'read' 'tmp_V_78' <Predicate = (!icmp_ln131)> <Delay = 0.00>
ST_2 : Operation 53 [1/1] (0.00ns)   --->   "%node_attr_0_2_V_ad = getelementptr [60 x i14]* %node_attr_0_2_V, i64 0, i64 %zext_ln203" [example.cpp:138]   --->   Operation 53 'getelementptr' 'node_attr_0_2_V_ad' <Predicate = (!icmp_ln131)> <Delay = 0.00>
ST_2 : Operation 54 [1/1] (0.59ns)   --->   "store i14 %tmp_V_78, i14* %node_attr_0_2_V_ad, align 2" [example.cpp:138]   --->   Operation 54 'store' <Predicate = (!icmp_ln131)> <Delay = 0.59> <Core = "RAM">   --->   Core 37 'RAM' <Latency = 1> <II = 1> <Delay = 0.59> <Storage> <Opcode : 'load' 'store'> <Ports = 2> <Width = 14> <Depth = 60> <RAM>
ST_2 : Operation 55 [1/1] (0.00ns)   --->   "%tmp_V_79 = call i14 @_ssdm_op_Read.ap_auto.volatile.i14P(i14* %node_attr_mat_s_V_V_3)" [example.cpp:138]   --->   Operation 55 'read' 'tmp_V_79' <Predicate = (!icmp_ln131)> <Delay = 0.00>
ST_2 : Operation 56 [1/1] (0.00ns)   --->   "%node_attr_1_0_V_ad = getelementptr [60 x i14]* %node_attr_1_0_V, i64 0, i64 %zext_ln203" [example.cpp:138]   --->   Operation 56 'getelementptr' 'node_attr_1_0_V_ad' <Predicate = (!icmp_ln131)> <Delay = 0.00>
ST_2 : Operation 57 [1/1] (0.59ns)   --->   "store i14 %tmp_V_79, i14* %node_attr_1_0_V_ad, align 2" [example.cpp:138]   --->   Operation 57 'store' <Predicate = (!icmp_ln131)> <Delay = 0.59> <Core = "RAM">   --->   Core 37 'RAM' <Latency = 1> <II = 1> <Delay = 0.59> <Storage> <Opcode : 'load' 'store'> <Ports = 2> <Width = 14> <Depth = 60> <RAM>
ST_2 : Operation 58 [1/1] (0.00ns)   --->   "%tmp_V_80 = call i14 @_ssdm_op_Read.ap_auto.volatile.i14P(i14* %node_attr_mat_s_V_V_4)" [example.cpp:138]   --->   Operation 58 'read' 'tmp_V_80' <Predicate = (!icmp_ln131)> <Delay = 0.00>
ST_2 : Operation 59 [1/1] (0.00ns)   --->   "%node_attr_1_1_V_ad = getelementptr [60 x i14]* %node_attr_1_1_V, i64 0, i64 %zext_ln203" [example.cpp:138]   --->   Operation 59 'getelementptr' 'node_attr_1_1_V_ad' <Predicate = (!icmp_ln131)> <Delay = 0.00>
ST_2 : Operation 60 [1/1] (0.59ns)   --->   "store i14 %tmp_V_80, i14* %node_attr_1_1_V_ad, align 2" [example.cpp:138]   --->   Operation 60 'store' <Predicate = (!icmp_ln131)> <Delay = 0.59> <Core = "RAM">   --->   Core 37 'RAM' <Latency = 1> <II = 1> <Delay = 0.59> <Storage> <Opcode : 'load' 'store'> <Ports = 2> <Width = 14> <Depth = 60> <RAM>
ST_2 : Operation 61 [1/1] (0.00ns)   --->   "%tmp_V_81 = call i14 @_ssdm_op_Read.ap_auto.volatile.i14P(i14* %node_attr_mat_s_V_V_5)" [example.cpp:138]   --->   Operation 61 'read' 'tmp_V_81' <Predicate = (!icmp_ln131)> <Delay = 0.00>
ST_2 : Operation 62 [1/1] (0.00ns)   --->   "%node_attr_1_2_V_ad = getelementptr [60 x i14]* %node_attr_1_2_V, i64 0, i64 %zext_ln203" [example.cpp:138]   --->   Operation 62 'getelementptr' 'node_attr_1_2_V_ad' <Predicate = (!icmp_ln131)> <Delay = 0.00>
ST_2 : Operation 63 [1/1] (0.59ns)   --->   "store i14 %tmp_V_81, i14* %node_attr_1_2_V_ad, align 2" [example.cpp:138]   --->   Operation 63 'store' <Predicate = (!icmp_ln131)> <Delay = 0.59> <Core = "RAM">   --->   Core 37 'RAM' <Latency = 1> <II = 1> <Delay = 0.59> <Storage> <Opcode : 'load' 'store'> <Ports = 2> <Width = 14> <Depth = 60> <RAM>
ST_2 : Operation 64 [1/1] (0.00ns)   --->   "%tmp_V_82 = call i14 @_ssdm_op_Read.ap_auto.volatile.i14P(i14* %node_attr_mat_s_V_V_6)" [example.cpp:138]   --->   Operation 64 'read' 'tmp_V_82' <Predicate = (!icmp_ln131)> <Delay = 0.00>
ST_2 : Operation 65 [1/1] (0.00ns)   --->   "%node_attr_2_0_V_ad = getelementptr [60 x i14]* %node_attr_2_0_V, i64 0, i64 %zext_ln203" [example.cpp:138]   --->   Operation 65 'getelementptr' 'node_attr_2_0_V_ad' <Predicate = (!icmp_ln131)> <Delay = 0.00>
ST_2 : Operation 66 [1/1] (0.59ns)   --->   "store i14 %tmp_V_82, i14* %node_attr_2_0_V_ad, align 2" [example.cpp:138]   --->   Operation 66 'store' <Predicate = (!icmp_ln131)> <Delay = 0.59> <Core = "RAM">   --->   Core 37 'RAM' <Latency = 1> <II = 1> <Delay = 0.59> <Storage> <Opcode : 'load' 'store'> <Ports = 2> <Width = 14> <Depth = 60> <RAM>
ST_2 : Operation 67 [1/1] (0.00ns)   --->   "%tmp_V_83 = call i14 @_ssdm_op_Read.ap_auto.volatile.i14P(i14* %node_attr_mat_s_V_V_7)" [example.cpp:138]   --->   Operation 67 'read' 'tmp_V_83' <Predicate = (!icmp_ln131)> <Delay = 0.00>
ST_2 : Operation 68 [1/1] (0.00ns)   --->   "%node_attr_2_1_V_ad = getelementptr [60 x i14]* %node_attr_2_1_V, i64 0, i64 %zext_ln203" [example.cpp:138]   --->   Operation 68 'getelementptr' 'node_attr_2_1_V_ad' <Predicate = (!icmp_ln131)> <Delay = 0.00>
ST_2 : Operation 69 [1/1] (0.59ns)   --->   "store i14 %tmp_V_83, i14* %node_attr_2_1_V_ad, align 2" [example.cpp:138]   --->   Operation 69 'store' <Predicate = (!icmp_ln131)> <Delay = 0.59> <Core = "RAM">   --->   Core 37 'RAM' <Latency = 1> <II = 1> <Delay = 0.59> <Storage> <Opcode : 'load' 'store'> <Ports = 2> <Width = 14> <Depth = 60> <RAM>
ST_2 : Operation 70 [1/1] (0.00ns)   --->   "%tmp_V_84 = call i14 @_ssdm_op_Read.ap_auto.volatile.i14P(i14* %node_attr_mat_s_V_V_8)" [example.cpp:138]   --->   Operation 70 'read' 'tmp_V_84' <Predicate = (!icmp_ln131)> <Delay = 0.00>
ST_2 : Operation 71 [1/1] (0.00ns)   --->   "%node_attr_2_2_V_ad = getelementptr [60 x i14]* %node_attr_2_2_V, i64 0, i64 %zext_ln203" [example.cpp:138]   --->   Operation 71 'getelementptr' 'node_attr_2_2_V_ad' <Predicate = (!icmp_ln131)> <Delay = 0.00>
ST_2 : Operation 72 [1/1] (0.59ns)   --->   "store i14 %tmp_V_84, i14* %node_attr_2_2_V_ad, align 2" [example.cpp:138]   --->   Operation 72 'store' <Predicate = (!icmp_ln131)> <Delay = 0.59> <Core = "RAM">   --->   Core 37 'RAM' <Latency = 1> <II = 1> <Delay = 0.59> <Storage> <Opcode : 'load' 'store'> <Ports = 2> <Width = 14> <Depth = 60> <RAM>
ST_2 : Operation 73 [1/1] (0.00ns)   --->   "%tmp_V_85 = call i14 @_ssdm_op_Read.ap_auto.volatile.i14P(i14* %node_attr_mat_s_V_V_9)" [example.cpp:138]   --->   Operation 73 'read' 'tmp_V_85' <Predicate = (!icmp_ln131)> <Delay = 0.00>
ST_2 : Operation 74 [1/1] (0.00ns)   --->   "%node_attr_3_0_V_ad = getelementptr [60 x i14]* %node_attr_3_0_V, i64 0, i64 %zext_ln203" [example.cpp:138]   --->   Operation 74 'getelementptr' 'node_attr_3_0_V_ad' <Predicate = (!icmp_ln131)> <Delay = 0.00>
ST_2 : Operation 75 [1/1] (0.59ns)   --->   "store i14 %tmp_V_85, i14* %node_attr_3_0_V_ad, align 2" [example.cpp:138]   --->   Operation 75 'store' <Predicate = (!icmp_ln131)> <Delay = 0.59> <Core = "RAM">   --->   Core 37 'RAM' <Latency = 1> <II = 1> <Delay = 0.59> <Storage> <Opcode : 'load' 'store'> <Ports = 2> <Width = 14> <Depth = 60> <RAM>
ST_2 : Operation 76 [1/1] (0.00ns)   --->   "%tmp_V_86 = call i14 @_ssdm_op_Read.ap_auto.volatile.i14P(i14* %node_attr_mat_s_V_V_10)" [example.cpp:138]   --->   Operation 76 'read' 'tmp_V_86' <Predicate = (!icmp_ln131)> <Delay = 0.00>
ST_2 : Operation 77 [1/1] (0.00ns)   --->   "%node_attr_3_1_V_ad = getelementptr [60 x i14]* %node_attr_3_1_V, i64 0, i64 %zext_ln203" [example.cpp:138]   --->   Operation 77 'getelementptr' 'node_attr_3_1_V_ad' <Predicate = (!icmp_ln131)> <Delay = 0.00>
ST_2 : Operation 78 [1/1] (0.59ns)   --->   "store i14 %tmp_V_86, i14* %node_attr_3_1_V_ad, align 2" [example.cpp:138]   --->   Operation 78 'store' <Predicate = (!icmp_ln131)> <Delay = 0.59> <Core = "RAM">   --->   Core 37 'RAM' <Latency = 1> <II = 1> <Delay = 0.59> <Storage> <Opcode : 'load' 'store'> <Ports = 2> <Width = 14> <Depth = 60> <RAM>
ST_2 : Operation 79 [1/1] (0.00ns)   --->   "%tmp_V_87 = call i14 @_ssdm_op_Read.ap_auto.volatile.i14P(i14* %node_attr_mat_s_V_V_11)" [example.cpp:138]   --->   Operation 79 'read' 'tmp_V_87' <Predicate = (!icmp_ln131)> <Delay = 0.00>
ST_2 : Operation 80 [1/1] (0.00ns)   --->   "%node_attr_3_2_V_ad = getelementptr [60 x i14]* %node_attr_3_2_V, i64 0, i64 %zext_ln203" [example.cpp:138]   --->   Operation 80 'getelementptr' 'node_attr_3_2_V_ad' <Predicate = (!icmp_ln131)> <Delay = 0.00>
ST_2 : Operation 81 [1/1] (0.59ns)   --->   "store i14 %tmp_V_87, i14* %node_attr_3_2_V_ad, align 2" [example.cpp:138]   --->   Operation 81 'store' <Predicate = (!icmp_ln131)> <Delay = 0.59> <Core = "RAM">   --->   Core 37 'RAM' <Latency = 1> <II = 1> <Delay = 0.59> <Storage> <Opcode : 'load' 'store'> <Ports = 2> <Width = 14> <Depth = 60> <RAM>
ST_2 : Operation 82 [1/1] (0.00ns)   --->   "%tmp_V_88 = call i14 @_ssdm_op_Read.ap_auto.volatile.i14P(i14* %node_attr_mat_s_V_V_12)" [example.cpp:138]   --->   Operation 82 'read' 'tmp_V_88' <Predicate = (!icmp_ln131)> <Delay = 0.00>
ST_2 : Operation 83 [1/1] (0.00ns)   --->   "%node_attr_4_0_V_ad = getelementptr [60 x i14]* %node_attr_4_0_V, i64 0, i64 %zext_ln203" [example.cpp:138]   --->   Operation 83 'getelementptr' 'node_attr_4_0_V_ad' <Predicate = (!icmp_ln131)> <Delay = 0.00>
ST_2 : Operation 84 [1/1] (0.59ns)   --->   "store i14 %tmp_V_88, i14* %node_attr_4_0_V_ad, align 2" [example.cpp:138]   --->   Operation 84 'store' <Predicate = (!icmp_ln131)> <Delay = 0.59> <Core = "RAM">   --->   Core 37 'RAM' <Latency = 1> <II = 1> <Delay = 0.59> <Storage> <Opcode : 'load' 'store'> <Ports = 2> <Width = 14> <Depth = 60> <RAM>
ST_2 : Operation 85 [1/1] (0.00ns)   --->   "%tmp_V_89 = call i14 @_ssdm_op_Read.ap_auto.volatile.i14P(i14* %node_attr_mat_s_V_V_13)" [example.cpp:138]   --->   Operation 85 'read' 'tmp_V_89' <Predicate = (!icmp_ln131)> <Delay = 0.00>
ST_2 : Operation 86 [1/1] (0.00ns)   --->   "%node_attr_4_1_V_ad = getelementptr [60 x i14]* %node_attr_4_1_V, i64 0, i64 %zext_ln203" [example.cpp:138]   --->   Operation 86 'getelementptr' 'node_attr_4_1_V_ad' <Predicate = (!icmp_ln131)> <Delay = 0.00>
ST_2 : Operation 87 [1/1] (0.59ns)   --->   "store i14 %tmp_V_89, i14* %node_attr_4_1_V_ad, align 2" [example.cpp:138]   --->   Operation 87 'store' <Predicate = (!icmp_ln131)> <Delay = 0.59> <Core = "RAM">   --->   Core 37 'RAM' <Latency = 1> <II = 1> <Delay = 0.59> <Storage> <Opcode : 'load' 'store'> <Ports = 2> <Width = 14> <Depth = 60> <RAM>
ST_2 : Operation 88 [1/1] (0.00ns)   --->   "%tmp_V_90 = call i14 @_ssdm_op_Read.ap_auto.volatile.i14P(i14* %node_attr_mat_s_V_V_14)" [example.cpp:138]   --->   Operation 88 'read' 'tmp_V_90' <Predicate = (!icmp_ln131)> <Delay = 0.00>
ST_2 : Operation 89 [1/1] (0.00ns)   --->   "%node_attr_4_2_V_ad = getelementptr [60 x i14]* %node_attr_4_2_V, i64 0, i64 %zext_ln203" [example.cpp:138]   --->   Operation 89 'getelementptr' 'node_attr_4_2_V_ad' <Predicate = (!icmp_ln131)> <Delay = 0.00>
ST_2 : Operation 90 [1/1] (0.59ns)   --->   "store i14 %tmp_V_90, i14* %node_attr_4_2_V_ad, align 2" [example.cpp:138]   --->   Operation 90 'store' <Predicate = (!icmp_ln131)> <Delay = 0.59> <Core = "RAM">   --->   Core 37 'RAM' <Latency = 1> <II = 1> <Delay = 0.59> <Storage> <Opcode : 'load' 'store'> <Ports = 2> <Width = 14> <Depth = 60> <RAM>
ST_2 : Operation 91 [1/1] (0.00ns)   --->   "%tmp_V_91 = call i14 @_ssdm_op_Read.ap_auto.volatile.i14P(i14* %node_attr_mat_s_V_V_15)" [example.cpp:138]   --->   Operation 91 'read' 'tmp_V_91' <Predicate = (!icmp_ln131)> <Delay = 0.00>
ST_2 : Operation 92 [1/1] (0.00ns)   --->   "%node_attr_5_0_V_ad = getelementptr [60 x i14]* %node_attr_5_0_V, i64 0, i64 %zext_ln203" [example.cpp:138]   --->   Operation 92 'getelementptr' 'node_attr_5_0_V_ad' <Predicate = (!icmp_ln131)> <Delay = 0.00>
ST_2 : Operation 93 [1/1] (0.59ns)   --->   "store i14 %tmp_V_91, i14* %node_attr_5_0_V_ad, align 2" [example.cpp:138]   --->   Operation 93 'store' <Predicate = (!icmp_ln131)> <Delay = 0.59> <Core = "RAM">   --->   Core 37 'RAM' <Latency = 1> <II = 1> <Delay = 0.59> <Storage> <Opcode : 'load' 'store'> <Ports = 2> <Width = 14> <Depth = 60> <RAM>
ST_2 : Operation 94 [1/1] (0.00ns)   --->   "%tmp_V_92 = call i14 @_ssdm_op_Read.ap_auto.volatile.i14P(i14* %node_attr_mat_s_V_V_16)" [example.cpp:138]   --->   Operation 94 'read' 'tmp_V_92' <Predicate = (!icmp_ln131)> <Delay = 0.00>
ST_2 : Operation 95 [1/1] (0.00ns)   --->   "%node_attr_5_1_V_ad = getelementptr [60 x i14]* %node_attr_5_1_V, i64 0, i64 %zext_ln203" [example.cpp:138]   --->   Operation 95 'getelementptr' 'node_attr_5_1_V_ad' <Predicate = (!icmp_ln131)> <Delay = 0.00>
ST_2 : Operation 96 [1/1] (0.59ns)   --->   "store i14 %tmp_V_92, i14* %node_attr_5_1_V_ad, align 2" [example.cpp:138]   --->   Operation 96 'store' <Predicate = (!icmp_ln131)> <Delay = 0.59> <Core = "RAM">   --->   Core 37 'RAM' <Latency = 1> <II = 1> <Delay = 0.59> <Storage> <Opcode : 'load' 'store'> <Ports = 2> <Width = 14> <Depth = 60> <RAM>
ST_2 : Operation 97 [1/1] (0.00ns)   --->   "%tmp_V_93 = call i14 @_ssdm_op_Read.ap_auto.volatile.i14P(i14* %node_attr_mat_s_V_V_17)" [example.cpp:138]   --->   Operation 97 'read' 'tmp_V_93' <Predicate = (!icmp_ln131)> <Delay = 0.00>
ST_2 : Operation 98 [1/1] (0.00ns)   --->   "%node_attr_5_2_V_ad = getelementptr [60 x i14]* %node_attr_5_2_V, i64 0, i64 %zext_ln203" [example.cpp:138]   --->   Operation 98 'getelementptr' 'node_attr_5_2_V_ad' <Predicate = (!icmp_ln131)> <Delay = 0.00>
ST_2 : Operation 99 [1/1] (0.59ns)   --->   "store i14 %tmp_V_93, i14* %node_attr_5_2_V_ad, align 2" [example.cpp:138]   --->   Operation 99 'store' <Predicate = (!icmp_ln131)> <Delay = 0.59> <Core = "RAM">   --->   Core 37 'RAM' <Latency = 1> <II = 1> <Delay = 0.59> <Storage> <Opcode : 'load' 'store'> <Ports = 2> <Width = 14> <Depth = 60> <RAM>
ST_2 : Operation 100 [1/1] (0.00ns)   --->   "%tmp_V_94 = call i14 @_ssdm_op_Read.ap_auto.volatile.i14P(i14* %node_attr_mat_s_V_V_18)" [example.cpp:138]   --->   Operation 100 'read' 'tmp_V_94' <Predicate = (!icmp_ln131)> <Delay = 0.00>
ST_2 : Operation 101 [1/1] (0.00ns)   --->   "%node_attr_6_0_V_ad = getelementptr [60 x i14]* %node_attr_6_0_V, i64 0, i64 %zext_ln203" [example.cpp:138]   --->   Operation 101 'getelementptr' 'node_attr_6_0_V_ad' <Predicate = (!icmp_ln131)> <Delay = 0.00>
ST_2 : Operation 102 [1/1] (0.59ns)   --->   "store i14 %tmp_V_94, i14* %node_attr_6_0_V_ad, align 2" [example.cpp:138]   --->   Operation 102 'store' <Predicate = (!icmp_ln131)> <Delay = 0.59> <Core = "RAM">   --->   Core 37 'RAM' <Latency = 1> <II = 1> <Delay = 0.59> <Storage> <Opcode : 'load' 'store'> <Ports = 2> <Width = 14> <Depth = 60> <RAM>
ST_2 : Operation 103 [1/1] (0.00ns)   --->   "%tmp_V_95 = call i14 @_ssdm_op_Read.ap_auto.volatile.i14P(i14* %node_attr_mat_s_V_V_19)" [example.cpp:138]   --->   Operation 103 'read' 'tmp_V_95' <Predicate = (!icmp_ln131)> <Delay = 0.00>
ST_2 : Operation 104 [1/1] (0.00ns)   --->   "%node_attr_6_1_V_ad = getelementptr [60 x i14]* %node_attr_6_1_V, i64 0, i64 %zext_ln203" [example.cpp:138]   --->   Operation 104 'getelementptr' 'node_attr_6_1_V_ad' <Predicate = (!icmp_ln131)> <Delay = 0.00>
ST_2 : Operation 105 [1/1] (0.59ns)   --->   "store i14 %tmp_V_95, i14* %node_attr_6_1_V_ad, align 2" [example.cpp:138]   --->   Operation 105 'store' <Predicate = (!icmp_ln131)> <Delay = 0.59> <Core = "RAM">   --->   Core 37 'RAM' <Latency = 1> <II = 1> <Delay = 0.59> <Storage> <Opcode : 'load' 'store'> <Ports = 2> <Width = 14> <Depth = 60> <RAM>
ST_2 : Operation 106 [1/1] (0.00ns)   --->   "%tmp_V_96 = call i14 @_ssdm_op_Read.ap_auto.volatile.i14P(i14* %node_attr_mat_s_V_V_20)" [example.cpp:138]   --->   Operation 106 'read' 'tmp_V_96' <Predicate = (!icmp_ln131)> <Delay = 0.00>
ST_2 : Operation 107 [1/1] (0.00ns)   --->   "%node_attr_6_2_V_ad = getelementptr [60 x i14]* %node_attr_6_2_V, i64 0, i64 %zext_ln203" [example.cpp:138]   --->   Operation 107 'getelementptr' 'node_attr_6_2_V_ad' <Predicate = (!icmp_ln131)> <Delay = 0.00>
ST_2 : Operation 108 [1/1] (0.59ns)   --->   "store i14 %tmp_V_96, i14* %node_attr_6_2_V_ad, align 2" [example.cpp:138]   --->   Operation 108 'store' <Predicate = (!icmp_ln131)> <Delay = 0.59> <Core = "RAM">   --->   Core 37 'RAM' <Latency = 1> <II = 1> <Delay = 0.59> <Storage> <Opcode : 'load' 'store'> <Ports = 2> <Width = 14> <Depth = 60> <RAM>
ST_2 : Operation 109 [1/1] (0.00ns)   --->   "%tmp_V_97 = call i14 @_ssdm_op_Read.ap_auto.volatile.i14P(i14* %node_attr_mat_s_V_V_21)" [example.cpp:138]   --->   Operation 109 'read' 'tmp_V_97' <Predicate = (!icmp_ln131)> <Delay = 0.00>
ST_2 : Operation 110 [1/1] (0.00ns)   --->   "%node_attr_7_0_V_ad = getelementptr [60 x i14]* %node_attr_7_0_V, i64 0, i64 %zext_ln203" [example.cpp:138]   --->   Operation 110 'getelementptr' 'node_attr_7_0_V_ad' <Predicate = (!icmp_ln131)> <Delay = 0.00>
ST_2 : Operation 111 [1/1] (0.59ns)   --->   "store i14 %tmp_V_97, i14* %node_attr_7_0_V_ad, align 2" [example.cpp:138]   --->   Operation 111 'store' <Predicate = (!icmp_ln131)> <Delay = 0.59> <Core = "RAM">   --->   Core 37 'RAM' <Latency = 1> <II = 1> <Delay = 0.59> <Storage> <Opcode : 'load' 'store'> <Ports = 2> <Width = 14> <Depth = 60> <RAM>
ST_2 : Operation 112 [1/1] (0.00ns)   --->   "%tmp_V_98 = call i14 @_ssdm_op_Read.ap_auto.volatile.i14P(i14* %node_attr_mat_s_V_V_22)" [example.cpp:138]   --->   Operation 112 'read' 'tmp_V_98' <Predicate = (!icmp_ln131)> <Delay = 0.00>
ST_2 : Operation 113 [1/1] (0.00ns)   --->   "%node_attr_7_1_V_ad = getelementptr [60 x i14]* %node_attr_7_1_V, i64 0, i64 %zext_ln203" [example.cpp:138]   --->   Operation 113 'getelementptr' 'node_attr_7_1_V_ad' <Predicate = (!icmp_ln131)> <Delay = 0.00>
ST_2 : Operation 114 [1/1] (0.59ns)   --->   "store i14 %tmp_V_98, i14* %node_attr_7_1_V_ad, align 2" [example.cpp:138]   --->   Operation 114 'store' <Predicate = (!icmp_ln131)> <Delay = 0.59> <Core = "RAM">   --->   Core 37 'RAM' <Latency = 1> <II = 1> <Delay = 0.59> <Storage> <Opcode : 'load' 'store'> <Ports = 2> <Width = 14> <Depth = 60> <RAM>
ST_2 : Operation 115 [1/1] (0.00ns)   --->   "%tmp_V_99 = call i14 @_ssdm_op_Read.ap_auto.volatile.i14P(i14* %node_attr_mat_s_V_V_23)" [example.cpp:138]   --->   Operation 115 'read' 'tmp_V_99' <Predicate = (!icmp_ln131)> <Delay = 0.00>
ST_2 : Operation 116 [1/1] (0.00ns)   --->   "%node_attr_7_2_V_ad = getelementptr [60 x i14]* %node_attr_7_2_V, i64 0, i64 %zext_ln203" [example.cpp:138]   --->   Operation 116 'getelementptr' 'node_attr_7_2_V_ad' <Predicate = (!icmp_ln131)> <Delay = 0.00>
ST_2 : Operation 117 [1/1] (0.59ns)   --->   "store i14 %tmp_V_99, i14* %node_attr_7_2_V_ad, align 2" [example.cpp:138]   --->   Operation 117 'store' <Predicate = (!icmp_ln131)> <Delay = 0.59> <Core = "RAM">   --->   Core 37 'RAM' <Latency = 1> <II = 1> <Delay = 0.59> <Storage> <Opcode : 'load' 'store'> <Ports = 2> <Width = 14> <Depth = 60> <RAM>
ST_2 : Operation 118 [1/1] (0.00ns)   --->   "%tmp_V_100 = call i14 @_ssdm_op_Read.ap_auto.volatile.i14P(i14* %node_attr_mat_s_V_V_24)" [example.cpp:138]   --->   Operation 118 'read' 'tmp_V_100' <Predicate = (!icmp_ln131)> <Delay = 0.00>
ST_2 : Operation 119 [1/1] (0.00ns)   --->   "%node_attr_8_0_V_ad = getelementptr [60 x i14]* %node_attr_8_0_V, i64 0, i64 %zext_ln203" [example.cpp:138]   --->   Operation 119 'getelementptr' 'node_attr_8_0_V_ad' <Predicate = (!icmp_ln131)> <Delay = 0.00>
ST_2 : Operation 120 [1/1] (0.59ns)   --->   "store i14 %tmp_V_100, i14* %node_attr_8_0_V_ad, align 2" [example.cpp:138]   --->   Operation 120 'store' <Predicate = (!icmp_ln131)> <Delay = 0.59> <Core = "RAM">   --->   Core 37 'RAM' <Latency = 1> <II = 1> <Delay = 0.59> <Storage> <Opcode : 'load' 'store'> <Ports = 2> <Width = 14> <Depth = 60> <RAM>
ST_2 : Operation 121 [1/1] (0.00ns)   --->   "%tmp_V_101 = call i14 @_ssdm_op_Read.ap_auto.volatile.i14P(i14* %node_attr_mat_s_V_V_25)" [example.cpp:138]   --->   Operation 121 'read' 'tmp_V_101' <Predicate = (!icmp_ln131)> <Delay = 0.00>
ST_2 : Operation 122 [1/1] (0.00ns)   --->   "%node_attr_8_1_V_ad = getelementptr [60 x i14]* %node_attr_8_1_V, i64 0, i64 %zext_ln203" [example.cpp:138]   --->   Operation 122 'getelementptr' 'node_attr_8_1_V_ad' <Predicate = (!icmp_ln131)> <Delay = 0.00>
ST_2 : Operation 123 [1/1] (0.59ns)   --->   "store i14 %tmp_V_101, i14* %node_attr_8_1_V_ad, align 2" [example.cpp:138]   --->   Operation 123 'store' <Predicate = (!icmp_ln131)> <Delay = 0.59> <Core = "RAM">   --->   Core 37 'RAM' <Latency = 1> <II = 1> <Delay = 0.59> <Storage> <Opcode : 'load' 'store'> <Ports = 2> <Width = 14> <Depth = 60> <RAM>
ST_2 : Operation 124 [1/1] (0.00ns)   --->   "%tmp_V_102 = call i14 @_ssdm_op_Read.ap_auto.volatile.i14P(i14* %node_attr_mat_s_V_V_26)" [example.cpp:138]   --->   Operation 124 'read' 'tmp_V_102' <Predicate = (!icmp_ln131)> <Delay = 0.00>
ST_2 : Operation 125 [1/1] (0.00ns)   --->   "%node_attr_8_2_V_ad = getelementptr [60 x i14]* %node_attr_8_2_V, i64 0, i64 %zext_ln203" [example.cpp:138]   --->   Operation 125 'getelementptr' 'node_attr_8_2_V_ad' <Predicate = (!icmp_ln131)> <Delay = 0.00>
ST_2 : Operation 126 [1/1] (0.59ns)   --->   "store i14 %tmp_V_102, i14* %node_attr_8_2_V_ad, align 2" [example.cpp:138]   --->   Operation 126 'store' <Predicate = (!icmp_ln131)> <Delay = 0.59> <Core = "RAM">   --->   Core 37 'RAM' <Latency = 1> <II = 1> <Delay = 0.59> <Storage> <Opcode : 'load' 'store'> <Ports = 2> <Width = 14> <Depth = 60> <RAM>
ST_2 : Operation 127 [1/1] (0.00ns)   --->   "%tmp_V_103 = call i14 @_ssdm_op_Read.ap_auto.volatile.i14P(i14* %node_attr_mat_s_V_V_27)" [example.cpp:138]   --->   Operation 127 'read' 'tmp_V_103' <Predicate = (!icmp_ln131)> <Delay = 0.00>
ST_2 : Operation 128 [1/1] (0.00ns)   --->   "%node_attr_9_0_V_ad = getelementptr [60 x i14]* %node_attr_9_0_V, i64 0, i64 %zext_ln203" [example.cpp:138]   --->   Operation 128 'getelementptr' 'node_attr_9_0_V_ad' <Predicate = (!icmp_ln131)> <Delay = 0.00>
ST_2 : Operation 129 [1/1] (0.59ns)   --->   "store i14 %tmp_V_103, i14* %node_attr_9_0_V_ad, align 2" [example.cpp:138]   --->   Operation 129 'store' <Predicate = (!icmp_ln131)> <Delay = 0.59> <Core = "RAM">   --->   Core 37 'RAM' <Latency = 1> <II = 1> <Delay = 0.59> <Storage> <Opcode : 'load' 'store'> <Ports = 2> <Width = 14> <Depth = 60> <RAM>
ST_2 : Operation 130 [1/1] (0.00ns)   --->   "%tmp_V_104 = call i14 @_ssdm_op_Read.ap_auto.volatile.i14P(i14* %node_attr_mat_s_V_V_28)" [example.cpp:138]   --->   Operation 130 'read' 'tmp_V_104' <Predicate = (!icmp_ln131)> <Delay = 0.00>
ST_2 : Operation 131 [1/1] (0.00ns)   --->   "%node_attr_9_1_V_ad = getelementptr [60 x i14]* %node_attr_9_1_V, i64 0, i64 %zext_ln203" [example.cpp:138]   --->   Operation 131 'getelementptr' 'node_attr_9_1_V_ad' <Predicate = (!icmp_ln131)> <Delay = 0.00>
ST_2 : Operation 132 [1/1] (0.59ns)   --->   "store i14 %tmp_V_104, i14* %node_attr_9_1_V_ad, align 2" [example.cpp:138]   --->   Operation 132 'store' <Predicate = (!icmp_ln131)> <Delay = 0.59> <Core = "RAM">   --->   Core 37 'RAM' <Latency = 1> <II = 1> <Delay = 0.59> <Storage> <Opcode : 'load' 'store'> <Ports = 2> <Width = 14> <Depth = 60> <RAM>
ST_2 : Operation 133 [1/1] (0.00ns)   --->   "%tmp_V_105 = call i14 @_ssdm_op_Read.ap_auto.volatile.i14P(i14* %node_attr_mat_s_V_V_29)" [example.cpp:138]   --->   Operation 133 'read' 'tmp_V_105' <Predicate = (!icmp_ln131)> <Delay = 0.00>
ST_2 : Operation 134 [1/1] (0.00ns)   --->   "%node_attr_9_2_V_ad = getelementptr [60 x i14]* %node_attr_9_2_V, i64 0, i64 %zext_ln203" [example.cpp:138]   --->   Operation 134 'getelementptr' 'node_attr_9_2_V_ad' <Predicate = (!icmp_ln131)> <Delay = 0.00>
ST_2 : Operation 135 [1/1] (0.59ns)   --->   "store i14 %tmp_V_105, i14* %node_attr_9_2_V_ad, align 2" [example.cpp:138]   --->   Operation 135 'store' <Predicate = (!icmp_ln131)> <Delay = 0.59> <Core = "RAM">   --->   Core 37 'RAM' <Latency = 1> <II = 1> <Delay = 0.59> <Storage> <Opcode : 'load' 'store'> <Ports = 2> <Width = 14> <Depth = 60> <RAM>
ST_2 : Operation 136 [1/1] (0.00ns)   --->   "%tmp_V_106 = call i14 @_ssdm_op_Read.ap_auto.volatile.i14P(i14* %node_attr_mat_s_V_V_30)" [example.cpp:138]   --->   Operation 136 'read' 'tmp_V_106' <Predicate = (!icmp_ln131)> <Delay = 0.00>
ST_2 : Operation 137 [1/1] (0.00ns)   --->   "%node_attr_10_0_V_a = getelementptr [60 x i14]* %node_attr_10_0_V, i64 0, i64 %zext_ln203" [example.cpp:138]   --->   Operation 137 'getelementptr' 'node_attr_10_0_V_a' <Predicate = (!icmp_ln131)> <Delay = 0.00>
ST_2 : Operation 138 [1/1] (0.59ns)   --->   "store i14 %tmp_V_106, i14* %node_attr_10_0_V_a, align 2" [example.cpp:138]   --->   Operation 138 'store' <Predicate = (!icmp_ln131)> <Delay = 0.59> <Core = "RAM">   --->   Core 37 'RAM' <Latency = 1> <II = 1> <Delay = 0.59> <Storage> <Opcode : 'load' 'store'> <Ports = 2> <Width = 14> <Depth = 60> <RAM>
ST_2 : Operation 139 [1/1] (0.00ns)   --->   "%tmp_V_107 = call i14 @_ssdm_op_Read.ap_auto.volatile.i14P(i14* %node_attr_mat_s_V_V_31)" [example.cpp:138]   --->   Operation 139 'read' 'tmp_V_107' <Predicate = (!icmp_ln131)> <Delay = 0.00>
ST_2 : Operation 140 [1/1] (0.00ns)   --->   "%node_attr_10_1_V_a = getelementptr [60 x i14]* %node_attr_10_1_V, i64 0, i64 %zext_ln203" [example.cpp:138]   --->   Operation 140 'getelementptr' 'node_attr_10_1_V_a' <Predicate = (!icmp_ln131)> <Delay = 0.00>
ST_2 : Operation 141 [1/1] (0.59ns)   --->   "store i14 %tmp_V_107, i14* %node_attr_10_1_V_a, align 2" [example.cpp:138]   --->   Operation 141 'store' <Predicate = (!icmp_ln131)> <Delay = 0.59> <Core = "RAM">   --->   Core 37 'RAM' <Latency = 1> <II = 1> <Delay = 0.59> <Storage> <Opcode : 'load' 'store'> <Ports = 2> <Width = 14> <Depth = 60> <RAM>
ST_2 : Operation 142 [1/1] (0.00ns)   --->   "%tmp_V_108 = call i14 @_ssdm_op_Read.ap_auto.volatile.i14P(i14* %node_attr_mat_s_V_V_32)" [example.cpp:138]   --->   Operation 142 'read' 'tmp_V_108' <Predicate = (!icmp_ln131)> <Delay = 0.00>
ST_2 : Operation 143 [1/1] (0.00ns)   --->   "%node_attr_10_2_V_a = getelementptr [60 x i14]* %node_attr_10_2_V, i64 0, i64 %zext_ln203" [example.cpp:138]   --->   Operation 143 'getelementptr' 'node_attr_10_2_V_a' <Predicate = (!icmp_ln131)> <Delay = 0.00>
ST_2 : Operation 144 [1/1] (0.59ns)   --->   "store i14 %tmp_V_108, i14* %node_attr_10_2_V_a, align 2" [example.cpp:138]   --->   Operation 144 'store' <Predicate = (!icmp_ln131)> <Delay = 0.59> <Core = "RAM">   --->   Core 37 'RAM' <Latency = 1> <II = 1> <Delay = 0.59> <Storage> <Opcode : 'load' 'store'> <Ports = 2> <Width = 14> <Depth = 60> <RAM>
ST_2 : Operation 145 [1/1] (0.00ns)   --->   "%empty_236 = call i32 (...)* @_ssdm_op_SpecRegionEnd([12 x i8]* @p_str29, i32 %tmp)" [example.cpp:141]   --->   Operation 145 'specregionend' 'empty_236' <Predicate = (!icmp_ln131)> <Delay = 0.00>
ST_2 : Operation 146 [1/1] (0.00ns)   --->   "br label %0" [example.cpp:131]   --->   Operation 146 'br' <Predicate = (!icmp_ln131)> <Delay = 0.00>

State 3 <SV = 2> <Delay = 0.00>
ST_3 : Operation 147 [1/1] (0.00ns)   --->   "ret void"   --->   Operation 147 'ret' <Predicate = true> <Delay = 0.00>


============================================================
+ Verbose Summary: Timing violations
============================================================
Target clock period: 5ns, clock uncertainty: 0.625ns.

 <State 1>: 0.603ns
The critical path consists of the following:
	multiplexor before 'phi' operation ('i') with incoming values : ('i', example.cpp:131) [70]  (0.603 ns)

 <State 2>: 0.619ns
The critical path consists of the following:
	'phi' operation ('i') with incoming values : ('i', example.cpp:131) [70]  (0 ns)
	'icmp' operation ('icmp_ln131', example.cpp:131) [71]  (0.619 ns)

 <State 3>: 0ns
The critical path consists of the following:


============================================================
+ Verbose Summary: Binding
============================================================
N/A
* FSMD analyzer results:
  - Output states:
 - Input state : 
  - Chain level:
	State 1
	State 2
	State 3


============================================================
+ Verbose Summary: Datapath Resource usage 
============================================================
N/A
