#-----------------------------------------------------------
# Vivado v2019.2 (64-bit)
# SW Build 2708876 on Wed Nov  6 21:39:14 MST 2019
# IP Build 2700528 on Thu Nov  7 00:09:20 MST 2019
# Start of session at: Mon Aug 22 10:45:11 2022
# Process ID: 24040
# Current directory: /home/ShiYuHuang/manual_GNN_conversion/hls_output_current/add/source_to_target/axi
# Command line: vivado -mode tcl
# Log file: /home/ShiYuHuang/manual_GNN_conversion/hls_output_current/add/source_to_target/axi/vivado.log
# Journal file: /home/ShiYuHuang/manual_GNN_conversion/hls_output_current/add/source_to_target/axi/vivado.jou
#-----------------------------------------------------------
source vivado
couldn't read file "vivado": no such file or directory
source vivado_syn.tcl 
# add_files /home/ShiYuHuang/manual_GNN_conversion/hls_output_current/add/source_to_target/axi/axi_ii_1/example_par_1/syn/verilog
# synth_design -top example -part xcvu9p-flga2104-2L-e  
Command: synth_design -top example -part xcvu9p-flga2104-2L-e
Starting synth_design
Attempting to get a license for feature 'Synthesis' and/or device 'xcvu9p'
WARNING: [Common 17-348] Failed to get the license for feature 'Synthesis' and/or device 'xcvu9p'. Explanation: A license feature for Synthesis was found but is expired.
Resolution: Check the status of your licenses in the Vivado License Manager. For debug help search Xilinx Support for "Licensing FAQ". 
0 Infos, 1 Warnings, 0 Critical Warnings and 1 Errors encountered.
synth_design failed
ERROR: [Common 17-345] A valid license was not found for feature 'Synthesis' and/or device 'xcvu9p'. Please run the Vivado License Manager for assistance in determining
which features and devices are licensed for your system.
Resolution: Check the status of your licenses in the Vivado License Manager. For debug help search Xilinx Support for "Licensing FAQ". If you are using a license server, verify that the license server is up and running a version of the xilinx daemon that is compatible with the version of Xilinx software that you are using. Please note that Vivado 2017.3 and later requires upgrading your license server tools to the Flex 11.14.1 tools. Please confirm with your license admin that the correct version of the license server tools are installed.
exit
INFO: [Common 17-206] Exiting Vivado at Mon Aug 22 10:45:45 2022...
