

================================================================
== Vivado HLS Report for 'clone_vector'
================================================================
* Date:           Fri Aug 19 15:52:18 2022

* Version:        2019.2 (Build 2704478 on Wed Nov 06 22:10:23 MST 2019)
* Project:        ii_1
* Solution:       example_par_4
* Product family: virtexuplus
* Target device:  xcvu9p-flga2104-2-i


================================================================
== Performance Estimates
================================================================
+ Timing: 
    * Summary: 
    +--------+---------+----------+------------+
    |  Clock |  Target | Estimated| Uncertainty|
    +--------+---------+----------+------------+
    |ap_clk  | 5.00 ns | 2.316 ns |   0.62 ns  |
    +--------+---------+----------+------------+

+ Latency: 
    * Summary: 
    +---------+---------+----------+----------+-----+-----+---------+
    |  Latency (cycles) |  Latency (absolute) |  Interval | Pipeline|
    |   min   |   max   |    min   |    max   | min | max |   Type  |
    +---------+---------+----------+----------+-----+-----+---------+
    |       62|       62| 0.310 us | 0.310 us |   62|   62|   none  |
    +---------+---------+----------+----------+-----+-----+---------+

    + Detail: 
        * Instance: 
        N/A

        * Loop: 
        +----------+---------+---------+----------+-----------+-----------+------+----------+
        |          |  Latency (cycles) | Iteration|  Initiation Interval  | Trip |          |
        | Loop Name|   min   |   max   |  Latency |  achieved |   target  | Count| Pipelined|
        +----------+---------+---------+----------+-----------+-----------+------+----------+
        |- Loop 1  |       60|       60|         2|          1|          1|    60|    yes   |
        +----------+---------+---------+----------+-----------+-----------+------+----------+



================================================================
== Utilization Estimates
================================================================
* Summary: 
+---------------------+---------+-------+---------+---------+-----+
|         Name        | BRAM_18K| DSP48E|    FF   |   LUT   | URAM|
+---------------------+---------+-------+---------+---------+-----+
|DSP                  |        -|      -|        -|        -|    -|
|Expression           |        -|      -|        0|       31|    -|
|FIFO                 |        -|      -|        -|        -|    -|
|Instance             |        -|      -|        -|        -|    -|
|Memory               |        -|      -|        -|        -|    -|
|Multiplexer          |        -|      -|        -|       54|    -|
|Register             |        -|      -|       33|        -|    -|
+---------------------+---------+-------+---------+---------+-----+
|Total                |        0|      0|       33|       85|    0|
+---------------------+---------+-------+---------+---------+-----+
|Available SLR        |     1440|   2280|   788160|   394080|  320|
+---------------------+---------+-------+---------+---------+-----+
|Utilization SLR (%)  |        0|      0|    ~0   |    ~0   |    0|
+---------------------+---------+-------+---------+---------+-----+
|Available            |     4320|   6840|  2364480|  1182240|  960|
+---------------------+---------+-------+---------+---------+-----+
|Utilization (%)      |        0|      0|    ~0   |    ~0   |    0|
+---------------------+---------+-------+---------+---------+-----+

+ Detail: 
    * Instance: 
    N/A

    * DSP48E: 
    N/A

    * Memory: 
    N/A

    * FIFO: 
    N/A

    * Expression: 
    +-------------------------+----------+-------+---+----+------------+------------+
    |      Variable Name      | Operation| DSP48E| FF| LUT| Bitwidth P0| Bitwidth P1|
    +-------------------------+----------+-------+---+----+------------+------------+
    |add_ln109_fu_1999_p2     |     +    |      0|  0|   7|           7|           2|
    |icmp_ln109_fu_1917_p2    |   icmp   |      0|  0|  11|           7|           5|
    |ap_block_state1          |    or    |      0|  0|   2|           1|           1|
    |or_ln321_fu_1963_p2      |    or    |      0|  0|   7|           7|           1|
    |ap_enable_pp0            |    xor   |      0|  0|   2|           1|           2|
    |ap_enable_reg_pp0_iter1  |    xor   |      0|  0|   2|           2|           1|
    +-------------------------+----------+-------+---+----+------------+------------+
    |Total                    |          |      0|  0|  31|          25|          12|
    +-------------------------+----------+-------+---+----+------------+------------+

    * Multiplexer: 
    +-------------------------+----+-----------+-----+-----------+
    |           Name          | LUT| Input Size| Bits| Total Bits|
    +-------------------------+----+-----------+-----+-----------+
    |ap_NS_fsm                |  21|          4|    1|          4|
    |ap_done                  |   9|          2|    1|          2|
    |ap_enable_reg_pp0_iter1  |  15|          3|    1|          3|
    |j_0_0_reg_1906           |   9|          2|    7|         14|
    +-------------------------+----+-----------+-----+-----------+
    |Total                    |  54|         11|   10|         23|
    +-------------------------+----+-----------+-----+-----------+

    * Register: 
    +-------------------------+---+----+-----+-----------+
    |           Name          | FF| LUT| Bits| Const Bits|
    +-------------------------+---+----+-----+-----------+
    |ap_CS_fsm                |  3|   0|    3|          0|
    |ap_done_reg              |  1|   0|    1|          0|
    |ap_enable_reg_pp0_iter0  |  1|   0|    1|          0|
    |ap_enable_reg_pp0_iter1  |  1|   0|    1|          0|
    |icmp_ln109_reg_2034      |  1|   0|    1|          0|
    |j_0_0_reg_1906           |  7|   0|    7|          0|
    |trunc_ln_reg_2073        |  6|   0|    6|          0|
    |zext_ln321_2_reg_2203    |  6|   0|   64|         58|
    |zext_ln321_reg_2038      |  7|   0|   64|         57|
    +-------------------------+---+----+-----+-----------+
    |Total                    | 33|   0|  148|        115|
    +-------------------------+---+----+-----+-----------+



================================================================
== Interface
================================================================
* Summary: 
+----------------------+-----+-----+------------+--------------+--------------+
|       RTL Ports      | Dir | Bits|  Protocol  | Source Object|    C Type    |
+----------------------+-----+-----+------------+--------------+--------------+
|ap_clk                |  in |    1| ap_ctrl_hs | clone_vector | return value |
|ap_rst                |  in |    1| ap_ctrl_hs | clone_vector | return value |
|ap_start              |  in |    1| ap_ctrl_hs | clone_vector | return value |
|ap_done               | out |    1| ap_ctrl_hs | clone_vector | return value |
|ap_continue           |  in |    1| ap_ctrl_hs | clone_vector | return value |
|ap_idle               | out |    1| ap_ctrl_hs | clone_vector | return value |
|ap_ready              | out |    1| ap_ctrl_hs | clone_vector | return value |
|IN_0_0_V_address0     | out |    7|  ap_memory |   IN_0_0_V   |     array    |
|IN_0_0_V_ce0          | out |    1|  ap_memory |   IN_0_0_V   |     array    |
|IN_0_0_V_q0           |  in |   14|  ap_memory |   IN_0_0_V   |     array    |
|IN_0_0_V_address1     | out |    7|  ap_memory |   IN_0_0_V   |     array    |
|IN_0_0_V_ce1          | out |    1|  ap_memory |   IN_0_0_V   |     array    |
|IN_0_0_V_q1           |  in |   14|  ap_memory |   IN_0_0_V   |     array    |
|IN_0_1_V_address0     | out |    7|  ap_memory |   IN_0_1_V   |     array    |
|IN_0_1_V_ce0          | out |    1|  ap_memory |   IN_0_1_V   |     array    |
|IN_0_1_V_q0           |  in |   14|  ap_memory |   IN_0_1_V   |     array    |
|IN_0_1_V_address1     | out |    7|  ap_memory |   IN_0_1_V   |     array    |
|IN_0_1_V_ce1          | out |    1|  ap_memory |   IN_0_1_V   |     array    |
|IN_0_1_V_q1           |  in |   14|  ap_memory |   IN_0_1_V   |     array    |
|IN_1_0_V_address0     | out |    7|  ap_memory |   IN_1_0_V   |     array    |
|IN_1_0_V_ce0          | out |    1|  ap_memory |   IN_1_0_V   |     array    |
|IN_1_0_V_q0           |  in |   14|  ap_memory |   IN_1_0_V   |     array    |
|IN_1_0_V_address1     | out |    7|  ap_memory |   IN_1_0_V   |     array    |
|IN_1_0_V_ce1          | out |    1|  ap_memory |   IN_1_0_V   |     array    |
|IN_1_0_V_q1           |  in |   14|  ap_memory |   IN_1_0_V   |     array    |
|IN_1_1_V_address0     | out |    7|  ap_memory |   IN_1_1_V   |     array    |
|IN_1_1_V_ce0          | out |    1|  ap_memory |   IN_1_1_V   |     array    |
|IN_1_1_V_q0           |  in |   14|  ap_memory |   IN_1_1_V   |     array    |
|IN_1_1_V_address1     | out |    7|  ap_memory |   IN_1_1_V   |     array    |
|IN_1_1_V_ce1          | out |    1|  ap_memory |   IN_1_1_V   |     array    |
|IN_1_1_V_q1           |  in |   14|  ap_memory |   IN_1_1_V   |     array    |
|IN_2_0_V_address0     | out |    7|  ap_memory |   IN_2_0_V   |     array    |
|IN_2_0_V_ce0          | out |    1|  ap_memory |   IN_2_0_V   |     array    |
|IN_2_0_V_q0           |  in |   14|  ap_memory |   IN_2_0_V   |     array    |
|IN_2_0_V_address1     | out |    7|  ap_memory |   IN_2_0_V   |     array    |
|IN_2_0_V_ce1          | out |    1|  ap_memory |   IN_2_0_V   |     array    |
|IN_2_0_V_q1           |  in |   14|  ap_memory |   IN_2_0_V   |     array    |
|IN_2_1_V_address0     | out |    7|  ap_memory |   IN_2_1_V   |     array    |
|IN_2_1_V_ce0          | out |    1|  ap_memory |   IN_2_1_V   |     array    |
|IN_2_1_V_q0           |  in |   14|  ap_memory |   IN_2_1_V   |     array    |
|IN_2_1_V_address1     | out |    7|  ap_memory |   IN_2_1_V   |     array    |
|IN_2_1_V_ce1          | out |    1|  ap_memory |   IN_2_1_V   |     array    |
|IN_2_1_V_q1           |  in |   14|  ap_memory |   IN_2_1_V   |     array    |
|IN_3_0_V_address0     | out |    7|  ap_memory |   IN_3_0_V   |     array    |
|IN_3_0_V_ce0          | out |    1|  ap_memory |   IN_3_0_V   |     array    |
|IN_3_0_V_q0           |  in |   14|  ap_memory |   IN_3_0_V   |     array    |
|IN_3_0_V_address1     | out |    7|  ap_memory |   IN_3_0_V   |     array    |
|IN_3_0_V_ce1          | out |    1|  ap_memory |   IN_3_0_V   |     array    |
|IN_3_0_V_q1           |  in |   14|  ap_memory |   IN_3_0_V   |     array    |
|IN_3_1_V_address0     | out |    7|  ap_memory |   IN_3_1_V   |     array    |
|IN_3_1_V_ce0          | out |    1|  ap_memory |   IN_3_1_V   |     array    |
|IN_3_1_V_q0           |  in |   14|  ap_memory |   IN_3_1_V   |     array    |
|IN_3_1_V_address1     | out |    7|  ap_memory |   IN_3_1_V   |     array    |
|IN_3_1_V_ce1          | out |    1|  ap_memory |   IN_3_1_V   |     array    |
|IN_3_1_V_q1           |  in |   14|  ap_memory |   IN_3_1_V   |     array    |
|IN_4_0_V_address0     | out |    7|  ap_memory |   IN_4_0_V   |     array    |
|IN_4_0_V_ce0          | out |    1|  ap_memory |   IN_4_0_V   |     array    |
|IN_4_0_V_q0           |  in |   14|  ap_memory |   IN_4_0_V   |     array    |
|IN_4_0_V_address1     | out |    7|  ap_memory |   IN_4_0_V   |     array    |
|IN_4_0_V_ce1          | out |    1|  ap_memory |   IN_4_0_V   |     array    |
|IN_4_0_V_q1           |  in |   14|  ap_memory |   IN_4_0_V   |     array    |
|IN_4_1_V_address0     | out |    7|  ap_memory |   IN_4_1_V   |     array    |
|IN_4_1_V_ce0          | out |    1|  ap_memory |   IN_4_1_V   |     array    |
|IN_4_1_V_q0           |  in |   14|  ap_memory |   IN_4_1_V   |     array    |
|IN_4_1_V_address1     | out |    7|  ap_memory |   IN_4_1_V   |     array    |
|IN_4_1_V_ce1          | out |    1|  ap_memory |   IN_4_1_V   |     array    |
|IN_4_1_V_q1           |  in |   14|  ap_memory |   IN_4_1_V   |     array    |
|IN_5_0_V_address0     | out |    7|  ap_memory |   IN_5_0_V   |     array    |
|IN_5_0_V_ce0          | out |    1|  ap_memory |   IN_5_0_V   |     array    |
|IN_5_0_V_q0           |  in |   14|  ap_memory |   IN_5_0_V   |     array    |
|IN_5_0_V_address1     | out |    7|  ap_memory |   IN_5_0_V   |     array    |
|IN_5_0_V_ce1          | out |    1|  ap_memory |   IN_5_0_V   |     array    |
|IN_5_0_V_q1           |  in |   14|  ap_memory |   IN_5_0_V   |     array    |
|IN_5_1_V_address0     | out |    7|  ap_memory |   IN_5_1_V   |     array    |
|IN_5_1_V_ce0          | out |    1|  ap_memory |   IN_5_1_V   |     array    |
|IN_5_1_V_q0           |  in |   14|  ap_memory |   IN_5_1_V   |     array    |
|IN_5_1_V_address1     | out |    7|  ap_memory |   IN_5_1_V   |     array    |
|IN_5_1_V_ce1          | out |    1|  ap_memory |   IN_5_1_V   |     array    |
|IN_5_1_V_q1           |  in |   14|  ap_memory |   IN_5_1_V   |     array    |
|IN_6_0_V_address0     | out |    7|  ap_memory |   IN_6_0_V   |     array    |
|IN_6_0_V_ce0          | out |    1|  ap_memory |   IN_6_0_V   |     array    |
|IN_6_0_V_q0           |  in |   14|  ap_memory |   IN_6_0_V   |     array    |
|IN_6_0_V_address1     | out |    7|  ap_memory |   IN_6_0_V   |     array    |
|IN_6_0_V_ce1          | out |    1|  ap_memory |   IN_6_0_V   |     array    |
|IN_6_0_V_q1           |  in |   14|  ap_memory |   IN_6_0_V   |     array    |
|IN_6_1_V_address0     | out |    7|  ap_memory |   IN_6_1_V   |     array    |
|IN_6_1_V_ce0          | out |    1|  ap_memory |   IN_6_1_V   |     array    |
|IN_6_1_V_q0           |  in |   14|  ap_memory |   IN_6_1_V   |     array    |
|IN_6_1_V_address1     | out |    7|  ap_memory |   IN_6_1_V   |     array    |
|IN_6_1_V_ce1          | out |    1|  ap_memory |   IN_6_1_V   |     array    |
|IN_6_1_V_q1           |  in |   14|  ap_memory |   IN_6_1_V   |     array    |
|IN_7_0_V_address0     | out |    7|  ap_memory |   IN_7_0_V   |     array    |
|IN_7_0_V_ce0          | out |    1|  ap_memory |   IN_7_0_V   |     array    |
|IN_7_0_V_q0           |  in |   14|  ap_memory |   IN_7_0_V   |     array    |
|IN_7_0_V_address1     | out |    7|  ap_memory |   IN_7_0_V   |     array    |
|IN_7_0_V_ce1          | out |    1|  ap_memory |   IN_7_0_V   |     array    |
|IN_7_0_V_q1           |  in |   14|  ap_memory |   IN_7_0_V   |     array    |
|IN_7_1_V_address0     | out |    7|  ap_memory |   IN_7_1_V   |     array    |
|IN_7_1_V_ce0          | out |    1|  ap_memory |   IN_7_1_V   |     array    |
|IN_7_1_V_q0           |  in |   14|  ap_memory |   IN_7_1_V   |     array    |
|IN_7_1_V_address1     | out |    7|  ap_memory |   IN_7_1_V   |     array    |
|IN_7_1_V_ce1          | out |    1|  ap_memory |   IN_7_1_V   |     array    |
|IN_7_1_V_q1           |  in |   14|  ap_memory |   IN_7_1_V   |     array    |
|IN_8_0_V_address0     | out |    7|  ap_memory |   IN_8_0_V   |     array    |
|IN_8_0_V_ce0          | out |    1|  ap_memory |   IN_8_0_V   |     array    |
|IN_8_0_V_q0           |  in |   14|  ap_memory |   IN_8_0_V   |     array    |
|IN_8_0_V_address1     | out |    7|  ap_memory |   IN_8_0_V   |     array    |
|IN_8_0_V_ce1          | out |    1|  ap_memory |   IN_8_0_V   |     array    |
|IN_8_0_V_q1           |  in |   14|  ap_memory |   IN_8_0_V   |     array    |
|IN_8_1_V_address0     | out |    7|  ap_memory |   IN_8_1_V   |     array    |
|IN_8_1_V_ce0          | out |    1|  ap_memory |   IN_8_1_V   |     array    |
|IN_8_1_V_q0           |  in |   14|  ap_memory |   IN_8_1_V   |     array    |
|IN_8_1_V_address1     | out |    7|  ap_memory |   IN_8_1_V   |     array    |
|IN_8_1_V_ce1          | out |    1|  ap_memory |   IN_8_1_V   |     array    |
|IN_8_1_V_q1           |  in |   14|  ap_memory |   IN_8_1_V   |     array    |
|IN_9_0_V_address0     | out |    7|  ap_memory |   IN_9_0_V   |     array    |
|IN_9_0_V_ce0          | out |    1|  ap_memory |   IN_9_0_V   |     array    |
|IN_9_0_V_q0           |  in |   14|  ap_memory |   IN_9_0_V   |     array    |
|IN_9_0_V_address1     | out |    7|  ap_memory |   IN_9_0_V   |     array    |
|IN_9_0_V_ce1          | out |    1|  ap_memory |   IN_9_0_V   |     array    |
|IN_9_0_V_q1           |  in |   14|  ap_memory |   IN_9_0_V   |     array    |
|IN_9_1_V_address0     | out |    7|  ap_memory |   IN_9_1_V   |     array    |
|IN_9_1_V_ce0          | out |    1|  ap_memory |   IN_9_1_V   |     array    |
|IN_9_1_V_q0           |  in |   14|  ap_memory |   IN_9_1_V   |     array    |
|IN_9_1_V_address1     | out |    7|  ap_memory |   IN_9_1_V   |     array    |
|IN_9_1_V_ce1          | out |    1|  ap_memory |   IN_9_1_V   |     array    |
|IN_9_1_V_q1           |  in |   14|  ap_memory |   IN_9_1_V   |     array    |
|IN_10_0_V_address0    | out |    7|  ap_memory |   IN_10_0_V  |     array    |
|IN_10_0_V_ce0         | out |    1|  ap_memory |   IN_10_0_V  |     array    |
|IN_10_0_V_q0          |  in |   14|  ap_memory |   IN_10_0_V  |     array    |
|IN_10_0_V_address1    | out |    7|  ap_memory |   IN_10_0_V  |     array    |
|IN_10_0_V_ce1         | out |    1|  ap_memory |   IN_10_0_V  |     array    |
|IN_10_0_V_q1          |  in |   14|  ap_memory |   IN_10_0_V  |     array    |
|IN_10_1_V_address0    | out |    7|  ap_memory |   IN_10_1_V  |     array    |
|IN_10_1_V_ce0         | out |    1|  ap_memory |   IN_10_1_V  |     array    |
|IN_10_1_V_q0          |  in |   14|  ap_memory |   IN_10_1_V  |     array    |
|IN_10_1_V_address1    | out |    7|  ap_memory |   IN_10_1_V  |     array    |
|IN_10_1_V_ce1         | out |    1|  ap_memory |   IN_10_1_V  |     array    |
|IN_10_1_V_q1          |  in |   14|  ap_memory |   IN_10_1_V  |     array    |
|IN_11_0_V_address0    | out |    7|  ap_memory |   IN_11_0_V  |     array    |
|IN_11_0_V_ce0         | out |    1|  ap_memory |   IN_11_0_V  |     array    |
|IN_11_0_V_q0          |  in |   14|  ap_memory |   IN_11_0_V  |     array    |
|IN_11_0_V_address1    | out |    7|  ap_memory |   IN_11_0_V  |     array    |
|IN_11_0_V_ce1         | out |    1|  ap_memory |   IN_11_0_V  |     array    |
|IN_11_0_V_q1          |  in |   14|  ap_memory |   IN_11_0_V  |     array    |
|IN_11_1_V_address0    | out |    7|  ap_memory |   IN_11_1_V  |     array    |
|IN_11_1_V_ce0         | out |    1|  ap_memory |   IN_11_1_V  |     array    |
|IN_11_1_V_q0          |  in |   14|  ap_memory |   IN_11_1_V  |     array    |
|IN_11_1_V_address1    | out |    7|  ap_memory |   IN_11_1_V  |     array    |
|IN_11_1_V_ce1         | out |    1|  ap_memory |   IN_11_1_V  |     array    |
|IN_11_1_V_q1          |  in |   14|  ap_memory |   IN_11_1_V  |     array    |
|IN_12_0_V_address0    | out |    7|  ap_memory |   IN_12_0_V  |     array    |
|IN_12_0_V_ce0         | out |    1|  ap_memory |   IN_12_0_V  |     array    |
|IN_12_0_V_q0          |  in |   14|  ap_memory |   IN_12_0_V  |     array    |
|IN_12_0_V_address1    | out |    7|  ap_memory |   IN_12_0_V  |     array    |
|IN_12_0_V_ce1         | out |    1|  ap_memory |   IN_12_0_V  |     array    |
|IN_12_0_V_q1          |  in |   14|  ap_memory |   IN_12_0_V  |     array    |
|IN_12_1_V_address0    | out |    7|  ap_memory |   IN_12_1_V  |     array    |
|IN_12_1_V_ce0         | out |    1|  ap_memory |   IN_12_1_V  |     array    |
|IN_12_1_V_q0          |  in |   14|  ap_memory |   IN_12_1_V  |     array    |
|IN_12_1_V_address1    | out |    7|  ap_memory |   IN_12_1_V  |     array    |
|IN_12_1_V_ce1         | out |    1|  ap_memory |   IN_12_1_V  |     array    |
|IN_12_1_V_q1          |  in |   14|  ap_memory |   IN_12_1_V  |     array    |
|OUT1_0_1_V_address0   | out |    6|  ap_memory |  OUT1_0_1_V  |     array    |
|OUT1_0_1_V_ce0        | out |    1|  ap_memory |  OUT1_0_1_V  |     array    |
|OUT1_0_1_V_we0        | out |    1|  ap_memory |  OUT1_0_1_V  |     array    |
|OUT1_0_1_V_d0         | out |   14|  ap_memory |  OUT1_0_1_V  |     array    |
|OUT1_0_3_V_address0   | out |    6|  ap_memory |  OUT1_0_3_V  |     array    |
|OUT1_0_3_V_ce0        | out |    1|  ap_memory |  OUT1_0_3_V  |     array    |
|OUT1_0_3_V_we0        | out |    1|  ap_memory |  OUT1_0_3_V  |     array    |
|OUT1_0_3_V_d0         | out |   14|  ap_memory |  OUT1_0_3_V  |     array    |
|OUT1_1_1_V_address0   | out |    6|  ap_memory |  OUT1_1_1_V  |     array    |
|OUT1_1_1_V_ce0        | out |    1|  ap_memory |  OUT1_1_1_V  |     array    |
|OUT1_1_1_V_we0        | out |    1|  ap_memory |  OUT1_1_1_V  |     array    |
|OUT1_1_1_V_d0         | out |   14|  ap_memory |  OUT1_1_1_V  |     array    |
|OUT1_1_3_V_address0   | out |    6|  ap_memory |  OUT1_1_3_V  |     array    |
|OUT1_1_3_V_ce0        | out |    1|  ap_memory |  OUT1_1_3_V  |     array    |
|OUT1_1_3_V_we0        | out |    1|  ap_memory |  OUT1_1_3_V  |     array    |
|OUT1_1_3_V_d0         | out |   14|  ap_memory |  OUT1_1_3_V  |     array    |
|OUT1_2_1_V_address0   | out |    6|  ap_memory |  OUT1_2_1_V  |     array    |
|OUT1_2_1_V_ce0        | out |    1|  ap_memory |  OUT1_2_1_V  |     array    |
|OUT1_2_1_V_we0        | out |    1|  ap_memory |  OUT1_2_1_V  |     array    |
|OUT1_2_1_V_d0         | out |   14|  ap_memory |  OUT1_2_1_V  |     array    |
|OUT1_2_3_V_address0   | out |    6|  ap_memory |  OUT1_2_3_V  |     array    |
|OUT1_2_3_V_ce0        | out |    1|  ap_memory |  OUT1_2_3_V  |     array    |
|OUT1_2_3_V_we0        | out |    1|  ap_memory |  OUT1_2_3_V  |     array    |
|OUT1_2_3_V_d0         | out |   14|  ap_memory |  OUT1_2_3_V  |     array    |
|OUT1_3_1_V_address0   | out |    6|  ap_memory |  OUT1_3_1_V  |     array    |
|OUT1_3_1_V_ce0        | out |    1|  ap_memory |  OUT1_3_1_V  |     array    |
|OUT1_3_1_V_we0        | out |    1|  ap_memory |  OUT1_3_1_V  |     array    |
|OUT1_3_1_V_d0         | out |   14|  ap_memory |  OUT1_3_1_V  |     array    |
|OUT1_3_3_V_address0   | out |    6|  ap_memory |  OUT1_3_3_V  |     array    |
|OUT1_3_3_V_ce0        | out |    1|  ap_memory |  OUT1_3_3_V  |     array    |
|OUT1_3_3_V_we0        | out |    1|  ap_memory |  OUT1_3_3_V  |     array    |
|OUT1_3_3_V_d0         | out |   14|  ap_memory |  OUT1_3_3_V  |     array    |
|OUT1_4_1_V_address0   | out |    6|  ap_memory |  OUT1_4_1_V  |     array    |
|OUT1_4_1_V_ce0        | out |    1|  ap_memory |  OUT1_4_1_V  |     array    |
|OUT1_4_1_V_we0        | out |    1|  ap_memory |  OUT1_4_1_V  |     array    |
|OUT1_4_1_V_d0         | out |   14|  ap_memory |  OUT1_4_1_V  |     array    |
|OUT1_4_3_V_address0   | out |    6|  ap_memory |  OUT1_4_3_V  |     array    |
|OUT1_4_3_V_ce0        | out |    1|  ap_memory |  OUT1_4_3_V  |     array    |
|OUT1_4_3_V_we0        | out |    1|  ap_memory |  OUT1_4_3_V  |     array    |
|OUT1_4_3_V_d0         | out |   14|  ap_memory |  OUT1_4_3_V  |     array    |
|OUT1_5_1_V_address0   | out |    6|  ap_memory |  OUT1_5_1_V  |     array    |
|OUT1_5_1_V_ce0        | out |    1|  ap_memory |  OUT1_5_1_V  |     array    |
|OUT1_5_1_V_we0        | out |    1|  ap_memory |  OUT1_5_1_V  |     array    |
|OUT1_5_1_V_d0         | out |   14|  ap_memory |  OUT1_5_1_V  |     array    |
|OUT1_5_3_V_address0   | out |    6|  ap_memory |  OUT1_5_3_V  |     array    |
|OUT1_5_3_V_ce0        | out |    1|  ap_memory |  OUT1_5_3_V  |     array    |
|OUT1_5_3_V_we0        | out |    1|  ap_memory |  OUT1_5_3_V  |     array    |
|OUT1_5_3_V_d0         | out |   14|  ap_memory |  OUT1_5_3_V  |     array    |
|OUT1_6_1_V_address0   | out |    6|  ap_memory |  OUT1_6_1_V  |     array    |
|OUT1_6_1_V_ce0        | out |    1|  ap_memory |  OUT1_6_1_V  |     array    |
|OUT1_6_1_V_we0        | out |    1|  ap_memory |  OUT1_6_1_V  |     array    |
|OUT1_6_1_V_d0         | out |   14|  ap_memory |  OUT1_6_1_V  |     array    |
|OUT1_6_3_V_address0   | out |    6|  ap_memory |  OUT1_6_3_V  |     array    |
|OUT1_6_3_V_ce0        | out |    1|  ap_memory |  OUT1_6_3_V  |     array    |
|OUT1_6_3_V_we0        | out |    1|  ap_memory |  OUT1_6_3_V  |     array    |
|OUT1_6_3_V_d0         | out |   14|  ap_memory |  OUT1_6_3_V  |     array    |
|OUT1_7_1_V_address0   | out |    6|  ap_memory |  OUT1_7_1_V  |     array    |
|OUT1_7_1_V_ce0        | out |    1|  ap_memory |  OUT1_7_1_V  |     array    |
|OUT1_7_1_V_we0        | out |    1|  ap_memory |  OUT1_7_1_V  |     array    |
|OUT1_7_1_V_d0         | out |   14|  ap_memory |  OUT1_7_1_V  |     array    |
|OUT1_7_3_V_address0   | out |    6|  ap_memory |  OUT1_7_3_V  |     array    |
|OUT1_7_3_V_ce0        | out |    1|  ap_memory |  OUT1_7_3_V  |     array    |
|OUT1_7_3_V_we0        | out |    1|  ap_memory |  OUT1_7_3_V  |     array    |
|OUT1_7_3_V_d0         | out |   14|  ap_memory |  OUT1_7_3_V  |     array    |
|OUT1_8_1_V_address0   | out |    6|  ap_memory |  OUT1_8_1_V  |     array    |
|OUT1_8_1_V_ce0        | out |    1|  ap_memory |  OUT1_8_1_V  |     array    |
|OUT1_8_1_V_we0        | out |    1|  ap_memory |  OUT1_8_1_V  |     array    |
|OUT1_8_1_V_d0         | out |   14|  ap_memory |  OUT1_8_1_V  |     array    |
|OUT1_8_3_V_address0   | out |    6|  ap_memory |  OUT1_8_3_V  |     array    |
|OUT1_8_3_V_ce0        | out |    1|  ap_memory |  OUT1_8_3_V  |     array    |
|OUT1_8_3_V_we0        | out |    1|  ap_memory |  OUT1_8_3_V  |     array    |
|OUT1_8_3_V_d0         | out |   14|  ap_memory |  OUT1_8_3_V  |     array    |
|OUT1_9_1_V_address0   | out |    6|  ap_memory |  OUT1_9_1_V  |     array    |
|OUT1_9_1_V_ce0        | out |    1|  ap_memory |  OUT1_9_1_V  |     array    |
|OUT1_9_1_V_we0        | out |    1|  ap_memory |  OUT1_9_1_V  |     array    |
|OUT1_9_1_V_d0         | out |   14|  ap_memory |  OUT1_9_1_V  |     array    |
|OUT1_9_3_V_address0   | out |    6|  ap_memory |  OUT1_9_3_V  |     array    |
|OUT1_9_3_V_ce0        | out |    1|  ap_memory |  OUT1_9_3_V  |     array    |
|OUT1_9_3_V_we0        | out |    1|  ap_memory |  OUT1_9_3_V  |     array    |
|OUT1_9_3_V_d0         | out |   14|  ap_memory |  OUT1_9_3_V  |     array    |
|OUT1_10_1_V_address0  | out |    6|  ap_memory |  OUT1_10_1_V |     array    |
|OUT1_10_1_V_ce0       | out |    1|  ap_memory |  OUT1_10_1_V |     array    |
|OUT1_10_1_V_we0       | out |    1|  ap_memory |  OUT1_10_1_V |     array    |
|OUT1_10_1_V_d0        | out |   14|  ap_memory |  OUT1_10_1_V |     array    |
|OUT1_10_3_V_address0  | out |    6|  ap_memory |  OUT1_10_3_V |     array    |
|OUT1_10_3_V_ce0       | out |    1|  ap_memory |  OUT1_10_3_V |     array    |
|OUT1_10_3_V_we0       | out |    1|  ap_memory |  OUT1_10_3_V |     array    |
|OUT1_10_3_V_d0        | out |   14|  ap_memory |  OUT1_10_3_V |     array    |
|OUT1_11_1_V_address0  | out |    6|  ap_memory |  OUT1_11_1_V |     array    |
|OUT1_11_1_V_ce0       | out |    1|  ap_memory |  OUT1_11_1_V |     array    |
|OUT1_11_1_V_we0       | out |    1|  ap_memory |  OUT1_11_1_V |     array    |
|OUT1_11_1_V_d0        | out |   14|  ap_memory |  OUT1_11_1_V |     array    |
|OUT1_11_3_V_address0  | out |    6|  ap_memory |  OUT1_11_3_V |     array    |
|OUT1_11_3_V_ce0       | out |    1|  ap_memory |  OUT1_11_3_V |     array    |
|OUT1_11_3_V_we0       | out |    1|  ap_memory |  OUT1_11_3_V |     array    |
|OUT1_11_3_V_d0        | out |   14|  ap_memory |  OUT1_11_3_V |     array    |
|OUT1_12_1_V_address0  | out |    6|  ap_memory |  OUT1_12_1_V |     array    |
|OUT1_12_1_V_ce0       | out |    1|  ap_memory |  OUT1_12_1_V |     array    |
|OUT1_12_1_V_we0       | out |    1|  ap_memory |  OUT1_12_1_V |     array    |
|OUT1_12_1_V_d0        | out |   14|  ap_memory |  OUT1_12_1_V |     array    |
|OUT1_12_3_V_address0  | out |    6|  ap_memory |  OUT1_12_3_V |     array    |
|OUT1_12_3_V_ce0       | out |    1|  ap_memory |  OUT1_12_3_V |     array    |
|OUT1_12_3_V_we0       | out |    1|  ap_memory |  OUT1_12_3_V |     array    |
|OUT1_12_3_V_d0        | out |   14|  ap_memory |  OUT1_12_3_V |     array    |
|OUT2_0_0_V_address0   | out |    7|  ap_memory |  OUT2_0_0_V  |     array    |
|OUT2_0_0_V_ce0        | out |    1|  ap_memory |  OUT2_0_0_V  |     array    |
|OUT2_0_0_V_we0        | out |    1|  ap_memory |  OUT2_0_0_V  |     array    |
|OUT2_0_0_V_d0         | out |   14|  ap_memory |  OUT2_0_0_V  |     array    |
|OUT2_0_0_V_address1   | out |    7|  ap_memory |  OUT2_0_0_V  |     array    |
|OUT2_0_0_V_ce1        | out |    1|  ap_memory |  OUT2_0_0_V  |     array    |
|OUT2_0_0_V_we1        | out |    1|  ap_memory |  OUT2_0_0_V  |     array    |
|OUT2_0_0_V_d1         | out |   14|  ap_memory |  OUT2_0_0_V  |     array    |
|OUT2_0_1_V_address0   | out |    7|  ap_memory |  OUT2_0_1_V  |     array    |
|OUT2_0_1_V_ce0        | out |    1|  ap_memory |  OUT2_0_1_V  |     array    |
|OUT2_0_1_V_we0        | out |    1|  ap_memory |  OUT2_0_1_V  |     array    |
|OUT2_0_1_V_d0         | out |   14|  ap_memory |  OUT2_0_1_V  |     array    |
|OUT2_0_1_V_address1   | out |    7|  ap_memory |  OUT2_0_1_V  |     array    |
|OUT2_0_1_V_ce1        | out |    1|  ap_memory |  OUT2_0_1_V  |     array    |
|OUT2_0_1_V_we1        | out |    1|  ap_memory |  OUT2_0_1_V  |     array    |
|OUT2_0_1_V_d1         | out |   14|  ap_memory |  OUT2_0_1_V  |     array    |
|OUT2_1_0_V_address0   | out |    7|  ap_memory |  OUT2_1_0_V  |     array    |
|OUT2_1_0_V_ce0        | out |    1|  ap_memory |  OUT2_1_0_V  |     array    |
|OUT2_1_0_V_we0        | out |    1|  ap_memory |  OUT2_1_0_V  |     array    |
|OUT2_1_0_V_d0         | out |   14|  ap_memory |  OUT2_1_0_V  |     array    |
|OUT2_1_0_V_address1   | out |    7|  ap_memory |  OUT2_1_0_V  |     array    |
|OUT2_1_0_V_ce1        | out |    1|  ap_memory |  OUT2_1_0_V  |     array    |
|OUT2_1_0_V_we1        | out |    1|  ap_memory |  OUT2_1_0_V  |     array    |
|OUT2_1_0_V_d1         | out |   14|  ap_memory |  OUT2_1_0_V  |     array    |
|OUT2_1_1_V_address0   | out |    7|  ap_memory |  OUT2_1_1_V  |     array    |
|OUT2_1_1_V_ce0        | out |    1|  ap_memory |  OUT2_1_1_V  |     array    |
|OUT2_1_1_V_we0        | out |    1|  ap_memory |  OUT2_1_1_V  |     array    |
|OUT2_1_1_V_d0         | out |   14|  ap_memory |  OUT2_1_1_V  |     array    |
|OUT2_1_1_V_address1   | out |    7|  ap_memory |  OUT2_1_1_V  |     array    |
|OUT2_1_1_V_ce1        | out |    1|  ap_memory |  OUT2_1_1_V  |     array    |
|OUT2_1_1_V_we1        | out |    1|  ap_memory |  OUT2_1_1_V  |     array    |
|OUT2_1_1_V_d1         | out |   14|  ap_memory |  OUT2_1_1_V  |     array    |
|OUT2_2_0_V_address0   | out |    7|  ap_memory |  OUT2_2_0_V  |     array    |
|OUT2_2_0_V_ce0        | out |    1|  ap_memory |  OUT2_2_0_V  |     array    |
|OUT2_2_0_V_we0        | out |    1|  ap_memory |  OUT2_2_0_V  |     array    |
|OUT2_2_0_V_d0         | out |   14|  ap_memory |  OUT2_2_0_V  |     array    |
|OUT2_2_0_V_address1   | out |    7|  ap_memory |  OUT2_2_0_V  |     array    |
|OUT2_2_0_V_ce1        | out |    1|  ap_memory |  OUT2_2_0_V  |     array    |
|OUT2_2_0_V_we1        | out |    1|  ap_memory |  OUT2_2_0_V  |     array    |
|OUT2_2_0_V_d1         | out |   14|  ap_memory |  OUT2_2_0_V  |     array    |
|OUT2_2_1_V_address0   | out |    7|  ap_memory |  OUT2_2_1_V  |     array    |
|OUT2_2_1_V_ce0        | out |    1|  ap_memory |  OUT2_2_1_V  |     array    |
|OUT2_2_1_V_we0        | out |    1|  ap_memory |  OUT2_2_1_V  |     array    |
|OUT2_2_1_V_d0         | out |   14|  ap_memory |  OUT2_2_1_V  |     array    |
|OUT2_2_1_V_address1   | out |    7|  ap_memory |  OUT2_2_1_V  |     array    |
|OUT2_2_1_V_ce1        | out |    1|  ap_memory |  OUT2_2_1_V  |     array    |
|OUT2_2_1_V_we1        | out |    1|  ap_memory |  OUT2_2_1_V  |     array    |
|OUT2_2_1_V_d1         | out |   14|  ap_memory |  OUT2_2_1_V  |     array    |
|OUT2_3_0_V_address0   | out |    7|  ap_memory |  OUT2_3_0_V  |     array    |
|OUT2_3_0_V_ce0        | out |    1|  ap_memory |  OUT2_3_0_V  |     array    |
|OUT2_3_0_V_we0        | out |    1|  ap_memory |  OUT2_3_0_V  |     array    |
|OUT2_3_0_V_d0         | out |   14|  ap_memory |  OUT2_3_0_V  |     array    |
|OUT2_3_0_V_address1   | out |    7|  ap_memory |  OUT2_3_0_V  |     array    |
|OUT2_3_0_V_ce1        | out |    1|  ap_memory |  OUT2_3_0_V  |     array    |
|OUT2_3_0_V_we1        | out |    1|  ap_memory |  OUT2_3_0_V  |     array    |
|OUT2_3_0_V_d1         | out |   14|  ap_memory |  OUT2_3_0_V  |     array    |
|OUT2_3_1_V_address0   | out |    7|  ap_memory |  OUT2_3_1_V  |     array    |
|OUT2_3_1_V_ce0        | out |    1|  ap_memory |  OUT2_3_1_V  |     array    |
|OUT2_3_1_V_we0        | out |    1|  ap_memory |  OUT2_3_1_V  |     array    |
|OUT2_3_1_V_d0         | out |   14|  ap_memory |  OUT2_3_1_V  |     array    |
|OUT2_3_1_V_address1   | out |    7|  ap_memory |  OUT2_3_1_V  |     array    |
|OUT2_3_1_V_ce1        | out |    1|  ap_memory |  OUT2_3_1_V  |     array    |
|OUT2_3_1_V_we1        | out |    1|  ap_memory |  OUT2_3_1_V  |     array    |
|OUT2_3_1_V_d1         | out |   14|  ap_memory |  OUT2_3_1_V  |     array    |
|OUT2_4_0_V_address0   | out |    7|  ap_memory |  OUT2_4_0_V  |     array    |
|OUT2_4_0_V_ce0        | out |    1|  ap_memory |  OUT2_4_0_V  |     array    |
|OUT2_4_0_V_we0        | out |    1|  ap_memory |  OUT2_4_0_V  |     array    |
|OUT2_4_0_V_d0         | out |   14|  ap_memory |  OUT2_4_0_V  |     array    |
|OUT2_4_0_V_address1   | out |    7|  ap_memory |  OUT2_4_0_V  |     array    |
|OUT2_4_0_V_ce1        | out |    1|  ap_memory |  OUT2_4_0_V  |     array    |
|OUT2_4_0_V_we1        | out |    1|  ap_memory |  OUT2_4_0_V  |     array    |
|OUT2_4_0_V_d1         | out |   14|  ap_memory |  OUT2_4_0_V  |     array    |
|OUT2_4_1_V_address0   | out |    7|  ap_memory |  OUT2_4_1_V  |     array    |
|OUT2_4_1_V_ce0        | out |    1|  ap_memory |  OUT2_4_1_V  |     array    |
|OUT2_4_1_V_we0        | out |    1|  ap_memory |  OUT2_4_1_V  |     array    |
|OUT2_4_1_V_d0         | out |   14|  ap_memory |  OUT2_4_1_V  |     array    |
|OUT2_4_1_V_address1   | out |    7|  ap_memory |  OUT2_4_1_V  |     array    |
|OUT2_4_1_V_ce1        | out |    1|  ap_memory |  OUT2_4_1_V  |     array    |
|OUT2_4_1_V_we1        | out |    1|  ap_memory |  OUT2_4_1_V  |     array    |
|OUT2_4_1_V_d1         | out |   14|  ap_memory |  OUT2_4_1_V  |     array    |
|OUT2_5_0_V_address0   | out |    7|  ap_memory |  OUT2_5_0_V  |     array    |
|OUT2_5_0_V_ce0        | out |    1|  ap_memory |  OUT2_5_0_V  |     array    |
|OUT2_5_0_V_we0        | out |    1|  ap_memory |  OUT2_5_0_V  |     array    |
|OUT2_5_0_V_d0         | out |   14|  ap_memory |  OUT2_5_0_V  |     array    |
|OUT2_5_0_V_address1   | out |    7|  ap_memory |  OUT2_5_0_V  |     array    |
|OUT2_5_0_V_ce1        | out |    1|  ap_memory |  OUT2_5_0_V  |     array    |
|OUT2_5_0_V_we1        | out |    1|  ap_memory |  OUT2_5_0_V  |     array    |
|OUT2_5_0_V_d1         | out |   14|  ap_memory |  OUT2_5_0_V  |     array    |
|OUT2_5_1_V_address0   | out |    7|  ap_memory |  OUT2_5_1_V  |     array    |
|OUT2_5_1_V_ce0        | out |    1|  ap_memory |  OUT2_5_1_V  |     array    |
|OUT2_5_1_V_we0        | out |    1|  ap_memory |  OUT2_5_1_V  |     array    |
|OUT2_5_1_V_d0         | out |   14|  ap_memory |  OUT2_5_1_V  |     array    |
|OUT2_5_1_V_address1   | out |    7|  ap_memory |  OUT2_5_1_V  |     array    |
|OUT2_5_1_V_ce1        | out |    1|  ap_memory |  OUT2_5_1_V  |     array    |
|OUT2_5_1_V_we1        | out |    1|  ap_memory |  OUT2_5_1_V  |     array    |
|OUT2_5_1_V_d1         | out |   14|  ap_memory |  OUT2_5_1_V  |     array    |
|OUT2_6_0_V_address0   | out |    7|  ap_memory |  OUT2_6_0_V  |     array    |
|OUT2_6_0_V_ce0        | out |    1|  ap_memory |  OUT2_6_0_V  |     array    |
|OUT2_6_0_V_we0        | out |    1|  ap_memory |  OUT2_6_0_V  |     array    |
|OUT2_6_0_V_d0         | out |   14|  ap_memory |  OUT2_6_0_V  |     array    |
|OUT2_6_0_V_address1   | out |    7|  ap_memory |  OUT2_6_0_V  |     array    |
|OUT2_6_0_V_ce1        | out |    1|  ap_memory |  OUT2_6_0_V  |     array    |
|OUT2_6_0_V_we1        | out |    1|  ap_memory |  OUT2_6_0_V  |     array    |
|OUT2_6_0_V_d1         | out |   14|  ap_memory |  OUT2_6_0_V  |     array    |
|OUT2_6_1_V_address0   | out |    7|  ap_memory |  OUT2_6_1_V  |     array    |
|OUT2_6_1_V_ce0        | out |    1|  ap_memory |  OUT2_6_1_V  |     array    |
|OUT2_6_1_V_we0        | out |    1|  ap_memory |  OUT2_6_1_V  |     array    |
|OUT2_6_1_V_d0         | out |   14|  ap_memory |  OUT2_6_1_V  |     array    |
|OUT2_6_1_V_address1   | out |    7|  ap_memory |  OUT2_6_1_V  |     array    |
|OUT2_6_1_V_ce1        | out |    1|  ap_memory |  OUT2_6_1_V  |     array    |
|OUT2_6_1_V_we1        | out |    1|  ap_memory |  OUT2_6_1_V  |     array    |
|OUT2_6_1_V_d1         | out |   14|  ap_memory |  OUT2_6_1_V  |     array    |
|OUT2_7_0_V_address0   | out |    7|  ap_memory |  OUT2_7_0_V  |     array    |
|OUT2_7_0_V_ce0        | out |    1|  ap_memory |  OUT2_7_0_V  |     array    |
|OUT2_7_0_V_we0        | out |    1|  ap_memory |  OUT2_7_0_V  |     array    |
|OUT2_7_0_V_d0         | out |   14|  ap_memory |  OUT2_7_0_V  |     array    |
|OUT2_7_0_V_address1   | out |    7|  ap_memory |  OUT2_7_0_V  |     array    |
|OUT2_7_0_V_ce1        | out |    1|  ap_memory |  OUT2_7_0_V  |     array    |
|OUT2_7_0_V_we1        | out |    1|  ap_memory |  OUT2_7_0_V  |     array    |
|OUT2_7_0_V_d1         | out |   14|  ap_memory |  OUT2_7_0_V  |     array    |
|OUT2_7_1_V_address0   | out |    7|  ap_memory |  OUT2_7_1_V  |     array    |
|OUT2_7_1_V_ce0        | out |    1|  ap_memory |  OUT2_7_1_V  |     array    |
|OUT2_7_1_V_we0        | out |    1|  ap_memory |  OUT2_7_1_V  |     array    |
|OUT2_7_1_V_d0         | out |   14|  ap_memory |  OUT2_7_1_V  |     array    |
|OUT2_7_1_V_address1   | out |    7|  ap_memory |  OUT2_7_1_V  |     array    |
|OUT2_7_1_V_ce1        | out |    1|  ap_memory |  OUT2_7_1_V  |     array    |
|OUT2_7_1_V_we1        | out |    1|  ap_memory |  OUT2_7_1_V  |     array    |
|OUT2_7_1_V_d1         | out |   14|  ap_memory |  OUT2_7_1_V  |     array    |
|OUT2_8_0_V_address0   | out |    7|  ap_memory |  OUT2_8_0_V  |     array    |
|OUT2_8_0_V_ce0        | out |    1|  ap_memory |  OUT2_8_0_V  |     array    |
|OUT2_8_0_V_we0        | out |    1|  ap_memory |  OUT2_8_0_V  |     array    |
|OUT2_8_0_V_d0         | out |   14|  ap_memory |  OUT2_8_0_V  |     array    |
|OUT2_8_0_V_address1   | out |    7|  ap_memory |  OUT2_8_0_V  |     array    |
|OUT2_8_0_V_ce1        | out |    1|  ap_memory |  OUT2_8_0_V  |     array    |
|OUT2_8_0_V_we1        | out |    1|  ap_memory |  OUT2_8_0_V  |     array    |
|OUT2_8_0_V_d1         | out |   14|  ap_memory |  OUT2_8_0_V  |     array    |
|OUT2_8_1_V_address0   | out |    7|  ap_memory |  OUT2_8_1_V  |     array    |
|OUT2_8_1_V_ce0        | out |    1|  ap_memory |  OUT2_8_1_V  |     array    |
|OUT2_8_1_V_we0        | out |    1|  ap_memory |  OUT2_8_1_V  |     array    |
|OUT2_8_1_V_d0         | out |   14|  ap_memory |  OUT2_8_1_V  |     array    |
|OUT2_8_1_V_address1   | out |    7|  ap_memory |  OUT2_8_1_V  |     array    |
|OUT2_8_1_V_ce1        | out |    1|  ap_memory |  OUT2_8_1_V  |     array    |
|OUT2_8_1_V_we1        | out |    1|  ap_memory |  OUT2_8_1_V  |     array    |
|OUT2_8_1_V_d1         | out |   14|  ap_memory |  OUT2_8_1_V  |     array    |
|OUT2_9_0_V_address0   | out |    7|  ap_memory |  OUT2_9_0_V  |     array    |
|OUT2_9_0_V_ce0        | out |    1|  ap_memory |  OUT2_9_0_V  |     array    |
|OUT2_9_0_V_we0        | out |    1|  ap_memory |  OUT2_9_0_V  |     array    |
|OUT2_9_0_V_d0         | out |   14|  ap_memory |  OUT2_9_0_V  |     array    |
|OUT2_9_0_V_address1   | out |    7|  ap_memory |  OUT2_9_0_V  |     array    |
|OUT2_9_0_V_ce1        | out |    1|  ap_memory |  OUT2_9_0_V  |     array    |
|OUT2_9_0_V_we1        | out |    1|  ap_memory |  OUT2_9_0_V  |     array    |
|OUT2_9_0_V_d1         | out |   14|  ap_memory |  OUT2_9_0_V  |     array    |
|OUT2_9_1_V_address0   | out |    7|  ap_memory |  OUT2_9_1_V  |     array    |
|OUT2_9_1_V_ce0        | out |    1|  ap_memory |  OUT2_9_1_V  |     array    |
|OUT2_9_1_V_we0        | out |    1|  ap_memory |  OUT2_9_1_V  |     array    |
|OUT2_9_1_V_d0         | out |   14|  ap_memory |  OUT2_9_1_V  |     array    |
|OUT2_9_1_V_address1   | out |    7|  ap_memory |  OUT2_9_1_V  |     array    |
|OUT2_9_1_V_ce1        | out |    1|  ap_memory |  OUT2_9_1_V  |     array    |
|OUT2_9_1_V_we1        | out |    1|  ap_memory |  OUT2_9_1_V  |     array    |
|OUT2_9_1_V_d1         | out |   14|  ap_memory |  OUT2_9_1_V  |     array    |
|OUT2_10_0_V_address0  | out |    7|  ap_memory |  OUT2_10_0_V |     array    |
|OUT2_10_0_V_ce0       | out |    1|  ap_memory |  OUT2_10_0_V |     array    |
|OUT2_10_0_V_we0       | out |    1|  ap_memory |  OUT2_10_0_V |     array    |
|OUT2_10_0_V_d0        | out |   14|  ap_memory |  OUT2_10_0_V |     array    |
|OUT2_10_0_V_address1  | out |    7|  ap_memory |  OUT2_10_0_V |     array    |
|OUT2_10_0_V_ce1       | out |    1|  ap_memory |  OUT2_10_0_V |     array    |
|OUT2_10_0_V_we1       | out |    1|  ap_memory |  OUT2_10_0_V |     array    |
|OUT2_10_0_V_d1        | out |   14|  ap_memory |  OUT2_10_0_V |     array    |
|OUT2_10_1_V_address0  | out |    7|  ap_memory |  OUT2_10_1_V |     array    |
|OUT2_10_1_V_ce0       | out |    1|  ap_memory |  OUT2_10_1_V |     array    |
|OUT2_10_1_V_we0       | out |    1|  ap_memory |  OUT2_10_1_V |     array    |
|OUT2_10_1_V_d0        | out |   14|  ap_memory |  OUT2_10_1_V |     array    |
|OUT2_10_1_V_address1  | out |    7|  ap_memory |  OUT2_10_1_V |     array    |
|OUT2_10_1_V_ce1       | out |    1|  ap_memory |  OUT2_10_1_V |     array    |
|OUT2_10_1_V_we1       | out |    1|  ap_memory |  OUT2_10_1_V |     array    |
|OUT2_10_1_V_d1        | out |   14|  ap_memory |  OUT2_10_1_V |     array    |
|OUT2_11_0_V_address0  | out |    7|  ap_memory |  OUT2_11_0_V |     array    |
|OUT2_11_0_V_ce0       | out |    1|  ap_memory |  OUT2_11_0_V |     array    |
|OUT2_11_0_V_we0       | out |    1|  ap_memory |  OUT2_11_0_V |     array    |
|OUT2_11_0_V_d0        | out |   14|  ap_memory |  OUT2_11_0_V |     array    |
|OUT2_11_0_V_address1  | out |    7|  ap_memory |  OUT2_11_0_V |     array    |
|OUT2_11_0_V_ce1       | out |    1|  ap_memory |  OUT2_11_0_V |     array    |
|OUT2_11_0_V_we1       | out |    1|  ap_memory |  OUT2_11_0_V |     array    |
|OUT2_11_0_V_d1        | out |   14|  ap_memory |  OUT2_11_0_V |     array    |
|OUT2_11_1_V_address0  | out |    7|  ap_memory |  OUT2_11_1_V |     array    |
|OUT2_11_1_V_ce0       | out |    1|  ap_memory |  OUT2_11_1_V |     array    |
|OUT2_11_1_V_we0       | out |    1|  ap_memory |  OUT2_11_1_V |     array    |
|OUT2_11_1_V_d0        | out |   14|  ap_memory |  OUT2_11_1_V |     array    |
|OUT2_11_1_V_address1  | out |    7|  ap_memory |  OUT2_11_1_V |     array    |
|OUT2_11_1_V_ce1       | out |    1|  ap_memory |  OUT2_11_1_V |     array    |
|OUT2_11_1_V_we1       | out |    1|  ap_memory |  OUT2_11_1_V |     array    |
|OUT2_11_1_V_d1        | out |   14|  ap_memory |  OUT2_11_1_V |     array    |
|OUT2_12_0_V_address0  | out |    7|  ap_memory |  OUT2_12_0_V |     array    |
|OUT2_12_0_V_ce0       | out |    1|  ap_memory |  OUT2_12_0_V |     array    |
|OUT2_12_0_V_we0       | out |    1|  ap_memory |  OUT2_12_0_V |     array    |
|OUT2_12_0_V_d0        | out |   14|  ap_memory |  OUT2_12_0_V |     array    |
|OUT2_12_0_V_address1  | out |    7|  ap_memory |  OUT2_12_0_V |     array    |
|OUT2_12_0_V_ce1       | out |    1|  ap_memory |  OUT2_12_0_V |     array    |
|OUT2_12_0_V_we1       | out |    1|  ap_memory |  OUT2_12_0_V |     array    |
|OUT2_12_0_V_d1        | out |   14|  ap_memory |  OUT2_12_0_V |     array    |
|OUT2_12_1_V_address0  | out |    7|  ap_memory |  OUT2_12_1_V |     array    |
|OUT2_12_1_V_ce0       | out |    1|  ap_memory |  OUT2_12_1_V |     array    |
|OUT2_12_1_V_we0       | out |    1|  ap_memory |  OUT2_12_1_V |     array    |
|OUT2_12_1_V_d0        | out |   14|  ap_memory |  OUT2_12_1_V |     array    |
|OUT2_12_1_V_address1  | out |    7|  ap_memory |  OUT2_12_1_V |     array    |
|OUT2_12_1_V_ce1       | out |    1|  ap_memory |  OUT2_12_1_V |     array    |
|OUT2_12_1_V_we1       | out |    1|  ap_memory |  OUT2_12_1_V |     array    |
|OUT2_12_1_V_d1        | out |   14|  ap_memory |  OUT2_12_1_V |     array    |
+----------------------+-----+-----+------------+--------------+--------------+

