

================================================================
== Vivado HLS Report for 'clone_vector_3'
================================================================
* Date:           Mon Aug 22 13:46:05 2022

* Version:        2019.2 (Build 2704478 on Wed Nov 06 22:10:23 MST 2019)
* Project:        axi_ii_1
* Solution:       example_par_1
* Product family: virtexuplus
* Target device:  xcvu9p-flga2104-2-i


================================================================
== Performance Estimates
================================================================
+ Timing: 
    * Summary: 
    +--------+---------+----------+------------+
    |  Clock |  Target | Estimated| Uncertainty|
    +--------+---------+----------+------------+
    |ap_clk  | 5.00 ns | 1.188 ns |   0.62 ns  |
    +--------+---------+----------+------------+

+ Latency: 
    * Summary: 
    +---------+---------+----------+----------+-----+-----+---------+
    |  Latency (cycles) |  Latency (absolute) |  Interval | Pipeline|
    |   min   |   max   |    min   |    max   | min | max |   Type  |
    +---------+---------+----------+----------+-----+-----+---------+
    |       32|       32| 0.160 us | 0.160 us |   32|   32|   none  |
    +---------+---------+----------+----------+-----+-----+---------+

    + Detail: 
        * Instance: 
        N/A

        * Loop: 
        +----------+---------+---------+----------+-----------+-----------+------+----------+
        |          |  Latency (cycles) | Iteration|  Initiation Interval  | Trip |          |
        | Loop Name|   min   |   max   |  Latency |  achieved |   target  | Count| Pipelined|
        +----------+---------+---------+----------+-----------+-----------+------+----------+
        |- Loop 1  |       30|       30|         2|          1|          1|    30|    yes   |
        +----------+---------+---------+----------+-----------+-----------+------+----------+



================================================================
== Utilization Estimates
================================================================
* Summary: 
+---------------------+---------+-------+---------+---------+-----+
|         Name        | BRAM_18K| DSP48E|    FF   |   LUT   | URAM|
+---------------------+---------+-------+---------+---------+-----+
|DSP                  |        -|      -|        -|        -|    -|
|Expression           |        -|      -|        0|       35|    -|
|FIFO                 |        -|      -|        -|        -|    -|
|Instance             |        -|      -|        -|        -|    -|
|Memory               |        -|      -|        -|        -|    -|
|Multiplexer          |        -|      -|        -|       72|    -|
|Register             |        -|      -|       37|        -|    -|
+---------------------+---------+-------+---------+---------+-----+
|Total                |        0|      0|       37|      107|    0|
+---------------------+---------+-------+---------+---------+-----+
|Available SLR        |     1440|   2280|   788160|   394080|  320|
+---------------------+---------+-------+---------+---------+-----+
|Utilization SLR (%)  |        0|      0|    ~0   |    ~0   |    0|
+---------------------+---------+-------+---------+---------+-----+
|Available            |     4320|   6840|  2364480|  1182240|  960|
+---------------------+---------+-------+---------+---------+-----+
|Utilization (%)      |        0|      0|    ~0   |    ~0   |    0|
+---------------------+---------+-------+---------+---------+-----+

+ Detail: 
    * Instance: 
    N/A

    * DSP48E: 
    N/A

    * Memory: 
    N/A

    * FIFO: 
    N/A

    * Expression: 
    +-------------------------+----------+-------+---+----+------------+------------+
    |      Variable Name      | Operation| DSP48E| FF| LUT| Bitwidth P0| Bitwidth P1|
    +-------------------------+----------+-------+---+----+------------+------------+
    |add_ln109_1_fu_2954_p2   |     +    |      0|  0|   6|           6|           2|
    |add_ln109_2_fu_2960_p2   |     +    |      0|  0|   6|           6|           2|
    |add_ln109_fu_2948_p2     |     +    |      0|  0|   6|           6|           2|
    |icmp_ln109_fu_2868_p2    |   icmp   |      0|  0|  11|           6|           4|
    |ap_block_state1          |    or    |      0|  0|   2|           1|           1|
    |ap_enable_pp0            |    xor   |      0|  0|   2|           1|           2|
    |ap_enable_reg_pp0_iter1  |    xor   |      0|  0|   2|           2|           1|
    +-------------------------+----------+-------+---+----+------------+------------+
    |Total                    |          |      0|  0|  35|          28|          14|
    +-------------------------+----------+-------+---+----+------------+------------+

    * Multiplexer: 
    +-------------------------+----+-----------+-----+-----------+
    |           Name          | LUT| Input Size| Bits| Total Bits|
    +-------------------------+----+-----------+-----+-----------+
    |ap_NS_fsm                |  21|          4|    1|          4|
    |ap_done                  |   9|          2|    1|          2|
    |ap_enable_reg_pp0_iter1  |  15|          3|    1|          3|
    |indvars_iv3_reg_2846     |   9|          2|    6|         12|
    |indvars_iv9_reg_2835     |   9|          2|    6|         12|
    |j_0_0_reg_2857           |   9|          2|    6|         12|
    +-------------------------+----+-----------+-----+-----------+
    |Total                    |  72|         15|   21|         45|
    +-------------------------+----+-----------+-----+-----------+

    * Register: 
    +-------------------------+---+----+-----+-----------+
    |           Name          | FF| LUT| Bits| Const Bits|
    +-------------------------+---+----+-----+-----------+
    |ap_CS_fsm                |  3|   0|    3|          0|
    |ap_done_reg              |  1|   0|    1|          0|
    |ap_enable_reg_pp0_iter0  |  1|   0|    1|          0|
    |ap_enable_reg_pp0_iter1  |  1|   0|    1|          0|
    |icmp_ln109_reg_2966      |  1|   0|    1|          0|
    |indvars_iv3_reg_2846     |  6|   0|    6|          0|
    |indvars_iv9_reg_2835     |  6|   0|    6|          0|
    |j_0_0_reg_2857           |  6|   0|    6|          0|
    |zext_ln203_1_reg_3205    |  6|   0|   64|         58|
    |zext_ln203_reg_2970      |  6|   0|   64|         58|
    +-------------------------+---+----+-----+-----------+
    |Total                    | 37|   0|  153|        116|
    +-------------------------+---+----+-----+-----------+



================================================================
== Interface
================================================================
* Summary: 
+----------------------+-----+-----+------------+----------------+--------------+
|       RTL Ports      | Dir | Bits|  Protocol  |  Source Object |    C Type    |
+----------------------+-----+-----+------------+----------------+--------------+
|ap_clk                |  in |    1| ap_ctrl_hs | clone_vector.3 | return value |
|ap_rst                |  in |    1| ap_ctrl_hs | clone_vector.3 | return value |
|ap_start              |  in |    1| ap_ctrl_hs | clone_vector.3 | return value |
|ap_done               | out |    1| ap_ctrl_hs | clone_vector.3 | return value |
|ap_continue           |  in |    1| ap_ctrl_hs | clone_vector.3 | return value |
|ap_idle               | out |    1| ap_ctrl_hs | clone_vector.3 | return value |
|ap_ready              | out |    1| ap_ctrl_hs | clone_vector.3 | return value |
|IN_0_0_V_address0     | out |    6|  ap_memory |    IN_0_0_V    |     array    |
|IN_0_0_V_ce0          | out |    1|  ap_memory |    IN_0_0_V    |     array    |
|IN_0_0_V_q0           |  in |   14|  ap_memory |    IN_0_0_V    |     array    |
|IN_0_0_V_address1     | out |    6|  ap_memory |    IN_0_0_V    |     array    |
|IN_0_0_V_ce1          | out |    1|  ap_memory |    IN_0_0_V    |     array    |
|IN_0_0_V_q1           |  in |   14|  ap_memory |    IN_0_0_V    |     array    |
|IN_0_1_V_address0     | out |    6|  ap_memory |    IN_0_1_V    |     array    |
|IN_0_1_V_ce0          | out |    1|  ap_memory |    IN_0_1_V    |     array    |
|IN_0_1_V_q0           |  in |   14|  ap_memory |    IN_0_1_V    |     array    |
|IN_0_1_V_address1     | out |    6|  ap_memory |    IN_0_1_V    |     array    |
|IN_0_1_V_ce1          | out |    1|  ap_memory |    IN_0_1_V    |     array    |
|IN_0_1_V_q1           |  in |   14|  ap_memory |    IN_0_1_V    |     array    |
|IN_0_2_V_address0     | out |    6|  ap_memory |    IN_0_2_V    |     array    |
|IN_0_2_V_ce0          | out |    1|  ap_memory |    IN_0_2_V    |     array    |
|IN_0_2_V_q0           |  in |   14|  ap_memory |    IN_0_2_V    |     array    |
|IN_0_2_V_address1     | out |    6|  ap_memory |    IN_0_2_V    |     array    |
|IN_0_2_V_ce1          | out |    1|  ap_memory |    IN_0_2_V    |     array    |
|IN_0_2_V_q1           |  in |   14|  ap_memory |    IN_0_2_V    |     array    |
|IN_1_0_V_address0     | out |    6|  ap_memory |    IN_1_0_V    |     array    |
|IN_1_0_V_ce0          | out |    1|  ap_memory |    IN_1_0_V    |     array    |
|IN_1_0_V_q0           |  in |   14|  ap_memory |    IN_1_0_V    |     array    |
|IN_1_0_V_address1     | out |    6|  ap_memory |    IN_1_0_V    |     array    |
|IN_1_0_V_ce1          | out |    1|  ap_memory |    IN_1_0_V    |     array    |
|IN_1_0_V_q1           |  in |   14|  ap_memory |    IN_1_0_V    |     array    |
|IN_1_1_V_address0     | out |    6|  ap_memory |    IN_1_1_V    |     array    |
|IN_1_1_V_ce0          | out |    1|  ap_memory |    IN_1_1_V    |     array    |
|IN_1_1_V_q0           |  in |   14|  ap_memory |    IN_1_1_V    |     array    |
|IN_1_1_V_address1     | out |    6|  ap_memory |    IN_1_1_V    |     array    |
|IN_1_1_V_ce1          | out |    1|  ap_memory |    IN_1_1_V    |     array    |
|IN_1_1_V_q1           |  in |   14|  ap_memory |    IN_1_1_V    |     array    |
|IN_1_2_V_address0     | out |    6|  ap_memory |    IN_1_2_V    |     array    |
|IN_1_2_V_ce0          | out |    1|  ap_memory |    IN_1_2_V    |     array    |
|IN_1_2_V_q0           |  in |   14|  ap_memory |    IN_1_2_V    |     array    |
|IN_1_2_V_address1     | out |    6|  ap_memory |    IN_1_2_V    |     array    |
|IN_1_2_V_ce1          | out |    1|  ap_memory |    IN_1_2_V    |     array    |
|IN_1_2_V_q1           |  in |   14|  ap_memory |    IN_1_2_V    |     array    |
|IN_2_0_V_address0     | out |    6|  ap_memory |    IN_2_0_V    |     array    |
|IN_2_0_V_ce0          | out |    1|  ap_memory |    IN_2_0_V    |     array    |
|IN_2_0_V_q0           |  in |   14|  ap_memory |    IN_2_0_V    |     array    |
|IN_2_0_V_address1     | out |    6|  ap_memory |    IN_2_0_V    |     array    |
|IN_2_0_V_ce1          | out |    1|  ap_memory |    IN_2_0_V    |     array    |
|IN_2_0_V_q1           |  in |   14|  ap_memory |    IN_2_0_V    |     array    |
|IN_2_1_V_address0     | out |    6|  ap_memory |    IN_2_1_V    |     array    |
|IN_2_1_V_ce0          | out |    1|  ap_memory |    IN_2_1_V    |     array    |
|IN_2_1_V_q0           |  in |   14|  ap_memory |    IN_2_1_V    |     array    |
|IN_2_1_V_address1     | out |    6|  ap_memory |    IN_2_1_V    |     array    |
|IN_2_1_V_ce1          | out |    1|  ap_memory |    IN_2_1_V    |     array    |
|IN_2_1_V_q1           |  in |   14|  ap_memory |    IN_2_1_V    |     array    |
|IN_2_2_V_address0     | out |    6|  ap_memory |    IN_2_2_V    |     array    |
|IN_2_2_V_ce0          | out |    1|  ap_memory |    IN_2_2_V    |     array    |
|IN_2_2_V_q0           |  in |   14|  ap_memory |    IN_2_2_V    |     array    |
|IN_2_2_V_address1     | out |    6|  ap_memory |    IN_2_2_V    |     array    |
|IN_2_2_V_ce1          | out |    1|  ap_memory |    IN_2_2_V    |     array    |
|IN_2_2_V_q1           |  in |   14|  ap_memory |    IN_2_2_V    |     array    |
|IN_3_0_V_address0     | out |    6|  ap_memory |    IN_3_0_V    |     array    |
|IN_3_0_V_ce0          | out |    1|  ap_memory |    IN_3_0_V    |     array    |
|IN_3_0_V_q0           |  in |   14|  ap_memory |    IN_3_0_V    |     array    |
|IN_3_0_V_address1     | out |    6|  ap_memory |    IN_3_0_V    |     array    |
|IN_3_0_V_ce1          | out |    1|  ap_memory |    IN_3_0_V    |     array    |
|IN_3_0_V_q1           |  in |   14|  ap_memory |    IN_3_0_V    |     array    |
|IN_3_1_V_address0     | out |    6|  ap_memory |    IN_3_1_V    |     array    |
|IN_3_1_V_ce0          | out |    1|  ap_memory |    IN_3_1_V    |     array    |
|IN_3_1_V_q0           |  in |   14|  ap_memory |    IN_3_1_V    |     array    |
|IN_3_1_V_address1     | out |    6|  ap_memory |    IN_3_1_V    |     array    |
|IN_3_1_V_ce1          | out |    1|  ap_memory |    IN_3_1_V    |     array    |
|IN_3_1_V_q1           |  in |   14|  ap_memory |    IN_3_1_V    |     array    |
|IN_3_2_V_address0     | out |    6|  ap_memory |    IN_3_2_V    |     array    |
|IN_3_2_V_ce0          | out |    1|  ap_memory |    IN_3_2_V    |     array    |
|IN_3_2_V_q0           |  in |   14|  ap_memory |    IN_3_2_V    |     array    |
|IN_3_2_V_address1     | out |    6|  ap_memory |    IN_3_2_V    |     array    |
|IN_3_2_V_ce1          | out |    1|  ap_memory |    IN_3_2_V    |     array    |
|IN_3_2_V_q1           |  in |   14|  ap_memory |    IN_3_2_V    |     array    |
|IN_4_0_V_address0     | out |    6|  ap_memory |    IN_4_0_V    |     array    |
|IN_4_0_V_ce0          | out |    1|  ap_memory |    IN_4_0_V    |     array    |
|IN_4_0_V_q0           |  in |   14|  ap_memory |    IN_4_0_V    |     array    |
|IN_4_0_V_address1     | out |    6|  ap_memory |    IN_4_0_V    |     array    |
|IN_4_0_V_ce1          | out |    1|  ap_memory |    IN_4_0_V    |     array    |
|IN_4_0_V_q1           |  in |   14|  ap_memory |    IN_4_0_V    |     array    |
|IN_4_1_V_address0     | out |    6|  ap_memory |    IN_4_1_V    |     array    |
|IN_4_1_V_ce0          | out |    1|  ap_memory |    IN_4_1_V    |     array    |
|IN_4_1_V_q0           |  in |   14|  ap_memory |    IN_4_1_V    |     array    |
|IN_4_1_V_address1     | out |    6|  ap_memory |    IN_4_1_V    |     array    |
|IN_4_1_V_ce1          | out |    1|  ap_memory |    IN_4_1_V    |     array    |
|IN_4_1_V_q1           |  in |   14|  ap_memory |    IN_4_1_V    |     array    |
|IN_4_2_V_address0     | out |    6|  ap_memory |    IN_4_2_V    |     array    |
|IN_4_2_V_ce0          | out |    1|  ap_memory |    IN_4_2_V    |     array    |
|IN_4_2_V_q0           |  in |   14|  ap_memory |    IN_4_2_V    |     array    |
|IN_4_2_V_address1     | out |    6|  ap_memory |    IN_4_2_V    |     array    |
|IN_4_2_V_ce1          | out |    1|  ap_memory |    IN_4_2_V    |     array    |
|IN_4_2_V_q1           |  in |   14|  ap_memory |    IN_4_2_V    |     array    |
|IN_5_0_V_address0     | out |    6|  ap_memory |    IN_5_0_V    |     array    |
|IN_5_0_V_ce0          | out |    1|  ap_memory |    IN_5_0_V    |     array    |
|IN_5_0_V_q0           |  in |   14|  ap_memory |    IN_5_0_V    |     array    |
|IN_5_0_V_address1     | out |    6|  ap_memory |    IN_5_0_V    |     array    |
|IN_5_0_V_ce1          | out |    1|  ap_memory |    IN_5_0_V    |     array    |
|IN_5_0_V_q1           |  in |   14|  ap_memory |    IN_5_0_V    |     array    |
|IN_5_1_V_address0     | out |    6|  ap_memory |    IN_5_1_V    |     array    |
|IN_5_1_V_ce0          | out |    1|  ap_memory |    IN_5_1_V    |     array    |
|IN_5_1_V_q0           |  in |   14|  ap_memory |    IN_5_1_V    |     array    |
|IN_5_1_V_address1     | out |    6|  ap_memory |    IN_5_1_V    |     array    |
|IN_5_1_V_ce1          | out |    1|  ap_memory |    IN_5_1_V    |     array    |
|IN_5_1_V_q1           |  in |   14|  ap_memory |    IN_5_1_V    |     array    |
|IN_5_2_V_address0     | out |    6|  ap_memory |    IN_5_2_V    |     array    |
|IN_5_2_V_ce0          | out |    1|  ap_memory |    IN_5_2_V    |     array    |
|IN_5_2_V_q0           |  in |   14|  ap_memory |    IN_5_2_V    |     array    |
|IN_5_2_V_address1     | out |    6|  ap_memory |    IN_5_2_V    |     array    |
|IN_5_2_V_ce1          | out |    1|  ap_memory |    IN_5_2_V    |     array    |
|IN_5_2_V_q1           |  in |   14|  ap_memory |    IN_5_2_V    |     array    |
|IN_6_0_V_address0     | out |    6|  ap_memory |    IN_6_0_V    |     array    |
|IN_6_0_V_ce0          | out |    1|  ap_memory |    IN_6_0_V    |     array    |
|IN_6_0_V_q0           |  in |   14|  ap_memory |    IN_6_0_V    |     array    |
|IN_6_0_V_address1     | out |    6|  ap_memory |    IN_6_0_V    |     array    |
|IN_6_0_V_ce1          | out |    1|  ap_memory |    IN_6_0_V    |     array    |
|IN_6_0_V_q1           |  in |   14|  ap_memory |    IN_6_0_V    |     array    |
|IN_6_1_V_address0     | out |    6|  ap_memory |    IN_6_1_V    |     array    |
|IN_6_1_V_ce0          | out |    1|  ap_memory |    IN_6_1_V    |     array    |
|IN_6_1_V_q0           |  in |   14|  ap_memory |    IN_6_1_V    |     array    |
|IN_6_1_V_address1     | out |    6|  ap_memory |    IN_6_1_V    |     array    |
|IN_6_1_V_ce1          | out |    1|  ap_memory |    IN_6_1_V    |     array    |
|IN_6_1_V_q1           |  in |   14|  ap_memory |    IN_6_1_V    |     array    |
|IN_6_2_V_address0     | out |    6|  ap_memory |    IN_6_2_V    |     array    |
|IN_6_2_V_ce0          | out |    1|  ap_memory |    IN_6_2_V    |     array    |
|IN_6_2_V_q0           |  in |   14|  ap_memory |    IN_6_2_V    |     array    |
|IN_6_2_V_address1     | out |    6|  ap_memory |    IN_6_2_V    |     array    |
|IN_6_2_V_ce1          | out |    1|  ap_memory |    IN_6_2_V    |     array    |
|IN_6_2_V_q1           |  in |   14|  ap_memory |    IN_6_2_V    |     array    |
|IN_7_0_V_address0     | out |    6|  ap_memory |    IN_7_0_V    |     array    |
|IN_7_0_V_ce0          | out |    1|  ap_memory |    IN_7_0_V    |     array    |
|IN_7_0_V_q0           |  in |   14|  ap_memory |    IN_7_0_V    |     array    |
|IN_7_0_V_address1     | out |    6|  ap_memory |    IN_7_0_V    |     array    |
|IN_7_0_V_ce1          | out |    1|  ap_memory |    IN_7_0_V    |     array    |
|IN_7_0_V_q1           |  in |   14|  ap_memory |    IN_7_0_V    |     array    |
|IN_7_1_V_address0     | out |    6|  ap_memory |    IN_7_1_V    |     array    |
|IN_7_1_V_ce0          | out |    1|  ap_memory |    IN_7_1_V    |     array    |
|IN_7_1_V_q0           |  in |   14|  ap_memory |    IN_7_1_V    |     array    |
|IN_7_1_V_address1     | out |    6|  ap_memory |    IN_7_1_V    |     array    |
|IN_7_1_V_ce1          | out |    1|  ap_memory |    IN_7_1_V    |     array    |
|IN_7_1_V_q1           |  in |   14|  ap_memory |    IN_7_1_V    |     array    |
|IN_7_2_V_address0     | out |    6|  ap_memory |    IN_7_2_V    |     array    |
|IN_7_2_V_ce0          | out |    1|  ap_memory |    IN_7_2_V    |     array    |
|IN_7_2_V_q0           |  in |   14|  ap_memory |    IN_7_2_V    |     array    |
|IN_7_2_V_address1     | out |    6|  ap_memory |    IN_7_2_V    |     array    |
|IN_7_2_V_ce1          | out |    1|  ap_memory |    IN_7_2_V    |     array    |
|IN_7_2_V_q1           |  in |   14|  ap_memory |    IN_7_2_V    |     array    |
|IN_8_0_V_address0     | out |    6|  ap_memory |    IN_8_0_V    |     array    |
|IN_8_0_V_ce0          | out |    1|  ap_memory |    IN_8_0_V    |     array    |
|IN_8_0_V_q0           |  in |   14|  ap_memory |    IN_8_0_V    |     array    |
|IN_8_0_V_address1     | out |    6|  ap_memory |    IN_8_0_V    |     array    |
|IN_8_0_V_ce1          | out |    1|  ap_memory |    IN_8_0_V    |     array    |
|IN_8_0_V_q1           |  in |   14|  ap_memory |    IN_8_0_V    |     array    |
|IN_8_1_V_address0     | out |    6|  ap_memory |    IN_8_1_V    |     array    |
|IN_8_1_V_ce0          | out |    1|  ap_memory |    IN_8_1_V    |     array    |
|IN_8_1_V_q0           |  in |   14|  ap_memory |    IN_8_1_V    |     array    |
|IN_8_1_V_address1     | out |    6|  ap_memory |    IN_8_1_V    |     array    |
|IN_8_1_V_ce1          | out |    1|  ap_memory |    IN_8_1_V    |     array    |
|IN_8_1_V_q1           |  in |   14|  ap_memory |    IN_8_1_V    |     array    |
|IN_8_2_V_address0     | out |    6|  ap_memory |    IN_8_2_V    |     array    |
|IN_8_2_V_ce0          | out |    1|  ap_memory |    IN_8_2_V    |     array    |
|IN_8_2_V_q0           |  in |   14|  ap_memory |    IN_8_2_V    |     array    |
|IN_8_2_V_address1     | out |    6|  ap_memory |    IN_8_2_V    |     array    |
|IN_8_2_V_ce1          | out |    1|  ap_memory |    IN_8_2_V    |     array    |
|IN_8_2_V_q1           |  in |   14|  ap_memory |    IN_8_2_V    |     array    |
|IN_9_0_V_address0     | out |    6|  ap_memory |    IN_9_0_V    |     array    |
|IN_9_0_V_ce0          | out |    1|  ap_memory |    IN_9_0_V    |     array    |
|IN_9_0_V_q0           |  in |   14|  ap_memory |    IN_9_0_V    |     array    |
|IN_9_0_V_address1     | out |    6|  ap_memory |    IN_9_0_V    |     array    |
|IN_9_0_V_ce1          | out |    1|  ap_memory |    IN_9_0_V    |     array    |
|IN_9_0_V_q1           |  in |   14|  ap_memory |    IN_9_0_V    |     array    |
|IN_9_1_V_address0     | out |    6|  ap_memory |    IN_9_1_V    |     array    |
|IN_9_1_V_ce0          | out |    1|  ap_memory |    IN_9_1_V    |     array    |
|IN_9_1_V_q0           |  in |   14|  ap_memory |    IN_9_1_V    |     array    |
|IN_9_1_V_address1     | out |    6|  ap_memory |    IN_9_1_V    |     array    |
|IN_9_1_V_ce1          | out |    1|  ap_memory |    IN_9_1_V    |     array    |
|IN_9_1_V_q1           |  in |   14|  ap_memory |    IN_9_1_V    |     array    |
|IN_9_2_V_address0     | out |    6|  ap_memory |    IN_9_2_V    |     array    |
|IN_9_2_V_ce0          | out |    1|  ap_memory |    IN_9_2_V    |     array    |
|IN_9_2_V_q0           |  in |   14|  ap_memory |    IN_9_2_V    |     array    |
|IN_9_2_V_address1     | out |    6|  ap_memory |    IN_9_2_V    |     array    |
|IN_9_2_V_ce1          | out |    1|  ap_memory |    IN_9_2_V    |     array    |
|IN_9_2_V_q1           |  in |   14|  ap_memory |    IN_9_2_V    |     array    |
|IN_10_0_V_address0    | out |    6|  ap_memory |    IN_10_0_V   |     array    |
|IN_10_0_V_ce0         | out |    1|  ap_memory |    IN_10_0_V   |     array    |
|IN_10_0_V_q0          |  in |   14|  ap_memory |    IN_10_0_V   |     array    |
|IN_10_0_V_address1    | out |    6|  ap_memory |    IN_10_0_V   |     array    |
|IN_10_0_V_ce1         | out |    1|  ap_memory |    IN_10_0_V   |     array    |
|IN_10_0_V_q1          |  in |   14|  ap_memory |    IN_10_0_V   |     array    |
|IN_10_1_V_address0    | out |    6|  ap_memory |    IN_10_1_V   |     array    |
|IN_10_1_V_ce0         | out |    1|  ap_memory |    IN_10_1_V   |     array    |
|IN_10_1_V_q0          |  in |   14|  ap_memory |    IN_10_1_V   |     array    |
|IN_10_1_V_address1    | out |    6|  ap_memory |    IN_10_1_V   |     array    |
|IN_10_1_V_ce1         | out |    1|  ap_memory |    IN_10_1_V   |     array    |
|IN_10_1_V_q1          |  in |   14|  ap_memory |    IN_10_1_V   |     array    |
|IN_10_2_V_address0    | out |    6|  ap_memory |    IN_10_2_V   |     array    |
|IN_10_2_V_ce0         | out |    1|  ap_memory |    IN_10_2_V   |     array    |
|IN_10_2_V_q0          |  in |   14|  ap_memory |    IN_10_2_V   |     array    |
|IN_10_2_V_address1    | out |    6|  ap_memory |    IN_10_2_V   |     array    |
|IN_10_2_V_ce1         | out |    1|  ap_memory |    IN_10_2_V   |     array    |
|IN_10_2_V_q1          |  in |   14|  ap_memory |    IN_10_2_V   |     array    |
|OUT1_0_0_V_address0   | out |    6|  ap_memory |   OUT1_0_0_V   |     array    |
|OUT1_0_0_V_ce0        | out |    1|  ap_memory |   OUT1_0_0_V   |     array    |
|OUT1_0_0_V_we0        | out |    1|  ap_memory |   OUT1_0_0_V   |     array    |
|OUT1_0_0_V_d0         | out |   14|  ap_memory |   OUT1_0_0_V   |     array    |
|OUT1_0_0_V_address1   | out |    6|  ap_memory |   OUT1_0_0_V   |     array    |
|OUT1_0_0_V_ce1        | out |    1|  ap_memory |   OUT1_0_0_V   |     array    |
|OUT1_0_0_V_we1        | out |    1|  ap_memory |   OUT1_0_0_V   |     array    |
|OUT1_0_0_V_d1         | out |   14|  ap_memory |   OUT1_0_0_V   |     array    |
|OUT1_0_1_V_address0   | out |    6|  ap_memory |   OUT1_0_1_V   |     array    |
|OUT1_0_1_V_ce0        | out |    1|  ap_memory |   OUT1_0_1_V   |     array    |
|OUT1_0_1_V_we0        | out |    1|  ap_memory |   OUT1_0_1_V   |     array    |
|OUT1_0_1_V_d0         | out |   14|  ap_memory |   OUT1_0_1_V   |     array    |
|OUT1_0_1_V_address1   | out |    6|  ap_memory |   OUT1_0_1_V   |     array    |
|OUT1_0_1_V_ce1        | out |    1|  ap_memory |   OUT1_0_1_V   |     array    |
|OUT1_0_1_V_we1        | out |    1|  ap_memory |   OUT1_0_1_V   |     array    |
|OUT1_0_1_V_d1         | out |   14|  ap_memory |   OUT1_0_1_V   |     array    |
|OUT1_0_2_V_address0   | out |    6|  ap_memory |   OUT1_0_2_V   |     array    |
|OUT1_0_2_V_ce0        | out |    1|  ap_memory |   OUT1_0_2_V   |     array    |
|OUT1_0_2_V_we0        | out |    1|  ap_memory |   OUT1_0_2_V   |     array    |
|OUT1_0_2_V_d0         | out |   14|  ap_memory |   OUT1_0_2_V   |     array    |
|OUT1_0_2_V_address1   | out |    6|  ap_memory |   OUT1_0_2_V   |     array    |
|OUT1_0_2_V_ce1        | out |    1|  ap_memory |   OUT1_0_2_V   |     array    |
|OUT1_0_2_V_we1        | out |    1|  ap_memory |   OUT1_0_2_V   |     array    |
|OUT1_0_2_V_d1         | out |   14|  ap_memory |   OUT1_0_2_V   |     array    |
|OUT1_1_0_V_address0   | out |    6|  ap_memory |   OUT1_1_0_V   |     array    |
|OUT1_1_0_V_ce0        | out |    1|  ap_memory |   OUT1_1_0_V   |     array    |
|OUT1_1_0_V_we0        | out |    1|  ap_memory |   OUT1_1_0_V   |     array    |
|OUT1_1_0_V_d0         | out |   14|  ap_memory |   OUT1_1_0_V   |     array    |
|OUT1_1_0_V_address1   | out |    6|  ap_memory |   OUT1_1_0_V   |     array    |
|OUT1_1_0_V_ce1        | out |    1|  ap_memory |   OUT1_1_0_V   |     array    |
|OUT1_1_0_V_we1        | out |    1|  ap_memory |   OUT1_1_0_V   |     array    |
|OUT1_1_0_V_d1         | out |   14|  ap_memory |   OUT1_1_0_V   |     array    |
|OUT1_1_1_V_address0   | out |    6|  ap_memory |   OUT1_1_1_V   |     array    |
|OUT1_1_1_V_ce0        | out |    1|  ap_memory |   OUT1_1_1_V   |     array    |
|OUT1_1_1_V_we0        | out |    1|  ap_memory |   OUT1_1_1_V   |     array    |
|OUT1_1_1_V_d0         | out |   14|  ap_memory |   OUT1_1_1_V   |     array    |
|OUT1_1_1_V_address1   | out |    6|  ap_memory |   OUT1_1_1_V   |     array    |
|OUT1_1_1_V_ce1        | out |    1|  ap_memory |   OUT1_1_1_V   |     array    |
|OUT1_1_1_V_we1        | out |    1|  ap_memory |   OUT1_1_1_V   |     array    |
|OUT1_1_1_V_d1         | out |   14|  ap_memory |   OUT1_1_1_V   |     array    |
|OUT1_1_2_V_address0   | out |    6|  ap_memory |   OUT1_1_2_V   |     array    |
|OUT1_1_2_V_ce0        | out |    1|  ap_memory |   OUT1_1_2_V   |     array    |
|OUT1_1_2_V_we0        | out |    1|  ap_memory |   OUT1_1_2_V   |     array    |
|OUT1_1_2_V_d0         | out |   14|  ap_memory |   OUT1_1_2_V   |     array    |
|OUT1_1_2_V_address1   | out |    6|  ap_memory |   OUT1_1_2_V   |     array    |
|OUT1_1_2_V_ce1        | out |    1|  ap_memory |   OUT1_1_2_V   |     array    |
|OUT1_1_2_V_we1        | out |    1|  ap_memory |   OUT1_1_2_V   |     array    |
|OUT1_1_2_V_d1         | out |   14|  ap_memory |   OUT1_1_2_V   |     array    |
|OUT1_2_0_V_address0   | out |    6|  ap_memory |   OUT1_2_0_V   |     array    |
|OUT1_2_0_V_ce0        | out |    1|  ap_memory |   OUT1_2_0_V   |     array    |
|OUT1_2_0_V_we0        | out |    1|  ap_memory |   OUT1_2_0_V   |     array    |
|OUT1_2_0_V_d0         | out |   14|  ap_memory |   OUT1_2_0_V   |     array    |
|OUT1_2_0_V_address1   | out |    6|  ap_memory |   OUT1_2_0_V   |     array    |
|OUT1_2_0_V_ce1        | out |    1|  ap_memory |   OUT1_2_0_V   |     array    |
|OUT1_2_0_V_we1        | out |    1|  ap_memory |   OUT1_2_0_V   |     array    |
|OUT1_2_0_V_d1         | out |   14|  ap_memory |   OUT1_2_0_V   |     array    |
|OUT1_2_1_V_address0   | out |    6|  ap_memory |   OUT1_2_1_V   |     array    |
|OUT1_2_1_V_ce0        | out |    1|  ap_memory |   OUT1_2_1_V   |     array    |
|OUT1_2_1_V_we0        | out |    1|  ap_memory |   OUT1_2_1_V   |     array    |
|OUT1_2_1_V_d0         | out |   14|  ap_memory |   OUT1_2_1_V   |     array    |
|OUT1_2_1_V_address1   | out |    6|  ap_memory |   OUT1_2_1_V   |     array    |
|OUT1_2_1_V_ce1        | out |    1|  ap_memory |   OUT1_2_1_V   |     array    |
|OUT1_2_1_V_we1        | out |    1|  ap_memory |   OUT1_2_1_V   |     array    |
|OUT1_2_1_V_d1         | out |   14|  ap_memory |   OUT1_2_1_V   |     array    |
|OUT1_2_2_V_address0   | out |    6|  ap_memory |   OUT1_2_2_V   |     array    |
|OUT1_2_2_V_ce0        | out |    1|  ap_memory |   OUT1_2_2_V   |     array    |
|OUT1_2_2_V_we0        | out |    1|  ap_memory |   OUT1_2_2_V   |     array    |
|OUT1_2_2_V_d0         | out |   14|  ap_memory |   OUT1_2_2_V   |     array    |
|OUT1_2_2_V_address1   | out |    6|  ap_memory |   OUT1_2_2_V   |     array    |
|OUT1_2_2_V_ce1        | out |    1|  ap_memory |   OUT1_2_2_V   |     array    |
|OUT1_2_2_V_we1        | out |    1|  ap_memory |   OUT1_2_2_V   |     array    |
|OUT1_2_2_V_d1         | out |   14|  ap_memory |   OUT1_2_2_V   |     array    |
|OUT1_3_0_V_address0   | out |    6|  ap_memory |   OUT1_3_0_V   |     array    |
|OUT1_3_0_V_ce0        | out |    1|  ap_memory |   OUT1_3_0_V   |     array    |
|OUT1_3_0_V_we0        | out |    1|  ap_memory |   OUT1_3_0_V   |     array    |
|OUT1_3_0_V_d0         | out |   14|  ap_memory |   OUT1_3_0_V   |     array    |
|OUT1_3_0_V_address1   | out |    6|  ap_memory |   OUT1_3_0_V   |     array    |
|OUT1_3_0_V_ce1        | out |    1|  ap_memory |   OUT1_3_0_V   |     array    |
|OUT1_3_0_V_we1        | out |    1|  ap_memory |   OUT1_3_0_V   |     array    |
|OUT1_3_0_V_d1         | out |   14|  ap_memory |   OUT1_3_0_V   |     array    |
|OUT1_3_1_V_address0   | out |    6|  ap_memory |   OUT1_3_1_V   |     array    |
|OUT1_3_1_V_ce0        | out |    1|  ap_memory |   OUT1_3_1_V   |     array    |
|OUT1_3_1_V_we0        | out |    1|  ap_memory |   OUT1_3_1_V   |     array    |
|OUT1_3_1_V_d0         | out |   14|  ap_memory |   OUT1_3_1_V   |     array    |
|OUT1_3_1_V_address1   | out |    6|  ap_memory |   OUT1_3_1_V   |     array    |
|OUT1_3_1_V_ce1        | out |    1|  ap_memory |   OUT1_3_1_V   |     array    |
|OUT1_3_1_V_we1        | out |    1|  ap_memory |   OUT1_3_1_V   |     array    |
|OUT1_3_1_V_d1         | out |   14|  ap_memory |   OUT1_3_1_V   |     array    |
|OUT1_3_2_V_address0   | out |    6|  ap_memory |   OUT1_3_2_V   |     array    |
|OUT1_3_2_V_ce0        | out |    1|  ap_memory |   OUT1_3_2_V   |     array    |
|OUT1_3_2_V_we0        | out |    1|  ap_memory |   OUT1_3_2_V   |     array    |
|OUT1_3_2_V_d0         | out |   14|  ap_memory |   OUT1_3_2_V   |     array    |
|OUT1_3_2_V_address1   | out |    6|  ap_memory |   OUT1_3_2_V   |     array    |
|OUT1_3_2_V_ce1        | out |    1|  ap_memory |   OUT1_3_2_V   |     array    |
|OUT1_3_2_V_we1        | out |    1|  ap_memory |   OUT1_3_2_V   |     array    |
|OUT1_3_2_V_d1         | out |   14|  ap_memory |   OUT1_3_2_V   |     array    |
|OUT1_4_0_V_address0   | out |    6|  ap_memory |   OUT1_4_0_V   |     array    |
|OUT1_4_0_V_ce0        | out |    1|  ap_memory |   OUT1_4_0_V   |     array    |
|OUT1_4_0_V_we0        | out |    1|  ap_memory |   OUT1_4_0_V   |     array    |
|OUT1_4_0_V_d0         | out |   14|  ap_memory |   OUT1_4_0_V   |     array    |
|OUT1_4_0_V_address1   | out |    6|  ap_memory |   OUT1_4_0_V   |     array    |
|OUT1_4_0_V_ce1        | out |    1|  ap_memory |   OUT1_4_0_V   |     array    |
|OUT1_4_0_V_we1        | out |    1|  ap_memory |   OUT1_4_0_V   |     array    |
|OUT1_4_0_V_d1         | out |   14|  ap_memory |   OUT1_4_0_V   |     array    |
|OUT1_4_1_V_address0   | out |    6|  ap_memory |   OUT1_4_1_V   |     array    |
|OUT1_4_1_V_ce0        | out |    1|  ap_memory |   OUT1_4_1_V   |     array    |
|OUT1_4_1_V_we0        | out |    1|  ap_memory |   OUT1_4_1_V   |     array    |
|OUT1_4_1_V_d0         | out |   14|  ap_memory |   OUT1_4_1_V   |     array    |
|OUT1_4_1_V_address1   | out |    6|  ap_memory |   OUT1_4_1_V   |     array    |
|OUT1_4_1_V_ce1        | out |    1|  ap_memory |   OUT1_4_1_V   |     array    |
|OUT1_4_1_V_we1        | out |    1|  ap_memory |   OUT1_4_1_V   |     array    |
|OUT1_4_1_V_d1         | out |   14|  ap_memory |   OUT1_4_1_V   |     array    |
|OUT1_4_2_V_address0   | out |    6|  ap_memory |   OUT1_4_2_V   |     array    |
|OUT1_4_2_V_ce0        | out |    1|  ap_memory |   OUT1_4_2_V   |     array    |
|OUT1_4_2_V_we0        | out |    1|  ap_memory |   OUT1_4_2_V   |     array    |
|OUT1_4_2_V_d0         | out |   14|  ap_memory |   OUT1_4_2_V   |     array    |
|OUT1_4_2_V_address1   | out |    6|  ap_memory |   OUT1_4_2_V   |     array    |
|OUT1_4_2_V_ce1        | out |    1|  ap_memory |   OUT1_4_2_V   |     array    |
|OUT1_4_2_V_we1        | out |    1|  ap_memory |   OUT1_4_2_V   |     array    |
|OUT1_4_2_V_d1         | out |   14|  ap_memory |   OUT1_4_2_V   |     array    |
|OUT1_5_0_V_address0   | out |    6|  ap_memory |   OUT1_5_0_V   |     array    |
|OUT1_5_0_V_ce0        | out |    1|  ap_memory |   OUT1_5_0_V   |     array    |
|OUT1_5_0_V_we0        | out |    1|  ap_memory |   OUT1_5_0_V   |     array    |
|OUT1_5_0_V_d0         | out |   14|  ap_memory |   OUT1_5_0_V   |     array    |
|OUT1_5_0_V_address1   | out |    6|  ap_memory |   OUT1_5_0_V   |     array    |
|OUT1_5_0_V_ce1        | out |    1|  ap_memory |   OUT1_5_0_V   |     array    |
|OUT1_5_0_V_we1        | out |    1|  ap_memory |   OUT1_5_0_V   |     array    |
|OUT1_5_0_V_d1         | out |   14|  ap_memory |   OUT1_5_0_V   |     array    |
|OUT1_5_1_V_address0   | out |    6|  ap_memory |   OUT1_5_1_V   |     array    |
|OUT1_5_1_V_ce0        | out |    1|  ap_memory |   OUT1_5_1_V   |     array    |
|OUT1_5_1_V_we0        | out |    1|  ap_memory |   OUT1_5_1_V   |     array    |
|OUT1_5_1_V_d0         | out |   14|  ap_memory |   OUT1_5_1_V   |     array    |
|OUT1_5_1_V_address1   | out |    6|  ap_memory |   OUT1_5_1_V   |     array    |
|OUT1_5_1_V_ce1        | out |    1|  ap_memory |   OUT1_5_1_V   |     array    |
|OUT1_5_1_V_we1        | out |    1|  ap_memory |   OUT1_5_1_V   |     array    |
|OUT1_5_1_V_d1         | out |   14|  ap_memory |   OUT1_5_1_V   |     array    |
|OUT1_5_2_V_address0   | out |    6|  ap_memory |   OUT1_5_2_V   |     array    |
|OUT1_5_2_V_ce0        | out |    1|  ap_memory |   OUT1_5_2_V   |     array    |
|OUT1_5_2_V_we0        | out |    1|  ap_memory |   OUT1_5_2_V   |     array    |
|OUT1_5_2_V_d0         | out |   14|  ap_memory |   OUT1_5_2_V   |     array    |
|OUT1_5_2_V_address1   | out |    6|  ap_memory |   OUT1_5_2_V   |     array    |
|OUT1_5_2_V_ce1        | out |    1|  ap_memory |   OUT1_5_2_V   |     array    |
|OUT1_5_2_V_we1        | out |    1|  ap_memory |   OUT1_5_2_V   |     array    |
|OUT1_5_2_V_d1         | out |   14|  ap_memory |   OUT1_5_2_V   |     array    |
|OUT1_6_0_V_address0   | out |    6|  ap_memory |   OUT1_6_0_V   |     array    |
|OUT1_6_0_V_ce0        | out |    1|  ap_memory |   OUT1_6_0_V   |     array    |
|OUT1_6_0_V_we0        | out |    1|  ap_memory |   OUT1_6_0_V   |     array    |
|OUT1_6_0_V_d0         | out |   14|  ap_memory |   OUT1_6_0_V   |     array    |
|OUT1_6_0_V_address1   | out |    6|  ap_memory |   OUT1_6_0_V   |     array    |
|OUT1_6_0_V_ce1        | out |    1|  ap_memory |   OUT1_6_0_V   |     array    |
|OUT1_6_0_V_we1        | out |    1|  ap_memory |   OUT1_6_0_V   |     array    |
|OUT1_6_0_V_d1         | out |   14|  ap_memory |   OUT1_6_0_V   |     array    |
|OUT1_6_1_V_address0   | out |    6|  ap_memory |   OUT1_6_1_V   |     array    |
|OUT1_6_1_V_ce0        | out |    1|  ap_memory |   OUT1_6_1_V   |     array    |
|OUT1_6_1_V_we0        | out |    1|  ap_memory |   OUT1_6_1_V   |     array    |
|OUT1_6_1_V_d0         | out |   14|  ap_memory |   OUT1_6_1_V   |     array    |
|OUT1_6_1_V_address1   | out |    6|  ap_memory |   OUT1_6_1_V   |     array    |
|OUT1_6_1_V_ce1        | out |    1|  ap_memory |   OUT1_6_1_V   |     array    |
|OUT1_6_1_V_we1        | out |    1|  ap_memory |   OUT1_6_1_V   |     array    |
|OUT1_6_1_V_d1         | out |   14|  ap_memory |   OUT1_6_1_V   |     array    |
|OUT1_6_2_V_address0   | out |    6|  ap_memory |   OUT1_6_2_V   |     array    |
|OUT1_6_2_V_ce0        | out |    1|  ap_memory |   OUT1_6_2_V   |     array    |
|OUT1_6_2_V_we0        | out |    1|  ap_memory |   OUT1_6_2_V   |     array    |
|OUT1_6_2_V_d0         | out |   14|  ap_memory |   OUT1_6_2_V   |     array    |
|OUT1_6_2_V_address1   | out |    6|  ap_memory |   OUT1_6_2_V   |     array    |
|OUT1_6_2_V_ce1        | out |    1|  ap_memory |   OUT1_6_2_V   |     array    |
|OUT1_6_2_V_we1        | out |    1|  ap_memory |   OUT1_6_2_V   |     array    |
|OUT1_6_2_V_d1         | out |   14|  ap_memory |   OUT1_6_2_V   |     array    |
|OUT1_7_0_V_address0   | out |    6|  ap_memory |   OUT1_7_0_V   |     array    |
|OUT1_7_0_V_ce0        | out |    1|  ap_memory |   OUT1_7_0_V   |     array    |
|OUT1_7_0_V_we0        | out |    1|  ap_memory |   OUT1_7_0_V   |     array    |
|OUT1_7_0_V_d0         | out |   14|  ap_memory |   OUT1_7_0_V   |     array    |
|OUT1_7_0_V_address1   | out |    6|  ap_memory |   OUT1_7_0_V   |     array    |
|OUT1_7_0_V_ce1        | out |    1|  ap_memory |   OUT1_7_0_V   |     array    |
|OUT1_7_0_V_we1        | out |    1|  ap_memory |   OUT1_7_0_V   |     array    |
|OUT1_7_0_V_d1         | out |   14|  ap_memory |   OUT1_7_0_V   |     array    |
|OUT1_7_1_V_address0   | out |    6|  ap_memory |   OUT1_7_1_V   |     array    |
|OUT1_7_1_V_ce0        | out |    1|  ap_memory |   OUT1_7_1_V   |     array    |
|OUT1_7_1_V_we0        | out |    1|  ap_memory |   OUT1_7_1_V   |     array    |
|OUT1_7_1_V_d0         | out |   14|  ap_memory |   OUT1_7_1_V   |     array    |
|OUT1_7_1_V_address1   | out |    6|  ap_memory |   OUT1_7_1_V   |     array    |
|OUT1_7_1_V_ce1        | out |    1|  ap_memory |   OUT1_7_1_V   |     array    |
|OUT1_7_1_V_we1        | out |    1|  ap_memory |   OUT1_7_1_V   |     array    |
|OUT1_7_1_V_d1         | out |   14|  ap_memory |   OUT1_7_1_V   |     array    |
|OUT1_7_2_V_address0   | out |    6|  ap_memory |   OUT1_7_2_V   |     array    |
|OUT1_7_2_V_ce0        | out |    1|  ap_memory |   OUT1_7_2_V   |     array    |
|OUT1_7_2_V_we0        | out |    1|  ap_memory |   OUT1_7_2_V   |     array    |
|OUT1_7_2_V_d0         | out |   14|  ap_memory |   OUT1_7_2_V   |     array    |
|OUT1_7_2_V_address1   | out |    6|  ap_memory |   OUT1_7_2_V   |     array    |
|OUT1_7_2_V_ce1        | out |    1|  ap_memory |   OUT1_7_2_V   |     array    |
|OUT1_7_2_V_we1        | out |    1|  ap_memory |   OUT1_7_2_V   |     array    |
|OUT1_7_2_V_d1         | out |   14|  ap_memory |   OUT1_7_2_V   |     array    |
|OUT1_8_0_V_address0   | out |    6|  ap_memory |   OUT1_8_0_V   |     array    |
|OUT1_8_0_V_ce0        | out |    1|  ap_memory |   OUT1_8_0_V   |     array    |
|OUT1_8_0_V_we0        | out |    1|  ap_memory |   OUT1_8_0_V   |     array    |
|OUT1_8_0_V_d0         | out |   14|  ap_memory |   OUT1_8_0_V   |     array    |
|OUT1_8_0_V_address1   | out |    6|  ap_memory |   OUT1_8_0_V   |     array    |
|OUT1_8_0_V_ce1        | out |    1|  ap_memory |   OUT1_8_0_V   |     array    |
|OUT1_8_0_V_we1        | out |    1|  ap_memory |   OUT1_8_0_V   |     array    |
|OUT1_8_0_V_d1         | out |   14|  ap_memory |   OUT1_8_0_V   |     array    |
|OUT1_8_1_V_address0   | out |    6|  ap_memory |   OUT1_8_1_V   |     array    |
|OUT1_8_1_V_ce0        | out |    1|  ap_memory |   OUT1_8_1_V   |     array    |
|OUT1_8_1_V_we0        | out |    1|  ap_memory |   OUT1_8_1_V   |     array    |
|OUT1_8_1_V_d0         | out |   14|  ap_memory |   OUT1_8_1_V   |     array    |
|OUT1_8_1_V_address1   | out |    6|  ap_memory |   OUT1_8_1_V   |     array    |
|OUT1_8_1_V_ce1        | out |    1|  ap_memory |   OUT1_8_1_V   |     array    |
|OUT1_8_1_V_we1        | out |    1|  ap_memory |   OUT1_8_1_V   |     array    |
|OUT1_8_1_V_d1         | out |   14|  ap_memory |   OUT1_8_1_V   |     array    |
|OUT1_8_2_V_address0   | out |    6|  ap_memory |   OUT1_8_2_V   |     array    |
|OUT1_8_2_V_ce0        | out |    1|  ap_memory |   OUT1_8_2_V   |     array    |
|OUT1_8_2_V_we0        | out |    1|  ap_memory |   OUT1_8_2_V   |     array    |
|OUT1_8_2_V_d0         | out |   14|  ap_memory |   OUT1_8_2_V   |     array    |
|OUT1_8_2_V_address1   | out |    6|  ap_memory |   OUT1_8_2_V   |     array    |
|OUT1_8_2_V_ce1        | out |    1|  ap_memory |   OUT1_8_2_V   |     array    |
|OUT1_8_2_V_we1        | out |    1|  ap_memory |   OUT1_8_2_V   |     array    |
|OUT1_8_2_V_d1         | out |   14|  ap_memory |   OUT1_8_2_V   |     array    |
|OUT1_9_0_V_address0   | out |    6|  ap_memory |   OUT1_9_0_V   |     array    |
|OUT1_9_0_V_ce0        | out |    1|  ap_memory |   OUT1_9_0_V   |     array    |
|OUT1_9_0_V_we0        | out |    1|  ap_memory |   OUT1_9_0_V   |     array    |
|OUT1_9_0_V_d0         | out |   14|  ap_memory |   OUT1_9_0_V   |     array    |
|OUT1_9_0_V_address1   | out |    6|  ap_memory |   OUT1_9_0_V   |     array    |
|OUT1_9_0_V_ce1        | out |    1|  ap_memory |   OUT1_9_0_V   |     array    |
|OUT1_9_0_V_we1        | out |    1|  ap_memory |   OUT1_9_0_V   |     array    |
|OUT1_9_0_V_d1         | out |   14|  ap_memory |   OUT1_9_0_V   |     array    |
|OUT1_9_1_V_address0   | out |    6|  ap_memory |   OUT1_9_1_V   |     array    |
|OUT1_9_1_V_ce0        | out |    1|  ap_memory |   OUT1_9_1_V   |     array    |
|OUT1_9_1_V_we0        | out |    1|  ap_memory |   OUT1_9_1_V   |     array    |
|OUT1_9_1_V_d0         | out |   14|  ap_memory |   OUT1_9_1_V   |     array    |
|OUT1_9_1_V_address1   | out |    6|  ap_memory |   OUT1_9_1_V   |     array    |
|OUT1_9_1_V_ce1        | out |    1|  ap_memory |   OUT1_9_1_V   |     array    |
|OUT1_9_1_V_we1        | out |    1|  ap_memory |   OUT1_9_1_V   |     array    |
|OUT1_9_1_V_d1         | out |   14|  ap_memory |   OUT1_9_1_V   |     array    |
|OUT1_9_2_V_address0   | out |    6|  ap_memory |   OUT1_9_2_V   |     array    |
|OUT1_9_2_V_ce0        | out |    1|  ap_memory |   OUT1_9_2_V   |     array    |
|OUT1_9_2_V_we0        | out |    1|  ap_memory |   OUT1_9_2_V   |     array    |
|OUT1_9_2_V_d0         | out |   14|  ap_memory |   OUT1_9_2_V   |     array    |
|OUT1_9_2_V_address1   | out |    6|  ap_memory |   OUT1_9_2_V   |     array    |
|OUT1_9_2_V_ce1        | out |    1|  ap_memory |   OUT1_9_2_V   |     array    |
|OUT1_9_2_V_we1        | out |    1|  ap_memory |   OUT1_9_2_V   |     array    |
|OUT1_9_2_V_d1         | out |   14|  ap_memory |   OUT1_9_2_V   |     array    |
|OUT1_10_0_V_address0  | out |    6|  ap_memory |   OUT1_10_0_V  |     array    |
|OUT1_10_0_V_ce0       | out |    1|  ap_memory |   OUT1_10_0_V  |     array    |
|OUT1_10_0_V_we0       | out |    1|  ap_memory |   OUT1_10_0_V  |     array    |
|OUT1_10_0_V_d0        | out |   14|  ap_memory |   OUT1_10_0_V  |     array    |
|OUT1_10_0_V_address1  | out |    6|  ap_memory |   OUT1_10_0_V  |     array    |
|OUT1_10_0_V_ce1       | out |    1|  ap_memory |   OUT1_10_0_V  |     array    |
|OUT1_10_0_V_we1       | out |    1|  ap_memory |   OUT1_10_0_V  |     array    |
|OUT1_10_0_V_d1        | out |   14|  ap_memory |   OUT1_10_0_V  |     array    |
|OUT1_10_1_V_address0  | out |    6|  ap_memory |   OUT1_10_1_V  |     array    |
|OUT1_10_1_V_ce0       | out |    1|  ap_memory |   OUT1_10_1_V  |     array    |
|OUT1_10_1_V_we0       | out |    1|  ap_memory |   OUT1_10_1_V  |     array    |
|OUT1_10_1_V_d0        | out |   14|  ap_memory |   OUT1_10_1_V  |     array    |
|OUT1_10_1_V_address1  | out |    6|  ap_memory |   OUT1_10_1_V  |     array    |
|OUT1_10_1_V_ce1       | out |    1|  ap_memory |   OUT1_10_1_V  |     array    |
|OUT1_10_1_V_we1       | out |    1|  ap_memory |   OUT1_10_1_V  |     array    |
|OUT1_10_1_V_d1        | out |   14|  ap_memory |   OUT1_10_1_V  |     array    |
|OUT1_10_2_V_address0  | out |    6|  ap_memory |   OUT1_10_2_V  |     array    |
|OUT1_10_2_V_ce0       | out |    1|  ap_memory |   OUT1_10_2_V  |     array    |
|OUT1_10_2_V_we0       | out |    1|  ap_memory |   OUT1_10_2_V  |     array    |
|OUT1_10_2_V_d0        | out |   14|  ap_memory |   OUT1_10_2_V  |     array    |
|OUT1_10_2_V_address1  | out |    6|  ap_memory |   OUT1_10_2_V  |     array    |
|OUT1_10_2_V_ce1       | out |    1|  ap_memory |   OUT1_10_2_V  |     array    |
|OUT1_10_2_V_we1       | out |    1|  ap_memory |   OUT1_10_2_V  |     array    |
|OUT1_10_2_V_d1        | out |   14|  ap_memory |   OUT1_10_2_V  |     array    |
|OUT2_0_0_V_address0   | out |    6|  ap_memory |   OUT2_0_0_V   |     array    |
|OUT2_0_0_V_ce0        | out |    1|  ap_memory |   OUT2_0_0_V   |     array    |
|OUT2_0_0_V_we0        | out |    1|  ap_memory |   OUT2_0_0_V   |     array    |
|OUT2_0_0_V_d0         | out |   14|  ap_memory |   OUT2_0_0_V   |     array    |
|OUT2_0_0_V_address1   | out |    6|  ap_memory |   OUT2_0_0_V   |     array    |
|OUT2_0_0_V_ce1        | out |    1|  ap_memory |   OUT2_0_0_V   |     array    |
|OUT2_0_0_V_we1        | out |    1|  ap_memory |   OUT2_0_0_V   |     array    |
|OUT2_0_0_V_d1         | out |   14|  ap_memory |   OUT2_0_0_V   |     array    |
|OUT2_0_1_V_address0   | out |    6|  ap_memory |   OUT2_0_1_V   |     array    |
|OUT2_0_1_V_ce0        | out |    1|  ap_memory |   OUT2_0_1_V   |     array    |
|OUT2_0_1_V_we0        | out |    1|  ap_memory |   OUT2_0_1_V   |     array    |
|OUT2_0_1_V_d0         | out |   14|  ap_memory |   OUT2_0_1_V   |     array    |
|OUT2_0_1_V_address1   | out |    6|  ap_memory |   OUT2_0_1_V   |     array    |
|OUT2_0_1_V_ce1        | out |    1|  ap_memory |   OUT2_0_1_V   |     array    |
|OUT2_0_1_V_we1        | out |    1|  ap_memory |   OUT2_0_1_V   |     array    |
|OUT2_0_1_V_d1         | out |   14|  ap_memory |   OUT2_0_1_V   |     array    |
|OUT2_0_2_V_address0   | out |    6|  ap_memory |   OUT2_0_2_V   |     array    |
|OUT2_0_2_V_ce0        | out |    1|  ap_memory |   OUT2_0_2_V   |     array    |
|OUT2_0_2_V_we0        | out |    1|  ap_memory |   OUT2_0_2_V   |     array    |
|OUT2_0_2_V_d0         | out |   14|  ap_memory |   OUT2_0_2_V   |     array    |
|OUT2_0_2_V_address1   | out |    6|  ap_memory |   OUT2_0_2_V   |     array    |
|OUT2_0_2_V_ce1        | out |    1|  ap_memory |   OUT2_0_2_V   |     array    |
|OUT2_0_2_V_we1        | out |    1|  ap_memory |   OUT2_0_2_V   |     array    |
|OUT2_0_2_V_d1         | out |   14|  ap_memory |   OUT2_0_2_V   |     array    |
|OUT2_1_0_V_address0   | out |    6|  ap_memory |   OUT2_1_0_V   |     array    |
|OUT2_1_0_V_ce0        | out |    1|  ap_memory |   OUT2_1_0_V   |     array    |
|OUT2_1_0_V_we0        | out |    1|  ap_memory |   OUT2_1_0_V   |     array    |
|OUT2_1_0_V_d0         | out |   14|  ap_memory |   OUT2_1_0_V   |     array    |
|OUT2_1_0_V_address1   | out |    6|  ap_memory |   OUT2_1_0_V   |     array    |
|OUT2_1_0_V_ce1        | out |    1|  ap_memory |   OUT2_1_0_V   |     array    |
|OUT2_1_0_V_we1        | out |    1|  ap_memory |   OUT2_1_0_V   |     array    |
|OUT2_1_0_V_d1         | out |   14|  ap_memory |   OUT2_1_0_V   |     array    |
|OUT2_1_1_V_address0   | out |    6|  ap_memory |   OUT2_1_1_V   |     array    |
|OUT2_1_1_V_ce0        | out |    1|  ap_memory |   OUT2_1_1_V   |     array    |
|OUT2_1_1_V_we0        | out |    1|  ap_memory |   OUT2_1_1_V   |     array    |
|OUT2_1_1_V_d0         | out |   14|  ap_memory |   OUT2_1_1_V   |     array    |
|OUT2_1_1_V_address1   | out |    6|  ap_memory |   OUT2_1_1_V   |     array    |
|OUT2_1_1_V_ce1        | out |    1|  ap_memory |   OUT2_1_1_V   |     array    |
|OUT2_1_1_V_we1        | out |    1|  ap_memory |   OUT2_1_1_V   |     array    |
|OUT2_1_1_V_d1         | out |   14|  ap_memory |   OUT2_1_1_V   |     array    |
|OUT2_1_2_V_address0   | out |    6|  ap_memory |   OUT2_1_2_V   |     array    |
|OUT2_1_2_V_ce0        | out |    1|  ap_memory |   OUT2_1_2_V   |     array    |
|OUT2_1_2_V_we0        | out |    1|  ap_memory |   OUT2_1_2_V   |     array    |
|OUT2_1_2_V_d0         | out |   14|  ap_memory |   OUT2_1_2_V   |     array    |
|OUT2_1_2_V_address1   | out |    6|  ap_memory |   OUT2_1_2_V   |     array    |
|OUT2_1_2_V_ce1        | out |    1|  ap_memory |   OUT2_1_2_V   |     array    |
|OUT2_1_2_V_we1        | out |    1|  ap_memory |   OUT2_1_2_V   |     array    |
|OUT2_1_2_V_d1         | out |   14|  ap_memory |   OUT2_1_2_V   |     array    |
|OUT2_2_0_V_address0   | out |    6|  ap_memory |   OUT2_2_0_V   |     array    |
|OUT2_2_0_V_ce0        | out |    1|  ap_memory |   OUT2_2_0_V   |     array    |
|OUT2_2_0_V_we0        | out |    1|  ap_memory |   OUT2_2_0_V   |     array    |
|OUT2_2_0_V_d0         | out |   14|  ap_memory |   OUT2_2_0_V   |     array    |
|OUT2_2_0_V_address1   | out |    6|  ap_memory |   OUT2_2_0_V   |     array    |
|OUT2_2_0_V_ce1        | out |    1|  ap_memory |   OUT2_2_0_V   |     array    |
|OUT2_2_0_V_we1        | out |    1|  ap_memory |   OUT2_2_0_V   |     array    |
|OUT2_2_0_V_d1         | out |   14|  ap_memory |   OUT2_2_0_V   |     array    |
|OUT2_2_1_V_address0   | out |    6|  ap_memory |   OUT2_2_1_V   |     array    |
|OUT2_2_1_V_ce0        | out |    1|  ap_memory |   OUT2_2_1_V   |     array    |
|OUT2_2_1_V_we0        | out |    1|  ap_memory |   OUT2_2_1_V   |     array    |
|OUT2_2_1_V_d0         | out |   14|  ap_memory |   OUT2_2_1_V   |     array    |
|OUT2_2_1_V_address1   | out |    6|  ap_memory |   OUT2_2_1_V   |     array    |
|OUT2_2_1_V_ce1        | out |    1|  ap_memory |   OUT2_2_1_V   |     array    |
|OUT2_2_1_V_we1        | out |    1|  ap_memory |   OUT2_2_1_V   |     array    |
|OUT2_2_1_V_d1         | out |   14|  ap_memory |   OUT2_2_1_V   |     array    |
|OUT2_2_2_V_address0   | out |    6|  ap_memory |   OUT2_2_2_V   |     array    |
|OUT2_2_2_V_ce0        | out |    1|  ap_memory |   OUT2_2_2_V   |     array    |
|OUT2_2_2_V_we0        | out |    1|  ap_memory |   OUT2_2_2_V   |     array    |
|OUT2_2_2_V_d0         | out |   14|  ap_memory |   OUT2_2_2_V   |     array    |
|OUT2_2_2_V_address1   | out |    6|  ap_memory |   OUT2_2_2_V   |     array    |
|OUT2_2_2_V_ce1        | out |    1|  ap_memory |   OUT2_2_2_V   |     array    |
|OUT2_2_2_V_we1        | out |    1|  ap_memory |   OUT2_2_2_V   |     array    |
|OUT2_2_2_V_d1         | out |   14|  ap_memory |   OUT2_2_2_V   |     array    |
|OUT2_3_0_V_address0   | out |    6|  ap_memory |   OUT2_3_0_V   |     array    |
|OUT2_3_0_V_ce0        | out |    1|  ap_memory |   OUT2_3_0_V   |     array    |
|OUT2_3_0_V_we0        | out |    1|  ap_memory |   OUT2_3_0_V   |     array    |
|OUT2_3_0_V_d0         | out |   14|  ap_memory |   OUT2_3_0_V   |     array    |
|OUT2_3_0_V_address1   | out |    6|  ap_memory |   OUT2_3_0_V   |     array    |
|OUT2_3_0_V_ce1        | out |    1|  ap_memory |   OUT2_3_0_V   |     array    |
|OUT2_3_0_V_we1        | out |    1|  ap_memory |   OUT2_3_0_V   |     array    |
|OUT2_3_0_V_d1         | out |   14|  ap_memory |   OUT2_3_0_V   |     array    |
|OUT2_3_1_V_address0   | out |    6|  ap_memory |   OUT2_3_1_V   |     array    |
|OUT2_3_1_V_ce0        | out |    1|  ap_memory |   OUT2_3_1_V   |     array    |
|OUT2_3_1_V_we0        | out |    1|  ap_memory |   OUT2_3_1_V   |     array    |
|OUT2_3_1_V_d0         | out |   14|  ap_memory |   OUT2_3_1_V   |     array    |
|OUT2_3_1_V_address1   | out |    6|  ap_memory |   OUT2_3_1_V   |     array    |
|OUT2_3_1_V_ce1        | out |    1|  ap_memory |   OUT2_3_1_V   |     array    |
|OUT2_3_1_V_we1        | out |    1|  ap_memory |   OUT2_3_1_V   |     array    |
|OUT2_3_1_V_d1         | out |   14|  ap_memory |   OUT2_3_1_V   |     array    |
|OUT2_3_2_V_address0   | out |    6|  ap_memory |   OUT2_3_2_V   |     array    |
|OUT2_3_2_V_ce0        | out |    1|  ap_memory |   OUT2_3_2_V   |     array    |
|OUT2_3_2_V_we0        | out |    1|  ap_memory |   OUT2_3_2_V   |     array    |
|OUT2_3_2_V_d0         | out |   14|  ap_memory |   OUT2_3_2_V   |     array    |
|OUT2_3_2_V_address1   | out |    6|  ap_memory |   OUT2_3_2_V   |     array    |
|OUT2_3_2_V_ce1        | out |    1|  ap_memory |   OUT2_3_2_V   |     array    |
|OUT2_3_2_V_we1        | out |    1|  ap_memory |   OUT2_3_2_V   |     array    |
|OUT2_3_2_V_d1         | out |   14|  ap_memory |   OUT2_3_2_V   |     array    |
|OUT2_4_0_V_address0   | out |    6|  ap_memory |   OUT2_4_0_V   |     array    |
|OUT2_4_0_V_ce0        | out |    1|  ap_memory |   OUT2_4_0_V   |     array    |
|OUT2_4_0_V_we0        | out |    1|  ap_memory |   OUT2_4_0_V   |     array    |
|OUT2_4_0_V_d0         | out |   14|  ap_memory |   OUT2_4_0_V   |     array    |
|OUT2_4_0_V_address1   | out |    6|  ap_memory |   OUT2_4_0_V   |     array    |
|OUT2_4_0_V_ce1        | out |    1|  ap_memory |   OUT2_4_0_V   |     array    |
|OUT2_4_0_V_we1        | out |    1|  ap_memory |   OUT2_4_0_V   |     array    |
|OUT2_4_0_V_d1         | out |   14|  ap_memory |   OUT2_4_0_V   |     array    |
|OUT2_4_1_V_address0   | out |    6|  ap_memory |   OUT2_4_1_V   |     array    |
|OUT2_4_1_V_ce0        | out |    1|  ap_memory |   OUT2_4_1_V   |     array    |
|OUT2_4_1_V_we0        | out |    1|  ap_memory |   OUT2_4_1_V   |     array    |
|OUT2_4_1_V_d0         | out |   14|  ap_memory |   OUT2_4_1_V   |     array    |
|OUT2_4_1_V_address1   | out |    6|  ap_memory |   OUT2_4_1_V   |     array    |
|OUT2_4_1_V_ce1        | out |    1|  ap_memory |   OUT2_4_1_V   |     array    |
|OUT2_4_1_V_we1        | out |    1|  ap_memory |   OUT2_4_1_V   |     array    |
|OUT2_4_1_V_d1         | out |   14|  ap_memory |   OUT2_4_1_V   |     array    |
|OUT2_4_2_V_address0   | out |    6|  ap_memory |   OUT2_4_2_V   |     array    |
|OUT2_4_2_V_ce0        | out |    1|  ap_memory |   OUT2_4_2_V   |     array    |
|OUT2_4_2_V_we0        | out |    1|  ap_memory |   OUT2_4_2_V   |     array    |
|OUT2_4_2_V_d0         | out |   14|  ap_memory |   OUT2_4_2_V   |     array    |
|OUT2_4_2_V_address1   | out |    6|  ap_memory |   OUT2_4_2_V   |     array    |
|OUT2_4_2_V_ce1        | out |    1|  ap_memory |   OUT2_4_2_V   |     array    |
|OUT2_4_2_V_we1        | out |    1|  ap_memory |   OUT2_4_2_V   |     array    |
|OUT2_4_2_V_d1         | out |   14|  ap_memory |   OUT2_4_2_V   |     array    |
|OUT2_5_0_V_address0   | out |    6|  ap_memory |   OUT2_5_0_V   |     array    |
|OUT2_5_0_V_ce0        | out |    1|  ap_memory |   OUT2_5_0_V   |     array    |
|OUT2_5_0_V_we0        | out |    1|  ap_memory |   OUT2_5_0_V   |     array    |
|OUT2_5_0_V_d0         | out |   14|  ap_memory |   OUT2_5_0_V   |     array    |
|OUT2_5_0_V_address1   | out |    6|  ap_memory |   OUT2_5_0_V   |     array    |
|OUT2_5_0_V_ce1        | out |    1|  ap_memory |   OUT2_5_0_V   |     array    |
|OUT2_5_0_V_we1        | out |    1|  ap_memory |   OUT2_5_0_V   |     array    |
|OUT2_5_0_V_d1         | out |   14|  ap_memory |   OUT2_5_0_V   |     array    |
|OUT2_5_1_V_address0   | out |    6|  ap_memory |   OUT2_5_1_V   |     array    |
|OUT2_5_1_V_ce0        | out |    1|  ap_memory |   OUT2_5_1_V   |     array    |
|OUT2_5_1_V_we0        | out |    1|  ap_memory |   OUT2_5_1_V   |     array    |
|OUT2_5_1_V_d0         | out |   14|  ap_memory |   OUT2_5_1_V   |     array    |
|OUT2_5_1_V_address1   | out |    6|  ap_memory |   OUT2_5_1_V   |     array    |
|OUT2_5_1_V_ce1        | out |    1|  ap_memory |   OUT2_5_1_V   |     array    |
|OUT2_5_1_V_we1        | out |    1|  ap_memory |   OUT2_5_1_V   |     array    |
|OUT2_5_1_V_d1         | out |   14|  ap_memory |   OUT2_5_1_V   |     array    |
|OUT2_5_2_V_address0   | out |    6|  ap_memory |   OUT2_5_2_V   |     array    |
|OUT2_5_2_V_ce0        | out |    1|  ap_memory |   OUT2_5_2_V   |     array    |
|OUT2_5_2_V_we0        | out |    1|  ap_memory |   OUT2_5_2_V   |     array    |
|OUT2_5_2_V_d0         | out |   14|  ap_memory |   OUT2_5_2_V   |     array    |
|OUT2_5_2_V_address1   | out |    6|  ap_memory |   OUT2_5_2_V   |     array    |
|OUT2_5_2_V_ce1        | out |    1|  ap_memory |   OUT2_5_2_V   |     array    |
|OUT2_5_2_V_we1        | out |    1|  ap_memory |   OUT2_5_2_V   |     array    |
|OUT2_5_2_V_d1         | out |   14|  ap_memory |   OUT2_5_2_V   |     array    |
|OUT2_6_0_V_address0   | out |    6|  ap_memory |   OUT2_6_0_V   |     array    |
|OUT2_6_0_V_ce0        | out |    1|  ap_memory |   OUT2_6_0_V   |     array    |
|OUT2_6_0_V_we0        | out |    1|  ap_memory |   OUT2_6_0_V   |     array    |
|OUT2_6_0_V_d0         | out |   14|  ap_memory |   OUT2_6_0_V   |     array    |
|OUT2_6_0_V_address1   | out |    6|  ap_memory |   OUT2_6_0_V   |     array    |
|OUT2_6_0_V_ce1        | out |    1|  ap_memory |   OUT2_6_0_V   |     array    |
|OUT2_6_0_V_we1        | out |    1|  ap_memory |   OUT2_6_0_V   |     array    |
|OUT2_6_0_V_d1         | out |   14|  ap_memory |   OUT2_6_0_V   |     array    |
|OUT2_6_1_V_address0   | out |    6|  ap_memory |   OUT2_6_1_V   |     array    |
|OUT2_6_1_V_ce0        | out |    1|  ap_memory |   OUT2_6_1_V   |     array    |
|OUT2_6_1_V_we0        | out |    1|  ap_memory |   OUT2_6_1_V   |     array    |
|OUT2_6_1_V_d0         | out |   14|  ap_memory |   OUT2_6_1_V   |     array    |
|OUT2_6_1_V_address1   | out |    6|  ap_memory |   OUT2_6_1_V   |     array    |
|OUT2_6_1_V_ce1        | out |    1|  ap_memory |   OUT2_6_1_V   |     array    |
|OUT2_6_1_V_we1        | out |    1|  ap_memory |   OUT2_6_1_V   |     array    |
|OUT2_6_1_V_d1         | out |   14|  ap_memory |   OUT2_6_1_V   |     array    |
|OUT2_6_2_V_address0   | out |    6|  ap_memory |   OUT2_6_2_V   |     array    |
|OUT2_6_2_V_ce0        | out |    1|  ap_memory |   OUT2_6_2_V   |     array    |
|OUT2_6_2_V_we0        | out |    1|  ap_memory |   OUT2_6_2_V   |     array    |
|OUT2_6_2_V_d0         | out |   14|  ap_memory |   OUT2_6_2_V   |     array    |
|OUT2_6_2_V_address1   | out |    6|  ap_memory |   OUT2_6_2_V   |     array    |
|OUT2_6_2_V_ce1        | out |    1|  ap_memory |   OUT2_6_2_V   |     array    |
|OUT2_6_2_V_we1        | out |    1|  ap_memory |   OUT2_6_2_V   |     array    |
|OUT2_6_2_V_d1         | out |   14|  ap_memory |   OUT2_6_2_V   |     array    |
|OUT2_7_0_V_address0   | out |    6|  ap_memory |   OUT2_7_0_V   |     array    |
|OUT2_7_0_V_ce0        | out |    1|  ap_memory |   OUT2_7_0_V   |     array    |
|OUT2_7_0_V_we0        | out |    1|  ap_memory |   OUT2_7_0_V   |     array    |
|OUT2_7_0_V_d0         | out |   14|  ap_memory |   OUT2_7_0_V   |     array    |
|OUT2_7_0_V_address1   | out |    6|  ap_memory |   OUT2_7_0_V   |     array    |
|OUT2_7_0_V_ce1        | out |    1|  ap_memory |   OUT2_7_0_V   |     array    |
|OUT2_7_0_V_we1        | out |    1|  ap_memory |   OUT2_7_0_V   |     array    |
|OUT2_7_0_V_d1         | out |   14|  ap_memory |   OUT2_7_0_V   |     array    |
|OUT2_7_1_V_address0   | out |    6|  ap_memory |   OUT2_7_1_V   |     array    |
|OUT2_7_1_V_ce0        | out |    1|  ap_memory |   OUT2_7_1_V   |     array    |
|OUT2_7_1_V_we0        | out |    1|  ap_memory |   OUT2_7_1_V   |     array    |
|OUT2_7_1_V_d0         | out |   14|  ap_memory |   OUT2_7_1_V   |     array    |
|OUT2_7_1_V_address1   | out |    6|  ap_memory |   OUT2_7_1_V   |     array    |
|OUT2_7_1_V_ce1        | out |    1|  ap_memory |   OUT2_7_1_V   |     array    |
|OUT2_7_1_V_we1        | out |    1|  ap_memory |   OUT2_7_1_V   |     array    |
|OUT2_7_1_V_d1         | out |   14|  ap_memory |   OUT2_7_1_V   |     array    |
|OUT2_7_2_V_address0   | out |    6|  ap_memory |   OUT2_7_2_V   |     array    |
|OUT2_7_2_V_ce0        | out |    1|  ap_memory |   OUT2_7_2_V   |     array    |
|OUT2_7_2_V_we0        | out |    1|  ap_memory |   OUT2_7_2_V   |     array    |
|OUT2_7_2_V_d0         | out |   14|  ap_memory |   OUT2_7_2_V   |     array    |
|OUT2_7_2_V_address1   | out |    6|  ap_memory |   OUT2_7_2_V   |     array    |
|OUT2_7_2_V_ce1        | out |    1|  ap_memory |   OUT2_7_2_V   |     array    |
|OUT2_7_2_V_we1        | out |    1|  ap_memory |   OUT2_7_2_V   |     array    |
|OUT2_7_2_V_d1         | out |   14|  ap_memory |   OUT2_7_2_V   |     array    |
|OUT2_8_0_V_address0   | out |    6|  ap_memory |   OUT2_8_0_V   |     array    |
|OUT2_8_0_V_ce0        | out |    1|  ap_memory |   OUT2_8_0_V   |     array    |
|OUT2_8_0_V_we0        | out |    1|  ap_memory |   OUT2_8_0_V   |     array    |
|OUT2_8_0_V_d0         | out |   14|  ap_memory |   OUT2_8_0_V   |     array    |
|OUT2_8_0_V_address1   | out |    6|  ap_memory |   OUT2_8_0_V   |     array    |
|OUT2_8_0_V_ce1        | out |    1|  ap_memory |   OUT2_8_0_V   |     array    |
|OUT2_8_0_V_we1        | out |    1|  ap_memory |   OUT2_8_0_V   |     array    |
|OUT2_8_0_V_d1         | out |   14|  ap_memory |   OUT2_8_0_V   |     array    |
|OUT2_8_1_V_address0   | out |    6|  ap_memory |   OUT2_8_1_V   |     array    |
|OUT2_8_1_V_ce0        | out |    1|  ap_memory |   OUT2_8_1_V   |     array    |
|OUT2_8_1_V_we0        | out |    1|  ap_memory |   OUT2_8_1_V   |     array    |
|OUT2_8_1_V_d0         | out |   14|  ap_memory |   OUT2_8_1_V   |     array    |
|OUT2_8_1_V_address1   | out |    6|  ap_memory |   OUT2_8_1_V   |     array    |
|OUT2_8_1_V_ce1        | out |    1|  ap_memory |   OUT2_8_1_V   |     array    |
|OUT2_8_1_V_we1        | out |    1|  ap_memory |   OUT2_8_1_V   |     array    |
|OUT2_8_1_V_d1         | out |   14|  ap_memory |   OUT2_8_1_V   |     array    |
|OUT2_8_2_V_address0   | out |    6|  ap_memory |   OUT2_8_2_V   |     array    |
|OUT2_8_2_V_ce0        | out |    1|  ap_memory |   OUT2_8_2_V   |     array    |
|OUT2_8_2_V_we0        | out |    1|  ap_memory |   OUT2_8_2_V   |     array    |
|OUT2_8_2_V_d0         | out |   14|  ap_memory |   OUT2_8_2_V   |     array    |
|OUT2_8_2_V_address1   | out |    6|  ap_memory |   OUT2_8_2_V   |     array    |
|OUT2_8_2_V_ce1        | out |    1|  ap_memory |   OUT2_8_2_V   |     array    |
|OUT2_8_2_V_we1        | out |    1|  ap_memory |   OUT2_8_2_V   |     array    |
|OUT2_8_2_V_d1         | out |   14|  ap_memory |   OUT2_8_2_V   |     array    |
|OUT2_9_0_V_address0   | out |    6|  ap_memory |   OUT2_9_0_V   |     array    |
|OUT2_9_0_V_ce0        | out |    1|  ap_memory |   OUT2_9_0_V   |     array    |
|OUT2_9_0_V_we0        | out |    1|  ap_memory |   OUT2_9_0_V   |     array    |
|OUT2_9_0_V_d0         | out |   14|  ap_memory |   OUT2_9_0_V   |     array    |
|OUT2_9_0_V_address1   | out |    6|  ap_memory |   OUT2_9_0_V   |     array    |
|OUT2_9_0_V_ce1        | out |    1|  ap_memory |   OUT2_9_0_V   |     array    |
|OUT2_9_0_V_we1        | out |    1|  ap_memory |   OUT2_9_0_V   |     array    |
|OUT2_9_0_V_d1         | out |   14|  ap_memory |   OUT2_9_0_V   |     array    |
|OUT2_9_1_V_address0   | out |    6|  ap_memory |   OUT2_9_1_V   |     array    |
|OUT2_9_1_V_ce0        | out |    1|  ap_memory |   OUT2_9_1_V   |     array    |
|OUT2_9_1_V_we0        | out |    1|  ap_memory |   OUT2_9_1_V   |     array    |
|OUT2_9_1_V_d0         | out |   14|  ap_memory |   OUT2_9_1_V   |     array    |
|OUT2_9_1_V_address1   | out |    6|  ap_memory |   OUT2_9_1_V   |     array    |
|OUT2_9_1_V_ce1        | out |    1|  ap_memory |   OUT2_9_1_V   |     array    |
|OUT2_9_1_V_we1        | out |    1|  ap_memory |   OUT2_9_1_V   |     array    |
|OUT2_9_1_V_d1         | out |   14|  ap_memory |   OUT2_9_1_V   |     array    |
|OUT2_9_2_V_address0   | out |    6|  ap_memory |   OUT2_9_2_V   |     array    |
|OUT2_9_2_V_ce0        | out |    1|  ap_memory |   OUT2_9_2_V   |     array    |
|OUT2_9_2_V_we0        | out |    1|  ap_memory |   OUT2_9_2_V   |     array    |
|OUT2_9_2_V_d0         | out |   14|  ap_memory |   OUT2_9_2_V   |     array    |
|OUT2_9_2_V_address1   | out |    6|  ap_memory |   OUT2_9_2_V   |     array    |
|OUT2_9_2_V_ce1        | out |    1|  ap_memory |   OUT2_9_2_V   |     array    |
|OUT2_9_2_V_we1        | out |    1|  ap_memory |   OUT2_9_2_V   |     array    |
|OUT2_9_2_V_d1         | out |   14|  ap_memory |   OUT2_9_2_V   |     array    |
|OUT2_10_0_V_address0  | out |    6|  ap_memory |   OUT2_10_0_V  |     array    |
|OUT2_10_0_V_ce0       | out |    1|  ap_memory |   OUT2_10_0_V  |     array    |
|OUT2_10_0_V_we0       | out |    1|  ap_memory |   OUT2_10_0_V  |     array    |
|OUT2_10_0_V_d0        | out |   14|  ap_memory |   OUT2_10_0_V  |     array    |
|OUT2_10_0_V_address1  | out |    6|  ap_memory |   OUT2_10_0_V  |     array    |
|OUT2_10_0_V_ce1       | out |    1|  ap_memory |   OUT2_10_0_V  |     array    |
|OUT2_10_0_V_we1       | out |    1|  ap_memory |   OUT2_10_0_V  |     array    |
|OUT2_10_0_V_d1        | out |   14|  ap_memory |   OUT2_10_0_V  |     array    |
|OUT2_10_1_V_address0  | out |    6|  ap_memory |   OUT2_10_1_V  |     array    |
|OUT2_10_1_V_ce0       | out |    1|  ap_memory |   OUT2_10_1_V  |     array    |
|OUT2_10_1_V_we0       | out |    1|  ap_memory |   OUT2_10_1_V  |     array    |
|OUT2_10_1_V_d0        | out |   14|  ap_memory |   OUT2_10_1_V  |     array    |
|OUT2_10_1_V_address1  | out |    6|  ap_memory |   OUT2_10_1_V  |     array    |
|OUT2_10_1_V_ce1       | out |    1|  ap_memory |   OUT2_10_1_V  |     array    |
|OUT2_10_1_V_we1       | out |    1|  ap_memory |   OUT2_10_1_V  |     array    |
|OUT2_10_1_V_d1        | out |   14|  ap_memory |   OUT2_10_1_V  |     array    |
|OUT2_10_2_V_address0  | out |    6|  ap_memory |   OUT2_10_2_V  |     array    |
|OUT2_10_2_V_ce0       | out |    1|  ap_memory |   OUT2_10_2_V  |     array    |
|OUT2_10_2_V_we0       | out |    1|  ap_memory |   OUT2_10_2_V  |     array    |
|OUT2_10_2_V_d0        | out |   14|  ap_memory |   OUT2_10_2_V  |     array    |
|OUT2_10_2_V_address1  | out |    6|  ap_memory |   OUT2_10_2_V  |     array    |
|OUT2_10_2_V_ce1       | out |    1|  ap_memory |   OUT2_10_2_V  |     array    |
|OUT2_10_2_V_we1       | out |    1|  ap_memory |   OUT2_10_2_V  |     array    |
|OUT2_10_2_V_d1        | out |   14|  ap_memory |   OUT2_10_2_V  |     array    |
+----------------------+-----+-----+------------+----------------+--------------+

