

================================================================
== Vivado HLS Report for 'dense_resource_0_0_3'
================================================================
* Date:           Mon Aug 22 13:47:02 2022

* Version:        2019.2 (Build 2704478 on Wed Nov 06 22:10:23 MST 2019)
* Project:        axi_ii_1
* Solution:       example_par_1
* Product family: virtexuplus
* Target device:  xcvu9p-flga2104-2-i


================================================================
== Performance Estimates
================================================================
+ Timing: 
    * Summary: 
    +--------+---------+----------+------------+
    |  Clock |  Target | Estimated| Uncertainty|
    +--------+---------+----------+------------+
    |ap_clk  | 5.00 ns | 3.804 ns |   0.62 ns  |
    +--------+---------+----------+------------+

+ Latency: 
    * Summary: 
    +---------+---------+----------+----------+-----+-----+----------+
    |  Latency (cycles) |  Latency (absolute) |  Interval | Pipeline |
    |   min   |   max   |    min   |    max   | min | max |   Type   |
    +---------+---------+----------+----------+-----+-----+----------+
    |        1|        1| 5.000 ns | 5.000 ns |    1|    1| function |
    +---------+---------+----------+----------+-----+-----+----------+

    + Detail: 
        * Instance: 
        N/A

        * Loop: 
        N/A



================================================================
== Utilization Estimates
================================================================
* Summary: 
+---------------------+---------+-------+---------+---------+-----+
|         Name        | BRAM_18K| DSP48E|    FF   |   LUT   | URAM|
+---------------------+---------+-------+---------+---------+-----+
|DSP                  |        -|     52|        -|        -|    -|
|Expression           |        -|      -|        0|     1876|    -|
|FIFO                 |        -|      -|        -|        -|    -|
|Instance             |        -|      -|        -|        -|    -|
|Memory               |        -|      -|        -|        -|    -|
|Multiplexer          |        -|      -|        -|       72|    -|
|Register             |        -|      -|      446|        -|    -|
+---------------------+---------+-------+---------+---------+-----+
|Total                |        0|     52|      446|     1948|    0|
+---------------------+---------+-------+---------+---------+-----+
|Available SLR        |     1440|   2280|   788160|   394080|  320|
+---------------------+---------+-------+---------+---------+-----+
|Utilization SLR (%)  |        0|      2|    ~0   |    ~0   |    0|
+---------------------+---------+-------+---------+---------+-----+
|Available            |     4320|   6840|  2364480|  1182240|  960|
+---------------------+---------+-------+---------+---------+-----+
|Utilization (%)      |        0|   ~0  |    ~0   |    ~0   |    0|
+---------------------+---------+-------+---------+---------+-----+

+ Detail: 
    * Instance: 
    N/A

    * DSP48E: 
    +----------------------------+----------------------+-----------+
    |          Instance          |        Module        | Expression|
    +----------------------------+----------------------+-----------+
    |example_mul_mul_1ncg_U2019  |example_mul_mul_1ncg  |  i0 * i1  |
    |example_mul_mul_1ncg_U2023  |example_mul_mul_1ncg  |  i0 * i1  |
    |example_mul_mul_1ncg_U2036  |example_mul_mul_1ncg  |  i0 * i1  |
    |example_mul_mul_1ncg_U2040  |example_mul_mul_1ncg  |  i0 * i1  |
    |example_mul_mul_1ncg_U2064  |example_mul_mul_1ncg  |  i0 * i1  |
    |example_mul_mul_1ncg_U2065  |example_mul_mul_1ncg  |  i0 * i1  |
    |example_mul_mul_1ocq_U2017  |example_mul_mul_1ocq  |  i0 * i1  |
    |example_mul_mul_1ocq_U2018  |example_mul_mul_1ocq  |  i0 * i1  |
    |example_mul_mul_1ocq_U2026  |example_mul_mul_1ocq  |  i0 * i1  |
    |example_mul_mul_1ocq_U2031  |example_mul_mul_1ocq  |  i0 * i1  |
    |example_mul_mul_1ocq_U2033  |example_mul_mul_1ocq  |  i0 * i1  |
    |example_mul_mul_1ocq_U2056  |example_mul_mul_1ocq  |  i0 * i1  |
    |example_mul_mul_1ocq_U2058  |example_mul_mul_1ocq  |  i0 * i1  |
    |example_mul_mul_1qcK_U2022  |example_mul_mul_1qcK  |  i0 * i1  |
    |example_mul_mul_1qcK_U2047  |example_mul_mul_1qcK  |  i0 * i1  |
    |example_mul_mul_1qcK_U2052  |example_mul_mul_1qcK  |  i0 * i1  |
    |example_mul_mul_1qcK_U2054  |example_mul_mul_1qcK  |  i0 * i1  |
    |example_mul_mul_1rcU_U2028  |example_mul_mul_1rcU  |  i0 * i1  |
    |example_mul_mul_1rcU_U2049  |example_mul_mul_1rcU  |  i0 * i1  |
    |example_mul_mul_1rcU_U2050  |example_mul_mul_1rcU  |  i0 * i1  |
    |example_mul_mul_1rcU_U2063  |example_mul_mul_1rcU  |  i0 * i1  |
    |example_mul_mul_1sc4_U2024  |example_mul_mul_1sc4  |  i0 * i1  |
    |example_mul_mul_1sc4_U2030  |example_mul_mul_1sc4  |  i0 * i1  |
    |example_mul_mul_1sc4_U2035  |example_mul_mul_1sc4  |  i0 * i1  |
    |example_mul_mul_1sc4_U2037  |example_mul_mul_1sc4  |  i0 * i1  |
    |example_mul_mul_1sc4_U2039  |example_mul_mul_1sc4  |  i0 * i1  |
    |example_mul_mul_1sc4_U2044  |example_mul_mul_1sc4  |  i0 * i1  |
    |example_mul_mul_1sc4_U2060  |example_mul_mul_1sc4  |  i0 * i1  |
    |example_mul_mul_1sc4_U2061  |example_mul_mul_1sc4  |  i0 * i1  |
    |example_mul_mul_1sc4_U2066  |example_mul_mul_1sc4  |  i0 * i1  |
    |example_mul_mul_1tde_U2016  |example_mul_mul_1tde  |  i0 * i1  |
    |example_mul_mul_1tde_U2029  |example_mul_mul_1tde  |  i0 * i1  |
    |example_mul_mul_1udo_U2027  |example_mul_mul_1udo  |  i0 * i1  |
    |example_mul_mul_1udo_U2038  |example_mul_mul_1udo  |  i0 * i1  |
    |example_mul_mul_1udo_U2042  |example_mul_mul_1udo  |  i0 * i1  |
    |example_mul_mul_1udo_U2045  |example_mul_mul_1udo  |  i0 * i1  |
    |example_mul_mul_1udo_U2046  |example_mul_mul_1udo  |  i0 * i1  |
    |example_mul_mul_1udo_U2053  |example_mul_mul_1udo  |  i0 * i1  |
    |example_mul_mul_1udo_U2057  |example_mul_mul_1udo  |  i0 * i1  |
    |example_mul_mul_1udo_U2062  |example_mul_mul_1udo  |  i0 * i1  |
    |example_mul_mul_1udo_U2067  |example_mul_mul_1udo  |  i0 * i1  |
    |example_mul_mul_1wdI_U2020  |example_mul_mul_1wdI  |  i0 * i1  |
    |example_mul_mul_1wdI_U2021  |example_mul_mul_1wdI  |  i0 * i1  |
    |example_mul_mul_1wdI_U2025  |example_mul_mul_1wdI  |  i0 * i1  |
    |example_mul_mul_1wdI_U2032  |example_mul_mul_1wdI  |  i0 * i1  |
    |example_mul_mul_1wdI_U2034  |example_mul_mul_1wdI  |  i0 * i1  |
    |example_mul_mul_1wdI_U2041  |example_mul_mul_1wdI  |  i0 * i1  |
    |example_mul_mul_1wdI_U2043  |example_mul_mul_1wdI  |  i0 * i1  |
    |example_mul_mul_1wdI_U2048  |example_mul_mul_1wdI  |  i0 * i1  |
    |example_mul_mul_1wdI_U2051  |example_mul_mul_1wdI  |  i0 * i1  |
    |example_mul_mul_1wdI_U2055  |example_mul_mul_1wdI  |  i0 * i1  |
    |example_mul_mul_1wdI_U2059  |example_mul_mul_1wdI  |  i0 * i1  |
    +----------------------------+----------------------+-----------+

    * Memory: 
    N/A

    * FIFO: 
    N/A

    * Expression: 
    +--------------------------+----------+-------+---+----+------------+------------+
    |       Variable Name      | Operation| DSP48E| FF| LUT| Bitwidth P0| Bitwidth P1|
    +--------------------------+----------+-------+---+----+------------+------------+
    |add_ln1118_13_fu_747_p2   |     +    |      0|  0|  19|          19|          19|
    |add_ln1118_14_fu_1905_p2  |     +    |      0|  0|  20|          20|          20|
    |add_ln1118_15_fu_1052_p2  |     +    |      0|  0|  21|          21|          21|
    |add_ln1118_16_fu_1133_p2  |     +    |      0|  0|  17|          17|          17|
    |add_ln1118_17_fu_2044_p2  |     +    |      0|  0|  20|          20|          20|
    |add_ln1118_18_fu_2140_p2  |     +    |      0|  0|  19|          19|          19|
    |add_ln1118_fu_614_p2      |     +    |      0|  0|  21|          21|          21|
    |add_ln703_151_fu_475_p2   |     +    |      0|  0|  14|          14|          14|
    |add_ln703_152_fu_481_p2   |     +    |      0|  0|  18|          14|          14|
    |add_ln703_153_fu_487_p2   |     +    |      0|  0|  18|          14|          14|
    |add_ln703_154_fu_493_p2   |     +    |      0|  0|  18|          14|          14|
    |add_ln703_155_fu_499_p2   |     +    |      0|  0|  18|          14|          14|
    |add_ln703_156_fu_505_p2   |     +    |      0|  0|  18|          14|           7|
    |add_ln703_157_fu_511_p2   |     +    |      0|  0|  18|          14|          14|
    |add_ln703_158_fu_1792_p2  |     +    |      0|  0|  18|          14|          14|
    |add_ln703_159_fu_1796_p2  |     +    |      0|  0|  18|          14|          14|
    |add_ln703_160_fu_630_p2   |     +    |      0|  0|  14|          14|          14|
    |add_ln703_161_fu_636_p2   |     +    |      0|  0|  14|          14|          14|
    |add_ln703_162_fu_642_p2   |     +    |      0|  0|  18|          14|          14|
    |add_ln703_163_fu_648_p2   |     +    |      0|  0|  18|          14|          14|
    |add_ln703_164_fu_654_p2   |     +    |      0|  0|  18|          14|          14|
    |add_ln703_165_fu_660_p2   |     +    |      0|  0|  18|          14|          14|
    |add_ln703_166_fu_666_p2   |     +    |      0|  0|  18|          14|           7|
    |add_ln703_167_fu_672_p2   |     +    |      0|  0|  18|          14|          14|
    |add_ln703_168_fu_1801_p2  |     +    |      0|  0|  18|          14|          14|
    |add_ln703_169_fu_1805_p2  |     +    |      0|  0|  18|          14|          14|
    |add_ln703_170_fu_803_p2   |     +    |      0|  0|  14|          14|          14|
    |add_ln703_171_fu_809_p2   |     +    |      0|  0|  14|          14|          14|
    |add_ln703_172_fu_815_p2   |     +    |      0|  0|  18|          14|          14|
    |add_ln703_173_fu_821_p2   |     +    |      0|  0|  18|          14|          14|
    |add_ln703_174_fu_827_p2   |     +    |      0|  0|  18|          14|          14|
    |add_ln703_175_fu_833_p2   |     +    |      0|  0|  18|          14|          14|
    |add_ln703_176_fu_1858_p2  |     +    |      0|  0|  18|          14|           8|
    |add_ln703_177_fu_1863_p2  |     +    |      0|  0|  18|          14|          14|
    |add_ln703_178_fu_1869_p2  |     +    |      0|  0|  18|          14|          14|
    |add_ln703_179_fu_1874_p2  |     +    |      0|  0|  18|          14|          14|
    |add_ln703_180_fu_996_p2   |     +    |      0|  0|  14|          14|          14|
    |add_ln703_181_fu_1002_p2  |     +    |      0|  0|  14|          14|          14|
    |add_ln703_182_fu_1008_p2  |     +    |      0|  0|  18|          14|          14|
    |add_ln703_183_fu_1014_p2  |     +    |      0|  0|  18|          14|          14|
    |add_ln703_184_fu_1020_p2  |     +    |      0|  0|  18|          14|          14|
    |add_ln703_185_fu_1026_p2  |     +    |      0|  0|  18|          14|          14|
    |add_ln703_186_fu_1963_p2  |     +    |      0|  0|  18|          14|           6|
    |add_ln703_187_fu_1969_p2  |     +    |      0|  0|  18|          14|          14|
    |add_ln703_188_fu_1975_p2  |     +    |      0|  0|  18|          14|          14|
    |add_ln703_189_fu_1980_p2  |     +    |      0|  0|  18|          14|          14|
    |add_ln703_190_fu_1211_p2  |     +    |      0|  0|  14|          14|          14|
    |add_ln703_191_fu_1217_p2  |     +    |      0|  0|  12|          12|          12|
    |add_ln703_192_fu_1227_p2  |     +    |      0|  0|  18|          14|          14|
    |add_ln703_193_fu_1233_p2  |     +    |      0|  0|  18|          14|          14|
    |add_ln703_194_fu_1239_p2  |     +    |      0|  0|  18|          14|          14|
    |add_ln703_195_fu_1245_p2  |     +    |      0|  0|  18|          14|          14|
    |add_ln703_196_fu_2064_p2  |     +    |      0|  0|  18|          14|           7|
    |add_ln703_197_fu_2070_p2  |     +    |      0|  0|  18|          14|          14|
    |add_ln703_198_fu_2076_p2  |     +    |      0|  0|  18|          14|          14|
    |add_ln703_199_fu_2081_p2  |     +    |      0|  0|  18|          14|          14|
    |add_ln703_200_fu_1431_p2  |     +    |      0|  0|  13|          13|          13|
    |add_ln703_201_fu_1441_p2  |     +    |      0|  0|  14|          14|          14|
    |add_ln703_202_fu_1447_p2  |     +    |      0|  0|  18|          14|          14|
    |add_ln703_203_fu_1453_p2  |     +    |      0|  0|  18|          14|          14|
    |add_ln703_204_fu_1459_p2  |     +    |      0|  0|  14|          14|          14|
    |add_ln703_205_fu_1465_p2  |     +    |      0|  0|  18|          14|           8|
    |add_ln703_206_fu_1471_p2  |     +    |      0|  0|  18|          14|          14|
    |add_ln703_207_fu_2086_p2  |     +    |      0|  0|  18|          14|          14|
    |add_ln703_208_fu_2090_p2  |     +    |      0|  0|  18|          14|          14|
    |add_ln703_209_fu_1558_p2  |     +    |      0|  0|  14|          14|          14|
    |add_ln703_210_fu_1564_p2  |     +    |      0|  0|  14|          14|          14|
    |add_ln703_211_fu_1570_p2  |     +    |      0|  0|  18|          14|          14|
    |add_ln703_212_fu_1576_p2  |     +    |      0|  0|  18|          14|          14|
    |add_ln703_213_fu_1582_p2  |     +    |      0|  0|  18|          14|          14|
    |add_ln703_214_fu_1588_p2  |     +    |      0|  0|  18|          14|          14|
    |add_ln703_215_fu_2118_p2  |     +    |      0|  0|  18|          14|           7|
    |add_ln703_216_fu_2124_p2  |     +    |      0|  0|  18|          14|          14|
    |add_ln703_217_fu_2130_p2  |     +    |      0|  0|  18|          14|          14|
    |add_ln703_218_fu_2135_p2  |     +    |      0|  0|  18|          14|          14|
    |add_ln703_219_fu_1752_p2  |     +    |      0|  0|  14|          14|          14|
    |add_ln703_220_fu_1758_p2  |     +    |      0|  0|  13|          13|          13|
    |add_ln703_221_fu_1768_p2  |     +    |      0|  0|  18|          14|          14|
    |add_ln703_222_fu_1774_p2  |     +    |      0|  0|  18|          14|          14|
    |add_ln703_223_fu_1780_p2  |     +    |      0|  0|  18|          14|          14|
    |add_ln703_224_fu_1786_p2  |     +    |      0|  0|  18|          14|          14|
    |add_ln703_225_fu_2163_p2  |     +    |      0|  0|  13|          13|           6|
    |add_ln703_226_fu_2173_p2  |     +    |      0|  0|  14|          14|          14|
    |add_ln703_227_fu_2179_p2  |     +    |      0|  0|  18|          14|          14|
    |add_ln703_228_fu_2184_p2  |     +    |      0|  0|  18|          14|          14|
    |add_ln703_fu_469_p2       |     +    |      0|  0|  14|          14|          14|
    |sub_ln1118_54_fu_1821_p2  |     -    |      0|  0|  18|           1|          21|
    |sub_ln1118_55_fu_1842_p2  |     -    |      0|  0|  18|          21|          21|
    |sub_ln1118_56_fu_872_p2   |     -    |      0|  0|  19|          19|          19|
    |sub_ln1118_57_fu_922_p2   |     -    |      0|  0|  21|          21|          21|
    |sub_ln1118_58_fu_962_p2   |     -    |      0|  0|  21|          21|          21|
    |sub_ln1118_59_fu_1947_p2  |     -    |      0|  0|  21|          21|          21|
    |sub_ln1118_60_fu_1092_p2  |     -    |      0|  0|  20|          20|          20|
    |sub_ln1118_61_fu_1153_p2  |     -    |      0|  0|  18|          18|          18|
    |sub_ln1118_62_fu_1173_p2  |     -    |      0|  0|  20|           1|          20|
    |sub_ln1118_63_fu_1985_p2  |     -    |      0|  0|  18|           1|          19|
    |sub_ln1118_64_fu_2002_p2  |     -    |      0|  0|  18|          19|          19|
    |sub_ln1118_65_fu_1263_p2  |     -    |      0|  0|  19|          19|          19|
    |sub_ln1118_66_fu_1299_p2  |     -    |      0|  0|  18|           1|          19|
    |sub_ln1118_67_fu_1317_p2  |     -    |      0|  0|  18|          19|          19|
    |sub_ln1118_68_fu_1349_p2  |     -    |      0|  0|  16|           1|          16|
    |sub_ln1118_69_fu_2098_p2  |     -    |      0|  0|  20|          20|          20|
    |sub_ln1118_70_fu_1603_p2  |     -    |      0|  0|  20|          20|          20|
    |sub_ln1118_71_fu_1635_p2  |     -    |      0|  0|  21|          21|          21|
    |sub_ln1118_72_fu_1663_p2  |     -    |      0|  0|  19|          19|          19|
    |sub_ln1118_73_fu_1695_p2  |     -    |      0|  0|  17|          17|          17|
    |sub_ln1118_fu_376_p2      |     -    |      0|  0|  18|           1|          18|
    +--------------------------+----------+-------+---+----+------------+------------+
    |Total                     |          |      0|  0|1876|        1539|        1591|
    +--------------------------+----------+-------+---+----+------------+------------+

    * Multiplexer: 
    +-------------+----+-----------+-----+-----------+
    |     Name    | LUT| Input Size| Bits| Total Bits|
    +-------------+----+-----------+-----+-----------+
    |ap_return_0  |   9|          2|   14|         28|
    |ap_return_1  |   9|          2|   14|         28|
    |ap_return_2  |   9|          2|   14|         28|
    |ap_return_3  |   9|          2|   14|         28|
    |ap_return_4  |   9|          2|   14|         28|
    |ap_return_5  |   9|          2|   14|         28|
    |ap_return_6  |   9|          2|   14|         28|
    |ap_return_7  |   9|          2|   14|         28|
    +-------------+----+-----------+-----+-----------+
    |Total        |  72|         16|  112|        224|
    +-------------+----+-----------+-----+-----------+

    * Register: 
    +--------------------------+----+----+-----+-----------+
    |           Name           | FF | LUT| Bits| Const Bits|
    +--------------------------+----+----+-----+-----------+
    |add_ln703_153_reg_2618    |  14|   0|   14|          0|
    |add_ln703_155_reg_2623    |  14|   0|   14|          0|
    |add_ln703_157_reg_2628    |  14|   0|   14|          0|
    |add_ln703_163_reg_2633    |  14|   0|   14|          0|
    |add_ln703_165_reg_2638    |  14|   0|   14|          0|
    |add_ln703_167_reg_2643    |  14|   0|   14|          0|
    |add_ln703_173_reg_2653    |  14|   0|   14|          0|
    |add_ln703_175_reg_2658    |  14|   0|   14|          0|
    |add_ln703_183_reg_2663    |  14|   0|   14|          0|
    |add_ln703_185_reg_2668    |  14|   0|   14|          0|
    |add_ln703_193_reg_2673    |  14|   0|   14|          0|
    |add_ln703_195_reg_2678    |  14|   0|   14|          0|
    |add_ln703_203_reg_2683    |  14|   0|   14|          0|
    |add_ln703_204_reg_2688    |  14|   0|   14|          0|
    |add_ln703_206_reg_2693    |  14|   0|   14|          0|
    |add_ln703_212_reg_2703    |  14|   0|   14|          0|
    |add_ln703_214_reg_2708    |  14|   0|   14|          0|
    |add_ln703_222_reg_2718    |  14|   0|   14|          0|
    |add_ln703_224_reg_2723    |  14|   0|   14|          0|
    |ap_ce_reg                 |   1|   0|    1|          0|
    |ap_return_0_int_reg       |  14|   0|   14|          0|
    |ap_return_1_int_reg       |  14|   0|   14|          0|
    |ap_return_2_int_reg       |  14|   0|   14|          0|
    |ap_return_3_int_reg       |  14|   0|   14|          0|
    |ap_return_4_int_reg       |  14|   0|   14|          0|
    |ap_return_5_int_reg       |  14|   0|   14|          0|
    |ap_return_6_int_reg       |  14|   0|   14|          0|
    |ap_return_7_int_reg       |  14|   0|   14|          0|
    |data_8_V_read_2_reg_2609  |  14|   0|   14|          0|
    |data_9_V_read_2_reg_2601  |  14|   0|   14|          0|
    |tmp_36_reg_2713           |  12|   0|   12|          0|
    |trunc_ln708_150_reg_2648  |  14|   0|   14|          0|
    |trunc_ln708_184_reg_2698  |  13|   0|   13|          0|
    +--------------------------+----+----+-----+-----------+
    |Total                     | 446|   0|  446|          0|
    +--------------------------+----+----+-----+-----------+



================================================================
== Interface
================================================================
* Summary: 
+---------------+-----+-----+------------+----------------------+--------------+
|   RTL Ports   | Dir | Bits|  Protocol  |     Source Object    |    C Type    |
+---------------+-----+-----+------------+----------------------+--------------+
|ap_clk         |  in |    1| ap_ctrl_hs | dense_resource.0.0.3 | return value |
|ap_rst         |  in |    1| ap_ctrl_hs | dense_resource.0.0.3 | return value |
|ap_return_0    | out |   14| ap_ctrl_hs | dense_resource.0.0.3 | return value |
|ap_return_1    | out |   14| ap_ctrl_hs | dense_resource.0.0.3 | return value |
|ap_return_2    | out |   14| ap_ctrl_hs | dense_resource.0.0.3 | return value |
|ap_return_3    | out |   14| ap_ctrl_hs | dense_resource.0.0.3 | return value |
|ap_return_4    | out |   14| ap_ctrl_hs | dense_resource.0.0.3 | return value |
|ap_return_5    | out |   14| ap_ctrl_hs | dense_resource.0.0.3 | return value |
|ap_return_6    | out |   14| ap_ctrl_hs | dense_resource.0.0.3 | return value |
|ap_return_7    | out |   14| ap_ctrl_hs | dense_resource.0.0.3 | return value |
|ap_ce          |  in |    1| ap_ctrl_hs | dense_resource.0.0.3 | return value |
|data_0_V_read  |  in |   14|   ap_none  |     data_0_V_read    |    scalar    |
|data_1_V_read  |  in |   14|   ap_none  |     data_1_V_read    |    scalar    |
|data_2_V_read  |  in |   14|   ap_none  |     data_2_V_read    |    scalar    |
|data_3_V_read  |  in |   14|   ap_none  |     data_3_V_read    |    scalar    |
|data_4_V_read  |  in |   14|   ap_none  |     data_4_V_read    |    scalar    |
|data_5_V_read  |  in |   14|   ap_none  |     data_5_V_read    |    scalar    |
|data_6_V_read  |  in |   14|   ap_none  |     data_6_V_read    |    scalar    |
|data_7_V_read  |  in |   14|   ap_none  |     data_7_V_read    |    scalar    |
|data_8_V_read  |  in |   14|   ap_none  |     data_8_V_read    |    scalar    |
|data_9_V_read  |  in |   14|   ap_none  |     data_9_V_read    |    scalar    |
+---------------+-----+-----+------------+----------------------+--------------+

