

================================================================
== Vivado HLS Report for 'dense_resource_1_0_1'
================================================================
* Date:           Mon Aug 22 13:46:08 2022

* Version:        2019.2 (Build 2704478 on Wed Nov 06 22:10:23 MST 2019)
* Project:        axi_ii_1
* Solution:       example_par_1
* Product family: virtexuplus
* Target device:  xcvu9p-flga2104-2-i


================================================================
== Performance Estimates
================================================================
+ Timing: 
    * Summary: 
    +--------+---------+----------+------------+
    |  Clock |  Target | Estimated| Uncertainty|
    +--------+---------+----------+------------+
    |ap_clk  | 5.00 ns | 3.804 ns |   0.62 ns  |
    +--------+---------+----------+------------+

+ Latency: 
    * Summary: 
    +---------+---------+----------+----------+-----+-----+----------+
    |  Latency (cycles) |  Latency (absolute) |  Interval | Pipeline |
    |   min   |   max   |    min   |    max   | min | max |   Type   |
    +---------+---------+----------+----------+-----+-----+----------+
    |        1|        1| 5.000 ns | 5.000 ns |    1|    1| function |
    +---------+---------+----------+----------+-----+-----+----------+

    + Detail: 
        * Instance: 
        N/A

        * Loop: 
        N/A



================================================================
== Utilization Estimates
================================================================
* Summary: 
+---------------------+---------+-------+---------+---------+-----+
|         Name        | BRAM_18K| DSP48E|    FF   |   LUT   | URAM|
+---------------------+---------+-------+---------+---------+-----+
|DSP                  |        -|     40|        -|        -|    -|
|Expression           |        -|      3|        0|     1954|    -|
|FIFO                 |        -|      -|        -|        -|    -|
|Instance             |        -|      -|        -|        -|    -|
|Memory               |        -|      -|        -|        -|    -|
|Multiplexer          |        -|      -|        -|       72|    -|
|Register             |        -|      -|      455|        -|    -|
+---------------------+---------+-------+---------+---------+-----+
|Total                |        0|     43|      455|     2026|    0|
+---------------------+---------+-------+---------+---------+-----+
|Available SLR        |     1440|   2280|   788160|   394080|  320|
+---------------------+---------+-------+---------+---------+-----+
|Utilization SLR (%)  |        0|      1|    ~0   |    ~0   |    0|
+---------------------+---------+-------+---------+---------+-----+
|Available            |     4320|   6840|  2364480|  1182240|  960|
+---------------------+---------+-------+---------+---------+-----+
|Utilization (%)      |        0|   ~0  |    ~0   |    ~0   |    0|
+---------------------+---------+-------+---------+---------+-----+

+ Detail: 
    * Instance: 
    N/A

    * DSP48E: 
    +---------------------------+----------------------+-----------+
    |          Instance         |        Module        | Expression|
    +---------------------------+----------------------+-----------+
    |example_mul_mul_1dEe_U563  |example_mul_mul_1dEe  |  i0 * i1  |
    |example_mul_mul_1fYi_U567  |example_mul_mul_1fYi  |  i0 * i1  |
    |example_mul_mul_1fYi_U569  |example_mul_mul_1fYi  |  i0 * i1  |
    |example_mul_mul_1fYi_U580  |example_mul_mul_1fYi  |  i0 * i1  |
    |example_mul_mul_1lbW_U585  |example_mul_mul_1lbW  |  i0 * i1  |
    |example_mul_mul_6eOg_U565  |example_mul_mul_6eOg  |  i0 * i1  |
    |example_mul_mul_6eOg_U575  |example_mul_mul_6eOg  |  i0 * i1  |
    |example_mul_mul_6eOg_U578  |example_mul_mul_6eOg  |  i0 * i1  |
    |example_mul_mul_6eOg_U584  |example_mul_mul_6eOg  |  i0 * i1  |
    |example_mul_mul_6eOg_U588  |example_mul_mul_6eOg  |  i0 * i1  |
    |example_mul_mul_6eOg_U589  |example_mul_mul_6eOg  |  i0 * i1  |
    |example_mul_mul_6eOg_U598  |example_mul_mul_6eOg  |  i0 * i1  |
    |example_mul_mul_6jbC_U574  |example_mul_mul_6jbC  |  i0 * i1  |
    |example_mul_mul_6jbC_U596  |example_mul_mul_6jbC  |  i0 * i1  |
    |example_mul_mul_6jbC_U599  |example_mul_mul_6jbC  |  i0 * i1  |
    |example_mul_mul_7g8j_U570  |example_mul_mul_7g8j  |  i0 * i1  |
    |example_mul_mul_7g8j_U577  |example_mul_mul_7g8j  |  i0 * i1  |
    |example_mul_mul_7g8j_U583  |example_mul_mul_7g8j  |  i0 * i1  |
    |example_mul_mul_7g8j_U587  |example_mul_mul_7g8j  |  i0 * i1  |
    |example_mul_mul_7g8j_U594  |example_mul_mul_7g8j  |  i0 * i1  |
    |example_mul_mul_7g8j_U595  |example_mul_mul_7g8j  |  i0 * i1  |
    |example_mul_mul_7ibs_U572  |example_mul_mul_7ibs  |  i0 * i1  |
    |example_mul_mul_7ibs_U573  |example_mul_mul_7ibs  |  i0 * i1  |
    |example_mul_mul_7ibs_U591  |example_mul_mul_7ibs  |  i0 * i1  |
    |example_mul_mul_7ibs_U597  |example_mul_mul_7ibs  |  i0 * i1  |
    |example_mul_mul_8cud_U562  |example_mul_mul_8cud  |  i0 * i1  |
    |example_mul_mul_8cud_U566  |example_mul_mul_8cud  |  i0 * i1  |
    |example_mul_mul_8cud_U568  |example_mul_mul_8cud  |  i0 * i1  |
    |example_mul_mul_8cud_U576  |example_mul_mul_8cud  |  i0 * i1  |
    |example_mul_mul_8cud_U579  |example_mul_mul_8cud  |  i0 * i1  |
    |example_mul_mul_8cud_U600  |example_mul_mul_8cud  |  i0 * i1  |
    |example_mul_mul_8hbi_U571  |example_mul_mul_8hbi  |  i0 * i1  |
    |example_mul_mul_8hbi_U582  |example_mul_mul_8hbi  |  i0 * i1  |
    |example_mul_mul_8hbi_U586  |example_mul_mul_8hbi  |  i0 * i1  |
    |example_mul_mul_8hbi_U593  |example_mul_mul_8hbi  |  i0 * i1  |
    |example_mul_mul_9bkb_U561  |example_mul_mul_9bkb  |  i0 * i1  |
    |example_mul_mul_9bkb_U564  |example_mul_mul_9bkb  |  i0 * i1  |
    |example_mul_mul_9bkb_U592  |example_mul_mul_9bkb  |  i0 * i1  |
    |example_mul_mul_9kbM_U581  |example_mul_mul_9kbM  |  i0 * i1  |
    |example_mul_mul_9kbM_U590  |example_mul_mul_9kbM  |  i0 * i1  |
    +---------------------------+----------------------+-----------+

    * Memory: 
    N/A

    * FIFO: 
    N/A

    * Expression: 
    +--------------------------+----------+-------+---+----+------------+------------+
    |       Variable Name      | Operation| DSP48E| FF| LUT| Bitwidth P0| Bitwidth P1|
    +--------------------------+----------+-------+---+----+------------+------------+
    |mul_ln1118_28_fu_363_p2   |     *    |      1|  0|   7|           5|          14|
    |mul_ln1118_29_fu_1844_p2  |     *    |      0|  0|   7|           4|          14|
    |mul_ln1118_35_fu_1950_p2  |     *    |      1|  0|   7|           5|          14|
    |mul_ln1118_39_fu_2026_p2  |     *    |      1|  0|   7|           5|          14|
    |mul_ln1118_69_fu_1626_p2  |     *    |      0|  0|   7|           4|          14|
    |add_ln1118_10_fu_1185_p2  |     +    |      0|  0|  19|          19|          19|
    |add_ln1118_11_fu_1311_p2  |     +    |      0|  0|  19|          19|          19|
    |add_ln1118_12_fu_1488_p2  |     +    |      0|  0|  17|          17|          17|
    |add_ln1118_6_fu_1930_p2   |     +    |      0|  0|  19|          19|          19|
    |add_ln1118_7_fu_725_p2    |     +    |      0|  0|  21|          21|          21|
    |add_ln1118_8_fu_2084_p2   |     +    |      0|  0|  20|          20|          20|
    |add_ln1118_9_fu_859_p2    |     +    |      0|  0|  19|          19|          19|
    |add_ln1118_fu_427_p2      |     +    |      0|  0|  20|          20|          20|
    |add_ln703_100_fu_1063_p2  |     +    |      0|  0|  14|          14|          14|
    |add_ln703_101_fu_1069_p2  |     +    |      0|  0|  18|          14|          14|
    |add_ln703_102_fu_2118_p2  |     +    |      0|  0|  18|          14|          14|
    |add_ln703_103_fu_2163_p2  |     +    |      0|  0|  14|          14|          14|
    |add_ln703_104_fu_1205_p2  |     +    |      0|  0|  18|          14|          14|
    |add_ln703_105_fu_1211_p2  |     +    |      0|  0|  18|          14|          14|
    |add_ln703_106_fu_2169_p2  |     +    |      0|  0|  18|          14|          14|
    |add_ln703_107_fu_1217_p2  |     +    |      0|  0|  14|          14|          14|
    |add_ln703_108_fu_1223_p2  |     +    |      0|  0|  18|          14|          14|
    |add_ln703_109_fu_1229_p2  |     +    |      0|  0|  13|           6|          13|
    |add_ln703_110_fu_1239_p2  |     +    |      0|  0|  14|          14|          14|
    |add_ln703_111_fu_1245_p2  |     +    |      0|  0|  18|          14|          14|
    |add_ln703_112_fu_2174_p2  |     +    |      0|  0|  18|          14|          14|
    |add_ln703_113_fu_2243_p2  |     +    |      0|  0|  14|          14|          14|
    |add_ln703_114_fu_1340_p2  |     +    |      0|  0|  18|          14|          14|
    |add_ln703_115_fu_1346_p2  |     +    |      0|  0|  18|          14|          14|
    |add_ln703_116_fu_2249_p2  |     +    |      0|  0|  18|          14|          14|
    |add_ln703_117_fu_1352_p2  |     +    |      0|  0|  14|          14|          14|
    |add_ln703_118_fu_2254_p2  |     +    |      0|  0|  18|          14|          14|
    |add_ln703_119_fu_1358_p2  |     +    |      0|  0|  18|           6|          14|
    |add_ln703_120_fu_1364_p2  |     +    |      0|  0|  18|          14|          14|
    |add_ln703_121_fu_2259_p2  |     +    |      0|  0|  18|          14|          14|
    |add_ln703_122_fu_2264_p2  |     +    |      0|  0|  18|          14|          14|
    |add_ln703_123_fu_2296_p2  |     +    |      0|  0|  14|          14|          14|
    |add_ln703_124_fu_1553_p2  |     +    |      0|  0|  18|          14|          14|
    |add_ln703_125_fu_1559_p2  |     +    |      0|  0|  18|          14|          14|
    |add_ln703_126_fu_2302_p2  |     +    |      0|  0|  18|          14|          14|
    |add_ln703_127_fu_1565_p2  |     +    |      0|  0|  11|          11|          11|
    |add_ln703_128_fu_1575_p2  |     +    |      0|  0|  12|          12|          12|
    |add_ln703_129_fu_1585_p2  |     +    |      0|  0|  14|           7|          14|
    |add_ln703_130_fu_1591_p2  |     +    |      0|  0|  18|          14|          14|
    |add_ln703_131_fu_1597_p2  |     +    |      0|  0|  18|          14|          14|
    |add_ln703_132_fu_2307_p2  |     +    |      0|  0|  18|          14|          14|
    |add_ln703_133_fu_2341_p2  |     +    |      0|  0|  14|          14|          14|
    |add_ln703_134_fu_1771_p2  |     +    |      0|  0|  18|          14|          14|
    |add_ln703_135_fu_1777_p2  |     +    |      0|  0|  18|          14|          14|
    |add_ln703_136_fu_2347_p2  |     +    |      0|  0|  18|          14|          14|
    |add_ln703_137_fu_1783_p2  |     +    |      0|  0|  14|          14|          14|
    |add_ln703_138_fu_1789_p2  |     +    |      0|  0|  18|          14|          14|
    |add_ln703_139_fu_1795_p2  |     +    |      0|  0|  18|           5|          12|
    |add_ln703_140_fu_1801_p2  |     +    |      0|  0|  18|          12|          12|
    |add_ln703_141_fu_1811_p2  |     +    |      0|  0|  18|          14|          14|
    |add_ln703_142_fu_2352_p2  |     +    |      0|  0|  18|          14|          14|
    |add_ln703_64_fu_541_p2    |     +    |      0|  0|  18|          14|          14|
    |add_ln703_65_fu_547_p2    |     +    |      0|  0|  18|          14|          14|
    |add_ln703_66_fu_1870_p2   |     +    |      0|  0|  18|          14|          14|
    |add_ln703_67_fu_553_p2    |     +    |      0|  0|  14|          14|          14|
    |add_ln703_68_fu_1875_p2   |     +    |      0|  0|  18|          14|          14|
    |add_ln703_69_fu_559_p2    |     +    |      0|  0|  18|           5|          14|
    |add_ln703_70_fu_565_p2    |     +    |      0|  0|  18|          14|          14|
    |add_ln703_71_fu_1880_p2   |     +    |      0|  0|  18|          14|          14|
    |add_ln703_72_fu_1885_p2   |     +    |      0|  0|  18|          14|          14|
    |add_ln703_73_fu_1970_p2   |     +    |      0|  0|  14|          14|          14|
    |add_ln703_74_fu_673_p2    |     +    |      0|  0|  18|          14|          14|
    |add_ln703_75_fu_679_p2    |     +    |      0|  0|  18|          14|          14|
    |add_ln703_76_fu_1976_p2   |     +    |      0|  0|  18|          14|          14|
    |add_ln703_77_fu_685_p2    |     +    |      0|  0|  14|          14|          14|
    |add_ln703_78_fu_1981_p2   |     +    |      0|  0|  18|          14|          14|
    |add_ln703_79_fu_691_p2    |     +    |      0|  0|  18|           6|          14|
    |add_ln703_80_fu_697_p2    |     +    |      0|  0|  18|          14|          14|
    |add_ln703_81_fu_1986_p2   |     +    |      0|  0|  18|          14|          14|
    |add_ln703_82_fu_1991_p2   |     +    |      0|  0|  18|          14|          14|
    |add_ln703_83_fu_2046_p2   |     +    |      0|  0|  14|          14|          14|
    |add_ln703_84_fu_815_p2    |     +    |      0|  0|  18|          14|          14|
    |add_ln703_85_fu_821_p2    |     +    |      0|  0|  18|          14|          14|
    |add_ln703_86_fu_2052_p2   |     +    |      0|  0|  18|          14|          14|
    |add_ln703_87_fu_827_p2    |     +    |      0|  0|  14|          14|          14|
    |add_ln703_88_fu_2057_p2   |     +    |      0|  0|  18|          14|          14|
    |add_ln703_89_fu_833_p2    |     +    |      0|  0|  18|           6|          14|
    |add_ln703_90_fu_839_p2    |     +    |      0|  0|  18|          14|          14|
    |add_ln703_91_fu_2062_p2   |     +    |      0|  0|  18|          14|          14|
    |add_ln703_92_fu_2067_p2   |     +    |      0|  0|  18|          14|          14|
    |add_ln703_93_fu_2107_p2   |     +    |      0|  0|  14|          14|          14|
    |add_ln703_94_fu_1025_p2   |     +    |      0|  0|  18|          14|          14|
    |add_ln703_95_fu_1031_p2   |     +    |      0|  0|  18|          14|          14|
    |add_ln703_96_fu_2113_p2   |     +    |      0|  0|  18|          14|          14|
    |add_ln703_97_fu_1037_p2   |     +    |      0|  0|  13|          13|          13|
    |add_ln703_98_fu_1047_p2   |     +    |      0|  0|  18|          14|          14|
    |add_ln703_99_fu_1053_p2   |     +    |      0|  0|   8|           6|           8|
    |add_ln703_fu_1864_p2      |     +    |      0|  0|  14|          14|          14|
    |sub_ln1118_31_fu_318_p2   |     -    |      0|  0|  18|          19|          19|
    |sub_ln1118_32_fu_504_p2   |     -    |      0|  0|  19|          19|          19|
    |sub_ln1118_33_fu_587_p2   |     -    |      0|  0|  18|          18|          18|
    |sub_ln1118_34_fu_647_p2   |     -    |      0|  0|  19|          19|          19|
    |sub_ln1118_35_fu_2006_p2  |     -    |      0|  0|  19|          19|          19|
    |sub_ln1118_36_fu_753_p2   |     -    |      0|  0|  18|           1|          19|
    |sub_ln1118_37_fu_759_p2   |     -    |      0|  0|  18|          19|          19|
    |sub_ln1118_38_fu_921_p2   |     -    |      0|  0|  20|          20|          20|
    |sub_ln1118_39_fu_978_p2   |     -    |      0|  0|  19|          19|          19|
    |sub_ln1118_40_fu_2143_p2  |     -    |      0|  0|  18|          18|          18|
    |sub_ln1118_41_fu_1118_p2  |     -    |      0|  0|  21|          21|          21|
    |sub_ln1118_42_fu_1251_p2  |     -    |      0|  0|  19|          19|          19|
    |sub_ln1118_43_fu_2223_p2  |     -    |      0|  0|  19|          19|          19|
    |sub_ln1118_44_fu_1382_p2  |     -    |      0|  0|  20|          20|          20|
    |sub_ln1118_45_fu_1436_p2  |     -    |      0|  0|  18|          18|          18|
    |sub_ln1118_46_fu_1456_p2  |     -    |      0|  0|  15|           1|          15|
    |sub_ln1118_47_fu_1520_p2  |     -    |      0|  0|  20|          20|          20|
    |sub_ln1118_48_fu_2321_p2  |     -    |      0|  0|  19|           1|          19|
    |sub_ln1118_49_fu_1646_p2  |     -    |      0|  0|  17|           1|          17|
    |sub_ln1118_50_fu_1678_p2  |     -    |      0|  0|  20|          20|          20|
    |sub_ln1118_51_fu_1707_p2  |     -    |      0|  0|  16|           1|          16|
    |sub_ln1118_52_fu_1751_p2  |     -    |      0|  0|  18|          18|          18|
    |sub_ln1118_fu_300_p2      |     -    |      0|  0|  18|           1|          19|
    +--------------------------+----------+-------+---+----+------------+------------+
    |Total                     |          |      3|  0|1954|        1555|        1757|
    +--------------------------+----------+-------+---+----+------------+------------+

    * Multiplexer: 
    +-------------+----+-----------+-----+-----------+
    |     Name    | LUT| Input Size| Bits| Total Bits|
    +-------------+----+-----------+-----+-----------+
    |ap_return_0  |   9|          2|   14|         28|
    |ap_return_1  |   9|          2|   14|         28|
    |ap_return_2  |   9|          2|   14|         28|
    |ap_return_3  |   9|          2|   14|         28|
    |ap_return_4  |   9|          2|   14|         28|
    |ap_return_5  |   9|          2|   14|         28|
    |ap_return_6  |   9|          2|   14|         28|
    |ap_return_7  |   9|          2|   14|         28|
    +-------------+----+-----------+-----+-----------+
    |Total        |  72|         16|  112|        224|
    +-------------+----+-----------+-----+-----------+

    * Register: 
    +--------------------------+----+----+-----+-----------+
    |           Name           | FF | LUT| Bits| Const Bits|
    +--------------------------+----+----+-----+-----------+
    |add_ln703_101_reg_2768    |  14|   0|   14|          0|
    |add_ln703_105_reg_2773    |  14|   0|   14|          0|
    |add_ln703_111_reg_2778    |  14|   0|   14|          0|
    |add_ln703_115_reg_2783    |  14|   0|   14|          0|
    |add_ln703_117_reg_2788    |  14|   0|   14|          0|
    |add_ln703_120_reg_2793    |  14|   0|   14|          0|
    |add_ln703_125_reg_2798    |  14|   0|   14|          0|
    |add_ln703_131_reg_2803    |  14|   0|   14|          0|
    |add_ln703_135_reg_2808    |  14|   0|   14|          0|
    |add_ln703_141_reg_2813    |  14|   0|   14|          0|
    |add_ln703_65_reg_2713     |  14|   0|   14|          0|
    |add_ln703_67_reg_2718     |  14|   0|   14|          0|
    |add_ln703_70_reg_2723     |  14|   0|   14|          0|
    |add_ln703_75_reg_2728     |  14|   0|   14|          0|
    |add_ln703_77_reg_2733     |  14|   0|   14|          0|
    |add_ln703_80_reg_2738     |  14|   0|   14|          0|
    |add_ln703_85_reg_2743     |  14|   0|   14|          0|
    |add_ln703_87_reg_2748     |  14|   0|   14|          0|
    |add_ln703_90_reg_2753     |  14|   0|   14|          0|
    |add_ln703_95_reg_2763     |  14|   0|   14|          0|
    |ap_ce_reg                 |   1|   0|    1|          0|
    |ap_return_0_int_reg       |  14|   0|   14|          0|
    |ap_return_1_int_reg       |  14|   0|   14|          0|
    |ap_return_2_int_reg       |  14|   0|   14|          0|
    |ap_return_3_int_reg       |  14|   0|   14|          0|
    |ap_return_4_int_reg       |  14|   0|   14|          0|
    |ap_return_5_int_reg       |  14|   0|   14|          0|
    |ap_return_6_int_reg       |  14|   0|   14|          0|
    |ap_return_7_int_reg       |  14|   0|   14|          0|
    |data_0_V_read_3_reg_2702  |  14|   0|   14|          0|
    |data_1_V_read_3_reg_2692  |  14|   0|   14|          0|
    |data_5_V_read_3_reg_2685  |  14|   0|   14|          0|
    |trunc_ln708_83_reg_2758   |  12|   0|   12|          0|
    |trunc_ln708_s_reg_2708    |   8|   0|    8|          0|
    +--------------------------+----+----+-----+-----------+
    |Total                     | 455|   0|  455|          0|
    +--------------------------+----+----+-----+-----------+



================================================================
== Interface
================================================================
* Summary: 
+---------------+-----+-----+------------+----------------------+--------------+
|   RTL Ports   | Dir | Bits|  Protocol  |     Source Object    |    C Type    |
+---------------+-----+-----+------------+----------------------+--------------+
|ap_clk         |  in |    1| ap_ctrl_hs | dense_resource.1.0.1 | return value |
|ap_rst         |  in |    1| ap_ctrl_hs | dense_resource.1.0.1 | return value |
|ap_return_0    | out |   14| ap_ctrl_hs | dense_resource.1.0.1 | return value |
|ap_return_1    | out |   14| ap_ctrl_hs | dense_resource.1.0.1 | return value |
|ap_return_2    | out |   14| ap_ctrl_hs | dense_resource.1.0.1 | return value |
|ap_return_3    | out |   14| ap_ctrl_hs | dense_resource.1.0.1 | return value |
|ap_return_4    | out |   14| ap_ctrl_hs | dense_resource.1.0.1 | return value |
|ap_return_5    | out |   14| ap_ctrl_hs | dense_resource.1.0.1 | return value |
|ap_return_6    | out |   14| ap_ctrl_hs | dense_resource.1.0.1 | return value |
|ap_return_7    | out |   14| ap_ctrl_hs | dense_resource.1.0.1 | return value |
|ap_ce          |  in |    1| ap_ctrl_hs | dense_resource.1.0.1 | return value |
|data_0_V_read  |  in |   14|   ap_none  |     data_0_V_read    |    scalar    |
|data_1_V_read  |  in |   14|   ap_none  |     data_1_V_read    |    scalar    |
|data_2_V_read  |  in |   14|   ap_none  |     data_2_V_read    |    scalar    |
|data_3_V_read  |  in |   14|   ap_none  |     data_3_V_read    |    scalar    |
|data_4_V_read  |  in |   14|   ap_none  |     data_4_V_read    |    scalar    |
|data_5_V_read  |  in |   14|   ap_none  |     data_5_V_read    |    scalar    |
|data_6_V_read  |  in |   14|   ap_none  |     data_6_V_read    |    scalar    |
|data_7_V_read  |  in |   14|   ap_none  |     data_7_V_read    |    scalar    |
|data_8_V_read  |  in |   14|   ap_none  |     data_8_V_read    |    scalar    |
|data_9_V_read  |  in |   14|   ap_none  |     data_9_V_read    |    scalar    |
+---------------+-----+-----+------------+----------------------+--------------+

