

================================================================
== Vivado HLS Report for 'dense_resource_2_0'
================================================================
* Date:           Mon Aug 22 13:46:10 2022

* Version:        2019.2 (Build 2704478 on Wed Nov 06 22:10:23 MST 2019)
* Project:        axi_ii_1
* Solution:       example_par_1
* Product family: virtexuplus
* Target device:  xcvu9p-flga2104-2-i


================================================================
== Performance Estimates
================================================================
+ Timing: 
    * Summary: 
    +--------+---------+----------+------------+
    |  Clock |  Target | Estimated| Uncertainty|
    +--------+---------+----------+------------+
    |ap_clk  | 5.00 ns | 3.804 ns |   0.62 ns  |
    +--------+---------+----------+------------+

+ Latency: 
    * Summary: 
    +---------+---------+----------+----------+-----+-----+----------+
    |  Latency (cycles) |  Latency (absolute) |  Interval | Pipeline |
    |   min   |   max   |    min   |    max   | min | max |   Type   |
    +---------+---------+----------+----------+-----+-----+----------+
    |        1|        1| 5.000 ns | 5.000 ns |    1|    1| function |
    +---------+---------+----------+----------+-----+-----+----------+

    + Detail: 
        * Instance: 
        N/A

        * Loop: 
        N/A



================================================================
== Utilization Estimates
================================================================
* Summary: 
+---------------------+---------+-------+---------+---------+-----+
|         Name        | BRAM_18K| DSP48E|    FF   |   LUT   | URAM|
+---------------------+---------+-------+---------+---------+-----+
|DSP                  |        -|     27|        -|        -|    -|
|Expression           |        -|      -|        0|     1741|    -|
|FIFO                 |        -|      -|        -|        -|    -|
|Instance             |        -|      -|        -|        -|    -|
|Memory               |        -|      -|        -|        -|    -|
|Multiplexer          |        -|      -|        -|       72|    -|
|Register             |        -|      -|      368|        -|    -|
+---------------------+---------+-------+---------+---------+-----+
|Total                |        0|     27|      368|     1813|    0|
+---------------------+---------+-------+---------+---------+-----+
|Available SLR        |     1440|   2280|   788160|   394080|  320|
+---------------------+---------+-------+---------+---------+-----+
|Utilization SLR (%)  |        0|      1|    ~0   |    ~0   |    0|
+---------------------+---------+-------+---------+---------+-----+
|Available            |     4320|   6840|  2364480|  1182240|  960|
+---------------------+---------+-------+---------+---------+-----+
|Utilization (%)      |        0|   ~0  |    ~0   |    ~0   |    0|
+---------------------+---------+-------+---------+---------+-----+

+ Detail: 
    * Instance: 
    N/A

    * DSP48E: 
    +---------------------------+----------------------+-----------+
    |          Instance         |        Module        | Expression|
    +---------------------------+----------------------+-----------+
    |example_mul_mul_1mb6_U630  |example_mul_mul_1mb6  |  i0 * i1  |
    |example_mul_mul_1mb6_U636  |example_mul_mul_1mb6  |  i0 * i1  |
    |example_mul_mul_1mb6_U652  |example_mul_mul_1mb6  |  i0 * i1  |
    |example_mul_mul_1mb6_U656  |example_mul_mul_1mb6  |  i0 * i1  |
    |example_mul_mul_1ncg_U631  |example_mul_mul_1ncg  |  i0 * i1  |
    |example_mul_mul_1ncg_U638  |example_mul_mul_1ncg  |  i0 * i1  |
    |example_mul_mul_1ncg_U654  |example_mul_mul_1ncg  |  i0 * i1  |
    |example_mul_mul_1ocq_U632  |example_mul_mul_1ocq  |  i0 * i1  |
    |example_mul_mul_1ocq_U637  |example_mul_mul_1ocq  |  i0 * i1  |
    |example_mul_mul_1ocq_U639  |example_mul_mul_1ocq  |  i0 * i1  |
    |example_mul_mul_1ocq_U642  |example_mul_mul_1ocq  |  i0 * i1  |
    |example_mul_mul_1ocq_U650  |example_mul_mul_1ocq  |  i0 * i1  |
    |example_mul_mul_1ocq_U655  |example_mul_mul_1ocq  |  i0 * i1  |
    |example_mul_mul_1pcA_U633  |example_mul_mul_1pcA  |  i0 * i1  |
    |example_mul_mul_1qcK_U634  |example_mul_mul_1qcK  |  i0 * i1  |
    |example_mul_mul_1qcK_U635  |example_mul_mul_1qcK  |  i0 * i1  |
    |example_mul_mul_1qcK_U643  |example_mul_mul_1qcK  |  i0 * i1  |
    |example_mul_mul_1qcK_U648  |example_mul_mul_1qcK  |  i0 * i1  |
    |example_mul_mul_1rcU_U640  |example_mul_mul_1rcU  |  i0 * i1  |
    |example_mul_mul_1rcU_U641  |example_mul_mul_1rcU  |  i0 * i1  |
    |example_mul_mul_1sc4_U644  |example_mul_mul_1sc4  |  i0 * i1  |
    |example_mul_mul_1sc4_U647  |example_mul_mul_1sc4  |  i0 * i1  |
    |example_mul_mul_1sc4_U649  |example_mul_mul_1sc4  |  i0 * i1  |
    |example_mul_mul_1tde_U645  |example_mul_mul_1tde  |  i0 * i1  |
    |example_mul_mul_1tde_U651  |example_mul_mul_1tde  |  i0 * i1  |
    |example_mul_mul_1tde_U653  |example_mul_mul_1tde  |  i0 * i1  |
    |example_mul_mul_1udo_U646  |example_mul_mul_1udo  |  i0 * i1  |
    +---------------------------+----------------------+-----------+

    * Memory: 
    N/A

    * FIFO: 
    N/A

    * Expression: 
    +--------------------------+----------+-------+---+----+------------+------------+
    |       Variable Name      | Operation| DSP48E| FF| LUT| Bitwidth P0| Bitwidth P1|
    +--------------------------+----------+-------+---+----+------------+------------+
    |add_ln1118_1_fu_1147_p2   |     +    |      0|  0|  21|          21|          21|
    |add_ln1118_2_fu_1278_p2   |     +    |      0|  0|  17|          17|          17|
    |add_ln1118_3_fu_1335_p2   |     +    |      0|  0|  18|          18|          18|
    |add_ln1118_4_fu_1496_p2   |     +    |      0|  0|  18|          18|          18|
    |add_ln1118_5_fu_1967_p2   |     +    |      0|  0|  19|          19|          19|
    |add_ln1118_fu_282_p2      |     +    |      0|  0|  20|          20|          20|
    |add_ln703_10_fu_434_p2    |     +    |      0|  0|  18|          14|          14|
    |add_ln703_11_fu_1355_p2   |     +    |      0|  0|  14|          14|          14|
    |add_ln703_12_fu_1361_p2   |     +    |      0|  0|  12|          12|           6|
    |add_ln703_13_fu_1371_p2   |     +    |      0|  0|  14|          14|          14|
    |add_ln703_14_fu_1377_p2   |     +    |      0|  0|  18|          14|          14|
    |add_ln703_15_fu_1383_p2   |     +    |      0|  0|  18|          14|          14|
    |add_ln703_16_fu_539_p2    |     +    |      0|  0|  18|          14|          14|
    |add_ln703_17_fu_545_p2    |     +    |      0|  0|  13|          13|          13|
    |add_ln703_18_fu_555_p2    |     +    |      0|  0|  18|          14|          14|
    |add_ln703_19_fu_1442_p2   |     +    |      0|  0|  14|          14|          14|
    |add_ln703_1_fu_351_p2     |     +    |      0|  0|  18|          14|          14|
    |add_ln703_20_fu_1448_p2   |     +    |      0|  0|  18|          14|           3|
    |add_ln703_21_fu_1453_p2   |     +    |      0|  0|  18|          14|          14|
    |add_ln703_22_fu_1459_p2   |     +    |      0|  0|  18|          14|          14|
    |add_ln703_23_fu_1465_p2   |     +    |      0|  0|  18|          14|          14|
    |add_ln703_24_fu_734_p2    |     +    |      0|  0|  14|          14|          14|
    |add_ln703_25_fu_740_p2    |     +    |      0|  0|  18|          14|          14|
    |add_ln703_26_fu_746_p2    |     +    |      0|  0|  18|          14|          14|
    |add_ln703_27_fu_1577_p2   |     +    |      0|  0|  13|          13|          13|
    |add_ln703_28_fu_1587_p2   |     +    |      0|  0|  18|          14|           7|
    |add_ln703_29_fu_1592_p2   |     +    |      0|  0|  18|          14|          14|
    |add_ln703_2_fu_357_p2     |     +    |      0|  0|  18|          14|          14|
    |add_ln703_30_fu_1598_p2   |     +    |      0|  0|  18|          14|          14|
    |add_ln703_31_fu_1604_p2   |     +    |      0|  0|  18|          14|          14|
    |add_ln703_32_fu_833_p2    |     +    |      0|  0|  14|          14|          14|
    |add_ln703_33_fu_839_p2    |     +    |      0|  0|  18|          14|          14|
    |add_ln703_34_fu_845_p2    |     +    |      0|  0|  18|          14|          14|
    |add_ln703_35_fu_1669_p2   |     +    |      0|  0|  14|          14|          14|
    |add_ln703_36_fu_1675_p2   |     +    |      0|  0|  18|          14|           7|
    |add_ln703_37_fu_1681_p2   |     +    |      0|  0|  18|          14|          14|
    |add_ln703_38_fu_1686_p2   |     +    |      0|  0|  18|          14|          14|
    |add_ln703_39_fu_1692_p2   |     +    |      0|  0|  18|          14|          14|
    |add_ln703_3_fu_1234_p2    |     +    |      0|  0|  14|          14|          14|
    |add_ln703_40_fu_930_p2    |     +    |      0|  0|  14|          14|          14|
    |add_ln703_41_fu_936_p2    |     +    |      0|  0|  18|          14|          14|
    |add_ln703_42_fu_942_p2    |     +    |      0|  0|  18|          14|          14|
    |add_ln703_43_fu_1799_p2   |     +    |      0|  0|  14|          14|          14|
    |add_ln703_44_fu_1805_p2   |     +    |      0|  0|  18|          14|           7|
    |add_ln703_45_fu_1811_p2   |     +    |      0|  0|  18|          14|          14|
    |add_ln703_46_fu_1817_p2   |     +    |      0|  0|  18|          14|          14|
    |add_ln703_47_fu_1823_p2   |     +    |      0|  0|  18|          14|          14|
    |add_ln703_48_fu_1005_p2   |     +    |      0|  0|  14|          14|          14|
    |add_ln703_49_fu_1011_p2   |     +    |      0|  0|  18|          14|          14|
    |add_ln703_4_fu_1240_p2    |     +    |      0|  0|  11|          11|           5|
    |add_ln703_50_fu_1017_p2   |     +    |      0|  0|  18|          14|          14|
    |add_ln703_51_fu_1883_p2   |     +    |      0|  0|  14|          14|          14|
    |add_ln703_52_fu_1889_p2   |     +    |      0|  0|   9|           9|           7|
    |add_ln703_53_fu_1899_p2   |     +    |      0|  0|  14|          14|          14|
    |add_ln703_54_fu_1905_p2   |     +    |      0|  0|  18|          14|          14|
    |add_ln703_55_fu_1911_p2   |     +    |      0|  0|  18|          14|          14|
    |add_ln703_56_fu_1086_p2   |     +    |      0|  0|  14|          14|          14|
    |add_ln703_57_fu_1092_p2   |     +    |      0|  0|  18|          14|          14|
    |add_ln703_58_fu_1098_p2   |     +    |      0|  0|  18|          14|          14|
    |add_ln703_59_fu_1987_p2   |     +    |      0|  0|  14|          14|          14|
    |add_ln703_5_fu_1250_p2    |     +    |      0|  0|  14|          14|          14|
    |add_ln703_60_fu_1993_p2   |     +    |      0|  0|  13|          13|           7|
    |add_ln703_61_fu_2003_p2   |     +    |      0|  0|  14|          14|          14|
    |add_ln703_62_fu_2009_p2   |     +    |      0|  0|  18|          14|          14|
    |add_ln703_63_fu_2015_p2   |     +    |      0|  0|  18|          14|          14|
    |add_ln703_6_fu_1256_p2    |     +    |      0|  0|  18|          14|          14|
    |add_ln703_7_fu_1262_p2    |     +    |      0|  0|  18|          14|          14|
    |add_ln703_8_fu_422_p2     |     +    |      0|  0|  14|          14|          14|
    |add_ln703_9_fu_428_p2     |     +    |      0|  0|  18|          14|          14|
    |add_ln703_fu_345_p2       |     +    |      0|  0|  14|          14|          14|
    |sub_ln1118_10_fu_1551_p2  |     -    |      0|  0|  18|           1|          20|
    |sub_ln1118_11_fu_1557_p2  |     -    |      0|  0|  18|          20|          20|
    |sub_ln1118_12_fu_752_p2   |     -    |      0|  0|  18|           1|          20|
    |sub_ln1118_13_fu_758_p2   |     -    |      0|  0|  18|          20|          20|
    |sub_ln1118_14_fu_791_p2   |     -    |      0|  0|  20|          20|          20|
    |sub_ln1118_15_fu_1609_p2  |     -    |      0|  0|  17|          17|          17|
    |sub_ln1118_16_fu_1649_p2  |     -    |      0|  0|  20|          20|          20|
    |sub_ln1118_17_fu_872_p2   |     -    |      0|  0|  20|          20|          20|
    |sub_ln1118_18_fu_901_p2   |     -    |      0|  0|  17|          17|          17|
    |sub_ln1118_19_fu_1708_p2  |     -    |      0|  0|  18|           1|          20|
    |sub_ln1118_1_fu_500_p2    |     -    |      0|  0|  19|          19|          19|
    |sub_ln1118_20_fu_1714_p2  |     -    |      0|  0|  18|          20|          20|
    |sub_ln1118_21_fu_1745_p2  |     -    |      0|  0|  20|          20|          20|
    |sub_ln1118_22_fu_1776_p2  |     -    |      0|  0|  20|          20|          20|
    |sub_ln1118_23_fu_975_p2   |     -    |      0|  0|  20|           1|          20|
    |sub_ln1118_24_fu_1835_p2  |     -    |      0|  0|  21|          21|          21|
    |sub_ln1118_25_fu_1860_p2  |     -    |      0|  0|  20|          20|          20|
    |sub_ln1118_26_fu_1053_p2  |     -    |      0|  0|  18|          18|          18|
    |sub_ln1118_27_fu_1916_p2  |     -    |      0|  0|  21|          21|          21|
    |sub_ln1118_28_fu_1932_p2  |     -    |      0|  0|  19|           1|          19|
    |sub_ln1118_29_fu_1177_p2  |     -    |      0|  0|  20|          20|          20|
    |sub_ln1118_2_fu_1422_p2   |     -    |      0|  0|  19|          19|          19|
    |sub_ln1118_30_fu_1214_p2  |     -    |      0|  0|  17|          17|          17|
    |sub_ln1118_3_fu_573_p2    |     -    |      0|  0|  20|          20|          20|
    |sub_ln1118_4_fu_605_p2    |     -    |      0|  0|  18|           1|          20|
    |sub_ln1118_5_fu_623_p2    |     -    |      0|  0|  18|          20|          20|
    |sub_ln1118_6_fu_655_p2    |     -    |      0|  0|  18|           1|          17|
    |sub_ln1118_7_fu_661_p2    |     -    |      0|  0|  18|          17|          17|
    |sub_ln1118_8_fu_705_p2    |     -    |      0|  0|  20|          20|          20|
    |sub_ln1118_9_fu_1531_p2   |     -    |      0|  0|  19|          19|          19|
    |sub_ln1118_fu_402_p2      |     -    |      0|  0|  18|           1|          18|
    +--------------------------+----------+-------+---+----+------------+------------+
    |Total                     |          |      0|  0|1741|        1449|        1543|
    +--------------------------+----------+-------+---+----+------------+------------+

    * Multiplexer: 
    +-------------+----+-----------+-----+-----------+
    |     Name    | LUT| Input Size| Bits| Total Bits|
    +-------------+----+-----------+-----+-----------+
    |ap_return_0  |   9|          2|   14|         28|
    |ap_return_1  |   9|          2|   14|         28|
    |ap_return_2  |   9|          2|   14|         28|
    |ap_return_3  |   9|          2|   14|         28|
    |ap_return_4  |   9|          2|   14|         28|
    |ap_return_5  |   9|          2|   14|         28|
    |ap_return_6  |   9|          2|   14|         28|
    |ap_return_7  |   9|          2|   14|         28|
    +-------------+----+-----------+-----+-----------+
    |Total        |  72|         16|  112|        224|
    +-------------+----+-----------+-----+-----------+

    * Register: 
    +--------------------------+----+----+-----+-----------+
    |           Name           | FF | LUT| Bits| Const Bits|
    +--------------------------+----+----+-----+-----------+
    |add_ln703_10_reg_2309     |  14|   0|   14|          0|
    |add_ln703_18_reg_2324     |  14|   0|   14|          0|
    |add_ln703_26_reg_2334     |  14|   0|   14|          0|
    |add_ln703_2_reg_2304      |  14|   0|   14|          0|
    |add_ln703_34_reg_2344     |  14|   0|   14|          0|
    |add_ln703_42_reg_2354     |  14|   0|   14|          0|
    |add_ln703_50_reg_2364     |  14|   0|   14|          0|
    |add_ln703_58_reg_2369     |  14|   0|   14|          0|
    |ap_ce_reg                 |   1|   0|    1|          0|
    |ap_return_0_int_reg       |  14|   0|   14|          0|
    |ap_return_1_int_reg       |  14|   0|   14|          0|
    |ap_return_2_int_reg       |  14|   0|   14|          0|
    |ap_return_3_int_reg       |  14|   0|   14|          0|
    |ap_return_4_int_reg       |  14|   0|   14|          0|
    |ap_return_5_int_reg       |  14|   0|   14|          0|
    |ap_return_6_int_reg       |  14|   0|   14|          0|
    |ap_return_7_int_reg       |  14|   0|   14|          0|
    |data_4_V_read_2_reg_2287  |  14|   0|   14|          0|
    |data_5_V_read_2_reg_2276  |  14|   0|   14|          0|
    |data_6_V_read_2_reg_2267  |  14|   0|   14|          0|
    |data_7_V_read_2_reg_2257  |  14|   0|   14|          0|
    |tmp_9_reg_2359            |   8|   0|    8|          0|
    |trunc_ln708_16_reg_2314   |  13|   0|   13|          0|
    |trunc_ln708_18_reg_2319   |  14|   0|   14|          0|
    |trunc_ln708_24_reg_2329   |  14|   0|   14|          0|
    |trunc_ln708_31_reg_2339   |  14|   0|   14|          0|
    |trunc_ln708_40_reg_2349   |  13|   0|   13|          0|
    |trunc_ln708_4_reg_2299    |  11|   0|   11|          0|
    +--------------------------+----+----+-----+-----------+
    |Total                     | 368|   0|  368|          0|
    +--------------------------+----+----+-----+-----------+



================================================================
== Interface
================================================================
* Summary: 
+---------------+-----+-----+------------+--------------------+--------------+
|   RTL Ports   | Dir | Bits|  Protocol  |    Source Object   |    C Type    |
+---------------+-----+-----+------------+--------------------+--------------+
|ap_clk         |  in |    1| ap_ctrl_hs | dense_resource.2.0 | return value |
|ap_rst         |  in |    1| ap_ctrl_hs | dense_resource.2.0 | return value |
|ap_return_0    | out |   14| ap_ctrl_hs | dense_resource.2.0 | return value |
|ap_return_1    | out |   14| ap_ctrl_hs | dense_resource.2.0 | return value |
|ap_return_2    | out |   14| ap_ctrl_hs | dense_resource.2.0 | return value |
|ap_return_3    | out |   14| ap_ctrl_hs | dense_resource.2.0 | return value |
|ap_return_4    | out |   14| ap_ctrl_hs | dense_resource.2.0 | return value |
|ap_return_5    | out |   14| ap_ctrl_hs | dense_resource.2.0 | return value |
|ap_return_6    | out |   14| ap_ctrl_hs | dense_resource.2.0 | return value |
|ap_return_7    | out |   14| ap_ctrl_hs | dense_resource.2.0 | return value |
|ap_ce          |  in |    1| ap_ctrl_hs | dense_resource.2.0 | return value |
|data_0_V_read  |  in |   14|   ap_none  |    data_0_V_read   |    scalar    |
|data_1_V_read  |  in |   14|   ap_none  |    data_1_V_read   |    scalar    |
|data_2_V_read  |  in |   14|   ap_none  |    data_2_V_read   |    scalar    |
|data_3_V_read  |  in |   14|   ap_none  |    data_3_V_read   |    scalar    |
|data_4_V_read  |  in |   14|   ap_none  |    data_4_V_read   |    scalar    |
|data_5_V_read  |  in |   14|   ap_none  |    data_5_V_read   |    scalar    |
|data_6_V_read  |  in |   14|   ap_none  |    data_6_V_read   |    scalar    |
|data_7_V_read  |  in |   14|   ap_none  |    data_7_V_read   |    scalar    |
+---------------+-----+-----+------------+--------------------+--------------+

