

================================================================
== Vivado HLS Report for 'dense_resource_0_0'
================================================================
* Date:           Mon Aug 22 13:47:04 2022

* Version:        2019.2 (Build 2704478 on Wed Nov 06 22:10:23 MST 2019)
* Project:        axi_ii_1
* Solution:       example_par_1
* Product family: virtexuplus
* Target device:  xcvu9p-flga2104-2-i


================================================================
== Performance Estimates
================================================================
+ Timing: 
    * Summary: 
    +--------+---------+----------+------------+
    |  Clock |  Target | Estimated| Uncertainty|
    +--------+---------+----------+------------+
    |ap_clk  | 5.00 ns | 3.804 ns |   0.62 ns  |
    +--------+---------+----------+------------+

+ Latency: 
    * Summary: 
    +---------+---------+----------+----------+-----+-----+----------+
    |  Latency (cycles) |  Latency (absolute) |  Interval | Pipeline |
    |   min   |   max   |    min   |    max   | min | max |   Type   |
    +---------+---------+----------+----------+-----+-----+----------+
    |        1|        1| 5.000 ns | 5.000 ns |    1|    1| function |
    +---------+---------+----------+----------+-----+-----+----------+

    + Detail: 
        * Instance: 
        N/A

        * Loop: 
        N/A



================================================================
== Utilization Estimates
================================================================
* Summary: 
+---------------------+---------+-------+---------+---------+-----+
|         Name        | BRAM_18K| DSP48E|    FF   |   LUT   | URAM|
+---------------------+---------+-------+---------+---------+-----+
|DSP                  |        -|     37|        -|        -|    -|
|Expression           |        -|      0|        0|     1554|    -|
|FIFO                 |        -|      -|        -|        -|    -|
|Instance             |        -|      -|        -|        -|    -|
|Memory               |        -|      -|        -|        -|    -|
|Multiplexer          |        -|      -|        -|       72|    -|
|Register             |        -|      -|      470|        -|    -|
+---------------------+---------+-------+---------+---------+-----+
|Total                |        0|     37|      470|     1626|    0|
+---------------------+---------+-------+---------+---------+-----+
|Available SLR        |     1440|   2280|   788160|   394080|  320|
+---------------------+---------+-------+---------+---------+-----+
|Utilization SLR (%)  |        0|      1|    ~0   |    ~0   |    0|
+---------------------+---------+-------+---------+---------+-----+
|Available            |     4320|   6840|  2364480|  1182240|  960|
+---------------------+---------+-------+---------+---------+-----+
|Utilization (%)      |        0|   ~0  |    ~0   |    ~0   |    0|
+---------------------+---------+-------+---------+---------+-----+

+ Detail: 
    * Instance: 
    N/A

    * DSP48E: 
    +----------------------------+----------------------+-----------+
    |          Instance          |        Module        | Expression|
    +----------------------------+----------------------+-----------+
    |example_mul_mul_1ncg_U2084  |example_mul_mul_1ncg  |  i0 * i1  |
    |example_mul_mul_1ncg_U2093  |example_mul_mul_1ncg  |  i0 * i1  |
    |example_mul_mul_1ncg_U2100  |example_mul_mul_1ncg  |  i0 * i1  |
    |example_mul_mul_1ncg_U2110  |example_mul_mul_1ncg  |  i0 * i1  |
    |example_mul_mul_1ocq_U2079  |example_mul_mul_1ocq  |  i0 * i1  |
    |example_mul_mul_1ocq_U2086  |example_mul_mul_1ocq  |  i0 * i1  |
    |example_mul_mul_1ocq_U2097  |example_mul_mul_1ocq  |  i0 * i1  |
    |example_mul_mul_1ocq_U2098  |example_mul_mul_1ocq  |  i0 * i1  |
    |example_mul_mul_1ocq_U2099  |example_mul_mul_1ocq  |  i0 * i1  |
    |example_mul_mul_1ocq_U2112  |example_mul_mul_1ocq  |  i0 * i1  |
    |example_mul_mul_1ocq_U2113  |example_mul_mul_1ocq  |  i0 * i1  |
    |example_mul_mul_1ocq_U2114  |example_mul_mul_1ocq  |  i0 * i1  |
    |example_mul_mul_1qcK_U2094  |example_mul_mul_1qcK  |  i0 * i1  |
    |example_mul_mul_1qcK_U2109  |example_mul_mul_1qcK  |  i0 * i1  |
    |example_mul_mul_1rcU_U2085  |example_mul_mul_1rcU  |  i0 * i1  |
    |example_mul_mul_1rcU_U2111  |example_mul_mul_1rcU  |  i0 * i1  |
    |example_mul_mul_1sc4_U2081  |example_mul_mul_1sc4  |  i0 * i1  |
    |example_mul_mul_1sc4_U2083  |example_mul_mul_1sc4  |  i0 * i1  |
    |example_mul_mul_1sc4_U2088  |example_mul_mul_1sc4  |  i0 * i1  |
    |example_mul_mul_1sc4_U2096  |example_mul_mul_1sc4  |  i0 * i1  |
    |example_mul_mul_1sc4_U2102  |example_mul_mul_1sc4  |  i0 * i1  |
    |example_mul_mul_1sc4_U2103  |example_mul_mul_1sc4  |  i0 * i1  |
    |example_mul_mul_1sc4_U2104  |example_mul_mul_1sc4  |  i0 * i1  |
    |example_mul_mul_1sc4_U2105  |example_mul_mul_1sc4  |  i0 * i1  |
    |example_mul_mul_1tde_U2090  |example_mul_mul_1tde  |  i0 * i1  |
    |example_mul_mul_1wdI_U2078  |example_mul_mul_1wdI  |  i0 * i1  |
    |example_mul_mul_1wdI_U2080  |example_mul_mul_1wdI  |  i0 * i1  |
    |example_mul_mul_1wdI_U2082  |example_mul_mul_1wdI  |  i0 * i1  |
    |example_mul_mul_1wdI_U2087  |example_mul_mul_1wdI  |  i0 * i1  |
    |example_mul_mul_1wdI_U2089  |example_mul_mul_1wdI  |  i0 * i1  |
    |example_mul_mul_1wdI_U2091  |example_mul_mul_1wdI  |  i0 * i1  |
    |example_mul_mul_1wdI_U2092  |example_mul_mul_1wdI  |  i0 * i1  |
    |example_mul_mul_1wdI_U2095  |example_mul_mul_1wdI  |  i0 * i1  |
    |example_mul_mul_1wdI_U2101  |example_mul_mul_1wdI  |  i0 * i1  |
    |example_mul_mul_1wdI_U2106  |example_mul_mul_1wdI  |  i0 * i1  |
    |example_mul_mul_1wdI_U2107  |example_mul_mul_1wdI  |  i0 * i1  |
    |example_mul_mul_1wdI_U2108  |example_mul_mul_1wdI  |  i0 * i1  |
    +----------------------------+----------------------+-----------+

    * Memory: 
    N/A

    * FIFO: 
    N/A

    * Expression: 
    +---------------------------+----------+-------+---+----+------------+------------+
    |       Variable Name       | Operation| DSP48E| FF| LUT| Bitwidth P0| Bitwidth P1|
    +---------------------------+----------+-------+---+----+------------+------------+
    |mul_ln1118_11_fu_1087_p2   |     *    |      0|  0|   7|          14|           4|
    |mul_ln1118_45_fu_1597_p2   |     *    |      0|  0|   7|          14|           4|
    |add_ln1118_fu_1282_p2      |     +    |      0|  0|  21|          21|          21|
    |add_ln703_126_fu_990_p2    |     +    |      0|  0|  14|          14|          14|
    |add_ln703_127_fu_996_p2    |     +    |      0|  0|  18|          14|          14|
    |add_ln703_128_fu_1002_p2   |     +    |      0|  0|  18|          14|          14|
    |add_ln703_129_fu_327_p2    |     +    |      0|  0|  18|          14|           7|
    |add_ln703_130_fu_333_p2    |     +    |      0|  0|  18|          14|          14|
    |add_ln703_131_fu_1006_p2   |     +    |      0|  0|  18|          14|          14|
    |add_ln703_133_fu_1107_p2   |     +    |      0|  0|  14|          14|          14|
    |add_ln703_134_fu_1113_p2   |     +    |      0|  0|  14|          14|          14|
    |add_ln703_135_fu_1119_p2   |     +    |      0|  0|  18|          14|          14|
    |add_ln703_136_fu_1125_p2   |     +    |      0|  0|  18|          14|          14|
    |add_ln703_137_fu_375_p2    |     +    |      0|  0|  18|          14|           7|
    |add_ln703_138_fu_381_p2    |     +    |      0|  0|  18|          14|          14|
    |add_ln703_139_fu_1129_p2   |     +    |      0|  0|  18|          14|          14|
    |add_ln703_141_fu_1298_p2   |     +    |      0|  0|  14|          14|          14|
    |add_ln703_142_fu_1304_p2   |     +    |      0|  0|  14|          14|          14|
    |add_ln703_143_fu_1310_p2   |     +    |      0|  0|  18|          14|          14|
    |add_ln703_144_fu_1316_p2   |     +    |      0|  0|  18|          14|          14|
    |add_ln703_145_fu_409_p2    |     +    |      0|  0|  18|          14|           8|
    |add_ln703_146_fu_415_p2    |     +    |      0|  0|  18|          14|          14|
    |add_ln703_147_fu_1322_p2   |     +    |      0|  0|  18|          14|          14|
    |add_ln703_149_fu_1363_p2   |     +    |      0|  0|  14|          14|          14|
    |add_ln703_150_fu_1369_p2   |     +    |      0|  0|  14|          14|          14|
    |add_ln703_151_fu_1375_p2   |     +    |      0|  0|  18|          14|          14|
    |add_ln703_152_fu_1381_p2   |     +    |      0|  0|  18|          14|          14|
    |add_ln703_153_fu_471_p2    |     +    |      0|  0|  18|          14|           5|
    |add_ln703_154_fu_477_p2    |     +    |      0|  0|  18|          14|          14|
    |add_ln703_155_fu_1385_p2   |     +    |      0|  0|  18|          14|          14|
    |add_ln703_157_fu_1472_p2   |     +    |      0|  0|  14|          14|          14|
    |add_ln703_158_fu_1478_p2   |     +    |      0|  0|  14|          14|          14|
    |add_ln703_159_fu_1484_p2   |     +    |      0|  0|  18|          14|          14|
    |add_ln703_160_fu_1490_p2   |     +    |      0|  0|  18|          14|          14|
    |add_ln703_161_fu_519_p2    |     +    |      0|  0|  18|          14|           5|
    |add_ln703_162_fu_525_p2    |     +    |      0|  0|  18|          14|          14|
    |add_ln703_163_fu_1494_p2   |     +    |      0|  0|  18|          14|          14|
    |add_ln703_165_fu_1575_p2   |     +    |      0|  0|  14|          14|          14|
    |add_ln703_166_fu_1581_p2   |     +    |      0|  0|  14|          14|          14|
    |add_ln703_167_fu_1586_p2   |     +    |      0|  0|  18|          14|          14|
    |add_ln703_168_fu_623_p2    |     +    |      0|  0|  18|          14|          14|
    |add_ln703_169_fu_629_p2    |     +    |      0|  0|  14|          14|           5|
    |add_ln703_170_fu_635_p2    |     +    |      0|  0|  18|          14|          14|
    |add_ln703_172_fu_1660_p2   |     +    |      0|  0|  14|          14|          14|
    |add_ln703_173_fu_1666_p2   |     +    |      0|  0|  14|          14|          14|
    |add_ln703_174_fu_1672_p2   |     +    |      0|  0|  18|          14|          14|
    |add_ln703_175_fu_721_p2    |     +    |      0|  0|  18|          14|          14|
    |add_ln703_176_fu_727_p2    |     +    |      0|  0|   8|           8|           7|
    |add_ln703_177_fu_737_p2    |     +    |      0|  0|  14|          14|          14|
    |add_ln703_178_fu_743_p2    |     +    |      0|  0|  18|          14|          14|
    |add_ln703_180_fu_1766_p2   |     +    |      0|  0|  14|          14|          14|
    |add_ln703_181_fu_1772_p2   |     +    |      0|  0|  14|          14|          14|
    |add_ln703_182_fu_1778_p2   |     +    |      0|  0|  18|          14|          14|
    |add_ln703_183_fu_1784_p2   |     +    |      0|  0|  18|          14|          14|
    |add_ln703_184_fu_841_p2    |     +    |      0|  0|  18|          14|           7|
    |add_ln703_185_fu_847_p2    |     +    |      0|  0|  18|          14|          14|
    |add_ln703_186_fu_1789_p2   |     +    |      0|  0|  18|          14|          14|
    |add_ln703_277_fu_1011_p2   |     +    |      0|  0|  18|          14|          14|
    |add_ln703_278_fu_1134_p2   |     +    |      0|  0|  18|          14|          14|
    |add_ln703_279_fu_1327_p2   |     +    |      0|  0|  18|          14|          14|
    |add_ln703_280_fu_1390_p2   |     +    |      0|  0|  18|          14|          14|
    |add_ln703_281_fu_1499_p2   |     +    |      0|  0|  18|          14|          14|
    |add_ln703_282_fu_1592_p2   |     +    |      0|  0|  18|          14|          14|
    |add_ln703_283_fu_1678_p2   |     +    |      0|  0|  18|          14|          14|
    |add_ln703_284_fu_1794_p2   |     +    |      0|  0|  18|          14|          14|
    |add_ln703_fu_984_p2        |     +    |      0|  0|  14|          14|          14|
    |sub_ln1118_100_fu_543_p2   |     -    |      0|  0|  21|          21|          21|
    |sub_ln1118_101_fu_1637_p2  |     -    |      0|  0|  20|          20|          20|
    |sub_ln1118_47_fu_888_p2    |     -    |      0|  0|  18|          20|          20|
    |sub_ln1118_48_fu_928_p2    |     -    |      0|  0|  18|          18|          18|
    |sub_ln1118_49_fu_311_p2    |     -    |      0|  0|  21|          21|          21|
    |sub_ln1118_50_fu_1037_p2   |     -    |      0|  0|  18|           1|          20|
    |sub_ln1118_51_fu_1058_p2   |     -    |      0|  0|  18|          20|          20|
    |sub_ln1118_52_fu_1140_p2   |     -    |      0|  0|  16|           1|          16|
    |sub_ln1118_53_fu_1180_p2   |     -    |      0|  0|  18|           1|          21|
    |sub_ln1118_54_fu_1201_p2   |     -    |      0|  0|  18|          21|          21|
    |sub_ln1118_55_fu_1244_p2   |     -    |      0|  0|  21|          21|          21|
    |sub_ln1118_56_fu_1418_p2   |     -    |      0|  0|  21|          21|          21|
    |sub_ln1118_57_fu_1443_p2   |     -    |      0|  0|  18|          18|          18|
    |sub_ln1118_58_fu_1525_p2   |     -    |      0|  0|  19|           1|          19|
    |sub_ln1118_59_fu_1542_p2   |     -    |      0|  0|  19|          19|          19|
    |sub_ln1118_60_fu_576_p2    |     -    |      0|  0|  18|           1|          21|
    |sub_ln1118_61_fu_598_p2    |     -    |      0|  0|  18|          21|          21|
    |sub_ln1118_62_fu_677_p2    |     -    |      0|  0|  18|           1|          19|
    |sub_ln1118_63_fu_683_p2    |     -    |      0|  0|  18|          19|          19|
    |sub_ln1118_64_fu_1692_p2   |     -    |      0|  0|  19|          19|          19|
    |sub_ln1118_65_fu_1746_p2   |     -    |      0|  0|  18|          18|          18|
    |sub_ln1118_66_fu_771_p2    |     -    |      0|  0|  20|          20|          20|
    |sub_ln1118_67_fu_803_p2    |     -    |      0|  0|  18|           1|          20|
    |sub_ln1118_68_fu_821_p2    |     -    |      0|  0|  18|          20|          20|
    |sub_ln1118_fu_867_p2       |     -    |      0|  0|  18|           1|          20|
    +---------------------------+----------+-------+---+----+------------+------------+
    |Total                      |          |      0|  0|1554|        1270|        1343|
    +---------------------------+----------+-------+---+----+------------+------------+

    * Multiplexer: 
    +-------------+----+-----------+-----+-----------+
    |     Name    | LUT| Input Size| Bits| Total Bits|
    +-------------+----+-----------+-----+-----------+
    |ap_return_0  |   9|          2|   14|         28|
    |ap_return_1  |   9|          2|   14|         28|
    |ap_return_2  |   9|          2|   14|         28|
    |ap_return_3  |   9|          2|   14|         28|
    |ap_return_4  |   9|          2|   14|         28|
    |ap_return_5  |   9|          2|   14|         28|
    |ap_return_6  |   9|          2|   14|         28|
    |ap_return_7  |   9|          2|   14|         28|
    +-------------+----+-----------+-----+-----------+
    |Total        |  72|         16|  112|        224|
    +-------------+----+-----------+-----+-----------+

    * Register: 
    +--------------------------+----+----+-----+-----------+
    |           Name           | FF | LUT| Bits| Const Bits|
    +--------------------------+----+----+-----+-----------+
    |add_ln703_130_reg_2169    |  14|   0|   14|          0|
    |add_ln703_138_reg_2184    |  14|   0|   14|          0|
    |add_ln703_146_reg_2189    |  14|   0|   14|          0|
    |add_ln703_154_reg_2209    |  14|   0|   14|          0|
    |add_ln703_162_reg_2224    |  14|   0|   14|          0|
    |add_ln703_170_reg_2235    |  14|   0|   14|          0|
    |add_ln703_178_reg_2245    |  14|   0|   14|          0|
    |add_ln703_185_reg_2255    |  14|   0|   14|          0|
    |ap_ce_reg                 |   1|   0|    1|          0|
    |ap_return_0_int_reg       |  14|   0|   14|          0|
    |ap_return_1_int_reg       |  14|   0|   14|          0|
    |ap_return_2_int_reg       |  14|   0|   14|          0|
    |ap_return_3_int_reg       |  14|   0|   14|          0|
    |ap_return_4_int_reg       |  14|   0|   14|          0|
    |ap_return_5_int_reg       |  14|   0|   14|          0|
    |ap_return_6_int_reg       |  14|   0|   14|          0|
    |ap_return_7_int_reg       |  14|   0|   14|          0|
    |data_0_V_read_8_reg_2150  |  14|   0|   14|          0|
    |data_1_V_read_8_reg_2138  |  14|   0|   14|          0|
    |data_2_V_read_8_reg_2129  |  14|   0|   14|          0|
    |data_3_V_read_8_reg_2121  |  14|   0|   14|          0|
    |data_4_V_read_8_reg_2115  |  14|   0|   14|          0|
    |data_5_V_read_7_reg_2107  |  14|   0|   14|          0|
    |trunc_ln708_111_reg_2194  |  13|   0|   13|          0|
    |trunc_ln708_119_reg_2240  |  11|   0|   11|          0|
    |trunc_ln708_122_reg_2250  |  11|   0|   11|          0|
    |trunc_ln708_12_reg_2174   |  14|   0|   14|          0|
    |trunc_ln708_13_reg_2179   |  14|   0|   14|          0|
    |trunc_ln708_28_reg_2199   |  14|   0|   14|          0|
    |trunc_ln708_29_reg_2204   |  14|   0|   14|          0|
    |trunc_ln708_36_reg_2214   |  14|   0|   14|          0|
    |trunc_ln708_37_reg_2219   |  14|   0|   14|          0|
    |trunc_ln708_44_reg_2229   |  14|   0|   14|          0|
    |trunc_ln708_4_reg_2159    |  14|   0|   14|          0|
    |trunc_ln708_5_reg_2164    |  14|   0|   14|          0|
    +--------------------------+----+----+-----+-----------+
    |Total                     | 470|   0|  470|          0|
    +--------------------------+----+----+-----+-----------+



================================================================
== Interface
================================================================
* Summary: 
+---------------+-----+-----+------------+--------------------+--------------+
|   RTL Ports   | Dir | Bits|  Protocol  |    Source Object   |    C Type    |
+---------------+-----+-----+------------+--------------------+--------------+
|ap_clk         |  in |    1| ap_ctrl_hs | dense_resource.0.0 | return value |
|ap_rst         |  in |    1| ap_ctrl_hs | dense_resource.0.0 | return value |
|ap_return_0    | out |   14| ap_ctrl_hs | dense_resource.0.0 | return value |
|ap_return_1    | out |   14| ap_ctrl_hs | dense_resource.0.0 | return value |
|ap_return_2    | out |   14| ap_ctrl_hs | dense_resource.0.0 | return value |
|ap_return_3    | out |   14| ap_ctrl_hs | dense_resource.0.0 | return value |
|ap_return_4    | out |   14| ap_ctrl_hs | dense_resource.0.0 | return value |
|ap_return_5    | out |   14| ap_ctrl_hs | dense_resource.0.0 | return value |
|ap_return_6    | out |   14| ap_ctrl_hs | dense_resource.0.0 | return value |
|ap_return_7    | out |   14| ap_ctrl_hs | dense_resource.0.0 | return value |
|ap_ce          |  in |    1| ap_ctrl_hs | dense_resource.0.0 | return value |
|data_0_V_read  |  in |   14|   ap_none  |    data_0_V_read   |    scalar    |
|data_1_V_read  |  in |   14|   ap_none  |    data_1_V_read   |    scalar    |
|data_2_V_read  |  in |   14|   ap_none  |    data_2_V_read   |    scalar    |
|data_3_V_read  |  in |   14|   ap_none  |    data_3_V_read   |    scalar    |
|data_4_V_read  |  in |   14|   ap_none  |    data_4_V_read   |    scalar    |
|data_5_V_read  |  in |   14|   ap_none  |    data_5_V_read   |    scalar    |
|data_6_V_read  |  in |   14|   ap_none  |    data_6_V_read   |    scalar    |
|data_7_V_read  |  in |   14|   ap_none  |    data_7_V_read   |    scalar    |
+---------------+-----+-----+------------+--------------------+--------------+

