

================================================================
== Vivado HLS Report for 'Loop_node_compute_lo'
================================================================
* Date:           Mon Aug 22 13:46:55 2022

* Version:        2019.2 (Build 2704478 on Wed Nov 06 22:10:23 MST 2019)
* Project:        axi_ii_1
* Solution:       example_par_1
* Product family: virtexuplus
* Target device:  xcvu9p-flga2104-2-i


================================================================
== Performance Estimates
================================================================
+ Timing: 
    * Summary: 
    +--------+---------+----------+------------+
    |  Clock |  Target | Estimated| Uncertainty|
    +--------+---------+----------+------------+
    |ap_clk  | 5.00 ns | 4.221 ns |   0.62 ns  |
    +--------+---------+----------+------------+

+ Latency: 
    * Summary: 
    +---------+---------+----------+----------+-----+-----+---------+
    |  Latency (cycles) |  Latency (absolute) |  Interval | Pipeline|
    |   min   |   max   |    min   |    max   | min | max |   Type  |
    +---------+---------+----------+----------+-----+-----+---------+
    |       71|       71| 0.355 us | 0.355 us |   71|   71|   none  |
    +---------+---------+----------+----------+-----+-----+---------+

    + Detail: 
        * Instance: 
        +-----------------------------+-----------------+---------+---------+-----------+-----------+-----+-----+----------+
        |                             |                 |  Latency (cycles) |   Latency (absolute)  |  Interval | Pipeline |
        |           Instance          |      Module     |   min   |   max   |    min    |    max    | min | max |   Type   |
        +-----------------------------+-----------------+---------+---------+-----------+-----------+-----+-----+----------+
        |grp_dense_mult_3lyr_fu_1633  |dense_mult_3lyr  |        6|        6| 30.000 ns | 30.000 ns |    1|    1| function |
        |grp_dense_mult_3lyr_fu_1648  |dense_mult_3lyr  |        6|        6| 30.000 ns | 30.000 ns |    1|    1| function |
        |grp_dense_mult_3lyr_fu_1659  |dense_mult_3lyr  |        6|        6| 30.000 ns | 30.000 ns |    1|    1| function |
        |grp_dense_mult_3lyr_fu_1670  |dense_mult_3lyr  |        6|        6| 30.000 ns | 30.000 ns |    1|    1| function |
        |grp_dense_mult_3lyr_fu_1681  |dense_mult_3lyr  |        6|        6| 30.000 ns | 30.000 ns |    1|    1| function |
        |grp_dense_mult_3lyr_fu_1692  |dense_mult_3lyr  |        6|        6| 30.000 ns | 30.000 ns |    1|    1| function |
        |grp_dense_mult_3lyr_fu_1703  |dense_mult_3lyr  |        6|        6| 30.000 ns | 30.000 ns |    1|    1| function |
        |grp_dense_mult_3lyr_fu_1714  |dense_mult_3lyr  |        6|        6| 30.000 ns | 30.000 ns |    1|    1| function |
        |grp_dense_mult_3lyr_fu_1725  |dense_mult_3lyr  |        6|        6| 30.000 ns | 30.000 ns |    1|    1| function |
        |grp_dense_mult_3lyr_fu_1736  |dense_mult_3lyr  |        6|        6| 30.000 ns | 30.000 ns |    1|    1| function |
        |grp_dense_mult_3lyr_fu_1747  |dense_mult_3lyr  |        6|        6| 30.000 ns | 30.000 ns |    1|    1| function |
        +-----------------------------+-----------------+---------+---------+-----------+-----------+-----+-----+----------+

        * Loop: 
        +---------------------+---------+---------+----------+-----------+-----------+------+----------+
        |                     |  Latency (cycles) | Iteration|  Initiation Interval  | Trip |          |
        |      Loop Name      |   min   |   max   |  Latency |  achieved |   target  | Count| Pipelined|
        +---------------------+---------+---------+----------+-----------+-----------+------+----------+
        |- node_compute_loop  |       69|       69|        11|          1|          1|    60|    yes   |
        +---------------------+---------+---------+----------+-----------+-----------+------+----------+



================================================================
== Utilization Estimates
================================================================
* Summary: 
+---------------------+---------+-------+---------+---------+-----+
|         Name        | BRAM_18K| DSP48E|    FF   |   LUT   | URAM|
+---------------------+---------+-------+---------+---------+-----+
|DSP                  |        -|      -|        -|        -|    -|
|Expression           |        -|      -|        0|       23|    -|
|FIFO                 |        -|      -|        -|        -|    -|
|Instance             |        -|    748|    13244|    46178|    -|
|Memory               |        -|      -|        -|        -|    -|
|Multiplexer          |        -|      -|        -|       57|    -|
|Register             |        0|      -|     1640|       64|    -|
+---------------------+---------+-------+---------+---------+-----+
|Total                |        0|    748|    14884|    46322|    0|
+---------------------+---------+-------+---------+---------+-----+
|Available SLR        |     1440|   2280|   788160|   394080|  320|
+---------------------+---------+-------+---------+---------+-----+
|Utilization SLR (%)  |        0|     32|        1|       11|    0|
+---------------------+---------+-------+---------+---------+-----+
|Available            |     4320|   6840|  2364480|  1182240|  960|
+---------------------+---------+-------+---------+---------+-----+
|Utilization (%)      |        0|     10|    ~0   |        3|    0|
+---------------------+---------+-------+---------+---------+-----+

+ Detail: 
    * Instance: 
    +-----------------------------+-----------------+---------+-------+------+------+-----+
    |           Instance          |      Module     | BRAM_18K| DSP48E|  FF  |  LUT | URAM|
    +-----------------------------+-----------------+---------+-------+------+------+-----+
    |grp_dense_mult_3lyr_fu_1633  |dense_mult_3lyr  |        0|     68|  1204|  4198|    0|
    |grp_dense_mult_3lyr_fu_1648  |dense_mult_3lyr  |        0|     68|  1204|  4198|    0|
    |grp_dense_mult_3lyr_fu_1659  |dense_mult_3lyr  |        0|     68|  1204|  4198|    0|
    |grp_dense_mult_3lyr_fu_1670  |dense_mult_3lyr  |        0|     68|  1204|  4198|    0|
    |grp_dense_mult_3lyr_fu_1681  |dense_mult_3lyr  |        0|     68|  1204|  4198|    0|
    |grp_dense_mult_3lyr_fu_1692  |dense_mult_3lyr  |        0|     68|  1204|  4198|    0|
    |grp_dense_mult_3lyr_fu_1703  |dense_mult_3lyr  |        0|     68|  1204|  4198|    0|
    |grp_dense_mult_3lyr_fu_1714  |dense_mult_3lyr  |        0|     68|  1204|  4198|    0|
    |grp_dense_mult_3lyr_fu_1725  |dense_mult_3lyr  |        0|     68|  1204|  4198|    0|
    |grp_dense_mult_3lyr_fu_1736  |dense_mult_3lyr  |        0|     68|  1204|  4198|    0|
    |grp_dense_mult_3lyr_fu_1747  |dense_mult_3lyr  |        0|     68|  1204|  4198|    0|
    +-----------------------------+-----------------+---------+-------+------+------+-----+
    |Total                        |                 |        0|    748| 13244| 46178|    0|
    +-----------------------------+-----------------+---------+-------+------+------+-----+

    * DSP48E: 
    N/A

    * Memory: 
    N/A

    * FIFO: 
    N/A

    * Expression: 
    +-------------------------+----------+-------+---+----+------------+------------+
    |      Variable Name      | Operation| DSP48E| FF| LUT| Bitwidth P0| Bitwidth P1|
    +-------------------------+----------+-------+---+----+------------+------------+
    |i_fu_1764_p2             |     +    |      0|  0|   6|           6|           1|
    |icmp_ln733_fu_1758_p2    |   icmp   |      0|  0|  11|           6|           4|
    |ap_block_state1          |    or    |      0|  0|   2|           1|           1|
    |ap_enable_pp0            |    xor   |      0|  0|   2|           1|           2|
    |ap_enable_reg_pp0_iter1  |    xor   |      0|  0|   2|           2|           1|
    +-------------------------+----------+-------+---+----+------------+------------+
    |Total                    |          |      0|  0|  23|          16|           9|
    +-------------------------+----------+-------+---+----+------------+------------+

    * Multiplexer: 
    +--------------------------+----+-----------+-----+-----------+
    |           Name           | LUT| Input Size| Bits| Total Bits|
    +--------------------------+----+-----------+-----+-----------+
    |ap_NS_fsm                 |  21|          4|    1|          4|
    |ap_done                   |   9|          2|    1|          2|
    |ap_enable_reg_pp0_iter1   |   9|          2|    1|          2|
    |ap_enable_reg_pp0_iter10  |   9|          2|    1|          2|
    |i_0_i114_reg_1622         |   9|          2|    6|         12|
    +--------------------------+----+-----------+-----+-----------+
    |Total                     |  57|         12|   10|         22|
    +--------------------------+----+-----------+-----+-----------+

    * Register: 
    +----------------------------------+----+----+-----+-----------+
    |               Name               | FF | LUT| Bits| Const Bits|
    +----------------------------------+----+----+-----+-----------+
    |ap_CS_fsm                         |   3|   0|    3|          0|
    |ap_done_reg                       |   1|   0|    1|          0|
    |ap_enable_reg_pp0_iter0           |   1|   0|    1|          0|
    |ap_enable_reg_pp0_iter1           |   1|   0|    1|          0|
    |ap_enable_reg_pp0_iter10          |   1|   0|    1|          0|
    |ap_enable_reg_pp0_iter2           |   1|   0|    1|          0|
    |ap_enable_reg_pp0_iter3           |   1|   0|    1|          0|
    |ap_enable_reg_pp0_iter4           |   1|   0|    1|          0|
    |ap_enable_reg_pp0_iter5           |   1|   0|    1|          0|
    |ap_enable_reg_pp0_iter6           |   1|   0|    1|          0|
    |ap_enable_reg_pp0_iter7           |   1|   0|    1|          0|
    |ap_enable_reg_pp0_iter8           |   1|   0|    1|          0|
    |ap_enable_reg_pp0_iter9           |   1|   0|    1|          0|
    |i_0_i114_reg_1622                 |   6|   0|    6|          0|
    |icmp_ln733_reg_1979               |   1|   0|    1|          0|
    |node_update_V_0_assi_10_reg_2905  |  14|   0|   14|          0|
    |node_update_V_0_assi_1_reg_2770   |  14|   0|   14|          0|
    |node_update_V_0_assi_2_reg_2785   |  14|   0|   14|          0|
    |node_update_V_0_assi_3_reg_2800   |  14|   0|   14|          0|
    |node_update_V_0_assi_4_reg_2815   |  14|   0|   14|          0|
    |node_update_V_0_assi_5_reg_2830   |  14|   0|   14|          0|
    |node_update_V_0_assi_6_reg_2845   |  14|   0|   14|          0|
    |node_update_V_0_assi_7_reg_2860   |  14|   0|   14|          0|
    |node_update_V_0_assi_8_reg_2875   |  14|   0|   14|          0|
    |node_update_V_0_assi_9_reg_2890   |  14|   0|   14|          0|
    |node_update_V_0_assi_reg_2755     |  14|   0|   14|          0|
    |node_update_V_1_assi_10_reg_2910  |  14|   0|   14|          0|
    |node_update_V_1_assi_1_reg_2775   |  14|   0|   14|          0|
    |node_update_V_1_assi_2_reg_2790   |  14|   0|   14|          0|
    |node_update_V_1_assi_3_reg_2805   |  14|   0|   14|          0|
    |node_update_V_1_assi_4_reg_2820   |  14|   0|   14|          0|
    |node_update_V_1_assi_5_reg_2835   |  14|   0|   14|          0|
    |node_update_V_1_assi_6_reg_2850   |  14|   0|   14|          0|
    |node_update_V_1_assi_7_reg_2865   |  14|   0|   14|          0|
    |node_update_V_1_assi_8_reg_2880   |  14|   0|   14|          0|
    |node_update_V_1_assi_9_reg_2895   |  14|   0|   14|          0|
    |node_update_V_1_assi_reg_2760     |  14|   0|   14|          0|
    |node_update_V_2_assi_10_reg_2915  |  14|   0|   14|          0|
    |node_update_V_2_assi_1_reg_2780   |  14|   0|   14|          0|
    |node_update_V_2_assi_2_reg_2795   |  14|   0|   14|          0|
    |node_update_V_2_assi_3_reg_2810   |  14|   0|   14|          0|
    |node_update_V_2_assi_4_reg_2825   |  14|   0|   14|          0|
    |node_update_V_2_assi_5_reg_2840   |  14|   0|   14|          0|
    |node_update_V_2_assi_6_reg_2855   |  14|   0|   14|          0|
    |node_update_V_2_assi_7_reg_2870   |  14|   0|   14|          0|
    |node_update_V_2_assi_8_reg_2885   |  14|   0|   14|          0|
    |node_update_V_2_assi_9_reg_2900   |  14|   0|   14|          0|
    |node_update_V_2_assi_reg_2765     |  14|   0|   14|          0|
    |phi_input_0_V_10_reg_2720         |  14|   0|   14|          0|
    |phi_input_0_V_1_reg_2405          |  14|   0|   14|          0|
    |phi_input_0_V_2_reg_2440          |  14|   0|   14|          0|
    |phi_input_0_V_3_reg_2475          |  14|   0|   14|          0|
    |phi_input_0_V_4_reg_2510          |  14|   0|   14|          0|
    |phi_input_0_V_5_reg_2545          |  14|   0|   14|          0|
    |phi_input_0_V_6_reg_2580          |  14|   0|   14|          0|
    |phi_input_0_V_7_reg_2615          |  14|   0|   14|          0|
    |phi_input_0_V_8_reg_2650          |  14|   0|   14|          0|
    |phi_input_0_V_9_reg_2685          |  14|   0|   14|          0|
    |phi_input_0_V_reg_2390            |  14|   0|   14|          0|
    |phi_input_1_V_10_reg_2725         |  14|   0|   14|          0|
    |phi_input_1_V_1_reg_2410          |  14|   0|   14|          0|
    |phi_input_1_V_2_reg_2445          |  14|   0|   14|          0|
    |phi_input_1_V_3_reg_2480          |  14|   0|   14|          0|
    |phi_input_1_V_4_reg_2515          |  14|   0|   14|          0|
    |phi_input_1_V_5_reg_2550          |  14|   0|   14|          0|
    |phi_input_1_V_6_reg_2585          |  14|   0|   14|          0|
    |phi_input_1_V_7_reg_2620          |  14|   0|   14|          0|
    |phi_input_1_V_8_reg_2655          |  14|   0|   14|          0|
    |phi_input_1_V_9_reg_2690          |  14|   0|   14|          0|
    |phi_input_1_V_reg_2395            |  14|   0|   14|          0|
    |phi_input_2_V_10_reg_2730         |  14|   0|   14|          0|
    |phi_input_2_V_1_reg_2415          |  14|   0|   14|          0|
    |phi_input_2_V_2_reg_2450          |  14|   0|   14|          0|
    |phi_input_2_V_3_reg_2485          |  14|   0|   14|          0|
    |phi_input_2_V_4_reg_2520          |  14|   0|   14|          0|
    |phi_input_2_V_5_reg_2555          |  14|   0|   14|          0|
    |phi_input_2_V_6_reg_2590          |  14|   0|   14|          0|
    |phi_input_2_V_7_reg_2625          |  14|   0|   14|          0|
    |phi_input_2_V_8_reg_2660          |  14|   0|   14|          0|
    |phi_input_2_V_9_reg_2695          |  14|   0|   14|          0|
    |phi_input_2_V_reg_2400            |  14|   0|   14|          0|
    |phi_input_3_V_1_reg_2455          |  14|   0|   14|          0|
    |phi_input_3_V_2_reg_2490          |  14|   0|   14|          0|
    |phi_input_3_V_3_reg_2525          |  14|   0|   14|          0|
    |phi_input_3_V_4_reg_2560          |  14|   0|   14|          0|
    |phi_input_3_V_5_reg_2595          |  14|   0|   14|          0|
    |phi_input_3_V_6_reg_2630          |  14|   0|   14|          0|
    |phi_input_3_V_7_reg_2665          |  14|   0|   14|          0|
    |phi_input_3_V_8_reg_2700          |  14|   0|   14|          0|
    |phi_input_3_V_9_reg_2735          |  14|   0|   14|          0|
    |phi_input_3_V_reg_2420            |  14|   0|   14|          0|
    |phi_input_4_V_1_reg_2460          |  14|   0|   14|          0|
    |phi_input_4_V_2_reg_2495          |  14|   0|   14|          0|
    |phi_input_4_V_3_reg_2530          |  14|   0|   14|          0|
    |phi_input_4_V_4_reg_2565          |  14|   0|   14|          0|
    |phi_input_4_V_5_reg_2600          |  14|   0|   14|          0|
    |phi_input_4_V_6_reg_2635          |  14|   0|   14|          0|
    |phi_input_4_V_7_reg_2670          |  14|   0|   14|          0|
    |phi_input_4_V_8_reg_2705          |  14|   0|   14|          0|
    |phi_input_4_V_9_reg_2740          |  14|   0|   14|          0|
    |phi_input_4_V_reg_2425            |  14|   0|   14|          0|
    |phi_input_5_V_1_reg_2465          |  14|   0|   14|          0|
    |phi_input_5_V_2_reg_2500          |  14|   0|   14|          0|
    |phi_input_5_V_3_reg_2535          |  14|   0|   14|          0|
    |phi_input_5_V_4_reg_2570          |  14|   0|   14|          0|
    |phi_input_5_V_5_reg_2605          |  14|   0|   14|          0|
    |phi_input_5_V_6_reg_2640          |  14|   0|   14|          0|
    |phi_input_5_V_7_reg_2675          |  14|   0|   14|          0|
    |phi_input_5_V_8_reg_2710          |  14|   0|   14|          0|
    |phi_input_5_V_9_reg_2745          |  14|   0|   14|          0|
    |phi_input_5_V_reg_2430            |  14|   0|   14|          0|
    |phi_input_6_V_1_reg_2470          |  14|   0|   14|          0|
    |phi_input_6_V_2_reg_2505          |  14|   0|   14|          0|
    |phi_input_6_V_3_reg_2540          |  14|   0|   14|          0|
    |phi_input_6_V_4_reg_2575          |  14|   0|   14|          0|
    |phi_input_6_V_5_reg_2610          |  14|   0|   14|          0|
    |phi_input_6_V_6_reg_2645          |  14|   0|   14|          0|
    |phi_input_6_V_7_reg_2680          |  14|   0|   14|          0|
    |phi_input_6_V_8_reg_2715          |  14|   0|   14|          0|
    |phi_input_6_V_9_reg_2750          |  14|   0|   14|          0|
    |phi_input_6_V_reg_2435            |  14|   0|   14|          0|
    |zext_ln203_2_reg_1988             |   6|   0|   64|         58|
    |icmp_ln733_reg_1979               |  64|  32|    1|          0|
    |zext_ln203_2_reg_1988             |  64|  32|   64|         58|
    +----------------------------------+----+----+-----+-----------+
    |Total                             |1640|  64| 1635|        116|
    +----------------------------------+----+----+-----+-----------+



================================================================
== Interface
================================================================
* Summary: 
+--------------------------------+-----+-----+------------+-----------------------+--------------+
|            RTL Ports           | Dir | Bits|  Protocol  |     Source Object     |    C Type    |
+--------------------------------+-----+-----+------------+-----------------------+--------------+
|ap_clk                          |  in |    1| ap_ctrl_hs |  Loop_node_compute_lo | return value |
|ap_rst                          |  in |    1| ap_ctrl_hs |  Loop_node_compute_lo | return value |
|ap_start                        |  in |    1| ap_ctrl_hs |  Loop_node_compute_lo | return value |
|ap_done                         | out |    1| ap_ctrl_hs |  Loop_node_compute_lo | return value |
|ap_continue                     |  in |    1| ap_ctrl_hs |  Loop_node_compute_lo | return value |
|ap_idle                         | out |    1| ap_ctrl_hs |  Loop_node_compute_lo | return value |
|ap_ready                        | out |    1| ap_ctrl_hs |  Loop_node_compute_lo | return value |
|node_attr_cpy2_V_0_0_address0   | out |    6|  ap_memory |  node_attr_cpy2_V_0_0 |     array    |
|node_attr_cpy2_V_0_0_ce0        | out |    1|  ap_memory |  node_attr_cpy2_V_0_0 |     array    |
|node_attr_cpy2_V_0_0_q0         |  in |   14|  ap_memory |  node_attr_cpy2_V_0_0 |     array    |
|node_attr_cpy2_V_0_1_address0   | out |    6|  ap_memory |  node_attr_cpy2_V_0_1 |     array    |
|node_attr_cpy2_V_0_1_ce0        | out |    1|  ap_memory |  node_attr_cpy2_V_0_1 |     array    |
|node_attr_cpy2_V_0_1_q0         |  in |   14|  ap_memory |  node_attr_cpy2_V_0_1 |     array    |
|node_attr_cpy2_V_0_2_address0   | out |    6|  ap_memory |  node_attr_cpy2_V_0_2 |     array    |
|node_attr_cpy2_V_0_2_ce0        | out |    1|  ap_memory |  node_attr_cpy2_V_0_2 |     array    |
|node_attr_cpy2_V_0_2_q0         |  in |   14|  ap_memory |  node_attr_cpy2_V_0_2 |     array    |
|layer10_out_0_0_V_address0      | out |    6|  ap_memory |   layer10_out_0_0_V   |     array    |
|layer10_out_0_0_V_ce0           | out |    1|  ap_memory |   layer10_out_0_0_V   |     array    |
|layer10_out_0_0_V_we0           | out |    1|  ap_memory |   layer10_out_0_0_V   |     array    |
|layer10_out_0_0_V_d0            | out |   14|  ap_memory |   layer10_out_0_0_V   |     array    |
|layer10_out_0_1_V_address0      | out |    6|  ap_memory |   layer10_out_0_1_V   |     array    |
|layer10_out_0_1_V_ce0           | out |    1|  ap_memory |   layer10_out_0_1_V   |     array    |
|layer10_out_0_1_V_we0           | out |    1|  ap_memory |   layer10_out_0_1_V   |     array    |
|layer10_out_0_1_V_d0            | out |   14|  ap_memory |   layer10_out_0_1_V   |     array    |
|layer10_out_0_2_V_address0      | out |    6|  ap_memory |   layer10_out_0_2_V   |     array    |
|layer10_out_0_2_V_ce0           | out |    1|  ap_memory |   layer10_out_0_2_V   |     array    |
|layer10_out_0_2_V_we0           | out |    1|  ap_memory |   layer10_out_0_2_V   |     array    |
|layer10_out_0_2_V_d0            | out |   14|  ap_memory |   layer10_out_0_2_V   |     array    |
|node_attr_cpy2_V_1_0_address0   | out |    6|  ap_memory |  node_attr_cpy2_V_1_0 |     array    |
|node_attr_cpy2_V_1_0_ce0        | out |    1|  ap_memory |  node_attr_cpy2_V_1_0 |     array    |
|node_attr_cpy2_V_1_0_q0         |  in |   14|  ap_memory |  node_attr_cpy2_V_1_0 |     array    |
|node_attr_cpy2_V_1_1_address0   | out |    6|  ap_memory |  node_attr_cpy2_V_1_1 |     array    |
|node_attr_cpy2_V_1_1_ce0        | out |    1|  ap_memory |  node_attr_cpy2_V_1_1 |     array    |
|node_attr_cpy2_V_1_1_q0         |  in |   14|  ap_memory |  node_attr_cpy2_V_1_1 |     array    |
|node_attr_cpy2_V_1_2_address0   | out |    6|  ap_memory |  node_attr_cpy2_V_1_2 |     array    |
|node_attr_cpy2_V_1_2_ce0        | out |    1|  ap_memory |  node_attr_cpy2_V_1_2 |     array    |
|node_attr_cpy2_V_1_2_q0         |  in |   14|  ap_memory |  node_attr_cpy2_V_1_2 |     array    |
|layer9_out_1_0_V_address0       | out |    6|  ap_memory |    layer9_out_1_0_V   |     array    |
|layer9_out_1_0_V_ce0            | out |    1|  ap_memory |    layer9_out_1_0_V   |     array    |
|layer9_out_1_0_V_q0             |  in |   14|  ap_memory |    layer9_out_1_0_V   |     array    |
|layer9_out_1_1_V_address0       | out |    6|  ap_memory |    layer9_out_1_1_V   |     array    |
|layer9_out_1_1_V_ce0            | out |    1|  ap_memory |    layer9_out_1_1_V   |     array    |
|layer9_out_1_1_V_q0             |  in |   14|  ap_memory |    layer9_out_1_1_V   |     array    |
|layer9_out_1_2_V_address0       | out |    6|  ap_memory |    layer9_out_1_2_V   |     array    |
|layer9_out_1_2_V_ce0            | out |    1|  ap_memory |    layer9_out_1_2_V   |     array    |
|layer9_out_1_2_V_q0             |  in |   14|  ap_memory |    layer9_out_1_2_V   |     array    |
|layer9_out_1_3_V_address0       | out |    6|  ap_memory |    layer9_out_1_3_V   |     array    |
|layer9_out_1_3_V_ce0            | out |    1|  ap_memory |    layer9_out_1_3_V   |     array    |
|layer9_out_1_3_V_q0             |  in |   14|  ap_memory |    layer9_out_1_3_V   |     array    |
|layer10_out_1_0_V_address0      | out |    6|  ap_memory |   layer10_out_1_0_V   |     array    |
|layer10_out_1_0_V_ce0           | out |    1|  ap_memory |   layer10_out_1_0_V   |     array    |
|layer10_out_1_0_V_we0           | out |    1|  ap_memory |   layer10_out_1_0_V   |     array    |
|layer10_out_1_0_V_d0            | out |   14|  ap_memory |   layer10_out_1_0_V   |     array    |
|layer10_out_1_1_V_address0      | out |    6|  ap_memory |   layer10_out_1_1_V   |     array    |
|layer10_out_1_1_V_ce0           | out |    1|  ap_memory |   layer10_out_1_1_V   |     array    |
|layer10_out_1_1_V_we0           | out |    1|  ap_memory |   layer10_out_1_1_V   |     array    |
|layer10_out_1_1_V_d0            | out |   14|  ap_memory |   layer10_out_1_1_V   |     array    |
|layer10_out_1_2_V_address0      | out |    6|  ap_memory |   layer10_out_1_2_V   |     array    |
|layer10_out_1_2_V_ce0           | out |    1|  ap_memory |   layer10_out_1_2_V   |     array    |
|layer10_out_1_2_V_we0           | out |    1|  ap_memory |   layer10_out_1_2_V   |     array    |
|layer10_out_1_2_V_d0            | out |   14|  ap_memory |   layer10_out_1_2_V   |     array    |
|node_attr_cpy2_V_2_0_address0   | out |    6|  ap_memory |  node_attr_cpy2_V_2_0 |     array    |
|node_attr_cpy2_V_2_0_ce0        | out |    1|  ap_memory |  node_attr_cpy2_V_2_0 |     array    |
|node_attr_cpy2_V_2_0_q0         |  in |   14|  ap_memory |  node_attr_cpy2_V_2_0 |     array    |
|node_attr_cpy2_V_2_1_address0   | out |    6|  ap_memory |  node_attr_cpy2_V_2_1 |     array    |
|node_attr_cpy2_V_2_1_ce0        | out |    1|  ap_memory |  node_attr_cpy2_V_2_1 |     array    |
|node_attr_cpy2_V_2_1_q0         |  in |   14|  ap_memory |  node_attr_cpy2_V_2_1 |     array    |
|node_attr_cpy2_V_2_2_address0   | out |    6|  ap_memory |  node_attr_cpy2_V_2_2 |     array    |
|node_attr_cpy2_V_2_2_ce0        | out |    1|  ap_memory |  node_attr_cpy2_V_2_2 |     array    |
|node_attr_cpy2_V_2_2_q0         |  in |   14|  ap_memory |  node_attr_cpy2_V_2_2 |     array    |
|layer9_out_2_0_V_address0       | out |    6|  ap_memory |    layer9_out_2_0_V   |     array    |
|layer9_out_2_0_V_ce0            | out |    1|  ap_memory |    layer9_out_2_0_V   |     array    |
|layer9_out_2_0_V_q0             |  in |   14|  ap_memory |    layer9_out_2_0_V   |     array    |
|layer9_out_2_1_V_address0       | out |    6|  ap_memory |    layer9_out_2_1_V   |     array    |
|layer9_out_2_1_V_ce0            | out |    1|  ap_memory |    layer9_out_2_1_V   |     array    |
|layer9_out_2_1_V_q0             |  in |   14|  ap_memory |    layer9_out_2_1_V   |     array    |
|layer9_out_2_2_V_address0       | out |    6|  ap_memory |    layer9_out_2_2_V   |     array    |
|layer9_out_2_2_V_ce0            | out |    1|  ap_memory |    layer9_out_2_2_V   |     array    |
|layer9_out_2_2_V_q0             |  in |   14|  ap_memory |    layer9_out_2_2_V   |     array    |
|layer9_out_2_3_V_address0       | out |    6|  ap_memory |    layer9_out_2_3_V   |     array    |
|layer9_out_2_3_V_ce0            | out |    1|  ap_memory |    layer9_out_2_3_V   |     array    |
|layer9_out_2_3_V_q0             |  in |   14|  ap_memory |    layer9_out_2_3_V   |     array    |
|layer10_out_2_0_V_address0      | out |    6|  ap_memory |   layer10_out_2_0_V   |     array    |
|layer10_out_2_0_V_ce0           | out |    1|  ap_memory |   layer10_out_2_0_V   |     array    |
|layer10_out_2_0_V_we0           | out |    1|  ap_memory |   layer10_out_2_0_V   |     array    |
|layer10_out_2_0_V_d0            | out |   14|  ap_memory |   layer10_out_2_0_V   |     array    |
|layer10_out_2_1_V_address0      | out |    6|  ap_memory |   layer10_out_2_1_V   |     array    |
|layer10_out_2_1_V_ce0           | out |    1|  ap_memory |   layer10_out_2_1_V   |     array    |
|layer10_out_2_1_V_we0           | out |    1|  ap_memory |   layer10_out_2_1_V   |     array    |
|layer10_out_2_1_V_d0            | out |   14|  ap_memory |   layer10_out_2_1_V   |     array    |
|layer10_out_2_2_V_address0      | out |    6|  ap_memory |   layer10_out_2_2_V   |     array    |
|layer10_out_2_2_V_ce0           | out |    1|  ap_memory |   layer10_out_2_2_V   |     array    |
|layer10_out_2_2_V_we0           | out |    1|  ap_memory |   layer10_out_2_2_V   |     array    |
|layer10_out_2_2_V_d0            | out |   14|  ap_memory |   layer10_out_2_2_V   |     array    |
|node_attr_cpy2_V_3_0_address0   | out |    6|  ap_memory |  node_attr_cpy2_V_3_0 |     array    |
|node_attr_cpy2_V_3_0_ce0        | out |    1|  ap_memory |  node_attr_cpy2_V_3_0 |     array    |
|node_attr_cpy2_V_3_0_q0         |  in |   14|  ap_memory |  node_attr_cpy2_V_3_0 |     array    |
|node_attr_cpy2_V_3_1_address0   | out |    6|  ap_memory |  node_attr_cpy2_V_3_1 |     array    |
|node_attr_cpy2_V_3_1_ce0        | out |    1|  ap_memory |  node_attr_cpy2_V_3_1 |     array    |
|node_attr_cpy2_V_3_1_q0         |  in |   14|  ap_memory |  node_attr_cpy2_V_3_1 |     array    |
|node_attr_cpy2_V_3_2_address0   | out |    6|  ap_memory |  node_attr_cpy2_V_3_2 |     array    |
|node_attr_cpy2_V_3_2_ce0        | out |    1|  ap_memory |  node_attr_cpy2_V_3_2 |     array    |
|node_attr_cpy2_V_3_2_q0         |  in |   14|  ap_memory |  node_attr_cpy2_V_3_2 |     array    |
|layer9_out_3_0_V_address0       | out |    6|  ap_memory |    layer9_out_3_0_V   |     array    |
|layer9_out_3_0_V_ce0            | out |    1|  ap_memory |    layer9_out_3_0_V   |     array    |
|layer9_out_3_0_V_q0             |  in |   14|  ap_memory |    layer9_out_3_0_V   |     array    |
|layer9_out_3_1_V_address0       | out |    6|  ap_memory |    layer9_out_3_1_V   |     array    |
|layer9_out_3_1_V_ce0            | out |    1|  ap_memory |    layer9_out_3_1_V   |     array    |
|layer9_out_3_1_V_q0             |  in |   14|  ap_memory |    layer9_out_3_1_V   |     array    |
|layer9_out_3_2_V_address0       | out |    6|  ap_memory |    layer9_out_3_2_V   |     array    |
|layer9_out_3_2_V_ce0            | out |    1|  ap_memory |    layer9_out_3_2_V   |     array    |
|layer9_out_3_2_V_q0             |  in |   14|  ap_memory |    layer9_out_3_2_V   |     array    |
|layer9_out_3_3_V_address0       | out |    6|  ap_memory |    layer9_out_3_3_V   |     array    |
|layer9_out_3_3_V_ce0            | out |    1|  ap_memory |    layer9_out_3_3_V   |     array    |
|layer9_out_3_3_V_q0             |  in |   14|  ap_memory |    layer9_out_3_3_V   |     array    |
|layer10_out_3_0_V_address0      | out |    6|  ap_memory |   layer10_out_3_0_V   |     array    |
|layer10_out_3_0_V_ce0           | out |    1|  ap_memory |   layer10_out_3_0_V   |     array    |
|layer10_out_3_0_V_we0           | out |    1|  ap_memory |   layer10_out_3_0_V   |     array    |
|layer10_out_3_0_V_d0            | out |   14|  ap_memory |   layer10_out_3_0_V   |     array    |
|layer10_out_3_1_V_address0      | out |    6|  ap_memory |   layer10_out_3_1_V   |     array    |
|layer10_out_3_1_V_ce0           | out |    1|  ap_memory |   layer10_out_3_1_V   |     array    |
|layer10_out_3_1_V_we0           | out |    1|  ap_memory |   layer10_out_3_1_V   |     array    |
|layer10_out_3_1_V_d0            | out |   14|  ap_memory |   layer10_out_3_1_V   |     array    |
|layer10_out_3_2_V_address0      | out |    6|  ap_memory |   layer10_out_3_2_V   |     array    |
|layer10_out_3_2_V_ce0           | out |    1|  ap_memory |   layer10_out_3_2_V   |     array    |
|layer10_out_3_2_V_we0           | out |    1|  ap_memory |   layer10_out_3_2_V   |     array    |
|layer10_out_3_2_V_d0            | out |   14|  ap_memory |   layer10_out_3_2_V   |     array    |
|node_attr_cpy2_V_4_0_address0   | out |    6|  ap_memory |  node_attr_cpy2_V_4_0 |     array    |
|node_attr_cpy2_V_4_0_ce0        | out |    1|  ap_memory |  node_attr_cpy2_V_4_0 |     array    |
|node_attr_cpy2_V_4_0_q0         |  in |   14|  ap_memory |  node_attr_cpy2_V_4_0 |     array    |
|node_attr_cpy2_V_4_1_address0   | out |    6|  ap_memory |  node_attr_cpy2_V_4_1 |     array    |
|node_attr_cpy2_V_4_1_ce0        | out |    1|  ap_memory |  node_attr_cpy2_V_4_1 |     array    |
|node_attr_cpy2_V_4_1_q0         |  in |   14|  ap_memory |  node_attr_cpy2_V_4_1 |     array    |
|node_attr_cpy2_V_4_2_address0   | out |    6|  ap_memory |  node_attr_cpy2_V_4_2 |     array    |
|node_attr_cpy2_V_4_2_ce0        | out |    1|  ap_memory |  node_attr_cpy2_V_4_2 |     array    |
|node_attr_cpy2_V_4_2_q0         |  in |   14|  ap_memory |  node_attr_cpy2_V_4_2 |     array    |
|layer9_out_4_0_V_address0       | out |    6|  ap_memory |    layer9_out_4_0_V   |     array    |
|layer9_out_4_0_V_ce0            | out |    1|  ap_memory |    layer9_out_4_0_V   |     array    |
|layer9_out_4_0_V_q0             |  in |   14|  ap_memory |    layer9_out_4_0_V   |     array    |
|layer9_out_4_1_V_address0       | out |    6|  ap_memory |    layer9_out_4_1_V   |     array    |
|layer9_out_4_1_V_ce0            | out |    1|  ap_memory |    layer9_out_4_1_V   |     array    |
|layer9_out_4_1_V_q0             |  in |   14|  ap_memory |    layer9_out_4_1_V   |     array    |
|layer9_out_4_2_V_address0       | out |    6|  ap_memory |    layer9_out_4_2_V   |     array    |
|layer9_out_4_2_V_ce0            | out |    1|  ap_memory |    layer9_out_4_2_V   |     array    |
|layer9_out_4_2_V_q0             |  in |   14|  ap_memory |    layer9_out_4_2_V   |     array    |
|layer9_out_4_3_V_address0       | out |    6|  ap_memory |    layer9_out_4_3_V   |     array    |
|layer9_out_4_3_V_ce0            | out |    1|  ap_memory |    layer9_out_4_3_V   |     array    |
|layer9_out_4_3_V_q0             |  in |   14|  ap_memory |    layer9_out_4_3_V   |     array    |
|layer10_out_4_0_V_address0      | out |    6|  ap_memory |   layer10_out_4_0_V   |     array    |
|layer10_out_4_0_V_ce0           | out |    1|  ap_memory |   layer10_out_4_0_V   |     array    |
|layer10_out_4_0_V_we0           | out |    1|  ap_memory |   layer10_out_4_0_V   |     array    |
|layer10_out_4_0_V_d0            | out |   14|  ap_memory |   layer10_out_4_0_V   |     array    |
|layer10_out_4_1_V_address0      | out |    6|  ap_memory |   layer10_out_4_1_V   |     array    |
|layer10_out_4_1_V_ce0           | out |    1|  ap_memory |   layer10_out_4_1_V   |     array    |
|layer10_out_4_1_V_we0           | out |    1|  ap_memory |   layer10_out_4_1_V   |     array    |
|layer10_out_4_1_V_d0            | out |   14|  ap_memory |   layer10_out_4_1_V   |     array    |
|layer10_out_4_2_V_address0      | out |    6|  ap_memory |   layer10_out_4_2_V   |     array    |
|layer10_out_4_2_V_ce0           | out |    1|  ap_memory |   layer10_out_4_2_V   |     array    |
|layer10_out_4_2_V_we0           | out |    1|  ap_memory |   layer10_out_4_2_V   |     array    |
|layer10_out_4_2_V_d0            | out |   14|  ap_memory |   layer10_out_4_2_V   |     array    |
|node_attr_cpy2_V_5_0_address0   | out |    6|  ap_memory |  node_attr_cpy2_V_5_0 |     array    |
|node_attr_cpy2_V_5_0_ce0        | out |    1|  ap_memory |  node_attr_cpy2_V_5_0 |     array    |
|node_attr_cpy2_V_5_0_q0         |  in |   14|  ap_memory |  node_attr_cpy2_V_5_0 |     array    |
|node_attr_cpy2_V_5_1_address0   | out |    6|  ap_memory |  node_attr_cpy2_V_5_1 |     array    |
|node_attr_cpy2_V_5_1_ce0        | out |    1|  ap_memory |  node_attr_cpy2_V_5_1 |     array    |
|node_attr_cpy2_V_5_1_q0         |  in |   14|  ap_memory |  node_attr_cpy2_V_5_1 |     array    |
|node_attr_cpy2_V_5_2_address0   | out |    6|  ap_memory |  node_attr_cpy2_V_5_2 |     array    |
|node_attr_cpy2_V_5_2_ce0        | out |    1|  ap_memory |  node_attr_cpy2_V_5_2 |     array    |
|node_attr_cpy2_V_5_2_q0         |  in |   14|  ap_memory |  node_attr_cpy2_V_5_2 |     array    |
|layer9_out_5_0_V_address0       | out |    6|  ap_memory |    layer9_out_5_0_V   |     array    |
|layer9_out_5_0_V_ce0            | out |    1|  ap_memory |    layer9_out_5_0_V   |     array    |
|layer9_out_5_0_V_q0             |  in |   14|  ap_memory |    layer9_out_5_0_V   |     array    |
|layer9_out_5_1_V_address0       | out |    6|  ap_memory |    layer9_out_5_1_V   |     array    |
|layer9_out_5_1_V_ce0            | out |    1|  ap_memory |    layer9_out_5_1_V   |     array    |
|layer9_out_5_1_V_q0             |  in |   14|  ap_memory |    layer9_out_5_1_V   |     array    |
|layer9_out_5_2_V_address0       | out |    6|  ap_memory |    layer9_out_5_2_V   |     array    |
|layer9_out_5_2_V_ce0            | out |    1|  ap_memory |    layer9_out_5_2_V   |     array    |
|layer9_out_5_2_V_q0             |  in |   14|  ap_memory |    layer9_out_5_2_V   |     array    |
|layer9_out_5_3_V_address0       | out |    6|  ap_memory |    layer9_out_5_3_V   |     array    |
|layer9_out_5_3_V_ce0            | out |    1|  ap_memory |    layer9_out_5_3_V   |     array    |
|layer9_out_5_3_V_q0             |  in |   14|  ap_memory |    layer9_out_5_3_V   |     array    |
|layer10_out_5_0_V_address0      | out |    6|  ap_memory |   layer10_out_5_0_V   |     array    |
|layer10_out_5_0_V_ce0           | out |    1|  ap_memory |   layer10_out_5_0_V   |     array    |
|layer10_out_5_0_V_we0           | out |    1|  ap_memory |   layer10_out_5_0_V   |     array    |
|layer10_out_5_0_V_d0            | out |   14|  ap_memory |   layer10_out_5_0_V   |     array    |
|layer10_out_5_1_V_address0      | out |    6|  ap_memory |   layer10_out_5_1_V   |     array    |
|layer10_out_5_1_V_ce0           | out |    1|  ap_memory |   layer10_out_5_1_V   |     array    |
|layer10_out_5_1_V_we0           | out |    1|  ap_memory |   layer10_out_5_1_V   |     array    |
|layer10_out_5_1_V_d0            | out |   14|  ap_memory |   layer10_out_5_1_V   |     array    |
|layer10_out_5_2_V_address0      | out |    6|  ap_memory |   layer10_out_5_2_V   |     array    |
|layer10_out_5_2_V_ce0           | out |    1|  ap_memory |   layer10_out_5_2_V   |     array    |
|layer10_out_5_2_V_we0           | out |    1|  ap_memory |   layer10_out_5_2_V   |     array    |
|layer10_out_5_2_V_d0            | out |   14|  ap_memory |   layer10_out_5_2_V   |     array    |
|node_attr_cpy2_V_6_0_address0   | out |    6|  ap_memory |  node_attr_cpy2_V_6_0 |     array    |
|node_attr_cpy2_V_6_0_ce0        | out |    1|  ap_memory |  node_attr_cpy2_V_6_0 |     array    |
|node_attr_cpy2_V_6_0_q0         |  in |   14|  ap_memory |  node_attr_cpy2_V_6_0 |     array    |
|node_attr_cpy2_V_6_1_address0   | out |    6|  ap_memory |  node_attr_cpy2_V_6_1 |     array    |
|node_attr_cpy2_V_6_1_ce0        | out |    1|  ap_memory |  node_attr_cpy2_V_6_1 |     array    |
|node_attr_cpy2_V_6_1_q0         |  in |   14|  ap_memory |  node_attr_cpy2_V_6_1 |     array    |
|node_attr_cpy2_V_6_2_address0   | out |    6|  ap_memory |  node_attr_cpy2_V_6_2 |     array    |
|node_attr_cpy2_V_6_2_ce0        | out |    1|  ap_memory |  node_attr_cpy2_V_6_2 |     array    |
|node_attr_cpy2_V_6_2_q0         |  in |   14|  ap_memory |  node_attr_cpy2_V_6_2 |     array    |
|layer9_out_6_0_V_address0       | out |    6|  ap_memory |    layer9_out_6_0_V   |     array    |
|layer9_out_6_0_V_ce0            | out |    1|  ap_memory |    layer9_out_6_0_V   |     array    |
|layer9_out_6_0_V_q0             |  in |   14|  ap_memory |    layer9_out_6_0_V   |     array    |
|layer9_out_6_1_V_address0       | out |    6|  ap_memory |    layer9_out_6_1_V   |     array    |
|layer9_out_6_1_V_ce0            | out |    1|  ap_memory |    layer9_out_6_1_V   |     array    |
|layer9_out_6_1_V_q0             |  in |   14|  ap_memory |    layer9_out_6_1_V   |     array    |
|layer9_out_6_2_V_address0       | out |    6|  ap_memory |    layer9_out_6_2_V   |     array    |
|layer9_out_6_2_V_ce0            | out |    1|  ap_memory |    layer9_out_6_2_V   |     array    |
|layer9_out_6_2_V_q0             |  in |   14|  ap_memory |    layer9_out_6_2_V   |     array    |
|layer9_out_6_3_V_address0       | out |    6|  ap_memory |    layer9_out_6_3_V   |     array    |
|layer9_out_6_3_V_ce0            | out |    1|  ap_memory |    layer9_out_6_3_V   |     array    |
|layer9_out_6_3_V_q0             |  in |   14|  ap_memory |    layer9_out_6_3_V   |     array    |
|layer10_out_6_0_V_address0      | out |    6|  ap_memory |   layer10_out_6_0_V   |     array    |
|layer10_out_6_0_V_ce0           | out |    1|  ap_memory |   layer10_out_6_0_V   |     array    |
|layer10_out_6_0_V_we0           | out |    1|  ap_memory |   layer10_out_6_0_V   |     array    |
|layer10_out_6_0_V_d0            | out |   14|  ap_memory |   layer10_out_6_0_V   |     array    |
|layer10_out_6_1_V_address0      | out |    6|  ap_memory |   layer10_out_6_1_V   |     array    |
|layer10_out_6_1_V_ce0           | out |    1|  ap_memory |   layer10_out_6_1_V   |     array    |
|layer10_out_6_1_V_we0           | out |    1|  ap_memory |   layer10_out_6_1_V   |     array    |
|layer10_out_6_1_V_d0            | out |   14|  ap_memory |   layer10_out_6_1_V   |     array    |
|layer10_out_6_2_V_address0      | out |    6|  ap_memory |   layer10_out_6_2_V   |     array    |
|layer10_out_6_2_V_ce0           | out |    1|  ap_memory |   layer10_out_6_2_V   |     array    |
|layer10_out_6_2_V_we0           | out |    1|  ap_memory |   layer10_out_6_2_V   |     array    |
|layer10_out_6_2_V_d0            | out |   14|  ap_memory |   layer10_out_6_2_V   |     array    |
|node_attr_cpy2_V_7_0_address0   | out |    6|  ap_memory |  node_attr_cpy2_V_7_0 |     array    |
|node_attr_cpy2_V_7_0_ce0        | out |    1|  ap_memory |  node_attr_cpy2_V_7_0 |     array    |
|node_attr_cpy2_V_7_0_q0         |  in |   14|  ap_memory |  node_attr_cpy2_V_7_0 |     array    |
|node_attr_cpy2_V_7_1_address0   | out |    6|  ap_memory |  node_attr_cpy2_V_7_1 |     array    |
|node_attr_cpy2_V_7_1_ce0        | out |    1|  ap_memory |  node_attr_cpy2_V_7_1 |     array    |
|node_attr_cpy2_V_7_1_q0         |  in |   14|  ap_memory |  node_attr_cpy2_V_7_1 |     array    |
|node_attr_cpy2_V_7_2_address0   | out |    6|  ap_memory |  node_attr_cpy2_V_7_2 |     array    |
|node_attr_cpy2_V_7_2_ce0        | out |    1|  ap_memory |  node_attr_cpy2_V_7_2 |     array    |
|node_attr_cpy2_V_7_2_q0         |  in |   14|  ap_memory |  node_attr_cpy2_V_7_2 |     array    |
|layer9_out_7_0_V_address0       | out |    6|  ap_memory |    layer9_out_7_0_V   |     array    |
|layer9_out_7_0_V_ce0            | out |    1|  ap_memory |    layer9_out_7_0_V   |     array    |
|layer9_out_7_0_V_q0             |  in |   14|  ap_memory |    layer9_out_7_0_V   |     array    |
|layer9_out_7_1_V_address0       | out |    6|  ap_memory |    layer9_out_7_1_V   |     array    |
|layer9_out_7_1_V_ce0            | out |    1|  ap_memory |    layer9_out_7_1_V   |     array    |
|layer9_out_7_1_V_q0             |  in |   14|  ap_memory |    layer9_out_7_1_V   |     array    |
|layer9_out_7_2_V_address0       | out |    6|  ap_memory |    layer9_out_7_2_V   |     array    |
|layer9_out_7_2_V_ce0            | out |    1|  ap_memory |    layer9_out_7_2_V   |     array    |
|layer9_out_7_2_V_q0             |  in |   14|  ap_memory |    layer9_out_7_2_V   |     array    |
|layer9_out_7_3_V_address0       | out |    6|  ap_memory |    layer9_out_7_3_V   |     array    |
|layer9_out_7_3_V_ce0            | out |    1|  ap_memory |    layer9_out_7_3_V   |     array    |
|layer9_out_7_3_V_q0             |  in |   14|  ap_memory |    layer9_out_7_3_V   |     array    |
|layer10_out_7_0_V_address0      | out |    6|  ap_memory |   layer10_out_7_0_V   |     array    |
|layer10_out_7_0_V_ce0           | out |    1|  ap_memory |   layer10_out_7_0_V   |     array    |
|layer10_out_7_0_V_we0           | out |    1|  ap_memory |   layer10_out_7_0_V   |     array    |
|layer10_out_7_0_V_d0            | out |   14|  ap_memory |   layer10_out_7_0_V   |     array    |
|layer10_out_7_1_V_address0      | out |    6|  ap_memory |   layer10_out_7_1_V   |     array    |
|layer10_out_7_1_V_ce0           | out |    1|  ap_memory |   layer10_out_7_1_V   |     array    |
|layer10_out_7_1_V_we0           | out |    1|  ap_memory |   layer10_out_7_1_V   |     array    |
|layer10_out_7_1_V_d0            | out |   14|  ap_memory |   layer10_out_7_1_V   |     array    |
|layer10_out_7_2_V_address0      | out |    6|  ap_memory |   layer10_out_7_2_V   |     array    |
|layer10_out_7_2_V_ce0           | out |    1|  ap_memory |   layer10_out_7_2_V   |     array    |
|layer10_out_7_2_V_we0           | out |    1|  ap_memory |   layer10_out_7_2_V   |     array    |
|layer10_out_7_2_V_d0            | out |   14|  ap_memory |   layer10_out_7_2_V   |     array    |
|node_attr_cpy2_V_8_0_address0   | out |    6|  ap_memory |  node_attr_cpy2_V_8_0 |     array    |
|node_attr_cpy2_V_8_0_ce0        | out |    1|  ap_memory |  node_attr_cpy2_V_8_0 |     array    |
|node_attr_cpy2_V_8_0_q0         |  in |   14|  ap_memory |  node_attr_cpy2_V_8_0 |     array    |
|node_attr_cpy2_V_8_1_address0   | out |    6|  ap_memory |  node_attr_cpy2_V_8_1 |     array    |
|node_attr_cpy2_V_8_1_ce0        | out |    1|  ap_memory |  node_attr_cpy2_V_8_1 |     array    |
|node_attr_cpy2_V_8_1_q0         |  in |   14|  ap_memory |  node_attr_cpy2_V_8_1 |     array    |
|node_attr_cpy2_V_8_2_address0   | out |    6|  ap_memory |  node_attr_cpy2_V_8_2 |     array    |
|node_attr_cpy2_V_8_2_ce0        | out |    1|  ap_memory |  node_attr_cpy2_V_8_2 |     array    |
|node_attr_cpy2_V_8_2_q0         |  in |   14|  ap_memory |  node_attr_cpy2_V_8_2 |     array    |
|layer9_out_8_0_V_address0       | out |    6|  ap_memory |    layer9_out_8_0_V   |     array    |
|layer9_out_8_0_V_ce0            | out |    1|  ap_memory |    layer9_out_8_0_V   |     array    |
|layer9_out_8_0_V_q0             |  in |   14|  ap_memory |    layer9_out_8_0_V   |     array    |
|layer9_out_8_1_V_address0       | out |    6|  ap_memory |    layer9_out_8_1_V   |     array    |
|layer9_out_8_1_V_ce0            | out |    1|  ap_memory |    layer9_out_8_1_V   |     array    |
|layer9_out_8_1_V_q0             |  in |   14|  ap_memory |    layer9_out_8_1_V   |     array    |
|layer9_out_8_2_V_address0       | out |    6|  ap_memory |    layer9_out_8_2_V   |     array    |
|layer9_out_8_2_V_ce0            | out |    1|  ap_memory |    layer9_out_8_2_V   |     array    |
|layer9_out_8_2_V_q0             |  in |   14|  ap_memory |    layer9_out_8_2_V   |     array    |
|layer9_out_8_3_V_address0       | out |    6|  ap_memory |    layer9_out_8_3_V   |     array    |
|layer9_out_8_3_V_ce0            | out |    1|  ap_memory |    layer9_out_8_3_V   |     array    |
|layer9_out_8_3_V_q0             |  in |   14|  ap_memory |    layer9_out_8_3_V   |     array    |
|layer10_out_8_0_V_address0      | out |    6|  ap_memory |   layer10_out_8_0_V   |     array    |
|layer10_out_8_0_V_ce0           | out |    1|  ap_memory |   layer10_out_8_0_V   |     array    |
|layer10_out_8_0_V_we0           | out |    1|  ap_memory |   layer10_out_8_0_V   |     array    |
|layer10_out_8_0_V_d0            | out |   14|  ap_memory |   layer10_out_8_0_V   |     array    |
|layer10_out_8_1_V_address0      | out |    6|  ap_memory |   layer10_out_8_1_V   |     array    |
|layer10_out_8_1_V_ce0           | out |    1|  ap_memory |   layer10_out_8_1_V   |     array    |
|layer10_out_8_1_V_we0           | out |    1|  ap_memory |   layer10_out_8_1_V   |     array    |
|layer10_out_8_1_V_d0            | out |   14|  ap_memory |   layer10_out_8_1_V   |     array    |
|layer10_out_8_2_V_address0      | out |    6|  ap_memory |   layer10_out_8_2_V   |     array    |
|layer10_out_8_2_V_ce0           | out |    1|  ap_memory |   layer10_out_8_2_V   |     array    |
|layer10_out_8_2_V_we0           | out |    1|  ap_memory |   layer10_out_8_2_V   |     array    |
|layer10_out_8_2_V_d0            | out |   14|  ap_memory |   layer10_out_8_2_V   |     array    |
|node_attr_cpy2_V_9_0_address0   | out |    6|  ap_memory |  node_attr_cpy2_V_9_0 |     array    |
|node_attr_cpy2_V_9_0_ce0        | out |    1|  ap_memory |  node_attr_cpy2_V_9_0 |     array    |
|node_attr_cpy2_V_9_0_q0         |  in |   14|  ap_memory |  node_attr_cpy2_V_9_0 |     array    |
|node_attr_cpy2_V_9_1_address0   | out |    6|  ap_memory |  node_attr_cpy2_V_9_1 |     array    |
|node_attr_cpy2_V_9_1_ce0        | out |    1|  ap_memory |  node_attr_cpy2_V_9_1 |     array    |
|node_attr_cpy2_V_9_1_q0         |  in |   14|  ap_memory |  node_attr_cpy2_V_9_1 |     array    |
|node_attr_cpy2_V_9_2_address0   | out |    6|  ap_memory |  node_attr_cpy2_V_9_2 |     array    |
|node_attr_cpy2_V_9_2_ce0        | out |    1|  ap_memory |  node_attr_cpy2_V_9_2 |     array    |
|node_attr_cpy2_V_9_2_q0         |  in |   14|  ap_memory |  node_attr_cpy2_V_9_2 |     array    |
|layer9_out_9_0_V_address0       | out |    6|  ap_memory |    layer9_out_9_0_V   |     array    |
|layer9_out_9_0_V_ce0            | out |    1|  ap_memory |    layer9_out_9_0_V   |     array    |
|layer9_out_9_0_V_q0             |  in |   14|  ap_memory |    layer9_out_9_0_V   |     array    |
|layer9_out_9_1_V_address0       | out |    6|  ap_memory |    layer9_out_9_1_V   |     array    |
|layer9_out_9_1_V_ce0            | out |    1|  ap_memory |    layer9_out_9_1_V   |     array    |
|layer9_out_9_1_V_q0             |  in |   14|  ap_memory |    layer9_out_9_1_V   |     array    |
|layer9_out_9_2_V_address0       | out |    6|  ap_memory |    layer9_out_9_2_V   |     array    |
|layer9_out_9_2_V_ce0            | out |    1|  ap_memory |    layer9_out_9_2_V   |     array    |
|layer9_out_9_2_V_q0             |  in |   14|  ap_memory |    layer9_out_9_2_V   |     array    |
|layer9_out_9_3_V_address0       | out |    6|  ap_memory |    layer9_out_9_3_V   |     array    |
|layer9_out_9_3_V_ce0            | out |    1|  ap_memory |    layer9_out_9_3_V   |     array    |
|layer9_out_9_3_V_q0             |  in |   14|  ap_memory |    layer9_out_9_3_V   |     array    |
|layer10_out_9_0_V_address0      | out |    6|  ap_memory |   layer10_out_9_0_V   |     array    |
|layer10_out_9_0_V_ce0           | out |    1|  ap_memory |   layer10_out_9_0_V   |     array    |
|layer10_out_9_0_V_we0           | out |    1|  ap_memory |   layer10_out_9_0_V   |     array    |
|layer10_out_9_0_V_d0            | out |   14|  ap_memory |   layer10_out_9_0_V   |     array    |
|layer10_out_9_1_V_address0      | out |    6|  ap_memory |   layer10_out_9_1_V   |     array    |
|layer10_out_9_1_V_ce0           | out |    1|  ap_memory |   layer10_out_9_1_V   |     array    |
|layer10_out_9_1_V_we0           | out |    1|  ap_memory |   layer10_out_9_1_V   |     array    |
|layer10_out_9_1_V_d0            | out |   14|  ap_memory |   layer10_out_9_1_V   |     array    |
|layer10_out_9_2_V_address0      | out |    6|  ap_memory |   layer10_out_9_2_V   |     array    |
|layer10_out_9_2_V_ce0           | out |    1|  ap_memory |   layer10_out_9_2_V   |     array    |
|layer10_out_9_2_V_we0           | out |    1|  ap_memory |   layer10_out_9_2_V   |     array    |
|layer10_out_9_2_V_d0            | out |   14|  ap_memory |   layer10_out_9_2_V   |     array    |
|node_attr_cpy2_V_10_0_address0  | out |    6|  ap_memory | node_attr_cpy2_V_10_0 |     array    |
|node_attr_cpy2_V_10_0_ce0       | out |    1|  ap_memory | node_attr_cpy2_V_10_0 |     array    |
|node_attr_cpy2_V_10_0_q0        |  in |   14|  ap_memory | node_attr_cpy2_V_10_0 |     array    |
|node_attr_cpy2_V_10_1_address0  | out |    6|  ap_memory | node_attr_cpy2_V_10_1 |     array    |
|node_attr_cpy2_V_10_1_ce0       | out |    1|  ap_memory | node_attr_cpy2_V_10_1 |     array    |
|node_attr_cpy2_V_10_1_q0        |  in |   14|  ap_memory | node_attr_cpy2_V_10_1 |     array    |
|node_attr_cpy2_V_10_2_address0  | out |    6|  ap_memory | node_attr_cpy2_V_10_2 |     array    |
|node_attr_cpy2_V_10_2_ce0       | out |    1|  ap_memory | node_attr_cpy2_V_10_2 |     array    |
|node_attr_cpy2_V_10_2_q0        |  in |   14|  ap_memory | node_attr_cpy2_V_10_2 |     array    |
|layer9_out_10_0_V_address0      | out |    6|  ap_memory |   layer9_out_10_0_V   |     array    |
|layer9_out_10_0_V_ce0           | out |    1|  ap_memory |   layer9_out_10_0_V   |     array    |
|layer9_out_10_0_V_q0            |  in |   14|  ap_memory |   layer9_out_10_0_V   |     array    |
|layer9_out_10_1_V_address0      | out |    6|  ap_memory |   layer9_out_10_1_V   |     array    |
|layer9_out_10_1_V_ce0           | out |    1|  ap_memory |   layer9_out_10_1_V   |     array    |
|layer9_out_10_1_V_q0            |  in |   14|  ap_memory |   layer9_out_10_1_V   |     array    |
|layer9_out_10_2_V_address0      | out |    6|  ap_memory |   layer9_out_10_2_V   |     array    |
|layer9_out_10_2_V_ce0           | out |    1|  ap_memory |   layer9_out_10_2_V   |     array    |
|layer9_out_10_2_V_q0            |  in |   14|  ap_memory |   layer9_out_10_2_V   |     array    |
|layer9_out_10_3_V_address0      | out |    6|  ap_memory |   layer9_out_10_3_V   |     array    |
|layer9_out_10_3_V_ce0           | out |    1|  ap_memory |   layer9_out_10_3_V   |     array    |
|layer9_out_10_3_V_q0            |  in |   14|  ap_memory |   layer9_out_10_3_V   |     array    |
|layer10_out_10_0_V_address0     | out |    6|  ap_memory |   layer10_out_10_0_V  |     array    |
|layer10_out_10_0_V_ce0          | out |    1|  ap_memory |   layer10_out_10_0_V  |     array    |
|layer10_out_10_0_V_we0          | out |    1|  ap_memory |   layer10_out_10_0_V  |     array    |
|layer10_out_10_0_V_d0           | out |   14|  ap_memory |   layer10_out_10_0_V  |     array    |
|layer10_out_10_1_V_address0     | out |    6|  ap_memory |   layer10_out_10_1_V  |     array    |
|layer10_out_10_1_V_ce0          | out |    1|  ap_memory |   layer10_out_10_1_V  |     array    |
|layer10_out_10_1_V_we0          | out |    1|  ap_memory |   layer10_out_10_1_V  |     array    |
|layer10_out_10_1_V_d0           | out |   14|  ap_memory |   layer10_out_10_1_V  |     array    |
|layer10_out_10_2_V_address0     | out |    6|  ap_memory |   layer10_out_10_2_V  |     array    |
|layer10_out_10_2_V_ce0          | out |    1|  ap_memory |   layer10_out_10_2_V  |     array    |
|layer10_out_10_2_V_we0          | out |    1|  ap_memory |   layer10_out_10_2_V  |     array    |
|layer10_out_10_2_V_d0           | out |   14|  ap_memory |   layer10_out_10_2_V  |     array    |
+--------------------------------+-----+-----+------------+-----------------------+--------------+

