

================================================================
== Vivado HLS Report for 'Loop_edge_choose_ver'
================================================================
* Date:           Mon Aug 22 13:47:00 2022

* Version:        2019.2 (Build 2704478 on Wed Nov 06 22:10:23 MST 2019)
* Project:        axi_ii_1
* Solution:       example_par_1
* Product family: virtexuplus
* Target device:  xcvu9p-flga2104-2-i


================================================================
== Performance Estimates
================================================================
+ Timing: 
    * Summary: 
    +--------+---------+----------+------------+
    |  Clock |  Target | Estimated| Uncertainty|
    +--------+---------+----------+------------+
    |ap_clk  | 5.00 ns | 1.188 ns |   0.62 ns  |
    +--------+---------+----------+------------+

+ Latency: 
    * Summary: 
    +---------+---------+----------+----------+-----+-----+---------+
    |  Latency (cycles) |  Latency (absolute) |  Interval | Pipeline|
    |   min   |   max   |    min   |    max   | min | max |   Type  |
    +---------+---------+----------+----------+-----+-----+---------+
    |       32|       32| 0.160 us | 0.160 us |   32|   32|   none  |
    +---------+---------+----------+----------+-----+-----+---------+

    + Detail: 
        * Instance: 
        N/A

        * Loop: 
        +---------------------------+---------+---------+----------+-----------+-----------+------+----------+
        |                           |  Latency (cycles) | Iteration|  Initiation Interval  | Trip |          |
        |         Loop Name         |   min   |   max   |  Latency |  achieved |   target  | Count| Pipelined|
        +---------------------------+---------+---------+----------+-----------+-----------+------+----------+
        |- edge_choose_vertex_loop  |       30|       30|         2|          1|          1|    30|    yes   |
        +---------------------------+---------+---------+----------+-----------+-----------+------+----------+



================================================================
== Utilization Estimates
================================================================
* Summary: 
+---------------------+---------+-------+---------+---------+-----+
|         Name        | BRAM_18K| DSP48E|    FF   |   LUT   | URAM|
+---------------------+---------+-------+---------+---------+-----+
|DSP                  |        -|      -|        -|        -|    -|
|Expression           |        -|      -|        0|       41|    -|
|FIFO                 |        -|      -|        -|        -|    -|
|Instance             |        -|      -|        -|        -|    -|
|Memory               |        -|      -|        -|        -|    -|
|Multiplexer          |        -|      -|        -|       81|    -|
|Register             |        -|      -|       31|        -|    -|
+---------------------+---------+-------+---------+---------+-----+
|Total                |        0|      0|       31|      122|    0|
+---------------------+---------+-------+---------+---------+-----+
|Available SLR        |     1440|   2280|   788160|   394080|  320|
+---------------------+---------+-------+---------+---------+-----+
|Utilization SLR (%)  |        0|      0|    ~0   |    ~0   |    0|
+---------------------+---------+-------+---------+---------+-----+
|Available            |     4320|   6840|  2364480|  1182240|  960|
+---------------------+---------+-------+---------+---------+-----+
|Utilization (%)      |        0|      0|    ~0   |    ~0   |    0|
+---------------------+---------+-------+---------+---------+-----+

+ Detail: 
    * Instance: 
    N/A

    * DSP48E: 
    N/A

    * Memory: 
    N/A

    * FIFO: 
    N/A

    * Expression: 
    +-------------------------+----------+-------+---+----+------------+------------+
    |      Variable Name      | Operation| DSP48E| FF| LUT| Bitwidth P0| Bitwidth P1|
    +-------------------------+----------+-------+---+----+------------+------------+
    |add_ln414_3_fu_3303_p2   |     +    |      0|  0|   6|           6|           2|
    |add_ln414_4_fu_3309_p2   |     +    |      0|  0|   6|           6|           2|
    |add_ln414_fu_3297_p2     |     +    |      0|  0|   6|           6|           2|
    |icmp_ln414_fu_3291_p2    |   icmp   |      0|  0|  11|           6|           4|
    |ap_block_state1          |    or    |      0|  0|   2|           1|           1|
    |or_ln414_fu_3397_p2      |    or    |      0|  0|   6|           6|           1|
    |ap_enable_pp0            |    xor   |      0|  0|   2|           1|           2|
    |ap_enable_reg_pp0_iter1  |    xor   |      0|  0|   2|           2|           1|
    +-------------------------+----------+-------+---+----+------------+------------+
    |Total                    |          |      0|  0|  41|          34|          15|
    +-------------------------+----------+-------+---+----+------------+------------+

    * Multiplexer: 
    +--------------------------------------+----+-----------+-----+-----------+
    |                 Name                 | LUT| Input Size| Bits| Total Bits|
    +--------------------------------------+----+-----------+-----+-----------+
    |ap_NS_fsm                             |  21|          4|    1|          4|
    |ap_done                               |   9|          2|    1|          2|
    |ap_enable_reg_pp0_iter1               |  15|          3|    1|          3|
    |ap_phi_mux_j_0_i128_0_phi_fu_3209_p4  |   9|          2|    6|         12|
    |indvars_iv3_reg_3194                  |   9|          2|    6|         12|
    |indvars_iv9_reg_3183                  |   9|          2|    6|         12|
    |j_0_i128_0_reg_3205                   |   9|          2|    6|         12|
    +--------------------------------------+----+-----------+-----+-----------+
    |Total                                 |  81|         17|   27|         57|
    +--------------------------------------+----+-----------+-----+-----------+

    * Register: 
    +-------------------------+---+----+-----+-----------+
    |           Name          | FF| LUT| Bits| Const Bits|
    +-------------------------+---+----+-----+-----------+
    |add_ln414_reg_3819       |  6|   0|    6|          0|
    |ap_CS_fsm                |  3|   0|    3|          0|
    |ap_done_reg              |  1|   0|    1|          0|
    |ap_enable_reg_pp0_iter0  |  1|   0|    1|          0|
    |ap_enable_reg_pp0_iter1  |  1|   0|    1|          0|
    |icmp_ln414_reg_3485      |  1|   0|    1|          0|
    |indvars_iv3_reg_3194     |  6|   0|    6|          0|
    |indvars_iv9_reg_3183     |  6|   0|    6|          0|
    |j_0_i128_0_reg_3205      |  6|   0|    6|          0|
    +-------------------------+---+----+-----+-----------+
    |Total                    | 31|   0|   31|          0|
    +-------------------------+---+----+-----+-----------+



================================================================
== Interface
================================================================
* Summary: 
+--------------------------------------+-----+-----+------------+-----------------------------+--------------+
|               RTL Ports              | Dir | Bits|  Protocol  |        Source Object        |    C Type    |
+--------------------------------------+-----+-----+------------+-----------------------------+--------------+
|ap_clk                                |  in |    1| ap_ctrl_hs |     Loop_edge_choose_ver    | return value |
|ap_rst                                |  in |    1| ap_ctrl_hs |     Loop_edge_choose_ver    | return value |
|ap_start                              |  in |    1| ap_ctrl_hs |     Loop_edge_choose_ver    | return value |
|ap_done                               | out |    1| ap_ctrl_hs |     Loop_edge_choose_ver    | return value |
|ap_continue                           |  in |    1| ap_ctrl_hs |     Loop_edge_choose_ver    | return value |
|ap_idle                               | out |    1| ap_ctrl_hs |     Loop_edge_choose_ver    | return value |
|ap_ready                              | out |    1| ap_ctrl_hs |     Loop_edge_choose_ver    | return value |
|layer10_out_0_0_V_address0            | out |    6|  ap_memory |      layer10_out_0_0_V      |     array    |
|layer10_out_0_0_V_ce0                 | out |    1|  ap_memory |      layer10_out_0_0_V      |     array    |
|layer10_out_0_0_V_q0                  |  in |   14|  ap_memory |      layer10_out_0_0_V      |     array    |
|layer10_out_0_0_V_address1            | out |    6|  ap_memory |      layer10_out_0_0_V      |     array    |
|layer10_out_0_0_V_ce1                 | out |    1|  ap_memory |      layer10_out_0_0_V      |     array    |
|layer10_out_0_0_V_q1                  |  in |   14|  ap_memory |      layer10_out_0_0_V      |     array    |
|node_attr_1D_s_mat_0_0_0_V_address0   | out |    6|  ap_memory |  node_attr_1D_s_mat_0_0_0_V |     array    |
|node_attr_1D_s_mat_0_0_0_V_ce0        | out |    1|  ap_memory |  node_attr_1D_s_mat_0_0_0_V |     array    |
|node_attr_1D_s_mat_0_0_0_V_we0        | out |    1|  ap_memory |  node_attr_1D_s_mat_0_0_0_V |     array    |
|node_attr_1D_s_mat_0_0_0_V_d0         | out |   14|  ap_memory |  node_attr_1D_s_mat_0_0_0_V |     array    |
|node_attr_1D_s_mat_0_0_0_V_address1   | out |    6|  ap_memory |  node_attr_1D_s_mat_0_0_0_V |     array    |
|node_attr_1D_s_mat_0_0_0_V_ce1        | out |    1|  ap_memory |  node_attr_1D_s_mat_0_0_0_V |     array    |
|node_attr_1D_s_mat_0_0_0_V_we1        | out |    1|  ap_memory |  node_attr_1D_s_mat_0_0_0_V |     array    |
|node_attr_1D_s_mat_0_0_0_V_d1         | out |   14|  ap_memory |  node_attr_1D_s_mat_0_0_0_V |     array    |
|layer10_out_1_0_V_address0            | out |    6|  ap_memory |      layer10_out_1_0_V      |     array    |
|layer10_out_1_0_V_ce0                 | out |    1|  ap_memory |      layer10_out_1_0_V      |     array    |
|layer10_out_1_0_V_q0                  |  in |   14|  ap_memory |      layer10_out_1_0_V      |     array    |
|layer10_out_1_0_V_address1            | out |    6|  ap_memory |      layer10_out_1_0_V      |     array    |
|layer10_out_1_0_V_ce1                 | out |    1|  ap_memory |      layer10_out_1_0_V      |     array    |
|layer10_out_1_0_V_q1                  |  in |   14|  ap_memory |      layer10_out_1_0_V      |     array    |
|node_attr_1D_s_mat_1_0_0_V_address0   | out |    6|  ap_memory |  node_attr_1D_s_mat_1_0_0_V |     array    |
|node_attr_1D_s_mat_1_0_0_V_ce0        | out |    1|  ap_memory |  node_attr_1D_s_mat_1_0_0_V |     array    |
|node_attr_1D_s_mat_1_0_0_V_we0        | out |    1|  ap_memory |  node_attr_1D_s_mat_1_0_0_V |     array    |
|node_attr_1D_s_mat_1_0_0_V_d0         | out |   14|  ap_memory |  node_attr_1D_s_mat_1_0_0_V |     array    |
|node_attr_1D_s_mat_1_0_0_V_address1   | out |    6|  ap_memory |  node_attr_1D_s_mat_1_0_0_V |     array    |
|node_attr_1D_s_mat_1_0_0_V_ce1        | out |    1|  ap_memory |  node_attr_1D_s_mat_1_0_0_V |     array    |
|node_attr_1D_s_mat_1_0_0_V_we1        | out |    1|  ap_memory |  node_attr_1D_s_mat_1_0_0_V |     array    |
|node_attr_1D_s_mat_1_0_0_V_d1         | out |   14|  ap_memory |  node_attr_1D_s_mat_1_0_0_V |     array    |
|layer10_out_2_0_V_address0            | out |    6|  ap_memory |      layer10_out_2_0_V      |     array    |
|layer10_out_2_0_V_ce0                 | out |    1|  ap_memory |      layer10_out_2_0_V      |     array    |
|layer10_out_2_0_V_q0                  |  in |   14|  ap_memory |      layer10_out_2_0_V      |     array    |
|layer10_out_2_0_V_address1            | out |    6|  ap_memory |      layer10_out_2_0_V      |     array    |
|layer10_out_2_0_V_ce1                 | out |    1|  ap_memory |      layer10_out_2_0_V      |     array    |
|layer10_out_2_0_V_q1                  |  in |   14|  ap_memory |      layer10_out_2_0_V      |     array    |
|node_attr_1D_s_mat_2_0_0_V_address0   | out |    6|  ap_memory |  node_attr_1D_s_mat_2_0_0_V |     array    |
|node_attr_1D_s_mat_2_0_0_V_ce0        | out |    1|  ap_memory |  node_attr_1D_s_mat_2_0_0_V |     array    |
|node_attr_1D_s_mat_2_0_0_V_we0        | out |    1|  ap_memory |  node_attr_1D_s_mat_2_0_0_V |     array    |
|node_attr_1D_s_mat_2_0_0_V_d0         | out |   14|  ap_memory |  node_attr_1D_s_mat_2_0_0_V |     array    |
|node_attr_1D_s_mat_2_0_0_V_address1   | out |    6|  ap_memory |  node_attr_1D_s_mat_2_0_0_V |     array    |
|node_attr_1D_s_mat_2_0_0_V_ce1        | out |    1|  ap_memory |  node_attr_1D_s_mat_2_0_0_V |     array    |
|node_attr_1D_s_mat_2_0_0_V_we1        | out |    1|  ap_memory |  node_attr_1D_s_mat_2_0_0_V |     array    |
|node_attr_1D_s_mat_2_0_0_V_d1         | out |   14|  ap_memory |  node_attr_1D_s_mat_2_0_0_V |     array    |
|node_attr_1D_s_mat_3_0_0_V_address0   | out |    6|  ap_memory |  node_attr_1D_s_mat_3_0_0_V |     array    |
|node_attr_1D_s_mat_3_0_0_V_ce0        | out |    1|  ap_memory |  node_attr_1D_s_mat_3_0_0_V |     array    |
|node_attr_1D_s_mat_3_0_0_V_we0        | out |    1|  ap_memory |  node_attr_1D_s_mat_3_0_0_V |     array    |
|node_attr_1D_s_mat_3_0_0_V_d0         | out |   14|  ap_memory |  node_attr_1D_s_mat_3_0_0_V |     array    |
|node_attr_1D_s_mat_3_0_0_V_address1   | out |    6|  ap_memory |  node_attr_1D_s_mat_3_0_0_V |     array    |
|node_attr_1D_s_mat_3_0_0_V_ce1        | out |    1|  ap_memory |  node_attr_1D_s_mat_3_0_0_V |     array    |
|node_attr_1D_s_mat_3_0_0_V_we1        | out |    1|  ap_memory |  node_attr_1D_s_mat_3_0_0_V |     array    |
|node_attr_1D_s_mat_3_0_0_V_d1         | out |   14|  ap_memory |  node_attr_1D_s_mat_3_0_0_V |     array    |
|node_attr_1D_s_mat_4_0_0_V_address0   | out |    6|  ap_memory |  node_attr_1D_s_mat_4_0_0_V |     array    |
|node_attr_1D_s_mat_4_0_0_V_ce0        | out |    1|  ap_memory |  node_attr_1D_s_mat_4_0_0_V |     array    |
|node_attr_1D_s_mat_4_0_0_V_we0        | out |    1|  ap_memory |  node_attr_1D_s_mat_4_0_0_V |     array    |
|node_attr_1D_s_mat_4_0_0_V_d0         | out |   14|  ap_memory |  node_attr_1D_s_mat_4_0_0_V |     array    |
|node_attr_1D_s_mat_4_0_0_V_address1   | out |    6|  ap_memory |  node_attr_1D_s_mat_4_0_0_V |     array    |
|node_attr_1D_s_mat_4_0_0_V_ce1        | out |    1|  ap_memory |  node_attr_1D_s_mat_4_0_0_V |     array    |
|node_attr_1D_s_mat_4_0_0_V_we1        | out |    1|  ap_memory |  node_attr_1D_s_mat_4_0_0_V |     array    |
|node_attr_1D_s_mat_4_0_0_V_d1         | out |   14|  ap_memory |  node_attr_1D_s_mat_4_0_0_V |     array    |
|node_attr_1D_s_mat_5_0_0_V_address0   | out |    6|  ap_memory |  node_attr_1D_s_mat_5_0_0_V |     array    |
|node_attr_1D_s_mat_5_0_0_V_ce0        | out |    1|  ap_memory |  node_attr_1D_s_mat_5_0_0_V |     array    |
|node_attr_1D_s_mat_5_0_0_V_we0        | out |    1|  ap_memory |  node_attr_1D_s_mat_5_0_0_V |     array    |
|node_attr_1D_s_mat_5_0_0_V_d0         | out |   14|  ap_memory |  node_attr_1D_s_mat_5_0_0_V |     array    |
|node_attr_1D_s_mat_5_0_0_V_address1   | out |    6|  ap_memory |  node_attr_1D_s_mat_5_0_0_V |     array    |
|node_attr_1D_s_mat_5_0_0_V_ce1        | out |    1|  ap_memory |  node_attr_1D_s_mat_5_0_0_V |     array    |
|node_attr_1D_s_mat_5_0_0_V_we1        | out |    1|  ap_memory |  node_attr_1D_s_mat_5_0_0_V |     array    |
|node_attr_1D_s_mat_5_0_0_V_d1         | out |   14|  ap_memory |  node_attr_1D_s_mat_5_0_0_V |     array    |
|layer10_out_3_0_V_address0            | out |    6|  ap_memory |      layer10_out_3_0_V      |     array    |
|layer10_out_3_0_V_ce0                 | out |    1|  ap_memory |      layer10_out_3_0_V      |     array    |
|layer10_out_3_0_V_q0                  |  in |   14|  ap_memory |      layer10_out_3_0_V      |     array    |
|layer10_out_3_0_V_address1            | out |    6|  ap_memory |      layer10_out_3_0_V      |     array    |
|layer10_out_3_0_V_ce1                 | out |    1|  ap_memory |      layer10_out_3_0_V      |     array    |
|layer10_out_3_0_V_q1                  |  in |   14|  ap_memory |      layer10_out_3_0_V      |     array    |
|node_attr_1D_s_mat_6_0_0_V_address0   | out |    6|  ap_memory |  node_attr_1D_s_mat_6_0_0_V |     array    |
|node_attr_1D_s_mat_6_0_0_V_ce0        | out |    1|  ap_memory |  node_attr_1D_s_mat_6_0_0_V |     array    |
|node_attr_1D_s_mat_6_0_0_V_we0        | out |    1|  ap_memory |  node_attr_1D_s_mat_6_0_0_V |     array    |
|node_attr_1D_s_mat_6_0_0_V_d0         | out |   14|  ap_memory |  node_attr_1D_s_mat_6_0_0_V |     array    |
|node_attr_1D_s_mat_6_0_0_V_address1   | out |    6|  ap_memory |  node_attr_1D_s_mat_6_0_0_V |     array    |
|node_attr_1D_s_mat_6_0_0_V_ce1        | out |    1|  ap_memory |  node_attr_1D_s_mat_6_0_0_V |     array    |
|node_attr_1D_s_mat_6_0_0_V_we1        | out |    1|  ap_memory |  node_attr_1D_s_mat_6_0_0_V |     array    |
|node_attr_1D_s_mat_6_0_0_V_d1         | out |   14|  ap_memory |  node_attr_1D_s_mat_6_0_0_V |     array    |
|layer10_out_4_0_V_address0            | out |    6|  ap_memory |      layer10_out_4_0_V      |     array    |
|layer10_out_4_0_V_ce0                 | out |    1|  ap_memory |      layer10_out_4_0_V      |     array    |
|layer10_out_4_0_V_q0                  |  in |   14|  ap_memory |      layer10_out_4_0_V      |     array    |
|layer10_out_4_0_V_address1            | out |    6|  ap_memory |      layer10_out_4_0_V      |     array    |
|layer10_out_4_0_V_ce1                 | out |    1|  ap_memory |      layer10_out_4_0_V      |     array    |
|layer10_out_4_0_V_q1                  |  in |   14|  ap_memory |      layer10_out_4_0_V      |     array    |
|node_attr_1D_s_mat_7_0_0_V_address0   | out |    6|  ap_memory |  node_attr_1D_s_mat_7_0_0_V |     array    |
|node_attr_1D_s_mat_7_0_0_V_ce0        | out |    1|  ap_memory |  node_attr_1D_s_mat_7_0_0_V |     array    |
|node_attr_1D_s_mat_7_0_0_V_we0        | out |    1|  ap_memory |  node_attr_1D_s_mat_7_0_0_V |     array    |
|node_attr_1D_s_mat_7_0_0_V_d0         | out |   14|  ap_memory |  node_attr_1D_s_mat_7_0_0_V |     array    |
|node_attr_1D_s_mat_7_0_0_V_address1   | out |    6|  ap_memory |  node_attr_1D_s_mat_7_0_0_V |     array    |
|node_attr_1D_s_mat_7_0_0_V_ce1        | out |    1|  ap_memory |  node_attr_1D_s_mat_7_0_0_V |     array    |
|node_attr_1D_s_mat_7_0_0_V_we1        | out |    1|  ap_memory |  node_attr_1D_s_mat_7_0_0_V |     array    |
|node_attr_1D_s_mat_7_0_0_V_d1         | out |   14|  ap_memory |  node_attr_1D_s_mat_7_0_0_V |     array    |
|layer10_out_5_0_V_address0            | out |    6|  ap_memory |      layer10_out_5_0_V      |     array    |
|layer10_out_5_0_V_ce0                 | out |    1|  ap_memory |      layer10_out_5_0_V      |     array    |
|layer10_out_5_0_V_q0                  |  in |   14|  ap_memory |      layer10_out_5_0_V      |     array    |
|layer10_out_5_0_V_address1            | out |    6|  ap_memory |      layer10_out_5_0_V      |     array    |
|layer10_out_5_0_V_ce1                 | out |    1|  ap_memory |      layer10_out_5_0_V      |     array    |
|layer10_out_5_0_V_q1                  |  in |   14|  ap_memory |      layer10_out_5_0_V      |     array    |
|node_attr_1D_s_mat_8_0_0_V_address0   | out |    6|  ap_memory |  node_attr_1D_s_mat_8_0_0_V |     array    |
|node_attr_1D_s_mat_8_0_0_V_ce0        | out |    1|  ap_memory |  node_attr_1D_s_mat_8_0_0_V |     array    |
|node_attr_1D_s_mat_8_0_0_V_we0        | out |    1|  ap_memory |  node_attr_1D_s_mat_8_0_0_V |     array    |
|node_attr_1D_s_mat_8_0_0_V_d0         | out |   14|  ap_memory |  node_attr_1D_s_mat_8_0_0_V |     array    |
|node_attr_1D_s_mat_8_0_0_V_address1   | out |    6|  ap_memory |  node_attr_1D_s_mat_8_0_0_V |     array    |
|node_attr_1D_s_mat_8_0_0_V_ce1        | out |    1|  ap_memory |  node_attr_1D_s_mat_8_0_0_V |     array    |
|node_attr_1D_s_mat_8_0_0_V_we1        | out |    1|  ap_memory |  node_attr_1D_s_mat_8_0_0_V |     array    |
|node_attr_1D_s_mat_8_0_0_V_d1         | out |   14|  ap_memory |  node_attr_1D_s_mat_8_0_0_V |     array    |
|layer10_out_6_0_V_address0            | out |    6|  ap_memory |      layer10_out_6_0_V      |     array    |
|layer10_out_6_0_V_ce0                 | out |    1|  ap_memory |      layer10_out_6_0_V      |     array    |
|layer10_out_6_0_V_q0                  |  in |   14|  ap_memory |      layer10_out_6_0_V      |     array    |
|layer10_out_6_0_V_address1            | out |    6|  ap_memory |      layer10_out_6_0_V      |     array    |
|layer10_out_6_0_V_ce1                 | out |    1|  ap_memory |      layer10_out_6_0_V      |     array    |
|layer10_out_6_0_V_q1                  |  in |   14|  ap_memory |      layer10_out_6_0_V      |     array    |
|node_attr_1D_s_mat_9_0_0_V_address0   | out |    6|  ap_memory |  node_attr_1D_s_mat_9_0_0_V |     array    |
|node_attr_1D_s_mat_9_0_0_V_ce0        | out |    1|  ap_memory |  node_attr_1D_s_mat_9_0_0_V |     array    |
|node_attr_1D_s_mat_9_0_0_V_we0        | out |    1|  ap_memory |  node_attr_1D_s_mat_9_0_0_V |     array    |
|node_attr_1D_s_mat_9_0_0_V_d0         | out |   14|  ap_memory |  node_attr_1D_s_mat_9_0_0_V |     array    |
|node_attr_1D_s_mat_9_0_0_V_address1   | out |    6|  ap_memory |  node_attr_1D_s_mat_9_0_0_V |     array    |
|node_attr_1D_s_mat_9_0_0_V_ce1        | out |    1|  ap_memory |  node_attr_1D_s_mat_9_0_0_V |     array    |
|node_attr_1D_s_mat_9_0_0_V_we1        | out |    1|  ap_memory |  node_attr_1D_s_mat_9_0_0_V |     array    |
|node_attr_1D_s_mat_9_0_0_V_d1         | out |   14|  ap_memory |  node_attr_1D_s_mat_9_0_0_V |     array    |
|layer10_out_7_0_V_address0            | out |    6|  ap_memory |      layer10_out_7_0_V      |     array    |
|layer10_out_7_0_V_ce0                 | out |    1|  ap_memory |      layer10_out_7_0_V      |     array    |
|layer10_out_7_0_V_q0                  |  in |   14|  ap_memory |      layer10_out_7_0_V      |     array    |
|layer10_out_7_0_V_address1            | out |    6|  ap_memory |      layer10_out_7_0_V      |     array    |
|layer10_out_7_0_V_ce1                 | out |    1|  ap_memory |      layer10_out_7_0_V      |     array    |
|layer10_out_7_0_V_q1                  |  in |   14|  ap_memory |      layer10_out_7_0_V      |     array    |
|node_attr_1D_s_mat_10_0_0_V_address0  | out |    6|  ap_memory | node_attr_1D_s_mat_10_0_0_V |     array    |
|node_attr_1D_s_mat_10_0_0_V_ce0       | out |    1|  ap_memory | node_attr_1D_s_mat_10_0_0_V |     array    |
|node_attr_1D_s_mat_10_0_0_V_we0       | out |    1|  ap_memory | node_attr_1D_s_mat_10_0_0_V |     array    |
|node_attr_1D_s_mat_10_0_0_V_d0        | out |   14|  ap_memory | node_attr_1D_s_mat_10_0_0_V |     array    |
|node_attr_1D_s_mat_10_0_0_V_address1  | out |    6|  ap_memory | node_attr_1D_s_mat_10_0_0_V |     array    |
|node_attr_1D_s_mat_10_0_0_V_ce1       | out |    1|  ap_memory | node_attr_1D_s_mat_10_0_0_V |     array    |
|node_attr_1D_s_mat_10_0_0_V_we1       | out |    1|  ap_memory | node_attr_1D_s_mat_10_0_0_V |     array    |
|node_attr_1D_s_mat_10_0_0_V_d1        | out |   14|  ap_memory | node_attr_1D_s_mat_10_0_0_V |     array    |
|layer10_out_8_0_V_address0            | out |    6|  ap_memory |      layer10_out_8_0_V      |     array    |
|layer10_out_8_0_V_ce0                 | out |    1|  ap_memory |      layer10_out_8_0_V      |     array    |
|layer10_out_8_0_V_q0                  |  in |   14|  ap_memory |      layer10_out_8_0_V      |     array    |
|layer10_out_8_0_V_address1            | out |    6|  ap_memory |      layer10_out_8_0_V      |     array    |
|layer10_out_8_0_V_ce1                 | out |    1|  ap_memory |      layer10_out_8_0_V      |     array    |
|layer10_out_8_0_V_q1                  |  in |   14|  ap_memory |      layer10_out_8_0_V      |     array    |
|node_attr_1D_s_mat_11_0_0_V_address0  | out |    6|  ap_memory | node_attr_1D_s_mat_11_0_0_V |     array    |
|node_attr_1D_s_mat_11_0_0_V_ce0       | out |    1|  ap_memory | node_attr_1D_s_mat_11_0_0_V |     array    |
|node_attr_1D_s_mat_11_0_0_V_we0       | out |    1|  ap_memory | node_attr_1D_s_mat_11_0_0_V |     array    |
|node_attr_1D_s_mat_11_0_0_V_d0        | out |   14|  ap_memory | node_attr_1D_s_mat_11_0_0_V |     array    |
|node_attr_1D_s_mat_11_0_0_V_address1  | out |    6|  ap_memory | node_attr_1D_s_mat_11_0_0_V |     array    |
|node_attr_1D_s_mat_11_0_0_V_ce1       | out |    1|  ap_memory | node_attr_1D_s_mat_11_0_0_V |     array    |
|node_attr_1D_s_mat_11_0_0_V_we1       | out |    1|  ap_memory | node_attr_1D_s_mat_11_0_0_V |     array    |
|node_attr_1D_s_mat_11_0_0_V_d1        | out |   14|  ap_memory | node_attr_1D_s_mat_11_0_0_V |     array    |
|layer10_out_9_0_V_address0            | out |    6|  ap_memory |      layer10_out_9_0_V      |     array    |
|layer10_out_9_0_V_ce0                 | out |    1|  ap_memory |      layer10_out_9_0_V      |     array    |
|layer10_out_9_0_V_q0                  |  in |   14|  ap_memory |      layer10_out_9_0_V      |     array    |
|layer10_out_9_0_V_address1            | out |    6|  ap_memory |      layer10_out_9_0_V      |     array    |
|layer10_out_9_0_V_ce1                 | out |    1|  ap_memory |      layer10_out_9_0_V      |     array    |
|layer10_out_9_0_V_q1                  |  in |   14|  ap_memory |      layer10_out_9_0_V      |     array    |
|node_attr_1D_s_mat_12_0_0_V_address0  | out |    6|  ap_memory | node_attr_1D_s_mat_12_0_0_V |     array    |
|node_attr_1D_s_mat_12_0_0_V_ce0       | out |    1|  ap_memory | node_attr_1D_s_mat_12_0_0_V |     array    |
|node_attr_1D_s_mat_12_0_0_V_we0       | out |    1|  ap_memory | node_attr_1D_s_mat_12_0_0_V |     array    |
|node_attr_1D_s_mat_12_0_0_V_d0        | out |   14|  ap_memory | node_attr_1D_s_mat_12_0_0_V |     array    |
|node_attr_1D_s_mat_12_0_0_V_address1  | out |    6|  ap_memory | node_attr_1D_s_mat_12_0_0_V |     array    |
|node_attr_1D_s_mat_12_0_0_V_ce1       | out |    1|  ap_memory | node_attr_1D_s_mat_12_0_0_V |     array    |
|node_attr_1D_s_mat_12_0_0_V_we1       | out |    1|  ap_memory | node_attr_1D_s_mat_12_0_0_V |     array    |
|node_attr_1D_s_mat_12_0_0_V_d1        | out |   14|  ap_memory | node_attr_1D_s_mat_12_0_0_V |     array    |
|node_attr_1D_r_mat_0_0_0_V_address0   | out |    6|  ap_memory |  node_attr_1D_r_mat_0_0_0_V |     array    |
|node_attr_1D_r_mat_0_0_0_V_ce0        | out |    1|  ap_memory |  node_attr_1D_r_mat_0_0_0_V |     array    |
|node_attr_1D_r_mat_0_0_0_V_we0        | out |    1|  ap_memory |  node_attr_1D_r_mat_0_0_0_V |     array    |
|node_attr_1D_r_mat_0_0_0_V_d0         | out |   14|  ap_memory |  node_attr_1D_r_mat_0_0_0_V |     array    |
|node_attr_1D_r_mat_0_0_0_V_address1   | out |    6|  ap_memory |  node_attr_1D_r_mat_0_0_0_V |     array    |
|node_attr_1D_r_mat_0_0_0_V_ce1        | out |    1|  ap_memory |  node_attr_1D_r_mat_0_0_0_V |     array    |
|node_attr_1D_r_mat_0_0_0_V_we1        | out |    1|  ap_memory |  node_attr_1D_r_mat_0_0_0_V |     array    |
|node_attr_1D_r_mat_0_0_0_V_d1         | out |   14|  ap_memory |  node_attr_1D_r_mat_0_0_0_V |     array    |
|node_attr_1D_r_mat_1_0_0_V_address0   | out |    6|  ap_memory |  node_attr_1D_r_mat_1_0_0_V |     array    |
|node_attr_1D_r_mat_1_0_0_V_ce0        | out |    1|  ap_memory |  node_attr_1D_r_mat_1_0_0_V |     array    |
|node_attr_1D_r_mat_1_0_0_V_we0        | out |    1|  ap_memory |  node_attr_1D_r_mat_1_0_0_V |     array    |
|node_attr_1D_r_mat_1_0_0_V_d0         | out |   14|  ap_memory |  node_attr_1D_r_mat_1_0_0_V |     array    |
|node_attr_1D_r_mat_1_0_0_V_address1   | out |    6|  ap_memory |  node_attr_1D_r_mat_1_0_0_V |     array    |
|node_attr_1D_r_mat_1_0_0_V_ce1        | out |    1|  ap_memory |  node_attr_1D_r_mat_1_0_0_V |     array    |
|node_attr_1D_r_mat_1_0_0_V_we1        | out |    1|  ap_memory |  node_attr_1D_r_mat_1_0_0_V |     array    |
|node_attr_1D_r_mat_1_0_0_V_d1         | out |   14|  ap_memory |  node_attr_1D_r_mat_1_0_0_V |     array    |
|node_attr_1D_r_mat_2_0_0_V_address0   | out |    6|  ap_memory |  node_attr_1D_r_mat_2_0_0_V |     array    |
|node_attr_1D_r_mat_2_0_0_V_ce0        | out |    1|  ap_memory |  node_attr_1D_r_mat_2_0_0_V |     array    |
|node_attr_1D_r_mat_2_0_0_V_we0        | out |    1|  ap_memory |  node_attr_1D_r_mat_2_0_0_V |     array    |
|node_attr_1D_r_mat_2_0_0_V_d0         | out |   14|  ap_memory |  node_attr_1D_r_mat_2_0_0_V |     array    |
|node_attr_1D_r_mat_2_0_0_V_address1   | out |    6|  ap_memory |  node_attr_1D_r_mat_2_0_0_V |     array    |
|node_attr_1D_r_mat_2_0_0_V_ce1        | out |    1|  ap_memory |  node_attr_1D_r_mat_2_0_0_V |     array    |
|node_attr_1D_r_mat_2_0_0_V_we1        | out |    1|  ap_memory |  node_attr_1D_r_mat_2_0_0_V |     array    |
|node_attr_1D_r_mat_2_0_0_V_d1         | out |   14|  ap_memory |  node_attr_1D_r_mat_2_0_0_V |     array    |
|node_attr_1D_r_mat_3_0_0_V_address0   | out |    6|  ap_memory |  node_attr_1D_r_mat_3_0_0_V |     array    |
|node_attr_1D_r_mat_3_0_0_V_ce0        | out |    1|  ap_memory |  node_attr_1D_r_mat_3_0_0_V |     array    |
|node_attr_1D_r_mat_3_0_0_V_we0        | out |    1|  ap_memory |  node_attr_1D_r_mat_3_0_0_V |     array    |
|node_attr_1D_r_mat_3_0_0_V_d0         | out |   14|  ap_memory |  node_attr_1D_r_mat_3_0_0_V |     array    |
|node_attr_1D_r_mat_3_0_0_V_address1   | out |    6|  ap_memory |  node_attr_1D_r_mat_3_0_0_V |     array    |
|node_attr_1D_r_mat_3_0_0_V_ce1        | out |    1|  ap_memory |  node_attr_1D_r_mat_3_0_0_V |     array    |
|node_attr_1D_r_mat_3_0_0_V_we1        | out |    1|  ap_memory |  node_attr_1D_r_mat_3_0_0_V |     array    |
|node_attr_1D_r_mat_3_0_0_V_d1         | out |   14|  ap_memory |  node_attr_1D_r_mat_3_0_0_V |     array    |
|node_attr_1D_r_mat_4_0_0_V_address0   | out |    6|  ap_memory |  node_attr_1D_r_mat_4_0_0_V |     array    |
|node_attr_1D_r_mat_4_0_0_V_ce0        | out |    1|  ap_memory |  node_attr_1D_r_mat_4_0_0_V |     array    |
|node_attr_1D_r_mat_4_0_0_V_we0        | out |    1|  ap_memory |  node_attr_1D_r_mat_4_0_0_V |     array    |
|node_attr_1D_r_mat_4_0_0_V_d0         | out |   14|  ap_memory |  node_attr_1D_r_mat_4_0_0_V |     array    |
|node_attr_1D_r_mat_4_0_0_V_address1   | out |    6|  ap_memory |  node_attr_1D_r_mat_4_0_0_V |     array    |
|node_attr_1D_r_mat_4_0_0_V_ce1        | out |    1|  ap_memory |  node_attr_1D_r_mat_4_0_0_V |     array    |
|node_attr_1D_r_mat_4_0_0_V_we1        | out |    1|  ap_memory |  node_attr_1D_r_mat_4_0_0_V |     array    |
|node_attr_1D_r_mat_4_0_0_V_d1         | out |   14|  ap_memory |  node_attr_1D_r_mat_4_0_0_V |     array    |
|node_attr_1D_r_mat_5_0_0_V_address0   | out |    6|  ap_memory |  node_attr_1D_r_mat_5_0_0_V |     array    |
|node_attr_1D_r_mat_5_0_0_V_ce0        | out |    1|  ap_memory |  node_attr_1D_r_mat_5_0_0_V |     array    |
|node_attr_1D_r_mat_5_0_0_V_we0        | out |    1|  ap_memory |  node_attr_1D_r_mat_5_0_0_V |     array    |
|node_attr_1D_r_mat_5_0_0_V_d0         | out |   14|  ap_memory |  node_attr_1D_r_mat_5_0_0_V |     array    |
|node_attr_1D_r_mat_5_0_0_V_address1   | out |    6|  ap_memory |  node_attr_1D_r_mat_5_0_0_V |     array    |
|node_attr_1D_r_mat_5_0_0_V_ce1        | out |    1|  ap_memory |  node_attr_1D_r_mat_5_0_0_V |     array    |
|node_attr_1D_r_mat_5_0_0_V_we1        | out |    1|  ap_memory |  node_attr_1D_r_mat_5_0_0_V |     array    |
|node_attr_1D_r_mat_5_0_0_V_d1         | out |   14|  ap_memory |  node_attr_1D_r_mat_5_0_0_V |     array    |
|node_attr_1D_r_mat_6_0_0_V_address0   | out |    6|  ap_memory |  node_attr_1D_r_mat_6_0_0_V |     array    |
|node_attr_1D_r_mat_6_0_0_V_ce0        | out |    1|  ap_memory |  node_attr_1D_r_mat_6_0_0_V |     array    |
|node_attr_1D_r_mat_6_0_0_V_we0        | out |    1|  ap_memory |  node_attr_1D_r_mat_6_0_0_V |     array    |
|node_attr_1D_r_mat_6_0_0_V_d0         | out |   14|  ap_memory |  node_attr_1D_r_mat_6_0_0_V |     array    |
|node_attr_1D_r_mat_6_0_0_V_address1   | out |    6|  ap_memory |  node_attr_1D_r_mat_6_0_0_V |     array    |
|node_attr_1D_r_mat_6_0_0_V_ce1        | out |    1|  ap_memory |  node_attr_1D_r_mat_6_0_0_V |     array    |
|node_attr_1D_r_mat_6_0_0_V_we1        | out |    1|  ap_memory |  node_attr_1D_r_mat_6_0_0_V |     array    |
|node_attr_1D_r_mat_6_0_0_V_d1         | out |   14|  ap_memory |  node_attr_1D_r_mat_6_0_0_V |     array    |
|node_attr_1D_r_mat_7_0_0_V_address0   | out |    6|  ap_memory |  node_attr_1D_r_mat_7_0_0_V |     array    |
|node_attr_1D_r_mat_7_0_0_V_ce0        | out |    1|  ap_memory |  node_attr_1D_r_mat_7_0_0_V |     array    |
|node_attr_1D_r_mat_7_0_0_V_we0        | out |    1|  ap_memory |  node_attr_1D_r_mat_7_0_0_V |     array    |
|node_attr_1D_r_mat_7_0_0_V_d0         | out |   14|  ap_memory |  node_attr_1D_r_mat_7_0_0_V |     array    |
|node_attr_1D_r_mat_7_0_0_V_address1   | out |    6|  ap_memory |  node_attr_1D_r_mat_7_0_0_V |     array    |
|node_attr_1D_r_mat_7_0_0_V_ce1        | out |    1|  ap_memory |  node_attr_1D_r_mat_7_0_0_V |     array    |
|node_attr_1D_r_mat_7_0_0_V_we1        | out |    1|  ap_memory |  node_attr_1D_r_mat_7_0_0_V |     array    |
|node_attr_1D_r_mat_7_0_0_V_d1         | out |   14|  ap_memory |  node_attr_1D_r_mat_7_0_0_V |     array    |
|node_attr_1D_r_mat_8_0_0_V_address0   | out |    6|  ap_memory |  node_attr_1D_r_mat_8_0_0_V |     array    |
|node_attr_1D_r_mat_8_0_0_V_ce0        | out |    1|  ap_memory |  node_attr_1D_r_mat_8_0_0_V |     array    |
|node_attr_1D_r_mat_8_0_0_V_we0        | out |    1|  ap_memory |  node_attr_1D_r_mat_8_0_0_V |     array    |
|node_attr_1D_r_mat_8_0_0_V_d0         | out |   14|  ap_memory |  node_attr_1D_r_mat_8_0_0_V |     array    |
|node_attr_1D_r_mat_8_0_0_V_address1   | out |    6|  ap_memory |  node_attr_1D_r_mat_8_0_0_V |     array    |
|node_attr_1D_r_mat_8_0_0_V_ce1        | out |    1|  ap_memory |  node_attr_1D_r_mat_8_0_0_V |     array    |
|node_attr_1D_r_mat_8_0_0_V_we1        | out |    1|  ap_memory |  node_attr_1D_r_mat_8_0_0_V |     array    |
|node_attr_1D_r_mat_8_0_0_V_d1         | out |   14|  ap_memory |  node_attr_1D_r_mat_8_0_0_V |     array    |
|node_attr_1D_r_mat_9_0_0_V_address0   | out |    6|  ap_memory |  node_attr_1D_r_mat_9_0_0_V |     array    |
|node_attr_1D_r_mat_9_0_0_V_ce0        | out |    1|  ap_memory |  node_attr_1D_r_mat_9_0_0_V |     array    |
|node_attr_1D_r_mat_9_0_0_V_we0        | out |    1|  ap_memory |  node_attr_1D_r_mat_9_0_0_V |     array    |
|node_attr_1D_r_mat_9_0_0_V_d0         | out |   14|  ap_memory |  node_attr_1D_r_mat_9_0_0_V |     array    |
|node_attr_1D_r_mat_9_0_0_V_address1   | out |    6|  ap_memory |  node_attr_1D_r_mat_9_0_0_V |     array    |
|node_attr_1D_r_mat_9_0_0_V_ce1        | out |    1|  ap_memory |  node_attr_1D_r_mat_9_0_0_V |     array    |
|node_attr_1D_r_mat_9_0_0_V_we1        | out |    1|  ap_memory |  node_attr_1D_r_mat_9_0_0_V |     array    |
|node_attr_1D_r_mat_9_0_0_V_d1         | out |   14|  ap_memory |  node_attr_1D_r_mat_9_0_0_V |     array    |
|node_attr_1D_r_mat_10_0_0_V_address0  | out |    6|  ap_memory | node_attr_1D_r_mat_10_0_0_V |     array    |
|node_attr_1D_r_mat_10_0_0_V_ce0       | out |    1|  ap_memory | node_attr_1D_r_mat_10_0_0_V |     array    |
|node_attr_1D_r_mat_10_0_0_V_we0       | out |    1|  ap_memory | node_attr_1D_r_mat_10_0_0_V |     array    |
|node_attr_1D_r_mat_10_0_0_V_d0        | out |   14|  ap_memory | node_attr_1D_r_mat_10_0_0_V |     array    |
|node_attr_1D_r_mat_10_0_0_V_address1  | out |    6|  ap_memory | node_attr_1D_r_mat_10_0_0_V |     array    |
|node_attr_1D_r_mat_10_0_0_V_ce1       | out |    1|  ap_memory | node_attr_1D_r_mat_10_0_0_V |     array    |
|node_attr_1D_r_mat_10_0_0_V_we1       | out |    1|  ap_memory | node_attr_1D_r_mat_10_0_0_V |     array    |
|node_attr_1D_r_mat_10_0_0_V_d1        | out |   14|  ap_memory | node_attr_1D_r_mat_10_0_0_V |     array    |
|node_attr_1D_r_mat_11_0_0_V_address0  | out |    6|  ap_memory | node_attr_1D_r_mat_11_0_0_V |     array    |
|node_attr_1D_r_mat_11_0_0_V_ce0       | out |    1|  ap_memory | node_attr_1D_r_mat_11_0_0_V |     array    |
|node_attr_1D_r_mat_11_0_0_V_we0       | out |    1|  ap_memory | node_attr_1D_r_mat_11_0_0_V |     array    |
|node_attr_1D_r_mat_11_0_0_V_d0        | out |   14|  ap_memory | node_attr_1D_r_mat_11_0_0_V |     array    |
|node_attr_1D_r_mat_11_0_0_V_address1  | out |    6|  ap_memory | node_attr_1D_r_mat_11_0_0_V |     array    |
|node_attr_1D_r_mat_11_0_0_V_ce1       | out |    1|  ap_memory | node_attr_1D_r_mat_11_0_0_V |     array    |
|node_attr_1D_r_mat_11_0_0_V_we1       | out |    1|  ap_memory | node_attr_1D_r_mat_11_0_0_V |     array    |
|node_attr_1D_r_mat_11_0_0_V_d1        | out |   14|  ap_memory | node_attr_1D_r_mat_11_0_0_V |     array    |
|layer10_out_10_0_V_address0           | out |    6|  ap_memory |      layer10_out_10_0_V     |     array    |
|layer10_out_10_0_V_ce0                | out |    1|  ap_memory |      layer10_out_10_0_V     |     array    |
|layer10_out_10_0_V_q0                 |  in |   14|  ap_memory |      layer10_out_10_0_V     |     array    |
|layer10_out_10_0_V_address1           | out |    6|  ap_memory |      layer10_out_10_0_V     |     array    |
|layer10_out_10_0_V_ce1                | out |    1|  ap_memory |      layer10_out_10_0_V     |     array    |
|layer10_out_10_0_V_q1                 |  in |   14|  ap_memory |      layer10_out_10_0_V     |     array    |
|node_attr_1D_r_mat_12_0_0_V_address0  | out |    6|  ap_memory | node_attr_1D_r_mat_12_0_0_V |     array    |
|node_attr_1D_r_mat_12_0_0_V_ce0       | out |    1|  ap_memory | node_attr_1D_r_mat_12_0_0_V |     array    |
|node_attr_1D_r_mat_12_0_0_V_we0       | out |    1|  ap_memory | node_attr_1D_r_mat_12_0_0_V |     array    |
|node_attr_1D_r_mat_12_0_0_V_d0        | out |   14|  ap_memory | node_attr_1D_r_mat_12_0_0_V |     array    |
|node_attr_1D_r_mat_12_0_0_V_address1  | out |    6|  ap_memory | node_attr_1D_r_mat_12_0_0_V |     array    |
|node_attr_1D_r_mat_12_0_0_V_ce1       | out |    1|  ap_memory | node_attr_1D_r_mat_12_0_0_V |     array    |
|node_attr_1D_r_mat_12_0_0_V_we1       | out |    1|  ap_memory | node_attr_1D_r_mat_12_0_0_V |     array    |
|node_attr_1D_r_mat_12_0_0_V_d1        | out |   14|  ap_memory | node_attr_1D_r_mat_12_0_0_V |     array    |
|layer10_out_0_1_V_address0            | out |    6|  ap_memory |      layer10_out_0_1_V      |     array    |
|layer10_out_0_1_V_ce0                 | out |    1|  ap_memory |      layer10_out_0_1_V      |     array    |
|layer10_out_0_1_V_q0                  |  in |   14|  ap_memory |      layer10_out_0_1_V      |     array    |
|layer10_out_0_1_V_address1            | out |    6|  ap_memory |      layer10_out_0_1_V      |     array    |
|layer10_out_0_1_V_ce1                 | out |    1|  ap_memory |      layer10_out_0_1_V      |     array    |
|layer10_out_0_1_V_q1                  |  in |   14|  ap_memory |      layer10_out_0_1_V      |     array    |
|node_attr_1D_s_mat_0_1_0_V_address0   | out |    6|  ap_memory |  node_attr_1D_s_mat_0_1_0_V |     array    |
|node_attr_1D_s_mat_0_1_0_V_ce0        | out |    1|  ap_memory |  node_attr_1D_s_mat_0_1_0_V |     array    |
|node_attr_1D_s_mat_0_1_0_V_we0        | out |    1|  ap_memory |  node_attr_1D_s_mat_0_1_0_V |     array    |
|node_attr_1D_s_mat_0_1_0_V_d0         | out |   14|  ap_memory |  node_attr_1D_s_mat_0_1_0_V |     array    |
|node_attr_1D_s_mat_0_1_0_V_address1   | out |    6|  ap_memory |  node_attr_1D_s_mat_0_1_0_V |     array    |
|node_attr_1D_s_mat_0_1_0_V_ce1        | out |    1|  ap_memory |  node_attr_1D_s_mat_0_1_0_V |     array    |
|node_attr_1D_s_mat_0_1_0_V_we1        | out |    1|  ap_memory |  node_attr_1D_s_mat_0_1_0_V |     array    |
|node_attr_1D_s_mat_0_1_0_V_d1         | out |   14|  ap_memory |  node_attr_1D_s_mat_0_1_0_V |     array    |
|layer10_out_1_1_V_address0            | out |    6|  ap_memory |      layer10_out_1_1_V      |     array    |
|layer10_out_1_1_V_ce0                 | out |    1|  ap_memory |      layer10_out_1_1_V      |     array    |
|layer10_out_1_1_V_q0                  |  in |   14|  ap_memory |      layer10_out_1_1_V      |     array    |
|layer10_out_1_1_V_address1            | out |    6|  ap_memory |      layer10_out_1_1_V      |     array    |
|layer10_out_1_1_V_ce1                 | out |    1|  ap_memory |      layer10_out_1_1_V      |     array    |
|layer10_out_1_1_V_q1                  |  in |   14|  ap_memory |      layer10_out_1_1_V      |     array    |
|node_attr_1D_s_mat_1_1_0_V_address0   | out |    6|  ap_memory |  node_attr_1D_s_mat_1_1_0_V |     array    |
|node_attr_1D_s_mat_1_1_0_V_ce0        | out |    1|  ap_memory |  node_attr_1D_s_mat_1_1_0_V |     array    |
|node_attr_1D_s_mat_1_1_0_V_we0        | out |    1|  ap_memory |  node_attr_1D_s_mat_1_1_0_V |     array    |
|node_attr_1D_s_mat_1_1_0_V_d0         | out |   14|  ap_memory |  node_attr_1D_s_mat_1_1_0_V |     array    |
|node_attr_1D_s_mat_1_1_0_V_address1   | out |    6|  ap_memory |  node_attr_1D_s_mat_1_1_0_V |     array    |
|node_attr_1D_s_mat_1_1_0_V_ce1        | out |    1|  ap_memory |  node_attr_1D_s_mat_1_1_0_V |     array    |
|node_attr_1D_s_mat_1_1_0_V_we1        | out |    1|  ap_memory |  node_attr_1D_s_mat_1_1_0_V |     array    |
|node_attr_1D_s_mat_1_1_0_V_d1         | out |   14|  ap_memory |  node_attr_1D_s_mat_1_1_0_V |     array    |
|layer10_out_2_1_V_address0            | out |    6|  ap_memory |      layer10_out_2_1_V      |     array    |
|layer10_out_2_1_V_ce0                 | out |    1|  ap_memory |      layer10_out_2_1_V      |     array    |
|layer10_out_2_1_V_q0                  |  in |   14|  ap_memory |      layer10_out_2_1_V      |     array    |
|layer10_out_2_1_V_address1            | out |    6|  ap_memory |      layer10_out_2_1_V      |     array    |
|layer10_out_2_1_V_ce1                 | out |    1|  ap_memory |      layer10_out_2_1_V      |     array    |
|layer10_out_2_1_V_q1                  |  in |   14|  ap_memory |      layer10_out_2_1_V      |     array    |
|node_attr_1D_s_mat_2_1_0_V_address0   | out |    6|  ap_memory |  node_attr_1D_s_mat_2_1_0_V |     array    |
|node_attr_1D_s_mat_2_1_0_V_ce0        | out |    1|  ap_memory |  node_attr_1D_s_mat_2_1_0_V |     array    |
|node_attr_1D_s_mat_2_1_0_V_we0        | out |    1|  ap_memory |  node_attr_1D_s_mat_2_1_0_V |     array    |
|node_attr_1D_s_mat_2_1_0_V_d0         | out |   14|  ap_memory |  node_attr_1D_s_mat_2_1_0_V |     array    |
|node_attr_1D_s_mat_2_1_0_V_address1   | out |    6|  ap_memory |  node_attr_1D_s_mat_2_1_0_V |     array    |
|node_attr_1D_s_mat_2_1_0_V_ce1        | out |    1|  ap_memory |  node_attr_1D_s_mat_2_1_0_V |     array    |
|node_attr_1D_s_mat_2_1_0_V_we1        | out |    1|  ap_memory |  node_attr_1D_s_mat_2_1_0_V |     array    |
|node_attr_1D_s_mat_2_1_0_V_d1         | out |   14|  ap_memory |  node_attr_1D_s_mat_2_1_0_V |     array    |
|node_attr_1D_s_mat_3_1_0_V_address0   | out |    6|  ap_memory |  node_attr_1D_s_mat_3_1_0_V |     array    |
|node_attr_1D_s_mat_3_1_0_V_ce0        | out |    1|  ap_memory |  node_attr_1D_s_mat_3_1_0_V |     array    |
|node_attr_1D_s_mat_3_1_0_V_we0        | out |    1|  ap_memory |  node_attr_1D_s_mat_3_1_0_V |     array    |
|node_attr_1D_s_mat_3_1_0_V_d0         | out |   14|  ap_memory |  node_attr_1D_s_mat_3_1_0_V |     array    |
|node_attr_1D_s_mat_3_1_0_V_address1   | out |    6|  ap_memory |  node_attr_1D_s_mat_3_1_0_V |     array    |
|node_attr_1D_s_mat_3_1_0_V_ce1        | out |    1|  ap_memory |  node_attr_1D_s_mat_3_1_0_V |     array    |
|node_attr_1D_s_mat_3_1_0_V_we1        | out |    1|  ap_memory |  node_attr_1D_s_mat_3_1_0_V |     array    |
|node_attr_1D_s_mat_3_1_0_V_d1         | out |   14|  ap_memory |  node_attr_1D_s_mat_3_1_0_V |     array    |
|node_attr_1D_s_mat_4_1_0_V_address0   | out |    6|  ap_memory |  node_attr_1D_s_mat_4_1_0_V |     array    |
|node_attr_1D_s_mat_4_1_0_V_ce0        | out |    1|  ap_memory |  node_attr_1D_s_mat_4_1_0_V |     array    |
|node_attr_1D_s_mat_4_1_0_V_we0        | out |    1|  ap_memory |  node_attr_1D_s_mat_4_1_0_V |     array    |
|node_attr_1D_s_mat_4_1_0_V_d0         | out |   14|  ap_memory |  node_attr_1D_s_mat_4_1_0_V |     array    |
|node_attr_1D_s_mat_4_1_0_V_address1   | out |    6|  ap_memory |  node_attr_1D_s_mat_4_1_0_V |     array    |
|node_attr_1D_s_mat_4_1_0_V_ce1        | out |    1|  ap_memory |  node_attr_1D_s_mat_4_1_0_V |     array    |
|node_attr_1D_s_mat_4_1_0_V_we1        | out |    1|  ap_memory |  node_attr_1D_s_mat_4_1_0_V |     array    |
|node_attr_1D_s_mat_4_1_0_V_d1         | out |   14|  ap_memory |  node_attr_1D_s_mat_4_1_0_V |     array    |
|node_attr_1D_s_mat_5_1_0_V_address0   | out |    6|  ap_memory |  node_attr_1D_s_mat_5_1_0_V |     array    |
|node_attr_1D_s_mat_5_1_0_V_ce0        | out |    1|  ap_memory |  node_attr_1D_s_mat_5_1_0_V |     array    |
|node_attr_1D_s_mat_5_1_0_V_we0        | out |    1|  ap_memory |  node_attr_1D_s_mat_5_1_0_V |     array    |
|node_attr_1D_s_mat_5_1_0_V_d0         | out |   14|  ap_memory |  node_attr_1D_s_mat_5_1_0_V |     array    |
|node_attr_1D_s_mat_5_1_0_V_address1   | out |    6|  ap_memory |  node_attr_1D_s_mat_5_1_0_V |     array    |
|node_attr_1D_s_mat_5_1_0_V_ce1        | out |    1|  ap_memory |  node_attr_1D_s_mat_5_1_0_V |     array    |
|node_attr_1D_s_mat_5_1_0_V_we1        | out |    1|  ap_memory |  node_attr_1D_s_mat_5_1_0_V |     array    |
|node_attr_1D_s_mat_5_1_0_V_d1         | out |   14|  ap_memory |  node_attr_1D_s_mat_5_1_0_V |     array    |
|layer10_out_3_1_V_address0            | out |    6|  ap_memory |      layer10_out_3_1_V      |     array    |
|layer10_out_3_1_V_ce0                 | out |    1|  ap_memory |      layer10_out_3_1_V      |     array    |
|layer10_out_3_1_V_q0                  |  in |   14|  ap_memory |      layer10_out_3_1_V      |     array    |
|layer10_out_3_1_V_address1            | out |    6|  ap_memory |      layer10_out_3_1_V      |     array    |
|layer10_out_3_1_V_ce1                 | out |    1|  ap_memory |      layer10_out_3_1_V      |     array    |
|layer10_out_3_1_V_q1                  |  in |   14|  ap_memory |      layer10_out_3_1_V      |     array    |
|node_attr_1D_s_mat_6_1_0_V_address0   | out |    6|  ap_memory |  node_attr_1D_s_mat_6_1_0_V |     array    |
|node_attr_1D_s_mat_6_1_0_V_ce0        | out |    1|  ap_memory |  node_attr_1D_s_mat_6_1_0_V |     array    |
|node_attr_1D_s_mat_6_1_0_V_we0        | out |    1|  ap_memory |  node_attr_1D_s_mat_6_1_0_V |     array    |
|node_attr_1D_s_mat_6_1_0_V_d0         | out |   14|  ap_memory |  node_attr_1D_s_mat_6_1_0_V |     array    |
|node_attr_1D_s_mat_6_1_0_V_address1   | out |    6|  ap_memory |  node_attr_1D_s_mat_6_1_0_V |     array    |
|node_attr_1D_s_mat_6_1_0_V_ce1        | out |    1|  ap_memory |  node_attr_1D_s_mat_6_1_0_V |     array    |
|node_attr_1D_s_mat_6_1_0_V_we1        | out |    1|  ap_memory |  node_attr_1D_s_mat_6_1_0_V |     array    |
|node_attr_1D_s_mat_6_1_0_V_d1         | out |   14|  ap_memory |  node_attr_1D_s_mat_6_1_0_V |     array    |
|layer10_out_4_1_V_address0            | out |    6|  ap_memory |      layer10_out_4_1_V      |     array    |
|layer10_out_4_1_V_ce0                 | out |    1|  ap_memory |      layer10_out_4_1_V      |     array    |
|layer10_out_4_1_V_q0                  |  in |   14|  ap_memory |      layer10_out_4_1_V      |     array    |
|layer10_out_4_1_V_address1            | out |    6|  ap_memory |      layer10_out_4_1_V      |     array    |
|layer10_out_4_1_V_ce1                 | out |    1|  ap_memory |      layer10_out_4_1_V      |     array    |
|layer10_out_4_1_V_q1                  |  in |   14|  ap_memory |      layer10_out_4_1_V      |     array    |
|node_attr_1D_s_mat_7_1_0_V_address0   | out |    6|  ap_memory |  node_attr_1D_s_mat_7_1_0_V |     array    |
|node_attr_1D_s_mat_7_1_0_V_ce0        | out |    1|  ap_memory |  node_attr_1D_s_mat_7_1_0_V |     array    |
|node_attr_1D_s_mat_7_1_0_V_we0        | out |    1|  ap_memory |  node_attr_1D_s_mat_7_1_0_V |     array    |
|node_attr_1D_s_mat_7_1_0_V_d0         | out |   14|  ap_memory |  node_attr_1D_s_mat_7_1_0_V |     array    |
|node_attr_1D_s_mat_7_1_0_V_address1   | out |    6|  ap_memory |  node_attr_1D_s_mat_7_1_0_V |     array    |
|node_attr_1D_s_mat_7_1_0_V_ce1        | out |    1|  ap_memory |  node_attr_1D_s_mat_7_1_0_V |     array    |
|node_attr_1D_s_mat_7_1_0_V_we1        | out |    1|  ap_memory |  node_attr_1D_s_mat_7_1_0_V |     array    |
|node_attr_1D_s_mat_7_1_0_V_d1         | out |   14|  ap_memory |  node_attr_1D_s_mat_7_1_0_V |     array    |
|layer10_out_5_1_V_address0            | out |    6|  ap_memory |      layer10_out_5_1_V      |     array    |
|layer10_out_5_1_V_ce0                 | out |    1|  ap_memory |      layer10_out_5_1_V      |     array    |
|layer10_out_5_1_V_q0                  |  in |   14|  ap_memory |      layer10_out_5_1_V      |     array    |
|layer10_out_5_1_V_address1            | out |    6|  ap_memory |      layer10_out_5_1_V      |     array    |
|layer10_out_5_1_V_ce1                 | out |    1|  ap_memory |      layer10_out_5_1_V      |     array    |
|layer10_out_5_1_V_q1                  |  in |   14|  ap_memory |      layer10_out_5_1_V      |     array    |
|node_attr_1D_s_mat_8_1_0_V_address0   | out |    6|  ap_memory |  node_attr_1D_s_mat_8_1_0_V |     array    |
|node_attr_1D_s_mat_8_1_0_V_ce0        | out |    1|  ap_memory |  node_attr_1D_s_mat_8_1_0_V |     array    |
|node_attr_1D_s_mat_8_1_0_V_we0        | out |    1|  ap_memory |  node_attr_1D_s_mat_8_1_0_V |     array    |
|node_attr_1D_s_mat_8_1_0_V_d0         | out |   14|  ap_memory |  node_attr_1D_s_mat_8_1_0_V |     array    |
|node_attr_1D_s_mat_8_1_0_V_address1   | out |    6|  ap_memory |  node_attr_1D_s_mat_8_1_0_V |     array    |
|node_attr_1D_s_mat_8_1_0_V_ce1        | out |    1|  ap_memory |  node_attr_1D_s_mat_8_1_0_V |     array    |
|node_attr_1D_s_mat_8_1_0_V_we1        | out |    1|  ap_memory |  node_attr_1D_s_mat_8_1_0_V |     array    |
|node_attr_1D_s_mat_8_1_0_V_d1         | out |   14|  ap_memory |  node_attr_1D_s_mat_8_1_0_V |     array    |
|layer10_out_6_1_V_address0            | out |    6|  ap_memory |      layer10_out_6_1_V      |     array    |
|layer10_out_6_1_V_ce0                 | out |    1|  ap_memory |      layer10_out_6_1_V      |     array    |
|layer10_out_6_1_V_q0                  |  in |   14|  ap_memory |      layer10_out_6_1_V      |     array    |
|layer10_out_6_1_V_address1            | out |    6|  ap_memory |      layer10_out_6_1_V      |     array    |
|layer10_out_6_1_V_ce1                 | out |    1|  ap_memory |      layer10_out_6_1_V      |     array    |
|layer10_out_6_1_V_q1                  |  in |   14|  ap_memory |      layer10_out_6_1_V      |     array    |
|node_attr_1D_s_mat_9_1_0_V_address0   | out |    6|  ap_memory |  node_attr_1D_s_mat_9_1_0_V |     array    |
|node_attr_1D_s_mat_9_1_0_V_ce0        | out |    1|  ap_memory |  node_attr_1D_s_mat_9_1_0_V |     array    |
|node_attr_1D_s_mat_9_1_0_V_we0        | out |    1|  ap_memory |  node_attr_1D_s_mat_9_1_0_V |     array    |
|node_attr_1D_s_mat_9_1_0_V_d0         | out |   14|  ap_memory |  node_attr_1D_s_mat_9_1_0_V |     array    |
|node_attr_1D_s_mat_9_1_0_V_address1   | out |    6|  ap_memory |  node_attr_1D_s_mat_9_1_0_V |     array    |
|node_attr_1D_s_mat_9_1_0_V_ce1        | out |    1|  ap_memory |  node_attr_1D_s_mat_9_1_0_V |     array    |
|node_attr_1D_s_mat_9_1_0_V_we1        | out |    1|  ap_memory |  node_attr_1D_s_mat_9_1_0_V |     array    |
|node_attr_1D_s_mat_9_1_0_V_d1         | out |   14|  ap_memory |  node_attr_1D_s_mat_9_1_0_V |     array    |
|layer10_out_7_1_V_address0            | out |    6|  ap_memory |      layer10_out_7_1_V      |     array    |
|layer10_out_7_1_V_ce0                 | out |    1|  ap_memory |      layer10_out_7_1_V      |     array    |
|layer10_out_7_1_V_q0                  |  in |   14|  ap_memory |      layer10_out_7_1_V      |     array    |
|layer10_out_7_1_V_address1            | out |    6|  ap_memory |      layer10_out_7_1_V      |     array    |
|layer10_out_7_1_V_ce1                 | out |    1|  ap_memory |      layer10_out_7_1_V      |     array    |
|layer10_out_7_1_V_q1                  |  in |   14|  ap_memory |      layer10_out_7_1_V      |     array    |
|node_attr_1D_s_mat_10_1_0_V_address0  | out |    6|  ap_memory | node_attr_1D_s_mat_10_1_0_V |     array    |
|node_attr_1D_s_mat_10_1_0_V_ce0       | out |    1|  ap_memory | node_attr_1D_s_mat_10_1_0_V |     array    |
|node_attr_1D_s_mat_10_1_0_V_we0       | out |    1|  ap_memory | node_attr_1D_s_mat_10_1_0_V |     array    |
|node_attr_1D_s_mat_10_1_0_V_d0        | out |   14|  ap_memory | node_attr_1D_s_mat_10_1_0_V |     array    |
|node_attr_1D_s_mat_10_1_0_V_address1  | out |    6|  ap_memory | node_attr_1D_s_mat_10_1_0_V |     array    |
|node_attr_1D_s_mat_10_1_0_V_ce1       | out |    1|  ap_memory | node_attr_1D_s_mat_10_1_0_V |     array    |
|node_attr_1D_s_mat_10_1_0_V_we1       | out |    1|  ap_memory | node_attr_1D_s_mat_10_1_0_V |     array    |
|node_attr_1D_s_mat_10_1_0_V_d1        | out |   14|  ap_memory | node_attr_1D_s_mat_10_1_0_V |     array    |
|layer10_out_8_1_V_address0            | out |    6|  ap_memory |      layer10_out_8_1_V      |     array    |
|layer10_out_8_1_V_ce0                 | out |    1|  ap_memory |      layer10_out_8_1_V      |     array    |
|layer10_out_8_1_V_q0                  |  in |   14|  ap_memory |      layer10_out_8_1_V      |     array    |
|layer10_out_8_1_V_address1            | out |    6|  ap_memory |      layer10_out_8_1_V      |     array    |
|layer10_out_8_1_V_ce1                 | out |    1|  ap_memory |      layer10_out_8_1_V      |     array    |
|layer10_out_8_1_V_q1                  |  in |   14|  ap_memory |      layer10_out_8_1_V      |     array    |
|node_attr_1D_s_mat_11_1_0_V_address0  | out |    6|  ap_memory | node_attr_1D_s_mat_11_1_0_V |     array    |
|node_attr_1D_s_mat_11_1_0_V_ce0       | out |    1|  ap_memory | node_attr_1D_s_mat_11_1_0_V |     array    |
|node_attr_1D_s_mat_11_1_0_V_we0       | out |    1|  ap_memory | node_attr_1D_s_mat_11_1_0_V |     array    |
|node_attr_1D_s_mat_11_1_0_V_d0        | out |   14|  ap_memory | node_attr_1D_s_mat_11_1_0_V |     array    |
|node_attr_1D_s_mat_11_1_0_V_address1  | out |    6|  ap_memory | node_attr_1D_s_mat_11_1_0_V |     array    |
|node_attr_1D_s_mat_11_1_0_V_ce1       | out |    1|  ap_memory | node_attr_1D_s_mat_11_1_0_V |     array    |
|node_attr_1D_s_mat_11_1_0_V_we1       | out |    1|  ap_memory | node_attr_1D_s_mat_11_1_0_V |     array    |
|node_attr_1D_s_mat_11_1_0_V_d1        | out |   14|  ap_memory | node_attr_1D_s_mat_11_1_0_V |     array    |
|layer10_out_9_1_V_address0            | out |    6|  ap_memory |      layer10_out_9_1_V      |     array    |
|layer10_out_9_1_V_ce0                 | out |    1|  ap_memory |      layer10_out_9_1_V      |     array    |
|layer10_out_9_1_V_q0                  |  in |   14|  ap_memory |      layer10_out_9_1_V      |     array    |
|layer10_out_9_1_V_address1            | out |    6|  ap_memory |      layer10_out_9_1_V      |     array    |
|layer10_out_9_1_V_ce1                 | out |    1|  ap_memory |      layer10_out_9_1_V      |     array    |
|layer10_out_9_1_V_q1                  |  in |   14|  ap_memory |      layer10_out_9_1_V      |     array    |
|node_attr_1D_s_mat_12_1_0_V_address0  | out |    6|  ap_memory | node_attr_1D_s_mat_12_1_0_V |     array    |
|node_attr_1D_s_mat_12_1_0_V_ce0       | out |    1|  ap_memory | node_attr_1D_s_mat_12_1_0_V |     array    |
|node_attr_1D_s_mat_12_1_0_V_we0       | out |    1|  ap_memory | node_attr_1D_s_mat_12_1_0_V |     array    |
|node_attr_1D_s_mat_12_1_0_V_d0        | out |   14|  ap_memory | node_attr_1D_s_mat_12_1_0_V |     array    |
|node_attr_1D_s_mat_12_1_0_V_address1  | out |    6|  ap_memory | node_attr_1D_s_mat_12_1_0_V |     array    |
|node_attr_1D_s_mat_12_1_0_V_ce1       | out |    1|  ap_memory | node_attr_1D_s_mat_12_1_0_V |     array    |
|node_attr_1D_s_mat_12_1_0_V_we1       | out |    1|  ap_memory | node_attr_1D_s_mat_12_1_0_V |     array    |
|node_attr_1D_s_mat_12_1_0_V_d1        | out |   14|  ap_memory | node_attr_1D_s_mat_12_1_0_V |     array    |
|node_attr_1D_r_mat_0_1_0_V_address0   | out |    6|  ap_memory |  node_attr_1D_r_mat_0_1_0_V |     array    |
|node_attr_1D_r_mat_0_1_0_V_ce0        | out |    1|  ap_memory |  node_attr_1D_r_mat_0_1_0_V |     array    |
|node_attr_1D_r_mat_0_1_0_V_we0        | out |    1|  ap_memory |  node_attr_1D_r_mat_0_1_0_V |     array    |
|node_attr_1D_r_mat_0_1_0_V_d0         | out |   14|  ap_memory |  node_attr_1D_r_mat_0_1_0_V |     array    |
|node_attr_1D_r_mat_0_1_0_V_address1   | out |    6|  ap_memory |  node_attr_1D_r_mat_0_1_0_V |     array    |
|node_attr_1D_r_mat_0_1_0_V_ce1        | out |    1|  ap_memory |  node_attr_1D_r_mat_0_1_0_V |     array    |
|node_attr_1D_r_mat_0_1_0_V_we1        | out |    1|  ap_memory |  node_attr_1D_r_mat_0_1_0_V |     array    |
|node_attr_1D_r_mat_0_1_0_V_d1         | out |   14|  ap_memory |  node_attr_1D_r_mat_0_1_0_V |     array    |
|node_attr_1D_r_mat_1_1_0_V_address0   | out |    6|  ap_memory |  node_attr_1D_r_mat_1_1_0_V |     array    |
|node_attr_1D_r_mat_1_1_0_V_ce0        | out |    1|  ap_memory |  node_attr_1D_r_mat_1_1_0_V |     array    |
|node_attr_1D_r_mat_1_1_0_V_we0        | out |    1|  ap_memory |  node_attr_1D_r_mat_1_1_0_V |     array    |
|node_attr_1D_r_mat_1_1_0_V_d0         | out |   14|  ap_memory |  node_attr_1D_r_mat_1_1_0_V |     array    |
|node_attr_1D_r_mat_1_1_0_V_address1   | out |    6|  ap_memory |  node_attr_1D_r_mat_1_1_0_V |     array    |
|node_attr_1D_r_mat_1_1_0_V_ce1        | out |    1|  ap_memory |  node_attr_1D_r_mat_1_1_0_V |     array    |
|node_attr_1D_r_mat_1_1_0_V_we1        | out |    1|  ap_memory |  node_attr_1D_r_mat_1_1_0_V |     array    |
|node_attr_1D_r_mat_1_1_0_V_d1         | out |   14|  ap_memory |  node_attr_1D_r_mat_1_1_0_V |     array    |
|node_attr_1D_r_mat_2_1_0_V_address0   | out |    6|  ap_memory |  node_attr_1D_r_mat_2_1_0_V |     array    |
|node_attr_1D_r_mat_2_1_0_V_ce0        | out |    1|  ap_memory |  node_attr_1D_r_mat_2_1_0_V |     array    |
|node_attr_1D_r_mat_2_1_0_V_we0        | out |    1|  ap_memory |  node_attr_1D_r_mat_2_1_0_V |     array    |
|node_attr_1D_r_mat_2_1_0_V_d0         | out |   14|  ap_memory |  node_attr_1D_r_mat_2_1_0_V |     array    |
|node_attr_1D_r_mat_2_1_0_V_address1   | out |    6|  ap_memory |  node_attr_1D_r_mat_2_1_0_V |     array    |
|node_attr_1D_r_mat_2_1_0_V_ce1        | out |    1|  ap_memory |  node_attr_1D_r_mat_2_1_0_V |     array    |
|node_attr_1D_r_mat_2_1_0_V_we1        | out |    1|  ap_memory |  node_attr_1D_r_mat_2_1_0_V |     array    |
|node_attr_1D_r_mat_2_1_0_V_d1         | out |   14|  ap_memory |  node_attr_1D_r_mat_2_1_0_V |     array    |
|node_attr_1D_r_mat_3_1_0_V_address0   | out |    6|  ap_memory |  node_attr_1D_r_mat_3_1_0_V |     array    |
|node_attr_1D_r_mat_3_1_0_V_ce0        | out |    1|  ap_memory |  node_attr_1D_r_mat_3_1_0_V |     array    |
|node_attr_1D_r_mat_3_1_0_V_we0        | out |    1|  ap_memory |  node_attr_1D_r_mat_3_1_0_V |     array    |
|node_attr_1D_r_mat_3_1_0_V_d0         | out |   14|  ap_memory |  node_attr_1D_r_mat_3_1_0_V |     array    |
|node_attr_1D_r_mat_3_1_0_V_address1   | out |    6|  ap_memory |  node_attr_1D_r_mat_3_1_0_V |     array    |
|node_attr_1D_r_mat_3_1_0_V_ce1        | out |    1|  ap_memory |  node_attr_1D_r_mat_3_1_0_V |     array    |
|node_attr_1D_r_mat_3_1_0_V_we1        | out |    1|  ap_memory |  node_attr_1D_r_mat_3_1_0_V |     array    |
|node_attr_1D_r_mat_3_1_0_V_d1         | out |   14|  ap_memory |  node_attr_1D_r_mat_3_1_0_V |     array    |
|node_attr_1D_r_mat_4_1_0_V_address0   | out |    6|  ap_memory |  node_attr_1D_r_mat_4_1_0_V |     array    |
|node_attr_1D_r_mat_4_1_0_V_ce0        | out |    1|  ap_memory |  node_attr_1D_r_mat_4_1_0_V |     array    |
|node_attr_1D_r_mat_4_1_0_V_we0        | out |    1|  ap_memory |  node_attr_1D_r_mat_4_1_0_V |     array    |
|node_attr_1D_r_mat_4_1_0_V_d0         | out |   14|  ap_memory |  node_attr_1D_r_mat_4_1_0_V |     array    |
|node_attr_1D_r_mat_4_1_0_V_address1   | out |    6|  ap_memory |  node_attr_1D_r_mat_4_1_0_V |     array    |
|node_attr_1D_r_mat_4_1_0_V_ce1        | out |    1|  ap_memory |  node_attr_1D_r_mat_4_1_0_V |     array    |
|node_attr_1D_r_mat_4_1_0_V_we1        | out |    1|  ap_memory |  node_attr_1D_r_mat_4_1_0_V |     array    |
|node_attr_1D_r_mat_4_1_0_V_d1         | out |   14|  ap_memory |  node_attr_1D_r_mat_4_1_0_V |     array    |
|node_attr_1D_r_mat_5_1_0_V_address0   | out |    6|  ap_memory |  node_attr_1D_r_mat_5_1_0_V |     array    |
|node_attr_1D_r_mat_5_1_0_V_ce0        | out |    1|  ap_memory |  node_attr_1D_r_mat_5_1_0_V |     array    |
|node_attr_1D_r_mat_5_1_0_V_we0        | out |    1|  ap_memory |  node_attr_1D_r_mat_5_1_0_V |     array    |
|node_attr_1D_r_mat_5_1_0_V_d0         | out |   14|  ap_memory |  node_attr_1D_r_mat_5_1_0_V |     array    |
|node_attr_1D_r_mat_5_1_0_V_address1   | out |    6|  ap_memory |  node_attr_1D_r_mat_5_1_0_V |     array    |
|node_attr_1D_r_mat_5_1_0_V_ce1        | out |    1|  ap_memory |  node_attr_1D_r_mat_5_1_0_V |     array    |
|node_attr_1D_r_mat_5_1_0_V_we1        | out |    1|  ap_memory |  node_attr_1D_r_mat_5_1_0_V |     array    |
|node_attr_1D_r_mat_5_1_0_V_d1         | out |   14|  ap_memory |  node_attr_1D_r_mat_5_1_0_V |     array    |
|node_attr_1D_r_mat_6_1_0_V_address0   | out |    6|  ap_memory |  node_attr_1D_r_mat_6_1_0_V |     array    |
|node_attr_1D_r_mat_6_1_0_V_ce0        | out |    1|  ap_memory |  node_attr_1D_r_mat_6_1_0_V |     array    |
|node_attr_1D_r_mat_6_1_0_V_we0        | out |    1|  ap_memory |  node_attr_1D_r_mat_6_1_0_V |     array    |
|node_attr_1D_r_mat_6_1_0_V_d0         | out |   14|  ap_memory |  node_attr_1D_r_mat_6_1_0_V |     array    |
|node_attr_1D_r_mat_6_1_0_V_address1   | out |    6|  ap_memory |  node_attr_1D_r_mat_6_1_0_V |     array    |
|node_attr_1D_r_mat_6_1_0_V_ce1        | out |    1|  ap_memory |  node_attr_1D_r_mat_6_1_0_V |     array    |
|node_attr_1D_r_mat_6_1_0_V_we1        | out |    1|  ap_memory |  node_attr_1D_r_mat_6_1_0_V |     array    |
|node_attr_1D_r_mat_6_1_0_V_d1         | out |   14|  ap_memory |  node_attr_1D_r_mat_6_1_0_V |     array    |
|node_attr_1D_r_mat_7_1_0_V_address0   | out |    6|  ap_memory |  node_attr_1D_r_mat_7_1_0_V |     array    |
|node_attr_1D_r_mat_7_1_0_V_ce0        | out |    1|  ap_memory |  node_attr_1D_r_mat_7_1_0_V |     array    |
|node_attr_1D_r_mat_7_1_0_V_we0        | out |    1|  ap_memory |  node_attr_1D_r_mat_7_1_0_V |     array    |
|node_attr_1D_r_mat_7_1_0_V_d0         | out |   14|  ap_memory |  node_attr_1D_r_mat_7_1_0_V |     array    |
|node_attr_1D_r_mat_7_1_0_V_address1   | out |    6|  ap_memory |  node_attr_1D_r_mat_7_1_0_V |     array    |
|node_attr_1D_r_mat_7_1_0_V_ce1        | out |    1|  ap_memory |  node_attr_1D_r_mat_7_1_0_V |     array    |
|node_attr_1D_r_mat_7_1_0_V_we1        | out |    1|  ap_memory |  node_attr_1D_r_mat_7_1_0_V |     array    |
|node_attr_1D_r_mat_7_1_0_V_d1         | out |   14|  ap_memory |  node_attr_1D_r_mat_7_1_0_V |     array    |
|node_attr_1D_r_mat_8_1_0_V_address0   | out |    6|  ap_memory |  node_attr_1D_r_mat_8_1_0_V |     array    |
|node_attr_1D_r_mat_8_1_0_V_ce0        | out |    1|  ap_memory |  node_attr_1D_r_mat_8_1_0_V |     array    |
|node_attr_1D_r_mat_8_1_0_V_we0        | out |    1|  ap_memory |  node_attr_1D_r_mat_8_1_0_V |     array    |
|node_attr_1D_r_mat_8_1_0_V_d0         | out |   14|  ap_memory |  node_attr_1D_r_mat_8_1_0_V |     array    |
|node_attr_1D_r_mat_8_1_0_V_address1   | out |    6|  ap_memory |  node_attr_1D_r_mat_8_1_0_V |     array    |
|node_attr_1D_r_mat_8_1_0_V_ce1        | out |    1|  ap_memory |  node_attr_1D_r_mat_8_1_0_V |     array    |
|node_attr_1D_r_mat_8_1_0_V_we1        | out |    1|  ap_memory |  node_attr_1D_r_mat_8_1_0_V |     array    |
|node_attr_1D_r_mat_8_1_0_V_d1         | out |   14|  ap_memory |  node_attr_1D_r_mat_8_1_0_V |     array    |
|node_attr_1D_r_mat_9_1_0_V_address0   | out |    6|  ap_memory |  node_attr_1D_r_mat_9_1_0_V |     array    |
|node_attr_1D_r_mat_9_1_0_V_ce0        | out |    1|  ap_memory |  node_attr_1D_r_mat_9_1_0_V |     array    |
|node_attr_1D_r_mat_9_1_0_V_we0        | out |    1|  ap_memory |  node_attr_1D_r_mat_9_1_0_V |     array    |
|node_attr_1D_r_mat_9_1_0_V_d0         | out |   14|  ap_memory |  node_attr_1D_r_mat_9_1_0_V |     array    |
|node_attr_1D_r_mat_9_1_0_V_address1   | out |    6|  ap_memory |  node_attr_1D_r_mat_9_1_0_V |     array    |
|node_attr_1D_r_mat_9_1_0_V_ce1        | out |    1|  ap_memory |  node_attr_1D_r_mat_9_1_0_V |     array    |
|node_attr_1D_r_mat_9_1_0_V_we1        | out |    1|  ap_memory |  node_attr_1D_r_mat_9_1_0_V |     array    |
|node_attr_1D_r_mat_9_1_0_V_d1         | out |   14|  ap_memory |  node_attr_1D_r_mat_9_1_0_V |     array    |
|node_attr_1D_r_mat_10_1_0_V_address0  | out |    6|  ap_memory | node_attr_1D_r_mat_10_1_0_V |     array    |
|node_attr_1D_r_mat_10_1_0_V_ce0       | out |    1|  ap_memory | node_attr_1D_r_mat_10_1_0_V |     array    |
|node_attr_1D_r_mat_10_1_0_V_we0       | out |    1|  ap_memory | node_attr_1D_r_mat_10_1_0_V |     array    |
|node_attr_1D_r_mat_10_1_0_V_d0        | out |   14|  ap_memory | node_attr_1D_r_mat_10_1_0_V |     array    |
|node_attr_1D_r_mat_10_1_0_V_address1  | out |    6|  ap_memory | node_attr_1D_r_mat_10_1_0_V |     array    |
|node_attr_1D_r_mat_10_1_0_V_ce1       | out |    1|  ap_memory | node_attr_1D_r_mat_10_1_0_V |     array    |
|node_attr_1D_r_mat_10_1_0_V_we1       | out |    1|  ap_memory | node_attr_1D_r_mat_10_1_0_V |     array    |
|node_attr_1D_r_mat_10_1_0_V_d1        | out |   14|  ap_memory | node_attr_1D_r_mat_10_1_0_V |     array    |
|node_attr_1D_r_mat_11_1_0_V_address0  | out |    6|  ap_memory | node_attr_1D_r_mat_11_1_0_V |     array    |
|node_attr_1D_r_mat_11_1_0_V_ce0       | out |    1|  ap_memory | node_attr_1D_r_mat_11_1_0_V |     array    |
|node_attr_1D_r_mat_11_1_0_V_we0       | out |    1|  ap_memory | node_attr_1D_r_mat_11_1_0_V |     array    |
|node_attr_1D_r_mat_11_1_0_V_d0        | out |   14|  ap_memory | node_attr_1D_r_mat_11_1_0_V |     array    |
|node_attr_1D_r_mat_11_1_0_V_address1  | out |    6|  ap_memory | node_attr_1D_r_mat_11_1_0_V |     array    |
|node_attr_1D_r_mat_11_1_0_V_ce1       | out |    1|  ap_memory | node_attr_1D_r_mat_11_1_0_V |     array    |
|node_attr_1D_r_mat_11_1_0_V_we1       | out |    1|  ap_memory | node_attr_1D_r_mat_11_1_0_V |     array    |
|node_attr_1D_r_mat_11_1_0_V_d1        | out |   14|  ap_memory | node_attr_1D_r_mat_11_1_0_V |     array    |
|layer10_out_10_1_V_address0           | out |    6|  ap_memory |      layer10_out_10_1_V     |     array    |
|layer10_out_10_1_V_ce0                | out |    1|  ap_memory |      layer10_out_10_1_V     |     array    |
|layer10_out_10_1_V_q0                 |  in |   14|  ap_memory |      layer10_out_10_1_V     |     array    |
|layer10_out_10_1_V_address1           | out |    6|  ap_memory |      layer10_out_10_1_V     |     array    |
|layer10_out_10_1_V_ce1                | out |    1|  ap_memory |      layer10_out_10_1_V     |     array    |
|layer10_out_10_1_V_q1                 |  in |   14|  ap_memory |      layer10_out_10_1_V     |     array    |
|node_attr_1D_r_mat_12_1_0_V_address0  | out |    6|  ap_memory | node_attr_1D_r_mat_12_1_0_V |     array    |
|node_attr_1D_r_mat_12_1_0_V_ce0       | out |    1|  ap_memory | node_attr_1D_r_mat_12_1_0_V |     array    |
|node_attr_1D_r_mat_12_1_0_V_we0       | out |    1|  ap_memory | node_attr_1D_r_mat_12_1_0_V |     array    |
|node_attr_1D_r_mat_12_1_0_V_d0        | out |   14|  ap_memory | node_attr_1D_r_mat_12_1_0_V |     array    |
|node_attr_1D_r_mat_12_1_0_V_address1  | out |    6|  ap_memory | node_attr_1D_r_mat_12_1_0_V |     array    |
|node_attr_1D_r_mat_12_1_0_V_ce1       | out |    1|  ap_memory | node_attr_1D_r_mat_12_1_0_V |     array    |
|node_attr_1D_r_mat_12_1_0_V_we1       | out |    1|  ap_memory | node_attr_1D_r_mat_12_1_0_V |     array    |
|node_attr_1D_r_mat_12_1_0_V_d1        | out |   14|  ap_memory | node_attr_1D_r_mat_12_1_0_V |     array    |
|layer10_out_0_2_V_address0            | out |    6|  ap_memory |      layer10_out_0_2_V      |     array    |
|layer10_out_0_2_V_ce0                 | out |    1|  ap_memory |      layer10_out_0_2_V      |     array    |
|layer10_out_0_2_V_q0                  |  in |   14|  ap_memory |      layer10_out_0_2_V      |     array    |
|layer10_out_0_2_V_address1            | out |    6|  ap_memory |      layer10_out_0_2_V      |     array    |
|layer10_out_0_2_V_ce1                 | out |    1|  ap_memory |      layer10_out_0_2_V      |     array    |
|layer10_out_0_2_V_q1                  |  in |   14|  ap_memory |      layer10_out_0_2_V      |     array    |
|node_attr_1D_s_mat_0_2_0_V_address0   | out |    6|  ap_memory |  node_attr_1D_s_mat_0_2_0_V |     array    |
|node_attr_1D_s_mat_0_2_0_V_ce0        | out |    1|  ap_memory |  node_attr_1D_s_mat_0_2_0_V |     array    |
|node_attr_1D_s_mat_0_2_0_V_we0        | out |    1|  ap_memory |  node_attr_1D_s_mat_0_2_0_V |     array    |
|node_attr_1D_s_mat_0_2_0_V_d0         | out |   14|  ap_memory |  node_attr_1D_s_mat_0_2_0_V |     array    |
|node_attr_1D_s_mat_0_2_0_V_address1   | out |    6|  ap_memory |  node_attr_1D_s_mat_0_2_0_V |     array    |
|node_attr_1D_s_mat_0_2_0_V_ce1        | out |    1|  ap_memory |  node_attr_1D_s_mat_0_2_0_V |     array    |
|node_attr_1D_s_mat_0_2_0_V_we1        | out |    1|  ap_memory |  node_attr_1D_s_mat_0_2_0_V |     array    |
|node_attr_1D_s_mat_0_2_0_V_d1         | out |   14|  ap_memory |  node_attr_1D_s_mat_0_2_0_V |     array    |
|layer10_out_1_2_V_address0            | out |    6|  ap_memory |      layer10_out_1_2_V      |     array    |
|layer10_out_1_2_V_ce0                 | out |    1|  ap_memory |      layer10_out_1_2_V      |     array    |
|layer10_out_1_2_V_q0                  |  in |   14|  ap_memory |      layer10_out_1_2_V      |     array    |
|layer10_out_1_2_V_address1            | out |    6|  ap_memory |      layer10_out_1_2_V      |     array    |
|layer10_out_1_2_V_ce1                 | out |    1|  ap_memory |      layer10_out_1_2_V      |     array    |
|layer10_out_1_2_V_q1                  |  in |   14|  ap_memory |      layer10_out_1_2_V      |     array    |
|node_attr_1D_s_mat_1_2_0_V_address0   | out |    6|  ap_memory |  node_attr_1D_s_mat_1_2_0_V |     array    |
|node_attr_1D_s_mat_1_2_0_V_ce0        | out |    1|  ap_memory |  node_attr_1D_s_mat_1_2_0_V |     array    |
|node_attr_1D_s_mat_1_2_0_V_we0        | out |    1|  ap_memory |  node_attr_1D_s_mat_1_2_0_V |     array    |
|node_attr_1D_s_mat_1_2_0_V_d0         | out |   14|  ap_memory |  node_attr_1D_s_mat_1_2_0_V |     array    |
|node_attr_1D_s_mat_1_2_0_V_address1   | out |    6|  ap_memory |  node_attr_1D_s_mat_1_2_0_V |     array    |
|node_attr_1D_s_mat_1_2_0_V_ce1        | out |    1|  ap_memory |  node_attr_1D_s_mat_1_2_0_V |     array    |
|node_attr_1D_s_mat_1_2_0_V_we1        | out |    1|  ap_memory |  node_attr_1D_s_mat_1_2_0_V |     array    |
|node_attr_1D_s_mat_1_2_0_V_d1         | out |   14|  ap_memory |  node_attr_1D_s_mat_1_2_0_V |     array    |
|layer10_out_2_2_V_address0            | out |    6|  ap_memory |      layer10_out_2_2_V      |     array    |
|layer10_out_2_2_V_ce0                 | out |    1|  ap_memory |      layer10_out_2_2_V      |     array    |
|layer10_out_2_2_V_q0                  |  in |   14|  ap_memory |      layer10_out_2_2_V      |     array    |
|layer10_out_2_2_V_address1            | out |    6|  ap_memory |      layer10_out_2_2_V      |     array    |
|layer10_out_2_2_V_ce1                 | out |    1|  ap_memory |      layer10_out_2_2_V      |     array    |
|layer10_out_2_2_V_q1                  |  in |   14|  ap_memory |      layer10_out_2_2_V      |     array    |
|node_attr_1D_s_mat_2_2_0_V_address0   | out |    6|  ap_memory |  node_attr_1D_s_mat_2_2_0_V |     array    |
|node_attr_1D_s_mat_2_2_0_V_ce0        | out |    1|  ap_memory |  node_attr_1D_s_mat_2_2_0_V |     array    |
|node_attr_1D_s_mat_2_2_0_V_we0        | out |    1|  ap_memory |  node_attr_1D_s_mat_2_2_0_V |     array    |
|node_attr_1D_s_mat_2_2_0_V_d0         | out |   14|  ap_memory |  node_attr_1D_s_mat_2_2_0_V |     array    |
|node_attr_1D_s_mat_2_2_0_V_address1   | out |    6|  ap_memory |  node_attr_1D_s_mat_2_2_0_V |     array    |
|node_attr_1D_s_mat_2_2_0_V_ce1        | out |    1|  ap_memory |  node_attr_1D_s_mat_2_2_0_V |     array    |
|node_attr_1D_s_mat_2_2_0_V_we1        | out |    1|  ap_memory |  node_attr_1D_s_mat_2_2_0_V |     array    |
|node_attr_1D_s_mat_2_2_0_V_d1         | out |   14|  ap_memory |  node_attr_1D_s_mat_2_2_0_V |     array    |
|node_attr_1D_s_mat_3_2_0_V_address0   | out |    6|  ap_memory |  node_attr_1D_s_mat_3_2_0_V |     array    |
|node_attr_1D_s_mat_3_2_0_V_ce0        | out |    1|  ap_memory |  node_attr_1D_s_mat_3_2_0_V |     array    |
|node_attr_1D_s_mat_3_2_0_V_we0        | out |    1|  ap_memory |  node_attr_1D_s_mat_3_2_0_V |     array    |
|node_attr_1D_s_mat_3_2_0_V_d0         | out |   14|  ap_memory |  node_attr_1D_s_mat_3_2_0_V |     array    |
|node_attr_1D_s_mat_3_2_0_V_address1   | out |    6|  ap_memory |  node_attr_1D_s_mat_3_2_0_V |     array    |
|node_attr_1D_s_mat_3_2_0_V_ce1        | out |    1|  ap_memory |  node_attr_1D_s_mat_3_2_0_V |     array    |
|node_attr_1D_s_mat_3_2_0_V_we1        | out |    1|  ap_memory |  node_attr_1D_s_mat_3_2_0_V |     array    |
|node_attr_1D_s_mat_3_2_0_V_d1         | out |   14|  ap_memory |  node_attr_1D_s_mat_3_2_0_V |     array    |
|node_attr_1D_s_mat_4_2_0_V_address0   | out |    6|  ap_memory |  node_attr_1D_s_mat_4_2_0_V |     array    |
|node_attr_1D_s_mat_4_2_0_V_ce0        | out |    1|  ap_memory |  node_attr_1D_s_mat_4_2_0_V |     array    |
|node_attr_1D_s_mat_4_2_0_V_we0        | out |    1|  ap_memory |  node_attr_1D_s_mat_4_2_0_V |     array    |
|node_attr_1D_s_mat_4_2_0_V_d0         | out |   14|  ap_memory |  node_attr_1D_s_mat_4_2_0_V |     array    |
|node_attr_1D_s_mat_4_2_0_V_address1   | out |    6|  ap_memory |  node_attr_1D_s_mat_4_2_0_V |     array    |
|node_attr_1D_s_mat_4_2_0_V_ce1        | out |    1|  ap_memory |  node_attr_1D_s_mat_4_2_0_V |     array    |
|node_attr_1D_s_mat_4_2_0_V_we1        | out |    1|  ap_memory |  node_attr_1D_s_mat_4_2_0_V |     array    |
|node_attr_1D_s_mat_4_2_0_V_d1         | out |   14|  ap_memory |  node_attr_1D_s_mat_4_2_0_V |     array    |
|node_attr_1D_s_mat_5_2_0_V_address0   | out |    6|  ap_memory |  node_attr_1D_s_mat_5_2_0_V |     array    |
|node_attr_1D_s_mat_5_2_0_V_ce0        | out |    1|  ap_memory |  node_attr_1D_s_mat_5_2_0_V |     array    |
|node_attr_1D_s_mat_5_2_0_V_we0        | out |    1|  ap_memory |  node_attr_1D_s_mat_5_2_0_V |     array    |
|node_attr_1D_s_mat_5_2_0_V_d0         | out |   14|  ap_memory |  node_attr_1D_s_mat_5_2_0_V |     array    |
|node_attr_1D_s_mat_5_2_0_V_address1   | out |    6|  ap_memory |  node_attr_1D_s_mat_5_2_0_V |     array    |
|node_attr_1D_s_mat_5_2_0_V_ce1        | out |    1|  ap_memory |  node_attr_1D_s_mat_5_2_0_V |     array    |
|node_attr_1D_s_mat_5_2_0_V_we1        | out |    1|  ap_memory |  node_attr_1D_s_mat_5_2_0_V |     array    |
|node_attr_1D_s_mat_5_2_0_V_d1         | out |   14|  ap_memory |  node_attr_1D_s_mat_5_2_0_V |     array    |
|layer10_out_3_2_V_address0            | out |    6|  ap_memory |      layer10_out_3_2_V      |     array    |
|layer10_out_3_2_V_ce0                 | out |    1|  ap_memory |      layer10_out_3_2_V      |     array    |
|layer10_out_3_2_V_q0                  |  in |   14|  ap_memory |      layer10_out_3_2_V      |     array    |
|layer10_out_3_2_V_address1            | out |    6|  ap_memory |      layer10_out_3_2_V      |     array    |
|layer10_out_3_2_V_ce1                 | out |    1|  ap_memory |      layer10_out_3_2_V      |     array    |
|layer10_out_3_2_V_q1                  |  in |   14|  ap_memory |      layer10_out_3_2_V      |     array    |
|node_attr_1D_s_mat_6_2_0_V_address0   | out |    6|  ap_memory |  node_attr_1D_s_mat_6_2_0_V |     array    |
|node_attr_1D_s_mat_6_2_0_V_ce0        | out |    1|  ap_memory |  node_attr_1D_s_mat_6_2_0_V |     array    |
|node_attr_1D_s_mat_6_2_0_V_we0        | out |    1|  ap_memory |  node_attr_1D_s_mat_6_2_0_V |     array    |
|node_attr_1D_s_mat_6_2_0_V_d0         | out |   14|  ap_memory |  node_attr_1D_s_mat_6_2_0_V |     array    |
|node_attr_1D_s_mat_6_2_0_V_address1   | out |    6|  ap_memory |  node_attr_1D_s_mat_6_2_0_V |     array    |
|node_attr_1D_s_mat_6_2_0_V_ce1        | out |    1|  ap_memory |  node_attr_1D_s_mat_6_2_0_V |     array    |
|node_attr_1D_s_mat_6_2_0_V_we1        | out |    1|  ap_memory |  node_attr_1D_s_mat_6_2_0_V |     array    |
|node_attr_1D_s_mat_6_2_0_V_d1         | out |   14|  ap_memory |  node_attr_1D_s_mat_6_2_0_V |     array    |
|layer10_out_4_2_V_address0            | out |    6|  ap_memory |      layer10_out_4_2_V      |     array    |
|layer10_out_4_2_V_ce0                 | out |    1|  ap_memory |      layer10_out_4_2_V      |     array    |
|layer10_out_4_2_V_q0                  |  in |   14|  ap_memory |      layer10_out_4_2_V      |     array    |
|layer10_out_4_2_V_address1            | out |    6|  ap_memory |      layer10_out_4_2_V      |     array    |
|layer10_out_4_2_V_ce1                 | out |    1|  ap_memory |      layer10_out_4_2_V      |     array    |
|layer10_out_4_2_V_q1                  |  in |   14|  ap_memory |      layer10_out_4_2_V      |     array    |
|node_attr_1D_s_mat_7_2_0_V_address0   | out |    6|  ap_memory |  node_attr_1D_s_mat_7_2_0_V |     array    |
|node_attr_1D_s_mat_7_2_0_V_ce0        | out |    1|  ap_memory |  node_attr_1D_s_mat_7_2_0_V |     array    |
|node_attr_1D_s_mat_7_2_0_V_we0        | out |    1|  ap_memory |  node_attr_1D_s_mat_7_2_0_V |     array    |
|node_attr_1D_s_mat_7_2_0_V_d0         | out |   14|  ap_memory |  node_attr_1D_s_mat_7_2_0_V |     array    |
|node_attr_1D_s_mat_7_2_0_V_address1   | out |    6|  ap_memory |  node_attr_1D_s_mat_7_2_0_V |     array    |
|node_attr_1D_s_mat_7_2_0_V_ce1        | out |    1|  ap_memory |  node_attr_1D_s_mat_7_2_0_V |     array    |
|node_attr_1D_s_mat_7_2_0_V_we1        | out |    1|  ap_memory |  node_attr_1D_s_mat_7_2_0_V |     array    |
|node_attr_1D_s_mat_7_2_0_V_d1         | out |   14|  ap_memory |  node_attr_1D_s_mat_7_2_0_V |     array    |
|layer10_out_5_2_V_address0            | out |    6|  ap_memory |      layer10_out_5_2_V      |     array    |
|layer10_out_5_2_V_ce0                 | out |    1|  ap_memory |      layer10_out_5_2_V      |     array    |
|layer10_out_5_2_V_q0                  |  in |   14|  ap_memory |      layer10_out_5_2_V      |     array    |
|layer10_out_5_2_V_address1            | out |    6|  ap_memory |      layer10_out_5_2_V      |     array    |
|layer10_out_5_2_V_ce1                 | out |    1|  ap_memory |      layer10_out_5_2_V      |     array    |
|layer10_out_5_2_V_q1                  |  in |   14|  ap_memory |      layer10_out_5_2_V      |     array    |
|node_attr_1D_s_mat_8_2_0_V_address0   | out |    6|  ap_memory |  node_attr_1D_s_mat_8_2_0_V |     array    |
|node_attr_1D_s_mat_8_2_0_V_ce0        | out |    1|  ap_memory |  node_attr_1D_s_mat_8_2_0_V |     array    |
|node_attr_1D_s_mat_8_2_0_V_we0        | out |    1|  ap_memory |  node_attr_1D_s_mat_8_2_0_V |     array    |
|node_attr_1D_s_mat_8_2_0_V_d0         | out |   14|  ap_memory |  node_attr_1D_s_mat_8_2_0_V |     array    |
|node_attr_1D_s_mat_8_2_0_V_address1   | out |    6|  ap_memory |  node_attr_1D_s_mat_8_2_0_V |     array    |
|node_attr_1D_s_mat_8_2_0_V_ce1        | out |    1|  ap_memory |  node_attr_1D_s_mat_8_2_0_V |     array    |
|node_attr_1D_s_mat_8_2_0_V_we1        | out |    1|  ap_memory |  node_attr_1D_s_mat_8_2_0_V |     array    |
|node_attr_1D_s_mat_8_2_0_V_d1         | out |   14|  ap_memory |  node_attr_1D_s_mat_8_2_0_V |     array    |
|layer10_out_6_2_V_address0            | out |    6|  ap_memory |      layer10_out_6_2_V      |     array    |
|layer10_out_6_2_V_ce0                 | out |    1|  ap_memory |      layer10_out_6_2_V      |     array    |
|layer10_out_6_2_V_q0                  |  in |   14|  ap_memory |      layer10_out_6_2_V      |     array    |
|layer10_out_6_2_V_address1            | out |    6|  ap_memory |      layer10_out_6_2_V      |     array    |
|layer10_out_6_2_V_ce1                 | out |    1|  ap_memory |      layer10_out_6_2_V      |     array    |
|layer10_out_6_2_V_q1                  |  in |   14|  ap_memory |      layer10_out_6_2_V      |     array    |
|node_attr_1D_s_mat_9_2_0_V_address0   | out |    6|  ap_memory |  node_attr_1D_s_mat_9_2_0_V |     array    |
|node_attr_1D_s_mat_9_2_0_V_ce0        | out |    1|  ap_memory |  node_attr_1D_s_mat_9_2_0_V |     array    |
|node_attr_1D_s_mat_9_2_0_V_we0        | out |    1|  ap_memory |  node_attr_1D_s_mat_9_2_0_V |     array    |
|node_attr_1D_s_mat_9_2_0_V_d0         | out |   14|  ap_memory |  node_attr_1D_s_mat_9_2_0_V |     array    |
|node_attr_1D_s_mat_9_2_0_V_address1   | out |    6|  ap_memory |  node_attr_1D_s_mat_9_2_0_V |     array    |
|node_attr_1D_s_mat_9_2_0_V_ce1        | out |    1|  ap_memory |  node_attr_1D_s_mat_9_2_0_V |     array    |
|node_attr_1D_s_mat_9_2_0_V_we1        | out |    1|  ap_memory |  node_attr_1D_s_mat_9_2_0_V |     array    |
|node_attr_1D_s_mat_9_2_0_V_d1         | out |   14|  ap_memory |  node_attr_1D_s_mat_9_2_0_V |     array    |
|layer10_out_7_2_V_address0            | out |    6|  ap_memory |      layer10_out_7_2_V      |     array    |
|layer10_out_7_2_V_ce0                 | out |    1|  ap_memory |      layer10_out_7_2_V      |     array    |
|layer10_out_7_2_V_q0                  |  in |   14|  ap_memory |      layer10_out_7_2_V      |     array    |
|layer10_out_7_2_V_address1            | out |    6|  ap_memory |      layer10_out_7_2_V      |     array    |
|layer10_out_7_2_V_ce1                 | out |    1|  ap_memory |      layer10_out_7_2_V      |     array    |
|layer10_out_7_2_V_q1                  |  in |   14|  ap_memory |      layer10_out_7_2_V      |     array    |
|node_attr_1D_s_mat_10_2_0_V_address0  | out |    6|  ap_memory | node_attr_1D_s_mat_10_2_0_V |     array    |
|node_attr_1D_s_mat_10_2_0_V_ce0       | out |    1|  ap_memory | node_attr_1D_s_mat_10_2_0_V |     array    |
|node_attr_1D_s_mat_10_2_0_V_we0       | out |    1|  ap_memory | node_attr_1D_s_mat_10_2_0_V |     array    |
|node_attr_1D_s_mat_10_2_0_V_d0        | out |   14|  ap_memory | node_attr_1D_s_mat_10_2_0_V |     array    |
|node_attr_1D_s_mat_10_2_0_V_address1  | out |    6|  ap_memory | node_attr_1D_s_mat_10_2_0_V |     array    |
|node_attr_1D_s_mat_10_2_0_V_ce1       | out |    1|  ap_memory | node_attr_1D_s_mat_10_2_0_V |     array    |
|node_attr_1D_s_mat_10_2_0_V_we1       | out |    1|  ap_memory | node_attr_1D_s_mat_10_2_0_V |     array    |
|node_attr_1D_s_mat_10_2_0_V_d1        | out |   14|  ap_memory | node_attr_1D_s_mat_10_2_0_V |     array    |
|layer10_out_8_2_V_address0            | out |    6|  ap_memory |      layer10_out_8_2_V      |     array    |
|layer10_out_8_2_V_ce0                 | out |    1|  ap_memory |      layer10_out_8_2_V      |     array    |
|layer10_out_8_2_V_q0                  |  in |   14|  ap_memory |      layer10_out_8_2_V      |     array    |
|layer10_out_8_2_V_address1            | out |    6|  ap_memory |      layer10_out_8_2_V      |     array    |
|layer10_out_8_2_V_ce1                 | out |    1|  ap_memory |      layer10_out_8_2_V      |     array    |
|layer10_out_8_2_V_q1                  |  in |   14|  ap_memory |      layer10_out_8_2_V      |     array    |
|node_attr_1D_s_mat_11_2_0_V_address0  | out |    6|  ap_memory | node_attr_1D_s_mat_11_2_0_V |     array    |
|node_attr_1D_s_mat_11_2_0_V_ce0       | out |    1|  ap_memory | node_attr_1D_s_mat_11_2_0_V |     array    |
|node_attr_1D_s_mat_11_2_0_V_we0       | out |    1|  ap_memory | node_attr_1D_s_mat_11_2_0_V |     array    |
|node_attr_1D_s_mat_11_2_0_V_d0        | out |   14|  ap_memory | node_attr_1D_s_mat_11_2_0_V |     array    |
|node_attr_1D_s_mat_11_2_0_V_address1  | out |    6|  ap_memory | node_attr_1D_s_mat_11_2_0_V |     array    |
|node_attr_1D_s_mat_11_2_0_V_ce1       | out |    1|  ap_memory | node_attr_1D_s_mat_11_2_0_V |     array    |
|node_attr_1D_s_mat_11_2_0_V_we1       | out |    1|  ap_memory | node_attr_1D_s_mat_11_2_0_V |     array    |
|node_attr_1D_s_mat_11_2_0_V_d1        | out |   14|  ap_memory | node_attr_1D_s_mat_11_2_0_V |     array    |
|layer10_out_9_2_V_address0            | out |    6|  ap_memory |      layer10_out_9_2_V      |     array    |
|layer10_out_9_2_V_ce0                 | out |    1|  ap_memory |      layer10_out_9_2_V      |     array    |
|layer10_out_9_2_V_q0                  |  in |   14|  ap_memory |      layer10_out_9_2_V      |     array    |
|layer10_out_9_2_V_address1            | out |    6|  ap_memory |      layer10_out_9_2_V      |     array    |
|layer10_out_9_2_V_ce1                 | out |    1|  ap_memory |      layer10_out_9_2_V      |     array    |
|layer10_out_9_2_V_q1                  |  in |   14|  ap_memory |      layer10_out_9_2_V      |     array    |
|node_attr_1D_s_mat_12_2_0_V_address0  | out |    6|  ap_memory | node_attr_1D_s_mat_12_2_0_V |     array    |
|node_attr_1D_s_mat_12_2_0_V_ce0       | out |    1|  ap_memory | node_attr_1D_s_mat_12_2_0_V |     array    |
|node_attr_1D_s_mat_12_2_0_V_we0       | out |    1|  ap_memory | node_attr_1D_s_mat_12_2_0_V |     array    |
|node_attr_1D_s_mat_12_2_0_V_d0        | out |   14|  ap_memory | node_attr_1D_s_mat_12_2_0_V |     array    |
|node_attr_1D_s_mat_12_2_0_V_address1  | out |    6|  ap_memory | node_attr_1D_s_mat_12_2_0_V |     array    |
|node_attr_1D_s_mat_12_2_0_V_ce1       | out |    1|  ap_memory | node_attr_1D_s_mat_12_2_0_V |     array    |
|node_attr_1D_s_mat_12_2_0_V_we1       | out |    1|  ap_memory | node_attr_1D_s_mat_12_2_0_V |     array    |
|node_attr_1D_s_mat_12_2_0_V_d1        | out |   14|  ap_memory | node_attr_1D_s_mat_12_2_0_V |     array    |
|node_attr_1D_r_mat_0_2_0_V_address0   | out |    6|  ap_memory |  node_attr_1D_r_mat_0_2_0_V |     array    |
|node_attr_1D_r_mat_0_2_0_V_ce0        | out |    1|  ap_memory |  node_attr_1D_r_mat_0_2_0_V |     array    |
|node_attr_1D_r_mat_0_2_0_V_we0        | out |    1|  ap_memory |  node_attr_1D_r_mat_0_2_0_V |     array    |
|node_attr_1D_r_mat_0_2_0_V_d0         | out |   14|  ap_memory |  node_attr_1D_r_mat_0_2_0_V |     array    |
|node_attr_1D_r_mat_0_2_0_V_address1   | out |    6|  ap_memory |  node_attr_1D_r_mat_0_2_0_V |     array    |
|node_attr_1D_r_mat_0_2_0_V_ce1        | out |    1|  ap_memory |  node_attr_1D_r_mat_0_2_0_V |     array    |
|node_attr_1D_r_mat_0_2_0_V_we1        | out |    1|  ap_memory |  node_attr_1D_r_mat_0_2_0_V |     array    |
|node_attr_1D_r_mat_0_2_0_V_d1         | out |   14|  ap_memory |  node_attr_1D_r_mat_0_2_0_V |     array    |
|node_attr_1D_r_mat_1_2_0_V_address0   | out |    6|  ap_memory |  node_attr_1D_r_mat_1_2_0_V |     array    |
|node_attr_1D_r_mat_1_2_0_V_ce0        | out |    1|  ap_memory |  node_attr_1D_r_mat_1_2_0_V |     array    |
|node_attr_1D_r_mat_1_2_0_V_we0        | out |    1|  ap_memory |  node_attr_1D_r_mat_1_2_0_V |     array    |
|node_attr_1D_r_mat_1_2_0_V_d0         | out |   14|  ap_memory |  node_attr_1D_r_mat_1_2_0_V |     array    |
|node_attr_1D_r_mat_1_2_0_V_address1   | out |    6|  ap_memory |  node_attr_1D_r_mat_1_2_0_V |     array    |
|node_attr_1D_r_mat_1_2_0_V_ce1        | out |    1|  ap_memory |  node_attr_1D_r_mat_1_2_0_V |     array    |
|node_attr_1D_r_mat_1_2_0_V_we1        | out |    1|  ap_memory |  node_attr_1D_r_mat_1_2_0_V |     array    |
|node_attr_1D_r_mat_1_2_0_V_d1         | out |   14|  ap_memory |  node_attr_1D_r_mat_1_2_0_V |     array    |
|node_attr_1D_r_mat_2_2_0_V_address0   | out |    6|  ap_memory |  node_attr_1D_r_mat_2_2_0_V |     array    |
|node_attr_1D_r_mat_2_2_0_V_ce0        | out |    1|  ap_memory |  node_attr_1D_r_mat_2_2_0_V |     array    |
|node_attr_1D_r_mat_2_2_0_V_we0        | out |    1|  ap_memory |  node_attr_1D_r_mat_2_2_0_V |     array    |
|node_attr_1D_r_mat_2_2_0_V_d0         | out |   14|  ap_memory |  node_attr_1D_r_mat_2_2_0_V |     array    |
|node_attr_1D_r_mat_2_2_0_V_address1   | out |    6|  ap_memory |  node_attr_1D_r_mat_2_2_0_V |     array    |
|node_attr_1D_r_mat_2_2_0_V_ce1        | out |    1|  ap_memory |  node_attr_1D_r_mat_2_2_0_V |     array    |
|node_attr_1D_r_mat_2_2_0_V_we1        | out |    1|  ap_memory |  node_attr_1D_r_mat_2_2_0_V |     array    |
|node_attr_1D_r_mat_2_2_0_V_d1         | out |   14|  ap_memory |  node_attr_1D_r_mat_2_2_0_V |     array    |
|node_attr_1D_r_mat_3_2_0_V_address0   | out |    6|  ap_memory |  node_attr_1D_r_mat_3_2_0_V |     array    |
|node_attr_1D_r_mat_3_2_0_V_ce0        | out |    1|  ap_memory |  node_attr_1D_r_mat_3_2_0_V |     array    |
|node_attr_1D_r_mat_3_2_0_V_we0        | out |    1|  ap_memory |  node_attr_1D_r_mat_3_2_0_V |     array    |
|node_attr_1D_r_mat_3_2_0_V_d0         | out |   14|  ap_memory |  node_attr_1D_r_mat_3_2_0_V |     array    |
|node_attr_1D_r_mat_3_2_0_V_address1   | out |    6|  ap_memory |  node_attr_1D_r_mat_3_2_0_V |     array    |
|node_attr_1D_r_mat_3_2_0_V_ce1        | out |    1|  ap_memory |  node_attr_1D_r_mat_3_2_0_V |     array    |
|node_attr_1D_r_mat_3_2_0_V_we1        | out |    1|  ap_memory |  node_attr_1D_r_mat_3_2_0_V |     array    |
|node_attr_1D_r_mat_3_2_0_V_d1         | out |   14|  ap_memory |  node_attr_1D_r_mat_3_2_0_V |     array    |
|node_attr_1D_r_mat_4_2_0_V_address0   | out |    6|  ap_memory |  node_attr_1D_r_mat_4_2_0_V |     array    |
|node_attr_1D_r_mat_4_2_0_V_ce0        | out |    1|  ap_memory |  node_attr_1D_r_mat_4_2_0_V |     array    |
|node_attr_1D_r_mat_4_2_0_V_we0        | out |    1|  ap_memory |  node_attr_1D_r_mat_4_2_0_V |     array    |
|node_attr_1D_r_mat_4_2_0_V_d0         | out |   14|  ap_memory |  node_attr_1D_r_mat_4_2_0_V |     array    |
|node_attr_1D_r_mat_4_2_0_V_address1   | out |    6|  ap_memory |  node_attr_1D_r_mat_4_2_0_V |     array    |
|node_attr_1D_r_mat_4_2_0_V_ce1        | out |    1|  ap_memory |  node_attr_1D_r_mat_4_2_0_V |     array    |
|node_attr_1D_r_mat_4_2_0_V_we1        | out |    1|  ap_memory |  node_attr_1D_r_mat_4_2_0_V |     array    |
|node_attr_1D_r_mat_4_2_0_V_d1         | out |   14|  ap_memory |  node_attr_1D_r_mat_4_2_0_V |     array    |
|node_attr_1D_r_mat_5_2_0_V_address0   | out |    6|  ap_memory |  node_attr_1D_r_mat_5_2_0_V |     array    |
|node_attr_1D_r_mat_5_2_0_V_ce0        | out |    1|  ap_memory |  node_attr_1D_r_mat_5_2_0_V |     array    |
|node_attr_1D_r_mat_5_2_0_V_we0        | out |    1|  ap_memory |  node_attr_1D_r_mat_5_2_0_V |     array    |
|node_attr_1D_r_mat_5_2_0_V_d0         | out |   14|  ap_memory |  node_attr_1D_r_mat_5_2_0_V |     array    |
|node_attr_1D_r_mat_5_2_0_V_address1   | out |    6|  ap_memory |  node_attr_1D_r_mat_5_2_0_V |     array    |
|node_attr_1D_r_mat_5_2_0_V_ce1        | out |    1|  ap_memory |  node_attr_1D_r_mat_5_2_0_V |     array    |
|node_attr_1D_r_mat_5_2_0_V_we1        | out |    1|  ap_memory |  node_attr_1D_r_mat_5_2_0_V |     array    |
|node_attr_1D_r_mat_5_2_0_V_d1         | out |   14|  ap_memory |  node_attr_1D_r_mat_5_2_0_V |     array    |
|node_attr_1D_r_mat_6_2_0_V_address0   | out |    6|  ap_memory |  node_attr_1D_r_mat_6_2_0_V |     array    |
|node_attr_1D_r_mat_6_2_0_V_ce0        | out |    1|  ap_memory |  node_attr_1D_r_mat_6_2_0_V |     array    |
|node_attr_1D_r_mat_6_2_0_V_we0        | out |    1|  ap_memory |  node_attr_1D_r_mat_6_2_0_V |     array    |
|node_attr_1D_r_mat_6_2_0_V_d0         | out |   14|  ap_memory |  node_attr_1D_r_mat_6_2_0_V |     array    |
|node_attr_1D_r_mat_6_2_0_V_address1   | out |    6|  ap_memory |  node_attr_1D_r_mat_6_2_0_V |     array    |
|node_attr_1D_r_mat_6_2_0_V_ce1        | out |    1|  ap_memory |  node_attr_1D_r_mat_6_2_0_V |     array    |
|node_attr_1D_r_mat_6_2_0_V_we1        | out |    1|  ap_memory |  node_attr_1D_r_mat_6_2_0_V |     array    |
|node_attr_1D_r_mat_6_2_0_V_d1         | out |   14|  ap_memory |  node_attr_1D_r_mat_6_2_0_V |     array    |
|node_attr_1D_r_mat_7_2_0_V_address0   | out |    6|  ap_memory |  node_attr_1D_r_mat_7_2_0_V |     array    |
|node_attr_1D_r_mat_7_2_0_V_ce0        | out |    1|  ap_memory |  node_attr_1D_r_mat_7_2_0_V |     array    |
|node_attr_1D_r_mat_7_2_0_V_we0        | out |    1|  ap_memory |  node_attr_1D_r_mat_7_2_0_V |     array    |
|node_attr_1D_r_mat_7_2_0_V_d0         | out |   14|  ap_memory |  node_attr_1D_r_mat_7_2_0_V |     array    |
|node_attr_1D_r_mat_7_2_0_V_address1   | out |    6|  ap_memory |  node_attr_1D_r_mat_7_2_0_V |     array    |
|node_attr_1D_r_mat_7_2_0_V_ce1        | out |    1|  ap_memory |  node_attr_1D_r_mat_7_2_0_V |     array    |
|node_attr_1D_r_mat_7_2_0_V_we1        | out |    1|  ap_memory |  node_attr_1D_r_mat_7_2_0_V |     array    |
|node_attr_1D_r_mat_7_2_0_V_d1         | out |   14|  ap_memory |  node_attr_1D_r_mat_7_2_0_V |     array    |
|node_attr_1D_r_mat_8_2_0_V_address0   | out |    6|  ap_memory |  node_attr_1D_r_mat_8_2_0_V |     array    |
|node_attr_1D_r_mat_8_2_0_V_ce0        | out |    1|  ap_memory |  node_attr_1D_r_mat_8_2_0_V |     array    |
|node_attr_1D_r_mat_8_2_0_V_we0        | out |    1|  ap_memory |  node_attr_1D_r_mat_8_2_0_V |     array    |
|node_attr_1D_r_mat_8_2_0_V_d0         | out |   14|  ap_memory |  node_attr_1D_r_mat_8_2_0_V |     array    |
|node_attr_1D_r_mat_8_2_0_V_address1   | out |    6|  ap_memory |  node_attr_1D_r_mat_8_2_0_V |     array    |
|node_attr_1D_r_mat_8_2_0_V_ce1        | out |    1|  ap_memory |  node_attr_1D_r_mat_8_2_0_V |     array    |
|node_attr_1D_r_mat_8_2_0_V_we1        | out |    1|  ap_memory |  node_attr_1D_r_mat_8_2_0_V |     array    |
|node_attr_1D_r_mat_8_2_0_V_d1         | out |   14|  ap_memory |  node_attr_1D_r_mat_8_2_0_V |     array    |
|node_attr_1D_r_mat_9_2_0_V_address0   | out |    6|  ap_memory |  node_attr_1D_r_mat_9_2_0_V |     array    |
|node_attr_1D_r_mat_9_2_0_V_ce0        | out |    1|  ap_memory |  node_attr_1D_r_mat_9_2_0_V |     array    |
|node_attr_1D_r_mat_9_2_0_V_we0        | out |    1|  ap_memory |  node_attr_1D_r_mat_9_2_0_V |     array    |
|node_attr_1D_r_mat_9_2_0_V_d0         | out |   14|  ap_memory |  node_attr_1D_r_mat_9_2_0_V |     array    |
|node_attr_1D_r_mat_9_2_0_V_address1   | out |    6|  ap_memory |  node_attr_1D_r_mat_9_2_0_V |     array    |
|node_attr_1D_r_mat_9_2_0_V_ce1        | out |    1|  ap_memory |  node_attr_1D_r_mat_9_2_0_V |     array    |
|node_attr_1D_r_mat_9_2_0_V_we1        | out |    1|  ap_memory |  node_attr_1D_r_mat_9_2_0_V |     array    |
|node_attr_1D_r_mat_9_2_0_V_d1         | out |   14|  ap_memory |  node_attr_1D_r_mat_9_2_0_V |     array    |
|node_attr_1D_r_mat_10_2_0_V_address0  | out |    6|  ap_memory | node_attr_1D_r_mat_10_2_0_V |     array    |
|node_attr_1D_r_mat_10_2_0_V_ce0       | out |    1|  ap_memory | node_attr_1D_r_mat_10_2_0_V |     array    |
|node_attr_1D_r_mat_10_2_0_V_we0       | out |    1|  ap_memory | node_attr_1D_r_mat_10_2_0_V |     array    |
|node_attr_1D_r_mat_10_2_0_V_d0        | out |   14|  ap_memory | node_attr_1D_r_mat_10_2_0_V |     array    |
|node_attr_1D_r_mat_10_2_0_V_address1  | out |    6|  ap_memory | node_attr_1D_r_mat_10_2_0_V |     array    |
|node_attr_1D_r_mat_10_2_0_V_ce1       | out |    1|  ap_memory | node_attr_1D_r_mat_10_2_0_V |     array    |
|node_attr_1D_r_mat_10_2_0_V_we1       | out |    1|  ap_memory | node_attr_1D_r_mat_10_2_0_V |     array    |
|node_attr_1D_r_mat_10_2_0_V_d1        | out |   14|  ap_memory | node_attr_1D_r_mat_10_2_0_V |     array    |
|node_attr_1D_r_mat_11_2_0_V_address0  | out |    6|  ap_memory | node_attr_1D_r_mat_11_2_0_V |     array    |
|node_attr_1D_r_mat_11_2_0_V_ce0       | out |    1|  ap_memory | node_attr_1D_r_mat_11_2_0_V |     array    |
|node_attr_1D_r_mat_11_2_0_V_we0       | out |    1|  ap_memory | node_attr_1D_r_mat_11_2_0_V |     array    |
|node_attr_1D_r_mat_11_2_0_V_d0        | out |   14|  ap_memory | node_attr_1D_r_mat_11_2_0_V |     array    |
|node_attr_1D_r_mat_11_2_0_V_address1  | out |    6|  ap_memory | node_attr_1D_r_mat_11_2_0_V |     array    |
|node_attr_1D_r_mat_11_2_0_V_ce1       | out |    1|  ap_memory | node_attr_1D_r_mat_11_2_0_V |     array    |
|node_attr_1D_r_mat_11_2_0_V_we1       | out |    1|  ap_memory | node_attr_1D_r_mat_11_2_0_V |     array    |
|node_attr_1D_r_mat_11_2_0_V_d1        | out |   14|  ap_memory | node_attr_1D_r_mat_11_2_0_V |     array    |
|layer10_out_10_2_V_address0           | out |    6|  ap_memory |      layer10_out_10_2_V     |     array    |
|layer10_out_10_2_V_ce0                | out |    1|  ap_memory |      layer10_out_10_2_V     |     array    |
|layer10_out_10_2_V_q0                 |  in |   14|  ap_memory |      layer10_out_10_2_V     |     array    |
|layer10_out_10_2_V_address1           | out |    6|  ap_memory |      layer10_out_10_2_V     |     array    |
|layer10_out_10_2_V_ce1                | out |    1|  ap_memory |      layer10_out_10_2_V     |     array    |
|layer10_out_10_2_V_q1                 |  in |   14|  ap_memory |      layer10_out_10_2_V     |     array    |
|node_attr_1D_r_mat_12_2_0_V_address0  | out |    6|  ap_memory | node_attr_1D_r_mat_12_2_0_V |     array    |
|node_attr_1D_r_mat_12_2_0_V_ce0       | out |    1|  ap_memory | node_attr_1D_r_mat_12_2_0_V |     array    |
|node_attr_1D_r_mat_12_2_0_V_we0       | out |    1|  ap_memory | node_attr_1D_r_mat_12_2_0_V |     array    |
|node_attr_1D_r_mat_12_2_0_V_d0        | out |   14|  ap_memory | node_attr_1D_r_mat_12_2_0_V |     array    |
|node_attr_1D_r_mat_12_2_0_V_address1  | out |    6|  ap_memory | node_attr_1D_r_mat_12_2_0_V |     array    |
|node_attr_1D_r_mat_12_2_0_V_ce1       | out |    1|  ap_memory | node_attr_1D_r_mat_12_2_0_V |     array    |
|node_attr_1D_r_mat_12_2_0_V_we1       | out |    1|  ap_memory | node_attr_1D_r_mat_12_2_0_V |     array    |
|node_attr_1D_r_mat_12_2_0_V_d1        | out |   14|  ap_memory | node_attr_1D_r_mat_12_2_0_V |     array    |
+--------------------------------------+-----+-----+------------+-----------------------------+--------------+

