

================================================================
== Vivado HLS Report for 'Loop_2_proc226'
================================================================
* Date:           Mon Aug 22 13:46:04 2022

* Version:        2019.2 (Build 2704478 on Wed Nov 06 22:10:23 MST 2019)
* Project:        axi_ii_1
* Solution:       example_par_1
* Product family: virtexuplus
* Target device:  xcvu9p-flga2104-2-i


================================================================
== Performance Estimates
================================================================
+ Timing: 
    * Summary: 
    +--------+---------+----------+------------+
    |  Clock |  Target | Estimated| Uncertainty|
    +--------+---------+----------+------------+
    |ap_clk  | 5.00 ns | 2.616 ns |   0.62 ns  |
    +--------+---------+----------+------------+

+ Latency: 
    * Summary: 
    +---------+---------+----------+----------+-----+-----+---------+
    |  Latency (cycles) |  Latency (absolute) |  Interval | Pipeline|
    |   min   |   max   |    min   |    max   | min | max |   Type  |
    +---------+---------+----------+----------+-----+-----+---------+
    |      122|      122| 0.610 us | 0.610 us |  122|  122|   none  |
    +---------+---------+----------+----------+-----+-----+---------+

    + Detail: 
        * Instance: 
        N/A

        * Loop: 
        +----------+---------+---------+----------+-----------+-----------+------+----------+
        |          |  Latency (cycles) | Iteration|  Initiation Interval  | Trip |          |
        | Loop Name|   min   |   max   |  Latency |  achieved |   target  | Count| Pipelined|
        +----------+---------+---------+----------+-----------+-----------+------+----------+
        |- Loop 1  |      120|      120|         2|          1|          1|   120|    yes   |
        +----------+---------+---------+----------+-----------+-----------+------+----------+



================================================================
== Utilization Estimates
================================================================
* Summary: 
+---------------------+---------+-------+---------+---------+-----+
|         Name        | BRAM_18K| DSP48E|    FF   |   LUT   | URAM|
+---------------------+---------+-------+---------+---------+-----+
|DSP                  |        -|      -|        -|        -|    -|
|Expression           |        -|      -|        0|       28|    -|
|FIFO                 |        -|      -|        -|        -|    -|
|Instance             |        -|      -|        -|        -|    -|
|Memory               |        -|      -|        -|        -|    -|
|Multiplexer          |        -|      -|        -|      531|    -|
|Register             |        -|      -|       21|        -|    -|
+---------------------+---------+-------+---------+---------+-----+
|Total                |        0|      0|       21|      559|    0|
+---------------------+---------+-------+---------+---------+-----+
|Available SLR        |     1440|   2280|   788160|   394080|  320|
+---------------------+---------+-------+---------+---------+-----+
|Utilization SLR (%)  |        0|      0|    ~0   |    ~0   |    0|
+---------------------+---------+-------+---------+---------+-----+
|Available            |     4320|   6840|  2364480|  1182240|  960|
+---------------------+---------+-------+---------+---------+-----+
|Utilization (%)      |        0|      0|    ~0   |    ~0   |    0|
+---------------------+---------+-------+---------+---------+-----+

+ Detail: 
    * Instance: 
    N/A

    * DSP48E: 
    N/A

    * Memory: 
    N/A

    * FIFO: 
    N/A

    * Expression: 
    +----------------------------------+----------+-------+---+----+------------+------------+
    |           Variable Name          | Operation| DSP48E| FF| LUT| Bitwidth P0| Bitwidth P1|
    +----------------------------------+----------+-------+---+----+------------+------------+
    |i_fu_1304_p2                      |     +    |      0|  0|   7|           7|           1|
    |ap_block_pp0_stage0_11001         |    and   |      0|  0|   2|           1|           1|
    |icmp_ln142_fu_1298_p2             |   icmp   |      0|  0|  11|           7|           5|
    |ap_block_state1                   |    or    |      0|  0|   2|           1|           1|
    |ap_block_state3_pp0_stage0_iter1  |    or    |      0|  0|   2|           1|           1|
    |ap_enable_pp0                     |    xor   |      0|  0|   2|           1|           2|
    |ap_enable_reg_pp0_iter1           |    xor   |      0|  0|   2|           2|           1|
    +----------------------------------+----------+-------+---+----+------------+------------+
    |Total                             |          |      0|  0|  28|          20|          12|
    +----------------------------------+----------+-------+---+----+------------+------------+

    * Multiplexer: 
    +---------------------------------+----+-----------+-----+-----------+
    |               Name              | LUT| Input Size| Bits| Total Bits|
    +---------------------------------+----+-----------+-----+-----------+
    |ap_NS_fsm                        |  21|          4|    1|          4|
    |ap_done                          |   9|          2|    1|          2|
    |ap_enable_reg_pp0_iter1          |  15|          3|    1|          3|
    |ap_phi_mux_i16_0_phi_fu_1290_p4  |   9|          2|    7|         14|
    |edge_attr_mat_s_0_V_V_blk_n      |   9|          2|    1|          2|
    |edge_attr_mat_s_10_V_V_blk_n     |   9|          2|    1|          2|
    |edge_attr_mat_s_11_V_V_blk_n     |   9|          2|    1|          2|
    |edge_attr_mat_s_12_V_V_blk_n     |   9|          2|    1|          2|
    |edge_attr_mat_s_13_V_V_blk_n     |   9|          2|    1|          2|
    |edge_attr_mat_s_14_V_V_blk_n     |   9|          2|    1|          2|
    |edge_attr_mat_s_15_V_V_blk_n     |   9|          2|    1|          2|
    |edge_attr_mat_s_16_V_V_blk_n     |   9|          2|    1|          2|
    |edge_attr_mat_s_17_V_V_blk_n     |   9|          2|    1|          2|
    |edge_attr_mat_s_18_V_V_blk_n     |   9|          2|    1|          2|
    |edge_attr_mat_s_19_V_V_blk_n     |   9|          2|    1|          2|
    |edge_attr_mat_s_1_V_V_blk_n      |   9|          2|    1|          2|
    |edge_attr_mat_s_20_V_V_blk_n     |   9|          2|    1|          2|
    |edge_attr_mat_s_21_V_V_blk_n     |   9|          2|    1|          2|
    |edge_attr_mat_s_22_V_V_blk_n     |   9|          2|    1|          2|
    |edge_attr_mat_s_23_V_V_blk_n     |   9|          2|    1|          2|
    |edge_attr_mat_s_24_V_V_blk_n     |   9|          2|    1|          2|
    |edge_attr_mat_s_25_V_V_blk_n     |   9|          2|    1|          2|
    |edge_attr_mat_s_26_V_V_blk_n     |   9|          2|    1|          2|
    |edge_attr_mat_s_27_V_V_blk_n     |   9|          2|    1|          2|
    |edge_attr_mat_s_28_V_V_blk_n     |   9|          2|    1|          2|
    |edge_attr_mat_s_29_V_V_blk_n     |   9|          2|    1|          2|
    |edge_attr_mat_s_2_V_V_blk_n      |   9|          2|    1|          2|
    |edge_attr_mat_s_30_V_V_blk_n     |   9|          2|    1|          2|
    |edge_attr_mat_s_31_V_V_blk_n     |   9|          2|    1|          2|
    |edge_attr_mat_s_32_V_V_blk_n     |   9|          2|    1|          2|
    |edge_attr_mat_s_33_V_V_blk_n     |   9|          2|    1|          2|
    |edge_attr_mat_s_34_V_V_blk_n     |   9|          2|    1|          2|
    |edge_attr_mat_s_35_V_V_blk_n     |   9|          2|    1|          2|
    |edge_attr_mat_s_36_V_V_blk_n     |   9|          2|    1|          2|
    |edge_attr_mat_s_37_V_V_blk_n     |   9|          2|    1|          2|
    |edge_attr_mat_s_38_V_V_blk_n     |   9|          2|    1|          2|
    |edge_attr_mat_s_39_V_V_blk_n     |   9|          2|    1|          2|
    |edge_attr_mat_s_3_V_V_blk_n      |   9|          2|    1|          2|
    |edge_attr_mat_s_40_V_V_blk_n     |   9|          2|    1|          2|
    |edge_attr_mat_s_41_V_V_blk_n     |   9|          2|    1|          2|
    |edge_attr_mat_s_42_V_V_blk_n     |   9|          2|    1|          2|
    |edge_attr_mat_s_43_V_V_blk_n     |   9|          2|    1|          2|
    |edge_attr_mat_s_44_V_V_blk_n     |   9|          2|    1|          2|
    |edge_attr_mat_s_45_V_V_blk_n     |   9|          2|    1|          2|
    |edge_attr_mat_s_46_V_V_blk_n     |   9|          2|    1|          2|
    |edge_attr_mat_s_47_V_V_blk_n     |   9|          2|    1|          2|
    |edge_attr_mat_s_48_V_V_blk_n     |   9|          2|    1|          2|
    |edge_attr_mat_s_49_V_V_blk_n     |   9|          2|    1|          2|
    |edge_attr_mat_s_4_V_V_blk_n      |   9|          2|    1|          2|
    |edge_attr_mat_s_50_V_V_blk_n     |   9|          2|    1|          2|
    |edge_attr_mat_s_51_V_V_blk_n     |   9|          2|    1|          2|
    |edge_attr_mat_s_5_V_V_blk_n      |   9|          2|    1|          2|
    |edge_attr_mat_s_6_V_V_blk_n      |   9|          2|    1|          2|
    |edge_attr_mat_s_7_V_V_blk_n      |   9|          2|    1|          2|
    |edge_attr_mat_s_8_V_V_blk_n      |   9|          2|    1|          2|
    |edge_attr_mat_s_9_V_V_blk_n      |   9|          2|    1|          2|
    |i16_0_reg_1286                   |   9|          2|    7|         14|
    +---------------------------------+----+-----------+-----+-----------+
    |Total                            | 531|        117|   69|        141|
    +---------------------------------+----+-----------+-----+-----------+

    * Register: 
    +-------------------------+---+----+-----+-----------+
    |           Name          | FF| LUT| Bits| Const Bits|
    +-------------------------+---+----+-----+-----------+
    |ap_CS_fsm                |  3|   0|    3|          0|
    |ap_done_reg              |  1|   0|    1|          0|
    |ap_enable_reg_pp0_iter0  |  1|   0|    1|          0|
    |ap_enable_reg_pp0_iter1  |  1|   0|    1|          0|
    |i16_0_reg_1286           |  7|   0|    7|          0|
    |i_reg_1370               |  7|   0|    7|          0|
    |icmp_ln142_reg_1366      |  1|   0|    1|          0|
    +-------------------------+---+----+-----+-----------+
    |Total                    | 21|   0|   21|          0|
    +-------------------------+---+----+-----+-----------+



================================================================
== Interface
================================================================
* Summary: 
+--------------------------------+-----+-----+------------+------------------------+--------------+
|            RTL Ports           | Dir | Bits|  Protocol  |      Source Object     |    C Type    |
+--------------------------------+-----+-----+------------+------------------------+--------------+
|ap_clk                          |  in |    1| ap_ctrl_hs |     Loop_2_proc226     | return value |
|ap_rst                          |  in |    1| ap_ctrl_hs |     Loop_2_proc226     | return value |
|ap_start                        |  in |    1| ap_ctrl_hs |     Loop_2_proc226     | return value |
|ap_done                         | out |    1| ap_ctrl_hs |     Loop_2_proc226     | return value |
|ap_continue                     |  in |    1| ap_ctrl_hs |     Loop_2_proc226     | return value |
|ap_idle                         | out |    1| ap_ctrl_hs |     Loop_2_proc226     | return value |
|ap_ready                        | out |    1| ap_ctrl_hs |     Loop_2_proc226     | return value |
|edge_attr_mat_s_0_V_V_dout      |  in |   14|   ap_fifo  |  edge_attr_mat_s_0_V_V |    pointer   |
|edge_attr_mat_s_0_V_V_empty_n   |  in |    1|   ap_fifo  |  edge_attr_mat_s_0_V_V |    pointer   |
|edge_attr_mat_s_0_V_V_read      | out |    1|   ap_fifo  |  edge_attr_mat_s_0_V_V |    pointer   |
|edge_attr_0_0_V_address0        | out |    7|  ap_memory |     edge_attr_0_0_V    |     array    |
|edge_attr_0_0_V_ce0             | out |    1|  ap_memory |     edge_attr_0_0_V    |     array    |
|edge_attr_0_0_V_we0             | out |    1|  ap_memory |     edge_attr_0_0_V    |     array    |
|edge_attr_0_0_V_d0              | out |   14|  ap_memory |     edge_attr_0_0_V    |     array    |
|edge_attr_mat_s_1_V_V_dout      |  in |   14|   ap_fifo  |  edge_attr_mat_s_1_V_V |    pointer   |
|edge_attr_mat_s_1_V_V_empty_n   |  in |    1|   ap_fifo  |  edge_attr_mat_s_1_V_V |    pointer   |
|edge_attr_mat_s_1_V_V_read      | out |    1|   ap_fifo  |  edge_attr_mat_s_1_V_V |    pointer   |
|edge_attr_0_1_V_address0        | out |    7|  ap_memory |     edge_attr_0_1_V    |     array    |
|edge_attr_0_1_V_ce0             | out |    1|  ap_memory |     edge_attr_0_1_V    |     array    |
|edge_attr_0_1_V_we0             | out |    1|  ap_memory |     edge_attr_0_1_V    |     array    |
|edge_attr_0_1_V_d0              | out |   14|  ap_memory |     edge_attr_0_1_V    |     array    |
|edge_attr_mat_s_2_V_V_dout      |  in |   14|   ap_fifo  |  edge_attr_mat_s_2_V_V |    pointer   |
|edge_attr_mat_s_2_V_V_empty_n   |  in |    1|   ap_fifo  |  edge_attr_mat_s_2_V_V |    pointer   |
|edge_attr_mat_s_2_V_V_read      | out |    1|   ap_fifo  |  edge_attr_mat_s_2_V_V |    pointer   |
|edge_attr_0_2_V_address0        | out |    7|  ap_memory |     edge_attr_0_2_V    |     array    |
|edge_attr_0_2_V_ce0             | out |    1|  ap_memory |     edge_attr_0_2_V    |     array    |
|edge_attr_0_2_V_we0             | out |    1|  ap_memory |     edge_attr_0_2_V    |     array    |
|edge_attr_0_2_V_d0              | out |   14|  ap_memory |     edge_attr_0_2_V    |     array    |
|edge_attr_mat_s_3_V_V_dout      |  in |   14|   ap_fifo  |  edge_attr_mat_s_3_V_V |    pointer   |
|edge_attr_mat_s_3_V_V_empty_n   |  in |    1|   ap_fifo  |  edge_attr_mat_s_3_V_V |    pointer   |
|edge_attr_mat_s_3_V_V_read      | out |    1|   ap_fifo  |  edge_attr_mat_s_3_V_V |    pointer   |
|edge_attr_0_3_V_address0        | out |    7|  ap_memory |     edge_attr_0_3_V    |     array    |
|edge_attr_0_3_V_ce0             | out |    1|  ap_memory |     edge_attr_0_3_V    |     array    |
|edge_attr_0_3_V_we0             | out |    1|  ap_memory |     edge_attr_0_3_V    |     array    |
|edge_attr_0_3_V_d0              | out |   14|  ap_memory |     edge_attr_0_3_V    |     array    |
|edge_attr_mat_s_4_V_V_dout      |  in |   14|   ap_fifo  |  edge_attr_mat_s_4_V_V |    pointer   |
|edge_attr_mat_s_4_V_V_empty_n   |  in |    1|   ap_fifo  |  edge_attr_mat_s_4_V_V |    pointer   |
|edge_attr_mat_s_4_V_V_read      | out |    1|   ap_fifo  |  edge_attr_mat_s_4_V_V |    pointer   |
|edge_attr_1_0_V_address0        | out |    7|  ap_memory |     edge_attr_1_0_V    |     array    |
|edge_attr_1_0_V_ce0             | out |    1|  ap_memory |     edge_attr_1_0_V    |     array    |
|edge_attr_1_0_V_we0             | out |    1|  ap_memory |     edge_attr_1_0_V    |     array    |
|edge_attr_1_0_V_d0              | out |   14|  ap_memory |     edge_attr_1_0_V    |     array    |
|edge_attr_mat_s_5_V_V_dout      |  in |   14|   ap_fifo  |  edge_attr_mat_s_5_V_V |    pointer   |
|edge_attr_mat_s_5_V_V_empty_n   |  in |    1|   ap_fifo  |  edge_attr_mat_s_5_V_V |    pointer   |
|edge_attr_mat_s_5_V_V_read      | out |    1|   ap_fifo  |  edge_attr_mat_s_5_V_V |    pointer   |
|edge_attr_1_1_V_address0        | out |    7|  ap_memory |     edge_attr_1_1_V    |     array    |
|edge_attr_1_1_V_ce0             | out |    1|  ap_memory |     edge_attr_1_1_V    |     array    |
|edge_attr_1_1_V_we0             | out |    1|  ap_memory |     edge_attr_1_1_V    |     array    |
|edge_attr_1_1_V_d0              | out |   14|  ap_memory |     edge_attr_1_1_V    |     array    |
|edge_attr_mat_s_6_V_V_dout      |  in |   14|   ap_fifo  |  edge_attr_mat_s_6_V_V |    pointer   |
|edge_attr_mat_s_6_V_V_empty_n   |  in |    1|   ap_fifo  |  edge_attr_mat_s_6_V_V |    pointer   |
|edge_attr_mat_s_6_V_V_read      | out |    1|   ap_fifo  |  edge_attr_mat_s_6_V_V |    pointer   |
|edge_attr_1_2_V_address0        | out |    7|  ap_memory |     edge_attr_1_2_V    |     array    |
|edge_attr_1_2_V_ce0             | out |    1|  ap_memory |     edge_attr_1_2_V    |     array    |
|edge_attr_1_2_V_we0             | out |    1|  ap_memory |     edge_attr_1_2_V    |     array    |
|edge_attr_1_2_V_d0              | out |   14|  ap_memory |     edge_attr_1_2_V    |     array    |
|edge_attr_mat_s_7_V_V_dout      |  in |   14|   ap_fifo  |  edge_attr_mat_s_7_V_V |    pointer   |
|edge_attr_mat_s_7_V_V_empty_n   |  in |    1|   ap_fifo  |  edge_attr_mat_s_7_V_V |    pointer   |
|edge_attr_mat_s_7_V_V_read      | out |    1|   ap_fifo  |  edge_attr_mat_s_7_V_V |    pointer   |
|edge_attr_1_3_V_address0        | out |    7|  ap_memory |     edge_attr_1_3_V    |     array    |
|edge_attr_1_3_V_ce0             | out |    1|  ap_memory |     edge_attr_1_3_V    |     array    |
|edge_attr_1_3_V_we0             | out |    1|  ap_memory |     edge_attr_1_3_V    |     array    |
|edge_attr_1_3_V_d0              | out |   14|  ap_memory |     edge_attr_1_3_V    |     array    |
|edge_attr_mat_s_8_V_V_dout      |  in |   14|   ap_fifo  |  edge_attr_mat_s_8_V_V |    pointer   |
|edge_attr_mat_s_8_V_V_empty_n   |  in |    1|   ap_fifo  |  edge_attr_mat_s_8_V_V |    pointer   |
|edge_attr_mat_s_8_V_V_read      | out |    1|   ap_fifo  |  edge_attr_mat_s_8_V_V |    pointer   |
|edge_attr_2_0_V_address0        | out |    7|  ap_memory |     edge_attr_2_0_V    |     array    |
|edge_attr_2_0_V_ce0             | out |    1|  ap_memory |     edge_attr_2_0_V    |     array    |
|edge_attr_2_0_V_we0             | out |    1|  ap_memory |     edge_attr_2_0_V    |     array    |
|edge_attr_2_0_V_d0              | out |   14|  ap_memory |     edge_attr_2_0_V    |     array    |
|edge_attr_mat_s_9_V_V_dout      |  in |   14|   ap_fifo  |  edge_attr_mat_s_9_V_V |    pointer   |
|edge_attr_mat_s_9_V_V_empty_n   |  in |    1|   ap_fifo  |  edge_attr_mat_s_9_V_V |    pointer   |
|edge_attr_mat_s_9_V_V_read      | out |    1|   ap_fifo  |  edge_attr_mat_s_9_V_V |    pointer   |
|edge_attr_2_1_V_address0        | out |    7|  ap_memory |     edge_attr_2_1_V    |     array    |
|edge_attr_2_1_V_ce0             | out |    1|  ap_memory |     edge_attr_2_1_V    |     array    |
|edge_attr_2_1_V_we0             | out |    1|  ap_memory |     edge_attr_2_1_V    |     array    |
|edge_attr_2_1_V_d0              | out |   14|  ap_memory |     edge_attr_2_1_V    |     array    |
|edge_attr_mat_s_10_V_V_dout     |  in |   14|   ap_fifo  | edge_attr_mat_s_10_V_V |    pointer   |
|edge_attr_mat_s_10_V_V_empty_n  |  in |    1|   ap_fifo  | edge_attr_mat_s_10_V_V |    pointer   |
|edge_attr_mat_s_10_V_V_read     | out |    1|   ap_fifo  | edge_attr_mat_s_10_V_V |    pointer   |
|edge_attr_2_2_V_address0        | out |    7|  ap_memory |     edge_attr_2_2_V    |     array    |
|edge_attr_2_2_V_ce0             | out |    1|  ap_memory |     edge_attr_2_2_V    |     array    |
|edge_attr_2_2_V_we0             | out |    1|  ap_memory |     edge_attr_2_2_V    |     array    |
|edge_attr_2_2_V_d0              | out |   14|  ap_memory |     edge_attr_2_2_V    |     array    |
|edge_attr_mat_s_11_V_V_dout     |  in |   14|   ap_fifo  | edge_attr_mat_s_11_V_V |    pointer   |
|edge_attr_mat_s_11_V_V_empty_n  |  in |    1|   ap_fifo  | edge_attr_mat_s_11_V_V |    pointer   |
|edge_attr_mat_s_11_V_V_read     | out |    1|   ap_fifo  | edge_attr_mat_s_11_V_V |    pointer   |
|edge_attr_2_3_V_address0        | out |    7|  ap_memory |     edge_attr_2_3_V    |     array    |
|edge_attr_2_3_V_ce0             | out |    1|  ap_memory |     edge_attr_2_3_V    |     array    |
|edge_attr_2_3_V_we0             | out |    1|  ap_memory |     edge_attr_2_3_V    |     array    |
|edge_attr_2_3_V_d0              | out |   14|  ap_memory |     edge_attr_2_3_V    |     array    |
|edge_attr_mat_s_12_V_V_dout     |  in |   14|   ap_fifo  | edge_attr_mat_s_12_V_V |    pointer   |
|edge_attr_mat_s_12_V_V_empty_n  |  in |    1|   ap_fifo  | edge_attr_mat_s_12_V_V |    pointer   |
|edge_attr_mat_s_12_V_V_read     | out |    1|   ap_fifo  | edge_attr_mat_s_12_V_V |    pointer   |
|edge_attr_3_0_V_address0        | out |    7|  ap_memory |     edge_attr_3_0_V    |     array    |
|edge_attr_3_0_V_ce0             | out |    1|  ap_memory |     edge_attr_3_0_V    |     array    |
|edge_attr_3_0_V_we0             | out |    1|  ap_memory |     edge_attr_3_0_V    |     array    |
|edge_attr_3_0_V_d0              | out |   14|  ap_memory |     edge_attr_3_0_V    |     array    |
|edge_attr_mat_s_13_V_V_dout     |  in |   14|   ap_fifo  | edge_attr_mat_s_13_V_V |    pointer   |
|edge_attr_mat_s_13_V_V_empty_n  |  in |    1|   ap_fifo  | edge_attr_mat_s_13_V_V |    pointer   |
|edge_attr_mat_s_13_V_V_read     | out |    1|   ap_fifo  | edge_attr_mat_s_13_V_V |    pointer   |
|edge_attr_3_1_V_address0        | out |    7|  ap_memory |     edge_attr_3_1_V    |     array    |
|edge_attr_3_1_V_ce0             | out |    1|  ap_memory |     edge_attr_3_1_V    |     array    |
|edge_attr_3_1_V_we0             | out |    1|  ap_memory |     edge_attr_3_1_V    |     array    |
|edge_attr_3_1_V_d0              | out |   14|  ap_memory |     edge_attr_3_1_V    |     array    |
|edge_attr_mat_s_14_V_V_dout     |  in |   14|   ap_fifo  | edge_attr_mat_s_14_V_V |    pointer   |
|edge_attr_mat_s_14_V_V_empty_n  |  in |    1|   ap_fifo  | edge_attr_mat_s_14_V_V |    pointer   |
|edge_attr_mat_s_14_V_V_read     | out |    1|   ap_fifo  | edge_attr_mat_s_14_V_V |    pointer   |
|edge_attr_3_2_V_address0        | out |    7|  ap_memory |     edge_attr_3_2_V    |     array    |
|edge_attr_3_2_V_ce0             | out |    1|  ap_memory |     edge_attr_3_2_V    |     array    |
|edge_attr_3_2_V_we0             | out |    1|  ap_memory |     edge_attr_3_2_V    |     array    |
|edge_attr_3_2_V_d0              | out |   14|  ap_memory |     edge_attr_3_2_V    |     array    |
|edge_attr_mat_s_15_V_V_dout     |  in |   14|   ap_fifo  | edge_attr_mat_s_15_V_V |    pointer   |
|edge_attr_mat_s_15_V_V_empty_n  |  in |    1|   ap_fifo  | edge_attr_mat_s_15_V_V |    pointer   |
|edge_attr_mat_s_15_V_V_read     | out |    1|   ap_fifo  | edge_attr_mat_s_15_V_V |    pointer   |
|edge_attr_3_3_V_address0        | out |    7|  ap_memory |     edge_attr_3_3_V    |     array    |
|edge_attr_3_3_V_ce0             | out |    1|  ap_memory |     edge_attr_3_3_V    |     array    |
|edge_attr_3_3_V_we0             | out |    1|  ap_memory |     edge_attr_3_3_V    |     array    |
|edge_attr_3_3_V_d0              | out |   14|  ap_memory |     edge_attr_3_3_V    |     array    |
|edge_attr_mat_s_16_V_V_dout     |  in |   14|   ap_fifo  | edge_attr_mat_s_16_V_V |    pointer   |
|edge_attr_mat_s_16_V_V_empty_n  |  in |    1|   ap_fifo  | edge_attr_mat_s_16_V_V |    pointer   |
|edge_attr_mat_s_16_V_V_read     | out |    1|   ap_fifo  | edge_attr_mat_s_16_V_V |    pointer   |
|edge_attr_4_0_V_address0        | out |    7|  ap_memory |     edge_attr_4_0_V    |     array    |
|edge_attr_4_0_V_ce0             | out |    1|  ap_memory |     edge_attr_4_0_V    |     array    |
|edge_attr_4_0_V_we0             | out |    1|  ap_memory |     edge_attr_4_0_V    |     array    |
|edge_attr_4_0_V_d0              | out |   14|  ap_memory |     edge_attr_4_0_V    |     array    |
|edge_attr_mat_s_17_V_V_dout     |  in |   14|   ap_fifo  | edge_attr_mat_s_17_V_V |    pointer   |
|edge_attr_mat_s_17_V_V_empty_n  |  in |    1|   ap_fifo  | edge_attr_mat_s_17_V_V |    pointer   |
|edge_attr_mat_s_17_V_V_read     | out |    1|   ap_fifo  | edge_attr_mat_s_17_V_V |    pointer   |
|edge_attr_4_1_V_address0        | out |    7|  ap_memory |     edge_attr_4_1_V    |     array    |
|edge_attr_4_1_V_ce0             | out |    1|  ap_memory |     edge_attr_4_1_V    |     array    |
|edge_attr_4_1_V_we0             | out |    1|  ap_memory |     edge_attr_4_1_V    |     array    |
|edge_attr_4_1_V_d0              | out |   14|  ap_memory |     edge_attr_4_1_V    |     array    |
|edge_attr_mat_s_18_V_V_dout     |  in |   14|   ap_fifo  | edge_attr_mat_s_18_V_V |    pointer   |
|edge_attr_mat_s_18_V_V_empty_n  |  in |    1|   ap_fifo  | edge_attr_mat_s_18_V_V |    pointer   |
|edge_attr_mat_s_18_V_V_read     | out |    1|   ap_fifo  | edge_attr_mat_s_18_V_V |    pointer   |
|edge_attr_4_2_V_address0        | out |    7|  ap_memory |     edge_attr_4_2_V    |     array    |
|edge_attr_4_2_V_ce0             | out |    1|  ap_memory |     edge_attr_4_2_V    |     array    |
|edge_attr_4_2_V_we0             | out |    1|  ap_memory |     edge_attr_4_2_V    |     array    |
|edge_attr_4_2_V_d0              | out |   14|  ap_memory |     edge_attr_4_2_V    |     array    |
|edge_attr_mat_s_19_V_V_dout     |  in |   14|   ap_fifo  | edge_attr_mat_s_19_V_V |    pointer   |
|edge_attr_mat_s_19_V_V_empty_n  |  in |    1|   ap_fifo  | edge_attr_mat_s_19_V_V |    pointer   |
|edge_attr_mat_s_19_V_V_read     | out |    1|   ap_fifo  | edge_attr_mat_s_19_V_V |    pointer   |
|edge_attr_4_3_V_address0        | out |    7|  ap_memory |     edge_attr_4_3_V    |     array    |
|edge_attr_4_3_V_ce0             | out |    1|  ap_memory |     edge_attr_4_3_V    |     array    |
|edge_attr_4_3_V_we0             | out |    1|  ap_memory |     edge_attr_4_3_V    |     array    |
|edge_attr_4_3_V_d0              | out |   14|  ap_memory |     edge_attr_4_3_V    |     array    |
|edge_attr_mat_s_20_V_V_dout     |  in |   14|   ap_fifo  | edge_attr_mat_s_20_V_V |    pointer   |
|edge_attr_mat_s_20_V_V_empty_n  |  in |    1|   ap_fifo  | edge_attr_mat_s_20_V_V |    pointer   |
|edge_attr_mat_s_20_V_V_read     | out |    1|   ap_fifo  | edge_attr_mat_s_20_V_V |    pointer   |
|edge_attr_5_0_V_address0        | out |    7|  ap_memory |     edge_attr_5_0_V    |     array    |
|edge_attr_5_0_V_ce0             | out |    1|  ap_memory |     edge_attr_5_0_V    |     array    |
|edge_attr_5_0_V_we0             | out |    1|  ap_memory |     edge_attr_5_0_V    |     array    |
|edge_attr_5_0_V_d0              | out |   14|  ap_memory |     edge_attr_5_0_V    |     array    |
|edge_attr_mat_s_21_V_V_dout     |  in |   14|   ap_fifo  | edge_attr_mat_s_21_V_V |    pointer   |
|edge_attr_mat_s_21_V_V_empty_n  |  in |    1|   ap_fifo  | edge_attr_mat_s_21_V_V |    pointer   |
|edge_attr_mat_s_21_V_V_read     | out |    1|   ap_fifo  | edge_attr_mat_s_21_V_V |    pointer   |
|edge_attr_5_1_V_address0        | out |    7|  ap_memory |     edge_attr_5_1_V    |     array    |
|edge_attr_5_1_V_ce0             | out |    1|  ap_memory |     edge_attr_5_1_V    |     array    |
|edge_attr_5_1_V_we0             | out |    1|  ap_memory |     edge_attr_5_1_V    |     array    |
|edge_attr_5_1_V_d0              | out |   14|  ap_memory |     edge_attr_5_1_V    |     array    |
|edge_attr_mat_s_22_V_V_dout     |  in |   14|   ap_fifo  | edge_attr_mat_s_22_V_V |    pointer   |
|edge_attr_mat_s_22_V_V_empty_n  |  in |    1|   ap_fifo  | edge_attr_mat_s_22_V_V |    pointer   |
|edge_attr_mat_s_22_V_V_read     | out |    1|   ap_fifo  | edge_attr_mat_s_22_V_V |    pointer   |
|edge_attr_5_2_V_address0        | out |    7|  ap_memory |     edge_attr_5_2_V    |     array    |
|edge_attr_5_2_V_ce0             | out |    1|  ap_memory |     edge_attr_5_2_V    |     array    |
|edge_attr_5_2_V_we0             | out |    1|  ap_memory |     edge_attr_5_2_V    |     array    |
|edge_attr_5_2_V_d0              | out |   14|  ap_memory |     edge_attr_5_2_V    |     array    |
|edge_attr_mat_s_23_V_V_dout     |  in |   14|   ap_fifo  | edge_attr_mat_s_23_V_V |    pointer   |
|edge_attr_mat_s_23_V_V_empty_n  |  in |    1|   ap_fifo  | edge_attr_mat_s_23_V_V |    pointer   |
|edge_attr_mat_s_23_V_V_read     | out |    1|   ap_fifo  | edge_attr_mat_s_23_V_V |    pointer   |
|edge_attr_5_3_V_address0        | out |    7|  ap_memory |     edge_attr_5_3_V    |     array    |
|edge_attr_5_3_V_ce0             | out |    1|  ap_memory |     edge_attr_5_3_V    |     array    |
|edge_attr_5_3_V_we0             | out |    1|  ap_memory |     edge_attr_5_3_V    |     array    |
|edge_attr_5_3_V_d0              | out |   14|  ap_memory |     edge_attr_5_3_V    |     array    |
|edge_attr_mat_s_24_V_V_dout     |  in |   14|   ap_fifo  | edge_attr_mat_s_24_V_V |    pointer   |
|edge_attr_mat_s_24_V_V_empty_n  |  in |    1|   ap_fifo  | edge_attr_mat_s_24_V_V |    pointer   |
|edge_attr_mat_s_24_V_V_read     | out |    1|   ap_fifo  | edge_attr_mat_s_24_V_V |    pointer   |
|edge_attr_6_0_V_address0        | out |    7|  ap_memory |     edge_attr_6_0_V    |     array    |
|edge_attr_6_0_V_ce0             | out |    1|  ap_memory |     edge_attr_6_0_V    |     array    |
|edge_attr_6_0_V_we0             | out |    1|  ap_memory |     edge_attr_6_0_V    |     array    |
|edge_attr_6_0_V_d0              | out |   14|  ap_memory |     edge_attr_6_0_V    |     array    |
|edge_attr_mat_s_25_V_V_dout     |  in |   14|   ap_fifo  | edge_attr_mat_s_25_V_V |    pointer   |
|edge_attr_mat_s_25_V_V_empty_n  |  in |    1|   ap_fifo  | edge_attr_mat_s_25_V_V |    pointer   |
|edge_attr_mat_s_25_V_V_read     | out |    1|   ap_fifo  | edge_attr_mat_s_25_V_V |    pointer   |
|edge_attr_6_1_V_address0        | out |    7|  ap_memory |     edge_attr_6_1_V    |     array    |
|edge_attr_6_1_V_ce0             | out |    1|  ap_memory |     edge_attr_6_1_V    |     array    |
|edge_attr_6_1_V_we0             | out |    1|  ap_memory |     edge_attr_6_1_V    |     array    |
|edge_attr_6_1_V_d0              | out |   14|  ap_memory |     edge_attr_6_1_V    |     array    |
|edge_attr_mat_s_26_V_V_dout     |  in |   14|   ap_fifo  | edge_attr_mat_s_26_V_V |    pointer   |
|edge_attr_mat_s_26_V_V_empty_n  |  in |    1|   ap_fifo  | edge_attr_mat_s_26_V_V |    pointer   |
|edge_attr_mat_s_26_V_V_read     | out |    1|   ap_fifo  | edge_attr_mat_s_26_V_V |    pointer   |
|edge_attr_6_2_V_address0        | out |    7|  ap_memory |     edge_attr_6_2_V    |     array    |
|edge_attr_6_2_V_ce0             | out |    1|  ap_memory |     edge_attr_6_2_V    |     array    |
|edge_attr_6_2_V_we0             | out |    1|  ap_memory |     edge_attr_6_2_V    |     array    |
|edge_attr_6_2_V_d0              | out |   14|  ap_memory |     edge_attr_6_2_V    |     array    |
|edge_attr_mat_s_27_V_V_dout     |  in |   14|   ap_fifo  | edge_attr_mat_s_27_V_V |    pointer   |
|edge_attr_mat_s_27_V_V_empty_n  |  in |    1|   ap_fifo  | edge_attr_mat_s_27_V_V |    pointer   |
|edge_attr_mat_s_27_V_V_read     | out |    1|   ap_fifo  | edge_attr_mat_s_27_V_V |    pointer   |
|edge_attr_6_3_V_address0        | out |    7|  ap_memory |     edge_attr_6_3_V    |     array    |
|edge_attr_6_3_V_ce0             | out |    1|  ap_memory |     edge_attr_6_3_V    |     array    |
|edge_attr_6_3_V_we0             | out |    1|  ap_memory |     edge_attr_6_3_V    |     array    |
|edge_attr_6_3_V_d0              | out |   14|  ap_memory |     edge_attr_6_3_V    |     array    |
|edge_attr_mat_s_28_V_V_dout     |  in |   14|   ap_fifo  | edge_attr_mat_s_28_V_V |    pointer   |
|edge_attr_mat_s_28_V_V_empty_n  |  in |    1|   ap_fifo  | edge_attr_mat_s_28_V_V |    pointer   |
|edge_attr_mat_s_28_V_V_read     | out |    1|   ap_fifo  | edge_attr_mat_s_28_V_V |    pointer   |
|edge_attr_7_0_V_address0        | out |    7|  ap_memory |     edge_attr_7_0_V    |     array    |
|edge_attr_7_0_V_ce0             | out |    1|  ap_memory |     edge_attr_7_0_V    |     array    |
|edge_attr_7_0_V_we0             | out |    1|  ap_memory |     edge_attr_7_0_V    |     array    |
|edge_attr_7_0_V_d0              | out |   14|  ap_memory |     edge_attr_7_0_V    |     array    |
|edge_attr_mat_s_29_V_V_dout     |  in |   14|   ap_fifo  | edge_attr_mat_s_29_V_V |    pointer   |
|edge_attr_mat_s_29_V_V_empty_n  |  in |    1|   ap_fifo  | edge_attr_mat_s_29_V_V |    pointer   |
|edge_attr_mat_s_29_V_V_read     | out |    1|   ap_fifo  | edge_attr_mat_s_29_V_V |    pointer   |
|edge_attr_7_1_V_address0        | out |    7|  ap_memory |     edge_attr_7_1_V    |     array    |
|edge_attr_7_1_V_ce0             | out |    1|  ap_memory |     edge_attr_7_1_V    |     array    |
|edge_attr_7_1_V_we0             | out |    1|  ap_memory |     edge_attr_7_1_V    |     array    |
|edge_attr_7_1_V_d0              | out |   14|  ap_memory |     edge_attr_7_1_V    |     array    |
|edge_attr_mat_s_30_V_V_dout     |  in |   14|   ap_fifo  | edge_attr_mat_s_30_V_V |    pointer   |
|edge_attr_mat_s_30_V_V_empty_n  |  in |    1|   ap_fifo  | edge_attr_mat_s_30_V_V |    pointer   |
|edge_attr_mat_s_30_V_V_read     | out |    1|   ap_fifo  | edge_attr_mat_s_30_V_V |    pointer   |
|edge_attr_7_2_V_address0        | out |    7|  ap_memory |     edge_attr_7_2_V    |     array    |
|edge_attr_7_2_V_ce0             | out |    1|  ap_memory |     edge_attr_7_2_V    |     array    |
|edge_attr_7_2_V_we0             | out |    1|  ap_memory |     edge_attr_7_2_V    |     array    |
|edge_attr_7_2_V_d0              | out |   14|  ap_memory |     edge_attr_7_2_V    |     array    |
|edge_attr_mat_s_31_V_V_dout     |  in |   14|   ap_fifo  | edge_attr_mat_s_31_V_V |    pointer   |
|edge_attr_mat_s_31_V_V_empty_n  |  in |    1|   ap_fifo  | edge_attr_mat_s_31_V_V |    pointer   |
|edge_attr_mat_s_31_V_V_read     | out |    1|   ap_fifo  | edge_attr_mat_s_31_V_V |    pointer   |
|edge_attr_7_3_V_address0        | out |    7|  ap_memory |     edge_attr_7_3_V    |     array    |
|edge_attr_7_3_V_ce0             | out |    1|  ap_memory |     edge_attr_7_3_V    |     array    |
|edge_attr_7_3_V_we0             | out |    1|  ap_memory |     edge_attr_7_3_V    |     array    |
|edge_attr_7_3_V_d0              | out |   14|  ap_memory |     edge_attr_7_3_V    |     array    |
|edge_attr_mat_s_32_V_V_dout     |  in |   14|   ap_fifo  | edge_attr_mat_s_32_V_V |    pointer   |
|edge_attr_mat_s_32_V_V_empty_n  |  in |    1|   ap_fifo  | edge_attr_mat_s_32_V_V |    pointer   |
|edge_attr_mat_s_32_V_V_read     | out |    1|   ap_fifo  | edge_attr_mat_s_32_V_V |    pointer   |
|edge_attr_8_0_V_address0        | out |    7|  ap_memory |     edge_attr_8_0_V    |     array    |
|edge_attr_8_0_V_ce0             | out |    1|  ap_memory |     edge_attr_8_0_V    |     array    |
|edge_attr_8_0_V_we0             | out |    1|  ap_memory |     edge_attr_8_0_V    |     array    |
|edge_attr_8_0_V_d0              | out |   14|  ap_memory |     edge_attr_8_0_V    |     array    |
|edge_attr_mat_s_33_V_V_dout     |  in |   14|   ap_fifo  | edge_attr_mat_s_33_V_V |    pointer   |
|edge_attr_mat_s_33_V_V_empty_n  |  in |    1|   ap_fifo  | edge_attr_mat_s_33_V_V |    pointer   |
|edge_attr_mat_s_33_V_V_read     | out |    1|   ap_fifo  | edge_attr_mat_s_33_V_V |    pointer   |
|edge_attr_8_1_V_address0        | out |    7|  ap_memory |     edge_attr_8_1_V    |     array    |
|edge_attr_8_1_V_ce0             | out |    1|  ap_memory |     edge_attr_8_1_V    |     array    |
|edge_attr_8_1_V_we0             | out |    1|  ap_memory |     edge_attr_8_1_V    |     array    |
|edge_attr_8_1_V_d0              | out |   14|  ap_memory |     edge_attr_8_1_V    |     array    |
|edge_attr_mat_s_34_V_V_dout     |  in |   14|   ap_fifo  | edge_attr_mat_s_34_V_V |    pointer   |
|edge_attr_mat_s_34_V_V_empty_n  |  in |    1|   ap_fifo  | edge_attr_mat_s_34_V_V |    pointer   |
|edge_attr_mat_s_34_V_V_read     | out |    1|   ap_fifo  | edge_attr_mat_s_34_V_V |    pointer   |
|edge_attr_8_2_V_address0        | out |    7|  ap_memory |     edge_attr_8_2_V    |     array    |
|edge_attr_8_2_V_ce0             | out |    1|  ap_memory |     edge_attr_8_2_V    |     array    |
|edge_attr_8_2_V_we0             | out |    1|  ap_memory |     edge_attr_8_2_V    |     array    |
|edge_attr_8_2_V_d0              | out |   14|  ap_memory |     edge_attr_8_2_V    |     array    |
|edge_attr_mat_s_35_V_V_dout     |  in |   14|   ap_fifo  | edge_attr_mat_s_35_V_V |    pointer   |
|edge_attr_mat_s_35_V_V_empty_n  |  in |    1|   ap_fifo  | edge_attr_mat_s_35_V_V |    pointer   |
|edge_attr_mat_s_35_V_V_read     | out |    1|   ap_fifo  | edge_attr_mat_s_35_V_V |    pointer   |
|edge_attr_8_3_V_address0        | out |    7|  ap_memory |     edge_attr_8_3_V    |     array    |
|edge_attr_8_3_V_ce0             | out |    1|  ap_memory |     edge_attr_8_3_V    |     array    |
|edge_attr_8_3_V_we0             | out |    1|  ap_memory |     edge_attr_8_3_V    |     array    |
|edge_attr_8_3_V_d0              | out |   14|  ap_memory |     edge_attr_8_3_V    |     array    |
|edge_attr_mat_s_36_V_V_dout     |  in |   14|   ap_fifo  | edge_attr_mat_s_36_V_V |    pointer   |
|edge_attr_mat_s_36_V_V_empty_n  |  in |    1|   ap_fifo  | edge_attr_mat_s_36_V_V |    pointer   |
|edge_attr_mat_s_36_V_V_read     | out |    1|   ap_fifo  | edge_attr_mat_s_36_V_V |    pointer   |
|edge_attr_9_0_V_address0        | out |    7|  ap_memory |     edge_attr_9_0_V    |     array    |
|edge_attr_9_0_V_ce0             | out |    1|  ap_memory |     edge_attr_9_0_V    |     array    |
|edge_attr_9_0_V_we0             | out |    1|  ap_memory |     edge_attr_9_0_V    |     array    |
|edge_attr_9_0_V_d0              | out |   14|  ap_memory |     edge_attr_9_0_V    |     array    |
|edge_attr_mat_s_37_V_V_dout     |  in |   14|   ap_fifo  | edge_attr_mat_s_37_V_V |    pointer   |
|edge_attr_mat_s_37_V_V_empty_n  |  in |    1|   ap_fifo  | edge_attr_mat_s_37_V_V |    pointer   |
|edge_attr_mat_s_37_V_V_read     | out |    1|   ap_fifo  | edge_attr_mat_s_37_V_V |    pointer   |
|edge_attr_9_1_V_address0        | out |    7|  ap_memory |     edge_attr_9_1_V    |     array    |
|edge_attr_9_1_V_ce0             | out |    1|  ap_memory |     edge_attr_9_1_V    |     array    |
|edge_attr_9_1_V_we0             | out |    1|  ap_memory |     edge_attr_9_1_V    |     array    |
|edge_attr_9_1_V_d0              | out |   14|  ap_memory |     edge_attr_9_1_V    |     array    |
|edge_attr_mat_s_38_V_V_dout     |  in |   14|   ap_fifo  | edge_attr_mat_s_38_V_V |    pointer   |
|edge_attr_mat_s_38_V_V_empty_n  |  in |    1|   ap_fifo  | edge_attr_mat_s_38_V_V |    pointer   |
|edge_attr_mat_s_38_V_V_read     | out |    1|   ap_fifo  | edge_attr_mat_s_38_V_V |    pointer   |
|edge_attr_9_2_V_address0        | out |    7|  ap_memory |     edge_attr_9_2_V    |     array    |
|edge_attr_9_2_V_ce0             | out |    1|  ap_memory |     edge_attr_9_2_V    |     array    |
|edge_attr_9_2_V_we0             | out |    1|  ap_memory |     edge_attr_9_2_V    |     array    |
|edge_attr_9_2_V_d0              | out |   14|  ap_memory |     edge_attr_9_2_V    |     array    |
|edge_attr_mat_s_39_V_V_dout     |  in |   14|   ap_fifo  | edge_attr_mat_s_39_V_V |    pointer   |
|edge_attr_mat_s_39_V_V_empty_n  |  in |    1|   ap_fifo  | edge_attr_mat_s_39_V_V |    pointer   |
|edge_attr_mat_s_39_V_V_read     | out |    1|   ap_fifo  | edge_attr_mat_s_39_V_V |    pointer   |
|edge_attr_9_3_V_address0        | out |    7|  ap_memory |     edge_attr_9_3_V    |     array    |
|edge_attr_9_3_V_ce0             | out |    1|  ap_memory |     edge_attr_9_3_V    |     array    |
|edge_attr_9_3_V_we0             | out |    1|  ap_memory |     edge_attr_9_3_V    |     array    |
|edge_attr_9_3_V_d0              | out |   14|  ap_memory |     edge_attr_9_3_V    |     array    |
|edge_attr_mat_s_40_V_V_dout     |  in |   14|   ap_fifo  | edge_attr_mat_s_40_V_V |    pointer   |
|edge_attr_mat_s_40_V_V_empty_n  |  in |    1|   ap_fifo  | edge_attr_mat_s_40_V_V |    pointer   |
|edge_attr_mat_s_40_V_V_read     | out |    1|   ap_fifo  | edge_attr_mat_s_40_V_V |    pointer   |
|edge_attr_10_0_V_address0       | out |    7|  ap_memory |    edge_attr_10_0_V    |     array    |
|edge_attr_10_0_V_ce0            | out |    1|  ap_memory |    edge_attr_10_0_V    |     array    |
|edge_attr_10_0_V_we0            | out |    1|  ap_memory |    edge_attr_10_0_V    |     array    |
|edge_attr_10_0_V_d0             | out |   14|  ap_memory |    edge_attr_10_0_V    |     array    |
|edge_attr_mat_s_41_V_V_dout     |  in |   14|   ap_fifo  | edge_attr_mat_s_41_V_V |    pointer   |
|edge_attr_mat_s_41_V_V_empty_n  |  in |    1|   ap_fifo  | edge_attr_mat_s_41_V_V |    pointer   |
|edge_attr_mat_s_41_V_V_read     | out |    1|   ap_fifo  | edge_attr_mat_s_41_V_V |    pointer   |
|edge_attr_10_1_V_address0       | out |    7|  ap_memory |    edge_attr_10_1_V    |     array    |
|edge_attr_10_1_V_ce0            | out |    1|  ap_memory |    edge_attr_10_1_V    |     array    |
|edge_attr_10_1_V_we0            | out |    1|  ap_memory |    edge_attr_10_1_V    |     array    |
|edge_attr_10_1_V_d0             | out |   14|  ap_memory |    edge_attr_10_1_V    |     array    |
|edge_attr_mat_s_42_V_V_dout     |  in |   14|   ap_fifo  | edge_attr_mat_s_42_V_V |    pointer   |
|edge_attr_mat_s_42_V_V_empty_n  |  in |    1|   ap_fifo  | edge_attr_mat_s_42_V_V |    pointer   |
|edge_attr_mat_s_42_V_V_read     | out |    1|   ap_fifo  | edge_attr_mat_s_42_V_V |    pointer   |
|edge_attr_10_2_V_address0       | out |    7|  ap_memory |    edge_attr_10_2_V    |     array    |
|edge_attr_10_2_V_ce0            | out |    1|  ap_memory |    edge_attr_10_2_V    |     array    |
|edge_attr_10_2_V_we0            | out |    1|  ap_memory |    edge_attr_10_2_V    |     array    |
|edge_attr_10_2_V_d0             | out |   14|  ap_memory |    edge_attr_10_2_V    |     array    |
|edge_attr_mat_s_43_V_V_dout     |  in |   14|   ap_fifo  | edge_attr_mat_s_43_V_V |    pointer   |
|edge_attr_mat_s_43_V_V_empty_n  |  in |    1|   ap_fifo  | edge_attr_mat_s_43_V_V |    pointer   |
|edge_attr_mat_s_43_V_V_read     | out |    1|   ap_fifo  | edge_attr_mat_s_43_V_V |    pointer   |
|edge_attr_10_3_V_address0       | out |    7|  ap_memory |    edge_attr_10_3_V    |     array    |
|edge_attr_10_3_V_ce0            | out |    1|  ap_memory |    edge_attr_10_3_V    |     array    |
|edge_attr_10_3_V_we0            | out |    1|  ap_memory |    edge_attr_10_3_V    |     array    |
|edge_attr_10_3_V_d0             | out |   14|  ap_memory |    edge_attr_10_3_V    |     array    |
|edge_attr_mat_s_44_V_V_dout     |  in |   14|   ap_fifo  | edge_attr_mat_s_44_V_V |    pointer   |
|edge_attr_mat_s_44_V_V_empty_n  |  in |    1|   ap_fifo  | edge_attr_mat_s_44_V_V |    pointer   |
|edge_attr_mat_s_44_V_V_read     | out |    1|   ap_fifo  | edge_attr_mat_s_44_V_V |    pointer   |
|edge_attr_11_0_V_address0       | out |    7|  ap_memory |    edge_attr_11_0_V    |     array    |
|edge_attr_11_0_V_ce0            | out |    1|  ap_memory |    edge_attr_11_0_V    |     array    |
|edge_attr_11_0_V_we0            | out |    1|  ap_memory |    edge_attr_11_0_V    |     array    |
|edge_attr_11_0_V_d0             | out |   14|  ap_memory |    edge_attr_11_0_V    |     array    |
|edge_attr_mat_s_45_V_V_dout     |  in |   14|   ap_fifo  | edge_attr_mat_s_45_V_V |    pointer   |
|edge_attr_mat_s_45_V_V_empty_n  |  in |    1|   ap_fifo  | edge_attr_mat_s_45_V_V |    pointer   |
|edge_attr_mat_s_45_V_V_read     | out |    1|   ap_fifo  | edge_attr_mat_s_45_V_V |    pointer   |
|edge_attr_11_1_V_address0       | out |    7|  ap_memory |    edge_attr_11_1_V    |     array    |
|edge_attr_11_1_V_ce0            | out |    1|  ap_memory |    edge_attr_11_1_V    |     array    |
|edge_attr_11_1_V_we0            | out |    1|  ap_memory |    edge_attr_11_1_V    |     array    |
|edge_attr_11_1_V_d0             | out |   14|  ap_memory |    edge_attr_11_1_V    |     array    |
|edge_attr_mat_s_46_V_V_dout     |  in |   14|   ap_fifo  | edge_attr_mat_s_46_V_V |    pointer   |
|edge_attr_mat_s_46_V_V_empty_n  |  in |    1|   ap_fifo  | edge_attr_mat_s_46_V_V |    pointer   |
|edge_attr_mat_s_46_V_V_read     | out |    1|   ap_fifo  | edge_attr_mat_s_46_V_V |    pointer   |
|edge_attr_11_2_V_address0       | out |    7|  ap_memory |    edge_attr_11_2_V    |     array    |
|edge_attr_11_2_V_ce0            | out |    1|  ap_memory |    edge_attr_11_2_V    |     array    |
|edge_attr_11_2_V_we0            | out |    1|  ap_memory |    edge_attr_11_2_V    |     array    |
|edge_attr_11_2_V_d0             | out |   14|  ap_memory |    edge_attr_11_2_V    |     array    |
|edge_attr_mat_s_47_V_V_dout     |  in |   14|   ap_fifo  | edge_attr_mat_s_47_V_V |    pointer   |
|edge_attr_mat_s_47_V_V_empty_n  |  in |    1|   ap_fifo  | edge_attr_mat_s_47_V_V |    pointer   |
|edge_attr_mat_s_47_V_V_read     | out |    1|   ap_fifo  | edge_attr_mat_s_47_V_V |    pointer   |
|edge_attr_11_3_V_address0       | out |    7|  ap_memory |    edge_attr_11_3_V    |     array    |
|edge_attr_11_3_V_ce0            | out |    1|  ap_memory |    edge_attr_11_3_V    |     array    |
|edge_attr_11_3_V_we0            | out |    1|  ap_memory |    edge_attr_11_3_V    |     array    |
|edge_attr_11_3_V_d0             | out |   14|  ap_memory |    edge_attr_11_3_V    |     array    |
|edge_attr_mat_s_48_V_V_dout     |  in |   14|   ap_fifo  | edge_attr_mat_s_48_V_V |    pointer   |
|edge_attr_mat_s_48_V_V_empty_n  |  in |    1|   ap_fifo  | edge_attr_mat_s_48_V_V |    pointer   |
|edge_attr_mat_s_48_V_V_read     | out |    1|   ap_fifo  | edge_attr_mat_s_48_V_V |    pointer   |
|edge_attr_12_0_V_address0       | out |    7|  ap_memory |    edge_attr_12_0_V    |     array    |
|edge_attr_12_0_V_ce0            | out |    1|  ap_memory |    edge_attr_12_0_V    |     array    |
|edge_attr_12_0_V_we0            | out |    1|  ap_memory |    edge_attr_12_0_V    |     array    |
|edge_attr_12_0_V_d0             | out |   14|  ap_memory |    edge_attr_12_0_V    |     array    |
|edge_attr_mat_s_49_V_V_dout     |  in |   14|   ap_fifo  | edge_attr_mat_s_49_V_V |    pointer   |
|edge_attr_mat_s_49_V_V_empty_n  |  in |    1|   ap_fifo  | edge_attr_mat_s_49_V_V |    pointer   |
|edge_attr_mat_s_49_V_V_read     | out |    1|   ap_fifo  | edge_attr_mat_s_49_V_V |    pointer   |
|edge_attr_12_1_V_address0       | out |    7|  ap_memory |    edge_attr_12_1_V    |     array    |
|edge_attr_12_1_V_ce0            | out |    1|  ap_memory |    edge_attr_12_1_V    |     array    |
|edge_attr_12_1_V_we0            | out |    1|  ap_memory |    edge_attr_12_1_V    |     array    |
|edge_attr_12_1_V_d0             | out |   14|  ap_memory |    edge_attr_12_1_V    |     array    |
|edge_attr_mat_s_50_V_V_dout     |  in |   14|   ap_fifo  | edge_attr_mat_s_50_V_V |    pointer   |
|edge_attr_mat_s_50_V_V_empty_n  |  in |    1|   ap_fifo  | edge_attr_mat_s_50_V_V |    pointer   |
|edge_attr_mat_s_50_V_V_read     | out |    1|   ap_fifo  | edge_attr_mat_s_50_V_V |    pointer   |
|edge_attr_12_2_V_address0       | out |    7|  ap_memory |    edge_attr_12_2_V    |     array    |
|edge_attr_12_2_V_ce0            | out |    1|  ap_memory |    edge_attr_12_2_V    |     array    |
|edge_attr_12_2_V_we0            | out |    1|  ap_memory |    edge_attr_12_2_V    |     array    |
|edge_attr_12_2_V_d0             | out |   14|  ap_memory |    edge_attr_12_2_V    |     array    |
|edge_attr_mat_s_51_V_V_dout     |  in |   14|   ap_fifo  | edge_attr_mat_s_51_V_V |    pointer   |
|edge_attr_mat_s_51_V_V_empty_n  |  in |    1|   ap_fifo  | edge_attr_mat_s_51_V_V |    pointer   |
|edge_attr_mat_s_51_V_V_read     | out |    1|   ap_fifo  | edge_attr_mat_s_51_V_V |    pointer   |
|edge_attr_12_3_V_address0       | out |    7|  ap_memory |    edge_attr_12_3_V    |     array    |
|edge_attr_12_3_V_ce0            | out |    1|  ap_memory |    edge_attr_12_3_V    |     array    |
|edge_attr_12_3_V_we0            | out |    1|  ap_memory |    edge_attr_12_3_V    |     array    |
|edge_attr_12_3_V_d0             | out |   14|  ap_memory |    edge_attr_12_3_V    |     array    |
+--------------------------------+-----+-----+------------+------------------------+--------------+

