

================================================================
== Vivado HLS Report for 'relu'
================================================================
* Date:           Mon Aug 22 13:46:10 2022

* Version:        2019.2 (Build 2704478 on Wed Nov 06 22:10:23 MST 2019)
* Project:        axi_ii_1
* Solution:       example_par_1
* Product family: virtexuplus
* Target device:  xcvu9p-flga2104-2-i


================================================================
== Performance Estimates
================================================================
+ Timing: 
    * Summary: 
    +--------+---------+----------+------------+
    |  Clock |  Target | Estimated| Uncertainty|
    +--------+---------+----------+------------+
    |ap_clk  | 5.00 ns | 0.973 ns |   0.62 ns  |
    +--------+---------+----------+------------+

+ Latency: 
    * Summary: 
    +---------+---------+----------+----------+-----+-----+----------+
    |  Latency (cycles) |  Latency (absolute) |  Interval | Pipeline |
    |   min   |   max   |    min   |    max   | min | max |   Type   |
    +---------+---------+----------+----------+-----+-----+----------+
    |        0|        0|   0 ns   |   0 ns   |    1|    1| function |
    +---------+---------+----------+----------+-----+-----+----------+

    + Detail: 
        * Instance: 
        N/A

        * Loop: 
        N/A



================================================================
== Utilization Estimates
================================================================
* Summary: 
+---------------------+---------+-------+---------+---------+-----+
|         Name        | BRAM_18K| DSP48E|    FF   |   LUT   | URAM|
+---------------------+---------+-------+---------+---------+-----+
|DSP                  |        -|      -|        -|        -|    -|
|Expression           |        -|      -|        0|      208|    -|
|FIFO                 |        -|      -|        -|        -|    -|
|Instance             |        -|      -|        -|        -|    -|
|Memory               |        -|      -|        -|        -|    -|
|Multiplexer          |        -|      -|        -|        -|    -|
|Register             |        -|      -|        -|        -|    -|
+---------------------+---------+-------+---------+---------+-----+
|Total                |        0|      0|        0|      208|    0|
+---------------------+---------+-------+---------+---------+-----+
|Available SLR        |     1440|   2280|   788160|   394080|  320|
+---------------------+---------+-------+---------+---------+-----+
|Utilization SLR (%)  |        0|      0|        0|    ~0   |    0|
+---------------------+---------+-------+---------+---------+-----+
|Available            |     4320|   6840|  2364480|  1182240|  960|
+---------------------+---------+-------+---------+---------+-----+
|Utilization (%)      |        0|      0|        0|    ~0   |    0|
+---------------------+---------+-------+---------+---------+-----+

+ Detail: 
    * Instance: 
    N/A

    * DSP48E: 
    N/A

    * Memory: 
    N/A

    * FIFO: 
    N/A

    * Expression: 
    +--------------------------+----------+-------+---+----+------------+------------+
    |       Variable Name      | Operation| DSP48E| FF| LUT| Bitwidth P0| Bitwidth P1|
    +--------------------------+----------+-------+---+----+------------+------------+
    |icmp_ln1494_1_fu_104_p2   |   icmp   |      0|  0|  13|          14|           1|
    |icmp_ln1494_2_fu_126_p2   |   icmp   |      0|  0|  13|          14|           1|
    |icmp_ln1494_3_fu_148_p2   |   icmp   |      0|  0|  13|          14|           1|
    |icmp_ln1494_4_fu_170_p2   |   icmp   |      0|  0|  13|          14|           1|
    |icmp_ln1494_5_fu_192_p2   |   icmp   |      0|  0|  13|          14|           1|
    |icmp_ln1494_6_fu_214_p2   |   icmp   |      0|  0|  13|          14|           1|
    |icmp_ln1494_7_fu_236_p2   |   icmp   |      0|  0|  13|          14|           1|
    |icmp_ln1494_fu_82_p2      |   icmp   |      0|  0|  13|          14|           1|
    |select_ln296_1_fu_114_p3  |  select  |      0|  0|  13|           1|          13|
    |select_ln296_2_fu_136_p3  |  select  |      0|  0|  13|           1|          13|
    |select_ln296_3_fu_158_p3  |  select  |      0|  0|  13|           1|          13|
    |select_ln296_4_fu_180_p3  |  select  |      0|  0|  13|           1|          13|
    |select_ln296_5_fu_202_p3  |  select  |      0|  0|  13|           1|          13|
    |select_ln296_6_fu_224_p3  |  select  |      0|  0|  13|           1|          13|
    |select_ln296_7_fu_246_p3  |  select  |      0|  0|  13|           1|          13|
    |select_ln296_fu_92_p3     |  select  |      0|  0|  13|           1|          13|
    +--------------------------+----------+-------+---+----+------------+------------+
    |Total                     |          |      0|  0| 208|         120|         112|
    +--------------------------+----------+-------+---+----+------------+------------+

    * Multiplexer: 
    N/A

    * Register: 
    N/A



================================================================
== Interface
================================================================
* Summary: 
+---------------+-----+-----+------------+---------------+--------------+
|   RTL Ports   | Dir | Bits|  Protocol  | Source Object |    C Type    |
+---------------+-----+-----+------------+---------------+--------------+
|ap_ready       | out |    1| ap_ctrl_hs |      relu     | return value |
|ap_return_0    | out |   14| ap_ctrl_hs |      relu     | return value |
|ap_return_1    | out |   14| ap_ctrl_hs |      relu     | return value |
|ap_return_2    | out |   14| ap_ctrl_hs |      relu     | return value |
|ap_return_3    | out |   14| ap_ctrl_hs |      relu     | return value |
|ap_return_4    | out |   14| ap_ctrl_hs |      relu     | return value |
|ap_return_5    | out |   14| ap_ctrl_hs |      relu     | return value |
|ap_return_6    | out |   14| ap_ctrl_hs |      relu     | return value |
|ap_return_7    | out |   14| ap_ctrl_hs |      relu     | return value |
|data_0_V_read  |  in |   14|   ap_none  | data_0_V_read |    scalar    |
|data_1_V_read  |  in |   14|   ap_none  | data_1_V_read |    scalar    |
|data_2_V_read  |  in |   14|   ap_none  | data_2_V_read |    scalar    |
|data_3_V_read  |  in |   14|   ap_none  | data_3_V_read |    scalar    |
|data_4_V_read  |  in |   14|   ap_none  | data_4_V_read |    scalar    |
|data_5_V_read  |  in |   14|   ap_none  | data_5_V_read |    scalar    |
|data_6_V_read  |  in |   14|   ap_none  | data_6_V_read |    scalar    |
|data_7_V_read  |  in |   14|   ap_none  | data_7_V_read |    scalar    |
+---------------+-----+-----+------------+---------------+--------------+

