

================================================================
== Vivado HLS Report for 'dense_mult_3lyr_1'
================================================================
* Date:           Fri Aug 19 15:49:30 2022

* Version:        2019.2 (Build 2704478 on Wed Nov 06 22:10:23 MST 2019)
* Project:        ii_1
* Solution:       example_par_4
* Product family: virtexuplus
* Target device:  xcvu9p-flga2104-2-i


================================================================
== Performance Estimates
================================================================
+ Timing: 
    * Summary: 
    +--------+---------+----------+------------+
    |  Clock |  Target | Estimated| Uncertainty|
    +--------+---------+----------+------------+
    |ap_clk  | 5.00 ns | 3.804 ns |   0.62 ns  |
    +--------+---------+----------+------------+

+ Latency: 
    * Summary: 
    +---------+---------+-----------+-----------+-----+-----+----------+
    |  Latency (cycles) |   Latency (absolute)  |  Interval | Pipeline |
    |   min   |   max   |    min    |    max    | min | max |   Type   |
    +---------+---------+-----------+-----------+-----+-----+----------+
    |        7|        7| 35.000 ns | 35.000 ns |    1|    1| function |
    +---------+---------+-----------+-----------+-----+-----+----------+

    + Detail: 
        * Instance: 
        +---------------------------------+----------------------+---------+---------+----------+----------+-----+-----+----------+
        |                                 |                      |  Latency (cycles) |  Latency (absolute) |  Interval | Pipeline |
        |             Instance            |        Module        |   min   |   max   |    min   |    max   | min | max |   Type   |
        +---------------------------------+----------------------+---------+---------+----------+----------+-----+-----+----------+
        |grp_dense_resource_1_0_1_fu_90   |dense_resource_1_0_1  |        1|        1| 5.000 ns | 5.000 ns |    1|    1| function |
        |grp_dense_resource_2_0_fu_114    |dense_resource_2_0    |        1|        1| 5.000 ns | 5.000 ns |    1|    1| function |
        |grp_dense_resource_0_0_1_fu_126  |dense_resource_0_0_1  |        1|        1| 5.000 ns | 5.000 ns |    1|    1| function |
        |call_ret6_relu_fu_138            |relu                  |        0|        0|   0 ns   |   0 ns   |    1|    1| function |
        |call_ret_relu_fu_150             |relu                  |        0|        0|   0 ns   |   0 ns   |    1|    1| function |
        +---------------------------------+----------------------+---------+---------+----------+----------+-----+-----+----------+

        * Loop: 
        N/A

============================================================
+ Verbose Summary: Synthesis Manager
============================================================
InlineROM: 1
ExposeGlobal: 0
============================================================
+ Verbose Summary: CDFG Model
============================================================
IsTopModel: 0
ResetActiveHigh: 1
IsCombinational: 0
IsDatapathOnly: 0
HasWiredReturn: 1
HasMFsm: 2
HasVarLatency: 0
IsPipeline: 1
IsRtlPipelined: 1
IsInstanceOverlapped: 0
IsDontTouch: 0
HasImplIP: 0
IsGatedGlobalClock: 0

+ Individual pipeline summary: 
  * Pipeline-0: initiation interval (II) = 1, depth = 8


============================================================
+ Verbose Summary: Schedule
============================================================
* Number of FSM states : 8
* Pipeline : 1
  Pipeline-0 : II = 1, D = 8, States = { 1 2 3 4 5 6 7 8 }
* Dataflow Pipeline: 0

* FSM state transitions: 
1 --> 2 
2 --> 3 
3 --> 4 
4 --> 5 
5 --> 6 
6 --> 7 
7 --> 8 
8 --> 

* FSM state operations: 

State 1 <SV = 0> <Delay = 3.80>
ST_1 : Operation 9 [1/1] (0.00ns)   --->   "%data_9_V_read_4 = call i14 @_ssdm_op_Read.ap_auto.i14(i14 %data_9_V_read)" [./example.h:344]   --->   Operation 9 'read' 'data_9_V_read_4' <Predicate = true> <Delay = 0.00>
ST_1 : Operation 10 [1/1] (0.00ns)   --->   "%data_8_V_read_4 = call i14 @_ssdm_op_Read.ap_auto.i14(i14 %data_8_V_read)" [./example.h:344]   --->   Operation 10 'read' 'data_8_V_read_4' <Predicate = true> <Delay = 0.00>
ST_1 : Operation 11 [1/1] (0.00ns)   --->   "%data_7_V_read_7 = call i14 @_ssdm_op_Read.ap_auto.i14(i14 %data_7_V_read)" [./example.h:344]   --->   Operation 11 'read' 'data_7_V_read_7' <Predicate = true> <Delay = 0.00>
ST_1 : Operation 12 [1/1] (0.00ns)   --->   "%data_6_V_read_7 = call i14 @_ssdm_op_Read.ap_auto.i14(i14 %data_6_V_read)" [./example.h:344]   --->   Operation 12 'read' 'data_6_V_read_7' <Predicate = true> <Delay = 0.00>
ST_1 : Operation 13 [1/1] (0.00ns)   --->   "%data_5_V_read_9 = call i14 @_ssdm_op_Read.ap_auto.i14(i14 %data_5_V_read)" [./example.h:344]   --->   Operation 13 'read' 'data_5_V_read_9' <Predicate = true> <Delay = 0.00>
ST_1 : Operation 14 [1/1] (0.00ns)   --->   "%data_4_V_read_10 = call i14 @_ssdm_op_Read.ap_auto.i14(i14 %data_4_V_read)" [./example.h:344]   --->   Operation 14 'read' 'data_4_V_read_10' <Predicate = true> <Delay = 0.00>
ST_1 : Operation 15 [1/1] (0.00ns)   --->   "%data_3_V_read_10 = call i14 @_ssdm_op_Read.ap_auto.i14(i14 %data_3_V_read)" [./example.h:344]   --->   Operation 15 'read' 'data_3_V_read_10' <Predicate = true> <Delay = 0.00>
ST_1 : Operation 16 [1/1] (0.00ns)   --->   "%data_2_V_read_10 = call i14 @_ssdm_op_Read.ap_auto.i14(i14 %data_2_V_read)" [./example.h:344]   --->   Operation 16 'read' 'data_2_V_read_10' <Predicate = true> <Delay = 0.00>
ST_1 : Operation 17 [1/1] (0.00ns)   --->   "%data_1_V_read_10 = call i14 @_ssdm_op_Read.ap_auto.i14(i14 %data_1_V_read)" [./example.h:344]   --->   Operation 17 'read' 'data_1_V_read_10' <Predicate = true> <Delay = 0.00>
ST_1 : Operation 18 [1/1] (0.00ns)   --->   "%data_0_V_read_10 = call i14 @_ssdm_op_Read.ap_auto.i14(i14 %data_0_V_read)" [./example.h:344]   --->   Operation 18 'read' 'data_0_V_read_10' <Predicate = true> <Delay = 0.00>
ST_1 : Operation 19 [2/2] (3.80ns)   --->   "%call_ret5 = call fastcc { i14, i14, i14, i14, i14, i14, i14, i14 } @dense_resource.1.0.1(i14 %data_0_V_read_10, i14 %data_1_V_read_10, i14 %data_2_V_read_10, i14 %data_3_V_read_10, i14 %data_4_V_read_10, i14 %data_5_V_read_9, i14 %data_6_V_read_7, i14 %data_7_V_read_7, i14 %data_8_V_read_4, i14 %data_9_V_read_4)" [./example.h:344]   --->   Operation 19 'call' 'call_ret5' <Predicate = true> <Delay = 3.80> <CoreType = "Generic">   --->   Core 0 '' <Latency = 0> <II = 1> <Delay = 1.00> <Generic> <Opcode : >

State 2 <SV = 1> <Delay = 3.80>
ST_2 : Operation 20 [1/2] (3.80ns)   --->   "%call_ret5 = call fastcc { i14, i14, i14, i14, i14, i14, i14, i14 } @dense_resource.1.0.1(i14 %data_0_V_read_10, i14 %data_1_V_read_10, i14 %data_2_V_read_10, i14 %data_3_V_read_10, i14 %data_4_V_read_10, i14 %data_5_V_read_9, i14 %data_6_V_read_7, i14 %data_7_V_read_7, i14 %data_8_V_read_4, i14 %data_9_V_read_4)" [./example.h:344]   --->   Operation 20 'call' 'call_ret5' <Predicate = true> <Delay = 3.80> <CoreType = "Generic">   --->   Core 0 '' <Latency = 0> <II = 1> <Delay = 1.00> <Generic> <Opcode : >
ST_2 : Operation 21 [1/1] (0.00ns)   --->   "%data0_logits_0_V = extractvalue { i14, i14, i14, i14, i14, i14, i14, i14 } %call_ret5, 0" [./example.h:344]   --->   Operation 21 'extractvalue' 'data0_logits_0_V' <Predicate = true> <Delay = 0.00>
ST_2 : Operation 22 [1/1] (0.00ns)   --->   "%data0_logits_1_V = extractvalue { i14, i14, i14, i14, i14, i14, i14, i14 } %call_ret5, 1" [./example.h:344]   --->   Operation 22 'extractvalue' 'data0_logits_1_V' <Predicate = true> <Delay = 0.00>
ST_2 : Operation 23 [1/1] (0.00ns)   --->   "%data0_logits_2_V = extractvalue { i14, i14, i14, i14, i14, i14, i14, i14 } %call_ret5, 2" [./example.h:344]   --->   Operation 23 'extractvalue' 'data0_logits_2_V' <Predicate = true> <Delay = 0.00>
ST_2 : Operation 24 [1/1] (0.00ns)   --->   "%data0_logits_3_V = extractvalue { i14, i14, i14, i14, i14, i14, i14, i14 } %call_ret5, 3" [./example.h:344]   --->   Operation 24 'extractvalue' 'data0_logits_3_V' <Predicate = true> <Delay = 0.00>
ST_2 : Operation 25 [1/1] (0.00ns)   --->   "%data0_logits_4_V = extractvalue { i14, i14, i14, i14, i14, i14, i14, i14 } %call_ret5, 4" [./example.h:344]   --->   Operation 25 'extractvalue' 'data0_logits_4_V' <Predicate = true> <Delay = 0.00>
ST_2 : Operation 26 [1/1] (0.00ns)   --->   "%data0_logits_5_V = extractvalue { i14, i14, i14, i14, i14, i14, i14, i14 } %call_ret5, 5" [./example.h:344]   --->   Operation 26 'extractvalue' 'data0_logits_5_V' <Predicate = true> <Delay = 0.00>
ST_2 : Operation 27 [1/1] (0.00ns)   --->   "%data0_logits_6_V = extractvalue { i14, i14, i14, i14, i14, i14, i14, i14 } %call_ret5, 6" [./example.h:344]   --->   Operation 27 'extractvalue' 'data0_logits_6_V' <Predicate = true> <Delay = 0.00>
ST_2 : Operation 28 [1/1] (0.00ns)   --->   "%data0_logits_7_V = extractvalue { i14, i14, i14, i14, i14, i14, i14, i14 } %call_ret5, 7" [./example.h:344]   --->   Operation 28 'extractvalue' 'data0_logits_7_V' <Predicate = true> <Delay = 0.00>

State 3 <SV = 2> <Delay = 0.97>
ST_3 : Operation 29 [1/1] (0.97ns)   --->   "%call_ret6 = call fastcc { i14, i14, i14, i14, i14, i14, i14, i14 } @relu(i14 %data0_logits_0_V, i14 %data0_logits_1_V, i14 %data0_logits_2_V, i14 %data0_logits_3_V, i14 %data0_logits_4_V, i14 %data0_logits_5_V, i14 %data0_logits_6_V, i14 %data0_logits_7_V)" [./example.h:358]   --->   Operation 29 'call' 'call_ret6' <Predicate = true> <Delay = 0.97> <CoreType = "Generic">   --->   Core 0 '' <Latency = 0> <II = 1> <Delay = 1.00> <Generic> <Opcode : >
ST_3 : Operation 30 [1/1] (0.00ns)   --->   "%data0_0_V = extractvalue { i14, i14, i14, i14, i14, i14, i14, i14 } %call_ret6, 0" [./example.h:358]   --->   Operation 30 'extractvalue' 'data0_0_V' <Predicate = true> <Delay = 0.00>
ST_3 : Operation 31 [1/1] (0.00ns)   --->   "%data0_1_V = extractvalue { i14, i14, i14, i14, i14, i14, i14, i14 } %call_ret6, 1" [./example.h:358]   --->   Operation 31 'extractvalue' 'data0_1_V' <Predicate = true> <Delay = 0.00>
ST_3 : Operation 32 [1/1] (0.00ns)   --->   "%data0_2_V = extractvalue { i14, i14, i14, i14, i14, i14, i14, i14 } %call_ret6, 2" [./example.h:358]   --->   Operation 32 'extractvalue' 'data0_2_V' <Predicate = true> <Delay = 0.00>
ST_3 : Operation 33 [1/1] (0.00ns)   --->   "%data0_3_V = extractvalue { i14, i14, i14, i14, i14, i14, i14, i14 } %call_ret6, 3" [./example.h:358]   --->   Operation 33 'extractvalue' 'data0_3_V' <Predicate = true> <Delay = 0.00>
ST_3 : Operation 34 [1/1] (0.00ns)   --->   "%data0_4_V = extractvalue { i14, i14, i14, i14, i14, i14, i14, i14 } %call_ret6, 4" [./example.h:358]   --->   Operation 34 'extractvalue' 'data0_4_V' <Predicate = true> <Delay = 0.00>
ST_3 : Operation 35 [1/1] (0.00ns)   --->   "%data0_5_V = extractvalue { i14, i14, i14, i14, i14, i14, i14, i14 } %call_ret6, 5" [./example.h:358]   --->   Operation 35 'extractvalue' 'data0_5_V' <Predicate = true> <Delay = 0.00>
ST_3 : Operation 36 [1/1] (0.00ns)   --->   "%data0_6_V = extractvalue { i14, i14, i14, i14, i14, i14, i14, i14 } %call_ret6, 6" [./example.h:358]   --->   Operation 36 'extractvalue' 'data0_6_V' <Predicate = true> <Delay = 0.00>
ST_3 : Operation 37 [1/1] (0.00ns)   --->   "%data0_7_V = extractvalue { i14, i14, i14, i14, i14, i14, i14, i14 } %call_ret6, 7" [./example.h:358]   --->   Operation 37 'extractvalue' 'data0_7_V' <Predicate = true> <Delay = 0.00>

State 4 <SV = 3> <Delay = 3.80>
ST_4 : Operation 38 [2/2] (3.80ns)   --->   "%call_ret7 = call fastcc { i14, i14, i14, i14, i14, i14, i14, i14 } @dense_resource.2.0(i14 %data0_0_V, i14 %data0_1_V, i14 %data0_2_V, i14 %data0_3_V, i14 %data0_4_V, i14 %data0_5_V, i14 %data0_6_V, i14 %data0_7_V)" [./example.h:358]   --->   Operation 38 'call' 'call_ret7' <Predicate = true> <Delay = 3.80> <CoreType = "Generic">   --->   Core 0 '' <Latency = 0> <II = 1> <Delay = 1.00> <Generic> <Opcode : >

State 5 <SV = 4> <Delay = 3.80>
ST_5 : Operation 39 [1/2] (3.80ns)   --->   "%call_ret7 = call fastcc { i14, i14, i14, i14, i14, i14, i14, i14 } @dense_resource.2.0(i14 %data0_0_V, i14 %data0_1_V, i14 %data0_2_V, i14 %data0_3_V, i14 %data0_4_V, i14 %data0_5_V, i14 %data0_6_V, i14 %data0_7_V)" [./example.h:358]   --->   Operation 39 'call' 'call_ret7' <Predicate = true> <Delay = 3.80> <CoreType = "Generic">   --->   Core 0 '' <Latency = 0> <II = 1> <Delay = 1.00> <Generic> <Opcode : >
ST_5 : Operation 40 [1/1] (0.00ns)   --->   "%data1_logits_0_V = extractvalue { i14, i14, i14, i14, i14, i14, i14, i14 } %call_ret7, 0" [./example.h:358]   --->   Operation 40 'extractvalue' 'data1_logits_0_V' <Predicate = true> <Delay = 0.00>
ST_5 : Operation 41 [1/1] (0.00ns)   --->   "%data1_logits_1_V = extractvalue { i14, i14, i14, i14, i14, i14, i14, i14 } %call_ret7, 1" [./example.h:358]   --->   Operation 41 'extractvalue' 'data1_logits_1_V' <Predicate = true> <Delay = 0.00>
ST_5 : Operation 42 [1/1] (0.00ns)   --->   "%data1_logits_2_V = extractvalue { i14, i14, i14, i14, i14, i14, i14, i14 } %call_ret7, 2" [./example.h:358]   --->   Operation 42 'extractvalue' 'data1_logits_2_V' <Predicate = true> <Delay = 0.00>
ST_5 : Operation 43 [1/1] (0.00ns)   --->   "%data1_logits_3_V = extractvalue { i14, i14, i14, i14, i14, i14, i14, i14 } %call_ret7, 3" [./example.h:358]   --->   Operation 43 'extractvalue' 'data1_logits_3_V' <Predicate = true> <Delay = 0.00>
ST_5 : Operation 44 [1/1] (0.00ns)   --->   "%data1_logits_4_V = extractvalue { i14, i14, i14, i14, i14, i14, i14, i14 } %call_ret7, 4" [./example.h:358]   --->   Operation 44 'extractvalue' 'data1_logits_4_V' <Predicate = true> <Delay = 0.00>
ST_5 : Operation 45 [1/1] (0.00ns)   --->   "%data1_logits_5_V = extractvalue { i14, i14, i14, i14, i14, i14, i14, i14 } %call_ret7, 5" [./example.h:358]   --->   Operation 45 'extractvalue' 'data1_logits_5_V' <Predicate = true> <Delay = 0.00>
ST_5 : Operation 46 [1/1] (0.00ns)   --->   "%data1_logits_6_V = extractvalue { i14, i14, i14, i14, i14, i14, i14, i14 } %call_ret7, 6" [./example.h:358]   --->   Operation 46 'extractvalue' 'data1_logits_6_V' <Predicate = true> <Delay = 0.00>
ST_5 : Operation 47 [1/1] (0.00ns)   --->   "%data1_logits_7_V = extractvalue { i14, i14, i14, i14, i14, i14, i14, i14 } %call_ret7, 7" [./example.h:358]   --->   Operation 47 'extractvalue' 'data1_logits_7_V' <Predicate = true> <Delay = 0.00>

State 6 <SV = 5> <Delay = 0.97>
ST_6 : Operation 48 [1/1] (0.97ns)   --->   "%call_ret = call fastcc { i14, i14, i14, i14, i14, i14, i14, i14 } @relu(i14 %data1_logits_0_V, i14 %data1_logits_1_V, i14 %data1_logits_2_V, i14 %data1_logits_3_V, i14 %data1_logits_4_V, i14 %data1_logits_5_V, i14 %data1_logits_6_V, i14 %data1_logits_7_V)" [./example.h:367]   --->   Operation 48 'call' 'call_ret' <Predicate = true> <Delay = 0.97> <CoreType = "Generic">   --->   Core 0 '' <Latency = 0> <II = 1> <Delay = 1.00> <Generic> <Opcode : >
ST_6 : Operation 49 [1/1] (0.00ns)   --->   "%data1_0_V = extractvalue { i14, i14, i14, i14, i14, i14, i14, i14 } %call_ret, 0" [./example.h:367]   --->   Operation 49 'extractvalue' 'data1_0_V' <Predicate = true> <Delay = 0.00>
ST_6 : Operation 50 [1/1] (0.00ns)   --->   "%data1_1_V = extractvalue { i14, i14, i14, i14, i14, i14, i14, i14 } %call_ret, 1" [./example.h:367]   --->   Operation 50 'extractvalue' 'data1_1_V' <Predicate = true> <Delay = 0.00>
ST_6 : Operation 51 [1/1] (0.00ns)   --->   "%data1_2_V = extractvalue { i14, i14, i14, i14, i14, i14, i14, i14 } %call_ret, 2" [./example.h:367]   --->   Operation 51 'extractvalue' 'data1_2_V' <Predicate = true> <Delay = 0.00>
ST_6 : Operation 52 [1/1] (0.00ns)   --->   "%data1_3_V = extractvalue { i14, i14, i14, i14, i14, i14, i14, i14 } %call_ret, 3" [./example.h:367]   --->   Operation 52 'extractvalue' 'data1_3_V' <Predicate = true> <Delay = 0.00>
ST_6 : Operation 53 [1/1] (0.00ns)   --->   "%data1_4_V = extractvalue { i14, i14, i14, i14, i14, i14, i14, i14 } %call_ret, 4" [./example.h:367]   --->   Operation 53 'extractvalue' 'data1_4_V' <Predicate = true> <Delay = 0.00>
ST_6 : Operation 54 [1/1] (0.00ns)   --->   "%data1_5_V = extractvalue { i14, i14, i14, i14, i14, i14, i14, i14 } %call_ret, 5" [./example.h:367]   --->   Operation 54 'extractvalue' 'data1_5_V' <Predicate = true> <Delay = 0.00>
ST_6 : Operation 55 [1/1] (0.00ns)   --->   "%data1_6_V = extractvalue { i14, i14, i14, i14, i14, i14, i14, i14 } %call_ret, 6" [./example.h:367]   --->   Operation 55 'extractvalue' 'data1_6_V' <Predicate = true> <Delay = 0.00>
ST_6 : Operation 56 [1/1] (0.00ns)   --->   "%data1_7_V = extractvalue { i14, i14, i14, i14, i14, i14, i14, i14 } %call_ret, 7" [./example.h:367]   --->   Operation 56 'extractvalue' 'data1_7_V' <Predicate = true> <Delay = 0.00>

State 7 <SV = 6> <Delay = 3.80>
ST_7 : Operation 57 [2/2] (3.80ns)   --->   "%call_ret8 = call fastcc { i14, i14, i14, i14 } @dense_resource.0.0.1(i14 %data1_0_V, i14 %data1_1_V, i14 %data1_2_V, i14 %data1_3_V, i14 %data1_4_V, i14 %data1_5_V, i14 %data1_6_V, i14 %data1_7_V)" [./example.h:367]   --->   Operation 57 'call' 'call_ret8' <Predicate = true> <Delay = 3.80> <CoreType = "Generic">   --->   Core 0 '' <Latency = 0> <II = 1> <Delay = 1.00> <Generic> <Opcode : >

State 8 <SV = 7> <Delay = 3.78>
ST_8 : Operation 58 [1/2] (3.78ns)   --->   "%call_ret8 = call fastcc { i14, i14, i14, i14 } @dense_resource.0.0.1(i14 %data1_0_V, i14 %data1_1_V, i14 %data1_2_V, i14 %data1_3_V, i14 %data1_4_V, i14 %data1_5_V, i14 %data1_6_V, i14 %data1_7_V)" [./example.h:367]   --->   Operation 58 'call' 'call_ret8' <Predicate = true> <Delay = 3.78> <CoreType = "Generic">   --->   Core 0 '' <Latency = 0> <II = 1> <Delay = 1.00> <Generic> <Opcode : >
ST_8 : Operation 59 [1/1] (0.00ns)   --->   "ret { i14, i14, i14, i14 } %call_ret8" [./example.h:370]   --->   Operation 59 'ret' <Predicate = true> <Delay = 0.00>


============================================================
+ Verbose Summary: Binding
============================================================
STG Binding: 
---------------- STG Properties BEGIN ----------------
- Is combinational: 0
- Is one-state seq: 0
- Is datapath-only: 1
- Is pipelined: 1
- Is top level: 0
Port [ Return ] is wired: 1; IO mode=ap_ctrl_hs:ce=0
Port [ data_0_V_read]:  wired=1; compound=0; hidden=0; nouse=0; global=0; static=0; extern=0; dir=0; type=0; pingpong=0; private_global=0; IO mode=ap_none:ce=0
Port [ data_1_V_read]:  wired=1; compound=0; hidden=0; nouse=0; global=0; static=0; extern=0; dir=0; type=0; pingpong=0; private_global=0; IO mode=ap_none:ce=0
Port [ data_2_V_read]:  wired=1; compound=0; hidden=0; nouse=0; global=0; static=0; extern=0; dir=0; type=0; pingpong=0; private_global=0; IO mode=ap_none:ce=0
Port [ data_3_V_read]:  wired=1; compound=0; hidden=0; nouse=0; global=0; static=0; extern=0; dir=0; type=0; pingpong=0; private_global=0; IO mode=ap_none:ce=0
Port [ data_4_V_read]:  wired=1; compound=0; hidden=0; nouse=0; global=0; static=0; extern=0; dir=0; type=0; pingpong=0; private_global=0; IO mode=ap_none:ce=0
Port [ data_5_V_read]:  wired=1; compound=0; hidden=0; nouse=0; global=0; static=0; extern=0; dir=0; type=0; pingpong=0; private_global=0; IO mode=ap_none:ce=0
Port [ data_6_V_read]:  wired=1; compound=0; hidden=0; nouse=0; global=0; static=0; extern=0; dir=0; type=0; pingpong=0; private_global=0; IO mode=ap_none:ce=0
Port [ data_7_V_read]:  wired=1; compound=0; hidden=0; nouse=0; global=0; static=0; extern=0; dir=0; type=0; pingpong=0; private_global=0; IO mode=ap_none:ce=0
Port [ data_8_V_read]:  wired=1; compound=0; hidden=0; nouse=0; global=0; static=0; extern=0; dir=0; type=0; pingpong=0; private_global=0; IO mode=ap_none:ce=0
Port [ data_9_V_read]:  wired=1; compound=0; hidden=0; nouse=0; global=0; static=0; extern=0; dir=0; type=0; pingpong=0; private_global=0; IO mode=ap_none:ce=0
---------------- STG Properties END ------------------

---------------- Datapath Model BEGIN ----------------

<LifeTime>
<method=bitvector/>
data_9_V_read_4  (read        ) [ 000000000]
data_8_V_read_4  (read        ) [ 000000000]
data_7_V_read_7  (read        ) [ 000000000]
data_6_V_read_7  (read        ) [ 000000000]
data_5_V_read_9  (read        ) [ 000000000]
data_4_V_read_10 (read        ) [ 000000000]
data_3_V_read_10 (read        ) [ 000000000]
data_2_V_read_10 (read        ) [ 000000000]
data_1_V_read_10 (read        ) [ 000000000]
data_0_V_read_10 (read        ) [ 000000000]
call_ret5        (call        ) [ 000000000]
data0_logits_0_V (extractvalue) [ 010100000]
data0_logits_1_V (extractvalue) [ 010100000]
data0_logits_2_V (extractvalue) [ 010100000]
data0_logits_3_V (extractvalue) [ 010100000]
data0_logits_4_V (extractvalue) [ 010100000]
data0_logits_5_V (extractvalue) [ 010100000]
data0_logits_6_V (extractvalue) [ 010100000]
data0_logits_7_V (extractvalue) [ 010100000]
call_ret6        (call        ) [ 000000000]
data0_0_V        (extractvalue) [ 010010000]
data0_1_V        (extractvalue) [ 010010000]
data0_2_V        (extractvalue) [ 010010000]
data0_3_V        (extractvalue) [ 010010000]
data0_4_V        (extractvalue) [ 010010000]
data0_5_V        (extractvalue) [ 010010000]
data0_6_V        (extractvalue) [ 010010000]
data0_7_V        (extractvalue) [ 010010000]
call_ret7        (call        ) [ 000000000]
data1_logits_0_V (extractvalue) [ 010000100]
data1_logits_1_V (extractvalue) [ 010000100]
data1_logits_2_V (extractvalue) [ 010000100]
data1_logits_3_V (extractvalue) [ 010000100]
data1_logits_4_V (extractvalue) [ 010000100]
data1_logits_5_V (extractvalue) [ 010000100]
data1_logits_6_V (extractvalue) [ 010000100]
data1_logits_7_V (extractvalue) [ 010000100]
call_ret         (call        ) [ 000000000]
data1_0_V        (extractvalue) [ 010000010]
data1_1_V        (extractvalue) [ 010000010]
data1_2_V        (extractvalue) [ 010000010]
data1_3_V        (extractvalue) [ 010000010]
data1_4_V        (extractvalue) [ 010000010]
data1_5_V        (extractvalue) [ 010000010]
data1_6_V        (extractvalue) [ 010000010]
data1_7_V        (extractvalue) [ 010000010]
call_ret8        (call        ) [ 000000000]
ret_ln370        (ret         ) [ 000000000]
</LifeTime>

<model>

<comp_list>
<comp id="0" class="1000" name="data_0_V_read">
<pin_list>
<pin id="1" dir="1" index="0" bw="1" slack="0"/>
</pin_list>
<bind>
<StgValue><ssdm name="data_0_V_read"/></StgValue>
</bind>
</comp>

<comp id="2" class="1000" name="data_1_V_read">
<pin_list>
<pin id="3" dir="1" index="0" bw="1" slack="0"/>
</pin_list>
<bind>
<StgValue><ssdm name="data_1_V_read"/></StgValue>
</bind>
</comp>

<comp id="4" class="1000" name="data_2_V_read">
<pin_list>
<pin id="5" dir="1" index="0" bw="1" slack="0"/>
</pin_list>
<bind>
<StgValue><ssdm name="data_2_V_read"/></StgValue>
</bind>
</comp>

<comp id="6" class="1000" name="data_3_V_read">
<pin_list>
<pin id="7" dir="1" index="0" bw="1" slack="0"/>
</pin_list>
<bind>
<StgValue><ssdm name="data_3_V_read"/></StgValue>
</bind>
</comp>

<comp id="8" class="1000" name="data_4_V_read">
<pin_list>
<pin id="9" dir="1" index="0" bw="1" slack="0"/>
</pin_list>
<bind>
<StgValue><ssdm name="data_4_V_read"/></StgValue>
</bind>
</comp>

<comp id="10" class="1000" name="data_5_V_read">
<pin_list>
<pin id="11" dir="1" index="0" bw="1" slack="0"/>
</pin_list>
<bind>
<StgValue><ssdm name="data_5_V_read"/></StgValue>
</bind>
</comp>

<comp id="12" class="1000" name="data_6_V_read">
<pin_list>
<pin id="13" dir="1" index="0" bw="1" slack="0"/>
</pin_list>
<bind>
<StgValue><ssdm name="data_6_V_read"/></StgValue>
</bind>
</comp>

<comp id="14" class="1000" name="data_7_V_read">
<pin_list>
<pin id="15" dir="1" index="0" bw="1" slack="0"/>
</pin_list>
<bind>
<StgValue><ssdm name="data_7_V_read"/></StgValue>
</bind>
</comp>

<comp id="16" class="1000" name="data_8_V_read">
<pin_list>
<pin id="17" dir="1" index="0" bw="1" slack="0"/>
</pin_list>
<bind>
<StgValue><ssdm name="data_8_V_read"/></StgValue>
</bind>
</comp>

<comp id="18" class="1000" name="data_9_V_read">
<pin_list>
<pin id="19" dir="1" index="0" bw="1" slack="0"/>
</pin_list>
<bind>
<StgValue><ssdm name="data_9_V_read"/></StgValue>
</bind>
</comp>

<comp id="20" class="1001" name="const_20">
<pin_list>
<pin id="21" dir="1" index="0" bw="1" slack="0"/>
</pin_list>
<bind>
<StgValue><ssdm name="_ssdm_op_Read.ap_auto.i14"/></StgValue>
</bind>
</comp>

<comp id="22" class="1001" name="const_22">
<pin_list>
<pin id="23" dir="1" index="0" bw="1" slack="0"/>
</pin_list>
<bind>
<StgValue><ssdm name="dense_resource.1.0.1"/></StgValue>
</bind>
</comp>

<comp id="24" class="1001" name="const_24">
<pin_list>
<pin id="25" dir="1" index="0" bw="1" slack="0"/>
</pin_list>
<bind>
<StgValue><ssdm name="relu"/></StgValue>
</bind>
</comp>

<comp id="26" class="1001" name="const_26">
<pin_list>
<pin id="27" dir="1" index="0" bw="1" slack="0"/>
</pin_list>
<bind>
<StgValue><ssdm name="dense_resource.2.0"/></StgValue>
</bind>
</comp>

<comp id="28" class="1001" name="const_28">
<pin_list>
<pin id="29" dir="1" index="0" bw="1" slack="0"/>
</pin_list>
<bind>
<StgValue><ssdm name="dense_resource.0.0.1"/></StgValue>
</bind>
</comp>

<comp id="30" class="1004" name="data_9_V_read_4_read_fu_30">
<pin_list>
<pin id="31" dir="0" index="0" bw="14" slack="0"/>
<pin id="32" dir="0" index="1" bw="14" slack="0"/>
<pin id="33" dir="1" index="2" bw="14" slack="0"/>
</pin_list>
<bind>
<opcode="read(1150) " fcode="read"/>
<opset="data_9_V_read_4/1 "/>
</bind>
</comp>

<comp id="36" class="1004" name="data_8_V_read_4_read_fu_36">
<pin_list>
<pin id="37" dir="0" index="0" bw="14" slack="0"/>
<pin id="38" dir="0" index="1" bw="14" slack="0"/>
<pin id="39" dir="1" index="2" bw="14" slack="0"/>
</pin_list>
<bind>
<opcode="read(1150) " fcode="read"/>
<opset="data_8_V_read_4/1 "/>
</bind>
</comp>

<comp id="42" class="1004" name="data_7_V_read_7_read_fu_42">
<pin_list>
<pin id="43" dir="0" index="0" bw="14" slack="0"/>
<pin id="44" dir="0" index="1" bw="14" slack="0"/>
<pin id="45" dir="1" index="2" bw="14" slack="0"/>
</pin_list>
<bind>
<opcode="read(1150) " fcode="read"/>
<opset="data_7_V_read_7/1 "/>
</bind>
</comp>

<comp id="48" class="1004" name="data_6_V_read_7_read_fu_48">
<pin_list>
<pin id="49" dir="0" index="0" bw="14" slack="0"/>
<pin id="50" dir="0" index="1" bw="14" slack="0"/>
<pin id="51" dir="1" index="2" bw="14" slack="0"/>
</pin_list>
<bind>
<opcode="read(1150) " fcode="read"/>
<opset="data_6_V_read_7/1 "/>
</bind>
</comp>

<comp id="54" class="1004" name="data_5_V_read_9_read_fu_54">
<pin_list>
<pin id="55" dir="0" index="0" bw="14" slack="0"/>
<pin id="56" dir="0" index="1" bw="14" slack="0"/>
<pin id="57" dir="1" index="2" bw="14" slack="0"/>
</pin_list>
<bind>
<opcode="read(1150) " fcode="read"/>
<opset="data_5_V_read_9/1 "/>
</bind>
</comp>

<comp id="60" class="1004" name="data_4_V_read_10_read_fu_60">
<pin_list>
<pin id="61" dir="0" index="0" bw="14" slack="0"/>
<pin id="62" dir="0" index="1" bw="14" slack="0"/>
<pin id="63" dir="1" index="2" bw="14" slack="0"/>
</pin_list>
<bind>
<opcode="read(1150) " fcode="read"/>
<opset="data_4_V_read_10/1 "/>
</bind>
</comp>

<comp id="66" class="1004" name="data_3_V_read_10_read_fu_66">
<pin_list>
<pin id="67" dir="0" index="0" bw="14" slack="0"/>
<pin id="68" dir="0" index="1" bw="14" slack="0"/>
<pin id="69" dir="1" index="2" bw="14" slack="0"/>
</pin_list>
<bind>
<opcode="read(1150) " fcode="read"/>
<opset="data_3_V_read_10/1 "/>
</bind>
</comp>

<comp id="72" class="1004" name="data_2_V_read_10_read_fu_72">
<pin_list>
<pin id="73" dir="0" index="0" bw="14" slack="0"/>
<pin id="74" dir="0" index="1" bw="14" slack="0"/>
<pin id="75" dir="1" index="2" bw="14" slack="0"/>
</pin_list>
<bind>
<opcode="read(1150) " fcode="read"/>
<opset="data_2_V_read_10/1 "/>
</bind>
</comp>

<comp id="78" class="1004" name="data_1_V_read_10_read_fu_78">
<pin_list>
<pin id="79" dir="0" index="0" bw="14" slack="0"/>
<pin id="80" dir="0" index="1" bw="14" slack="0"/>
<pin id="81" dir="1" index="2" bw="14" slack="0"/>
</pin_list>
<bind>
<opcode="read(1150) " fcode="read"/>
<opset="data_1_V_read_10/1 "/>
</bind>
</comp>

<comp id="84" class="1004" name="data_0_V_read_10_read_fu_84">
<pin_list>
<pin id="85" dir="0" index="0" bw="14" slack="0"/>
<pin id="86" dir="0" index="1" bw="14" slack="0"/>
<pin id="87" dir="1" index="2" bw="14" slack="0"/>
</pin_list>
<bind>
<opcode="read(1150) " fcode="read"/>
<opset="data_0_V_read_10/1 "/>
</bind>
</comp>

<comp id="90" class="1004" name="grp_dense_resource_1_0_1_fu_90">
<pin_list>
<pin id="91" dir="0" index="0" bw="112" slack="0"/>
<pin id="92" dir="0" index="1" bw="14" slack="0"/>
<pin id="93" dir="0" index="2" bw="14" slack="0"/>
<pin id="94" dir="0" index="3" bw="14" slack="0"/>
<pin id="95" dir="0" index="4" bw="14" slack="0"/>
<pin id="96" dir="0" index="5" bw="14" slack="0"/>
<pin id="97" dir="0" index="6" bw="14" slack="0"/>
<pin id="98" dir="0" index="7" bw="14" slack="0"/>
<pin id="99" dir="0" index="8" bw="14" slack="0"/>
<pin id="100" dir="0" index="9" bw="14" slack="0"/>
<pin id="101" dir="0" index="10" bw="14" slack="0"/>
<pin id="102" dir="1" index="11" bw="112" slack="0"/>
</pin_list>
<bind>
<opcode="call(48) " fcode="call"/>
<opset="call_ret5/1 "/>
</bind>
</comp>

<comp id="114" class="1004" name="grp_dense_resource_2_0_fu_114">
<pin_list>
<pin id="115" dir="0" index="0" bw="112" slack="0"/>
<pin id="116" dir="0" index="1" bw="14" slack="1"/>
<pin id="117" dir="0" index="2" bw="14" slack="1"/>
<pin id="118" dir="0" index="3" bw="14" slack="1"/>
<pin id="119" dir="0" index="4" bw="14" slack="1"/>
<pin id="120" dir="0" index="5" bw="14" slack="1"/>
<pin id="121" dir="0" index="6" bw="14" slack="1"/>
<pin id="122" dir="0" index="7" bw="14" slack="1"/>
<pin id="123" dir="0" index="8" bw="14" slack="1"/>
<pin id="124" dir="1" index="9" bw="112" slack="0"/>
</pin_list>
<bind>
<opcode="call(48) " fcode="call"/>
<opset="call_ret7/4 "/>
</bind>
</comp>

<comp id="126" class="1004" name="grp_dense_resource_0_0_1_fu_126">
<pin_list>
<pin id="127" dir="0" index="0" bw="56" slack="0"/>
<pin id="128" dir="0" index="1" bw="14" slack="1"/>
<pin id="129" dir="0" index="2" bw="14" slack="1"/>
<pin id="130" dir="0" index="3" bw="14" slack="1"/>
<pin id="131" dir="0" index="4" bw="14" slack="1"/>
<pin id="132" dir="0" index="5" bw="14" slack="1"/>
<pin id="133" dir="0" index="6" bw="14" slack="1"/>
<pin id="134" dir="0" index="7" bw="14" slack="1"/>
<pin id="135" dir="0" index="8" bw="14" slack="1"/>
<pin id="136" dir="1" index="9" bw="56" slack="2147483647"/>
</pin_list>
<bind>
<opcode="call(48) " fcode="call"/>
<opset="call_ret8/7 "/>
</bind>
</comp>

<comp id="138" class="1004" name="call_ret6_relu_fu_138">
<pin_list>
<pin id="139" dir="0" index="0" bw="112" slack="0"/>
<pin id="140" dir="0" index="1" bw="14" slack="1"/>
<pin id="141" dir="0" index="2" bw="14" slack="1"/>
<pin id="142" dir="0" index="3" bw="14" slack="1"/>
<pin id="143" dir="0" index="4" bw="14" slack="1"/>
<pin id="144" dir="0" index="5" bw="14" slack="1"/>
<pin id="145" dir="0" index="6" bw="14" slack="1"/>
<pin id="146" dir="0" index="7" bw="14" slack="1"/>
<pin id="147" dir="0" index="8" bw="14" slack="1"/>
<pin id="148" dir="1" index="9" bw="112" slack="0"/>
</pin_list>
<bind>
<opcode="call(48) " fcode="call"/>
<opset="call_ret6/3 "/>
</bind>
</comp>

<comp id="150" class="1004" name="call_ret_relu_fu_150">
<pin_list>
<pin id="151" dir="0" index="0" bw="112" slack="0"/>
<pin id="152" dir="0" index="1" bw="14" slack="1"/>
<pin id="153" dir="0" index="2" bw="14" slack="1"/>
<pin id="154" dir="0" index="3" bw="14" slack="1"/>
<pin id="155" dir="0" index="4" bw="14" slack="1"/>
<pin id="156" dir="0" index="5" bw="14" slack="1"/>
<pin id="157" dir="0" index="6" bw="14" slack="1"/>
<pin id="158" dir="0" index="7" bw="14" slack="1"/>
<pin id="159" dir="0" index="8" bw="14" slack="1"/>
<pin id="160" dir="1" index="9" bw="112" slack="0"/>
</pin_list>
<bind>
<opcode="call(48) " fcode="call"/>
<opset="call_ret/6 "/>
</bind>
</comp>

<comp id="162" class="1004" name="data0_logits_0_V_fu_162">
<pin_list>
<pin id="163" dir="0" index="0" bw="112" slack="0"/>
<pin id="164" dir="1" index="1" bw="14" slack="1"/>
</pin_list>
<bind>
<opcode="extractvalue(56) " fcode="extractvalue"/>
<opset="data0_logits_0_V/2 "/>
</bind>
</comp>

<comp id="166" class="1004" name="data0_logits_1_V_fu_166">
<pin_list>
<pin id="167" dir="0" index="0" bw="112" slack="0"/>
<pin id="168" dir="1" index="1" bw="14" slack="1"/>
</pin_list>
<bind>
<opcode="extractvalue(56) " fcode="extractvalue"/>
<opset="data0_logits_1_V/2 "/>
</bind>
</comp>

<comp id="170" class="1004" name="data0_logits_2_V_fu_170">
<pin_list>
<pin id="171" dir="0" index="0" bw="112" slack="0"/>
<pin id="172" dir="1" index="1" bw="14" slack="1"/>
</pin_list>
<bind>
<opcode="extractvalue(56) " fcode="extractvalue"/>
<opset="data0_logits_2_V/2 "/>
</bind>
</comp>

<comp id="174" class="1004" name="data0_logits_3_V_fu_174">
<pin_list>
<pin id="175" dir="0" index="0" bw="112" slack="0"/>
<pin id="176" dir="1" index="1" bw="14" slack="1"/>
</pin_list>
<bind>
<opcode="extractvalue(56) " fcode="extractvalue"/>
<opset="data0_logits_3_V/2 "/>
</bind>
</comp>

<comp id="178" class="1004" name="data0_logits_4_V_fu_178">
<pin_list>
<pin id="179" dir="0" index="0" bw="112" slack="0"/>
<pin id="180" dir="1" index="1" bw="14" slack="1"/>
</pin_list>
<bind>
<opcode="extractvalue(56) " fcode="extractvalue"/>
<opset="data0_logits_4_V/2 "/>
</bind>
</comp>

<comp id="182" class="1004" name="data0_logits_5_V_fu_182">
<pin_list>
<pin id="183" dir="0" index="0" bw="112" slack="0"/>
<pin id="184" dir="1" index="1" bw="14" slack="1"/>
</pin_list>
<bind>
<opcode="extractvalue(56) " fcode="extractvalue"/>
<opset="data0_logits_5_V/2 "/>
</bind>
</comp>

<comp id="186" class="1004" name="data0_logits_6_V_fu_186">
<pin_list>
<pin id="187" dir="0" index="0" bw="112" slack="0"/>
<pin id="188" dir="1" index="1" bw="14" slack="1"/>
</pin_list>
<bind>
<opcode="extractvalue(56) " fcode="extractvalue"/>
<opset="data0_logits_6_V/2 "/>
</bind>
</comp>

<comp id="190" class="1004" name="data0_logits_7_V_fu_190">
<pin_list>
<pin id="191" dir="0" index="0" bw="112" slack="0"/>
<pin id="192" dir="1" index="1" bw="14" slack="1"/>
</pin_list>
<bind>
<opcode="extractvalue(56) " fcode="extractvalue"/>
<opset="data0_logits_7_V/2 "/>
</bind>
</comp>

<comp id="194" class="1004" name="data0_0_V_fu_194">
<pin_list>
<pin id="195" dir="0" index="0" bw="112" slack="0"/>
<pin id="196" dir="1" index="1" bw="14" slack="1"/>
</pin_list>
<bind>
<opcode="extractvalue(56) " fcode="extractvalue"/>
<opset="data0_0_V/3 "/>
</bind>
</comp>

<comp id="198" class="1004" name="data0_1_V_fu_198">
<pin_list>
<pin id="199" dir="0" index="0" bw="112" slack="0"/>
<pin id="200" dir="1" index="1" bw="14" slack="1"/>
</pin_list>
<bind>
<opcode="extractvalue(56) " fcode="extractvalue"/>
<opset="data0_1_V/3 "/>
</bind>
</comp>

<comp id="202" class="1004" name="data0_2_V_fu_202">
<pin_list>
<pin id="203" dir="0" index="0" bw="112" slack="0"/>
<pin id="204" dir="1" index="1" bw="14" slack="1"/>
</pin_list>
<bind>
<opcode="extractvalue(56) " fcode="extractvalue"/>
<opset="data0_2_V/3 "/>
</bind>
</comp>

<comp id="206" class="1004" name="data0_3_V_fu_206">
<pin_list>
<pin id="207" dir="0" index="0" bw="112" slack="0"/>
<pin id="208" dir="1" index="1" bw="14" slack="1"/>
</pin_list>
<bind>
<opcode="extractvalue(56) " fcode="extractvalue"/>
<opset="data0_3_V/3 "/>
</bind>
</comp>

<comp id="210" class="1004" name="data0_4_V_fu_210">
<pin_list>
<pin id="211" dir="0" index="0" bw="112" slack="0"/>
<pin id="212" dir="1" index="1" bw="14" slack="1"/>
</pin_list>
<bind>
<opcode="extractvalue(56) " fcode="extractvalue"/>
<opset="data0_4_V/3 "/>
</bind>
</comp>

<comp id="214" class="1004" name="data0_5_V_fu_214">
<pin_list>
<pin id="215" dir="0" index="0" bw="112" slack="0"/>
<pin id="216" dir="1" index="1" bw="14" slack="1"/>
</pin_list>
<bind>
<opcode="extractvalue(56) " fcode="extractvalue"/>
<opset="data0_5_V/3 "/>
</bind>
</comp>

<comp id="218" class="1004" name="data0_6_V_fu_218">
<pin_list>
<pin id="219" dir="0" index="0" bw="112" slack="0"/>
<pin id="220" dir="1" index="1" bw="14" slack="1"/>
</pin_list>
<bind>
<opcode="extractvalue(56) " fcode="extractvalue"/>
<opset="data0_6_V/3 "/>
</bind>
</comp>

<comp id="222" class="1004" name="data0_7_V_fu_222">
<pin_list>
<pin id="223" dir="0" index="0" bw="112" slack="0"/>
<pin id="224" dir="1" index="1" bw="14" slack="1"/>
</pin_list>
<bind>
<opcode="extractvalue(56) " fcode="extractvalue"/>
<opset="data0_7_V/3 "/>
</bind>
</comp>

<comp id="226" class="1004" name="data1_logits_0_V_fu_226">
<pin_list>
<pin id="227" dir="0" index="0" bw="112" slack="0"/>
<pin id="228" dir="1" index="1" bw="14" slack="1"/>
</pin_list>
<bind>
<opcode="extractvalue(56) " fcode="extractvalue"/>
<opset="data1_logits_0_V/5 "/>
</bind>
</comp>

<comp id="230" class="1004" name="data1_logits_1_V_fu_230">
<pin_list>
<pin id="231" dir="0" index="0" bw="112" slack="0"/>
<pin id="232" dir="1" index="1" bw="14" slack="1"/>
</pin_list>
<bind>
<opcode="extractvalue(56) " fcode="extractvalue"/>
<opset="data1_logits_1_V/5 "/>
</bind>
</comp>

<comp id="234" class="1004" name="data1_logits_2_V_fu_234">
<pin_list>
<pin id="235" dir="0" index="0" bw="112" slack="0"/>
<pin id="236" dir="1" index="1" bw="14" slack="1"/>
</pin_list>
<bind>
<opcode="extractvalue(56) " fcode="extractvalue"/>
<opset="data1_logits_2_V/5 "/>
</bind>
</comp>

<comp id="238" class="1004" name="data1_logits_3_V_fu_238">
<pin_list>
<pin id="239" dir="0" index="0" bw="112" slack="0"/>
<pin id="240" dir="1" index="1" bw="14" slack="1"/>
</pin_list>
<bind>
<opcode="extractvalue(56) " fcode="extractvalue"/>
<opset="data1_logits_3_V/5 "/>
</bind>
</comp>

<comp id="242" class="1004" name="data1_logits_4_V_fu_242">
<pin_list>
<pin id="243" dir="0" index="0" bw="112" slack="0"/>
<pin id="244" dir="1" index="1" bw="14" slack="1"/>
</pin_list>
<bind>
<opcode="extractvalue(56) " fcode="extractvalue"/>
<opset="data1_logits_4_V/5 "/>
</bind>
</comp>

<comp id="246" class="1004" name="data1_logits_5_V_fu_246">
<pin_list>
<pin id="247" dir="0" index="0" bw="112" slack="0"/>
<pin id="248" dir="1" index="1" bw="14" slack="1"/>
</pin_list>
<bind>
<opcode="extractvalue(56) " fcode="extractvalue"/>
<opset="data1_logits_5_V/5 "/>
</bind>
</comp>

<comp id="250" class="1004" name="data1_logits_6_V_fu_250">
<pin_list>
<pin id="251" dir="0" index="0" bw="112" slack="0"/>
<pin id="252" dir="1" index="1" bw="14" slack="1"/>
</pin_list>
<bind>
<opcode="extractvalue(56) " fcode="extractvalue"/>
<opset="data1_logits_6_V/5 "/>
</bind>
</comp>

<comp id="254" class="1004" name="data1_logits_7_V_fu_254">
<pin_list>
<pin id="255" dir="0" index="0" bw="112" slack="0"/>
<pin id="256" dir="1" index="1" bw="14" slack="1"/>
</pin_list>
<bind>
<opcode="extractvalue(56) " fcode="extractvalue"/>
<opset="data1_logits_7_V/5 "/>
</bind>
</comp>

<comp id="258" class="1004" name="data1_0_V_fu_258">
<pin_list>
<pin id="259" dir="0" index="0" bw="112" slack="0"/>
<pin id="260" dir="1" index="1" bw="14" slack="1"/>
</pin_list>
<bind>
<opcode="extractvalue(56) " fcode="extractvalue"/>
<opset="data1_0_V/6 "/>
</bind>
</comp>

<comp id="262" class="1004" name="data1_1_V_fu_262">
<pin_list>
<pin id="263" dir="0" index="0" bw="112" slack="0"/>
<pin id="264" dir="1" index="1" bw="14" slack="1"/>
</pin_list>
<bind>
<opcode="extractvalue(56) " fcode="extractvalue"/>
<opset="data1_1_V/6 "/>
</bind>
</comp>

<comp id="266" class="1004" name="data1_2_V_fu_266">
<pin_list>
<pin id="267" dir="0" index="0" bw="112" slack="0"/>
<pin id="268" dir="1" index="1" bw="14" slack="1"/>
</pin_list>
<bind>
<opcode="extractvalue(56) " fcode="extractvalue"/>
<opset="data1_2_V/6 "/>
</bind>
</comp>

<comp id="270" class="1004" name="data1_3_V_fu_270">
<pin_list>
<pin id="271" dir="0" index="0" bw="112" slack="0"/>
<pin id="272" dir="1" index="1" bw="14" slack="1"/>
</pin_list>
<bind>
<opcode="extractvalue(56) " fcode="extractvalue"/>
<opset="data1_3_V/6 "/>
</bind>
</comp>

<comp id="274" class="1004" name="data1_4_V_fu_274">
<pin_list>
<pin id="275" dir="0" index="0" bw="112" slack="0"/>
<pin id="276" dir="1" index="1" bw="14" slack="1"/>
</pin_list>
<bind>
<opcode="extractvalue(56) " fcode="extractvalue"/>
<opset="data1_4_V/6 "/>
</bind>
</comp>

<comp id="278" class="1004" name="data1_5_V_fu_278">
<pin_list>
<pin id="279" dir="0" index="0" bw="112" slack="0"/>
<pin id="280" dir="1" index="1" bw="14" slack="1"/>
</pin_list>
<bind>
<opcode="extractvalue(56) " fcode="extractvalue"/>
<opset="data1_5_V/6 "/>
</bind>
</comp>

<comp id="282" class="1004" name="data1_6_V_fu_282">
<pin_list>
<pin id="283" dir="0" index="0" bw="112" slack="0"/>
<pin id="284" dir="1" index="1" bw="14" slack="1"/>
</pin_list>
<bind>
<opcode="extractvalue(56) " fcode="extractvalue"/>
<opset="data1_6_V/6 "/>
</bind>
</comp>

<comp id="286" class="1004" name="data1_7_V_fu_286">
<pin_list>
<pin id="287" dir="0" index="0" bw="112" slack="0"/>
<pin id="288" dir="1" index="1" bw="14" slack="1"/>
</pin_list>
<bind>
<opcode="extractvalue(56) " fcode="extractvalue"/>
<opset="data1_7_V/6 "/>
</bind>
</comp>

<comp id="290" class="1005" name="data0_logits_0_V_reg_290">
<pin_list>
<pin id="291" dir="0" index="0" bw="14" slack="1"/>
<pin id="292" dir="1" index="1" bw="14" slack="1"/>
</pin_list>
<bind>
<opset="data0_logits_0_V "/>
</bind>
</comp>

<comp id="295" class="1005" name="data0_logits_1_V_reg_295">
<pin_list>
<pin id="296" dir="0" index="0" bw="14" slack="1"/>
<pin id="297" dir="1" index="1" bw="14" slack="1"/>
</pin_list>
<bind>
<opset="data0_logits_1_V "/>
</bind>
</comp>

<comp id="300" class="1005" name="data0_logits_2_V_reg_300">
<pin_list>
<pin id="301" dir="0" index="0" bw="14" slack="1"/>
<pin id="302" dir="1" index="1" bw="14" slack="1"/>
</pin_list>
<bind>
<opset="data0_logits_2_V "/>
</bind>
</comp>

<comp id="305" class="1005" name="data0_logits_3_V_reg_305">
<pin_list>
<pin id="306" dir="0" index="0" bw="14" slack="1"/>
<pin id="307" dir="1" index="1" bw="14" slack="1"/>
</pin_list>
<bind>
<opset="data0_logits_3_V "/>
</bind>
</comp>

<comp id="310" class="1005" name="data0_logits_4_V_reg_310">
<pin_list>
<pin id="311" dir="0" index="0" bw="14" slack="1"/>
<pin id="312" dir="1" index="1" bw="14" slack="1"/>
</pin_list>
<bind>
<opset="data0_logits_4_V "/>
</bind>
</comp>

<comp id="315" class="1005" name="data0_logits_5_V_reg_315">
<pin_list>
<pin id="316" dir="0" index="0" bw="14" slack="1"/>
<pin id="317" dir="1" index="1" bw="14" slack="1"/>
</pin_list>
<bind>
<opset="data0_logits_5_V "/>
</bind>
</comp>

<comp id="320" class="1005" name="data0_logits_6_V_reg_320">
<pin_list>
<pin id="321" dir="0" index="0" bw="14" slack="1"/>
<pin id="322" dir="1" index="1" bw="14" slack="1"/>
</pin_list>
<bind>
<opset="data0_logits_6_V "/>
</bind>
</comp>

<comp id="325" class="1005" name="data0_logits_7_V_reg_325">
<pin_list>
<pin id="326" dir="0" index="0" bw="14" slack="1"/>
<pin id="327" dir="1" index="1" bw="14" slack="1"/>
</pin_list>
<bind>
<opset="data0_logits_7_V "/>
</bind>
</comp>

<comp id="330" class="1005" name="data0_0_V_reg_330">
<pin_list>
<pin id="331" dir="0" index="0" bw="14" slack="1"/>
<pin id="332" dir="1" index="1" bw="14" slack="1"/>
</pin_list>
<bind>
<opset="data0_0_V "/>
</bind>
</comp>

<comp id="335" class="1005" name="data0_1_V_reg_335">
<pin_list>
<pin id="336" dir="0" index="0" bw="14" slack="1"/>
<pin id="337" dir="1" index="1" bw="14" slack="1"/>
</pin_list>
<bind>
<opset="data0_1_V "/>
</bind>
</comp>

<comp id="340" class="1005" name="data0_2_V_reg_340">
<pin_list>
<pin id="341" dir="0" index="0" bw="14" slack="1"/>
<pin id="342" dir="1" index="1" bw="14" slack="1"/>
</pin_list>
<bind>
<opset="data0_2_V "/>
</bind>
</comp>

<comp id="345" class="1005" name="data0_3_V_reg_345">
<pin_list>
<pin id="346" dir="0" index="0" bw="14" slack="1"/>
<pin id="347" dir="1" index="1" bw="14" slack="1"/>
</pin_list>
<bind>
<opset="data0_3_V "/>
</bind>
</comp>

<comp id="350" class="1005" name="data0_4_V_reg_350">
<pin_list>
<pin id="351" dir="0" index="0" bw="14" slack="1"/>
<pin id="352" dir="1" index="1" bw="14" slack="1"/>
</pin_list>
<bind>
<opset="data0_4_V "/>
</bind>
</comp>

<comp id="355" class="1005" name="data0_5_V_reg_355">
<pin_list>
<pin id="356" dir="0" index="0" bw="14" slack="1"/>
<pin id="357" dir="1" index="1" bw="14" slack="1"/>
</pin_list>
<bind>
<opset="data0_5_V "/>
</bind>
</comp>

<comp id="360" class="1005" name="data0_6_V_reg_360">
<pin_list>
<pin id="361" dir="0" index="0" bw="14" slack="1"/>
<pin id="362" dir="1" index="1" bw="14" slack="1"/>
</pin_list>
<bind>
<opset="data0_6_V "/>
</bind>
</comp>

<comp id="365" class="1005" name="data0_7_V_reg_365">
<pin_list>
<pin id="366" dir="0" index="0" bw="14" slack="1"/>
<pin id="367" dir="1" index="1" bw="14" slack="1"/>
</pin_list>
<bind>
<opset="data0_7_V "/>
</bind>
</comp>

<comp id="370" class="1005" name="data1_logits_0_V_reg_370">
<pin_list>
<pin id="371" dir="0" index="0" bw="14" slack="1"/>
<pin id="372" dir="1" index="1" bw="14" slack="1"/>
</pin_list>
<bind>
<opset="data1_logits_0_V "/>
</bind>
</comp>

<comp id="375" class="1005" name="data1_logits_1_V_reg_375">
<pin_list>
<pin id="376" dir="0" index="0" bw="14" slack="1"/>
<pin id="377" dir="1" index="1" bw="14" slack="1"/>
</pin_list>
<bind>
<opset="data1_logits_1_V "/>
</bind>
</comp>

<comp id="380" class="1005" name="data1_logits_2_V_reg_380">
<pin_list>
<pin id="381" dir="0" index="0" bw="14" slack="1"/>
<pin id="382" dir="1" index="1" bw="14" slack="1"/>
</pin_list>
<bind>
<opset="data1_logits_2_V "/>
</bind>
</comp>

<comp id="385" class="1005" name="data1_logits_3_V_reg_385">
<pin_list>
<pin id="386" dir="0" index="0" bw="14" slack="1"/>
<pin id="387" dir="1" index="1" bw="14" slack="1"/>
</pin_list>
<bind>
<opset="data1_logits_3_V "/>
</bind>
</comp>

<comp id="390" class="1005" name="data1_logits_4_V_reg_390">
<pin_list>
<pin id="391" dir="0" index="0" bw="14" slack="1"/>
<pin id="392" dir="1" index="1" bw="14" slack="1"/>
</pin_list>
<bind>
<opset="data1_logits_4_V "/>
</bind>
</comp>

<comp id="395" class="1005" name="data1_logits_5_V_reg_395">
<pin_list>
<pin id="396" dir="0" index="0" bw="14" slack="1"/>
<pin id="397" dir="1" index="1" bw="14" slack="1"/>
</pin_list>
<bind>
<opset="data1_logits_5_V "/>
</bind>
</comp>

<comp id="400" class="1005" name="data1_logits_6_V_reg_400">
<pin_list>
<pin id="401" dir="0" index="0" bw="14" slack="1"/>
<pin id="402" dir="1" index="1" bw="14" slack="1"/>
</pin_list>
<bind>
<opset="data1_logits_6_V "/>
</bind>
</comp>

<comp id="405" class="1005" name="data1_logits_7_V_reg_405">
<pin_list>
<pin id="406" dir="0" index="0" bw="14" slack="1"/>
<pin id="407" dir="1" index="1" bw="14" slack="1"/>
</pin_list>
<bind>
<opset="data1_logits_7_V "/>
</bind>
</comp>

<comp id="410" class="1005" name="data1_0_V_reg_410">
<pin_list>
<pin id="411" dir="0" index="0" bw="14" slack="1"/>
<pin id="412" dir="1" index="1" bw="14" slack="1"/>
</pin_list>
<bind>
<opset="data1_0_V "/>
</bind>
</comp>

<comp id="415" class="1005" name="data1_1_V_reg_415">
<pin_list>
<pin id="416" dir="0" index="0" bw="14" slack="1"/>
<pin id="417" dir="1" index="1" bw="14" slack="1"/>
</pin_list>
<bind>
<opset="data1_1_V "/>
</bind>
</comp>

<comp id="420" class="1005" name="data1_2_V_reg_420">
<pin_list>
<pin id="421" dir="0" index="0" bw="14" slack="1"/>
<pin id="422" dir="1" index="1" bw="14" slack="1"/>
</pin_list>
<bind>
<opset="data1_2_V "/>
</bind>
</comp>

<comp id="425" class="1005" name="data1_3_V_reg_425">
<pin_list>
<pin id="426" dir="0" index="0" bw="14" slack="1"/>
<pin id="427" dir="1" index="1" bw="14" slack="1"/>
</pin_list>
<bind>
<opset="data1_3_V "/>
</bind>
</comp>

<comp id="430" class="1005" name="data1_4_V_reg_430">
<pin_list>
<pin id="431" dir="0" index="0" bw="14" slack="1"/>
<pin id="432" dir="1" index="1" bw="14" slack="1"/>
</pin_list>
<bind>
<opset="data1_4_V "/>
</bind>
</comp>

<comp id="435" class="1005" name="data1_5_V_reg_435">
<pin_list>
<pin id="436" dir="0" index="0" bw="14" slack="1"/>
<pin id="437" dir="1" index="1" bw="14" slack="1"/>
</pin_list>
<bind>
<opset="data1_5_V "/>
</bind>
</comp>

<comp id="440" class="1005" name="data1_6_V_reg_440">
<pin_list>
<pin id="441" dir="0" index="0" bw="14" slack="1"/>
<pin id="442" dir="1" index="1" bw="14" slack="1"/>
</pin_list>
<bind>
<opset="data1_6_V "/>
</bind>
</comp>

<comp id="445" class="1005" name="data1_7_V_reg_445">
<pin_list>
<pin id="446" dir="0" index="0" bw="14" slack="1"/>
<pin id="447" dir="1" index="1" bw="14" slack="1"/>
</pin_list>
<bind>
<opset="data1_7_V "/>
</bind>
</comp>

</comp_list>

<net_list>
<net id="34"><net_src comp="20" pin="0"/><net_sink comp="30" pin=0"/></net>

<net id="35"><net_src comp="18" pin="0"/><net_sink comp="30" pin=1"/></net>

<net id="40"><net_src comp="20" pin="0"/><net_sink comp="36" pin=0"/></net>

<net id="41"><net_src comp="16" pin="0"/><net_sink comp="36" pin=1"/></net>

<net id="46"><net_src comp="20" pin="0"/><net_sink comp="42" pin=0"/></net>

<net id="47"><net_src comp="14" pin="0"/><net_sink comp="42" pin=1"/></net>

<net id="52"><net_src comp="20" pin="0"/><net_sink comp="48" pin=0"/></net>

<net id="53"><net_src comp="12" pin="0"/><net_sink comp="48" pin=1"/></net>

<net id="58"><net_src comp="20" pin="0"/><net_sink comp="54" pin=0"/></net>

<net id="59"><net_src comp="10" pin="0"/><net_sink comp="54" pin=1"/></net>

<net id="64"><net_src comp="20" pin="0"/><net_sink comp="60" pin=0"/></net>

<net id="65"><net_src comp="8" pin="0"/><net_sink comp="60" pin=1"/></net>

<net id="70"><net_src comp="20" pin="0"/><net_sink comp="66" pin=0"/></net>

<net id="71"><net_src comp="6" pin="0"/><net_sink comp="66" pin=1"/></net>

<net id="76"><net_src comp="20" pin="0"/><net_sink comp="72" pin=0"/></net>

<net id="77"><net_src comp="4" pin="0"/><net_sink comp="72" pin=1"/></net>

<net id="82"><net_src comp="20" pin="0"/><net_sink comp="78" pin=0"/></net>

<net id="83"><net_src comp="2" pin="0"/><net_sink comp="78" pin=1"/></net>

<net id="88"><net_src comp="20" pin="0"/><net_sink comp="84" pin=0"/></net>

<net id="89"><net_src comp="0" pin="0"/><net_sink comp="84" pin=1"/></net>

<net id="103"><net_src comp="22" pin="0"/><net_sink comp="90" pin=0"/></net>

<net id="104"><net_src comp="84" pin="2"/><net_sink comp="90" pin=1"/></net>

<net id="105"><net_src comp="78" pin="2"/><net_sink comp="90" pin=2"/></net>

<net id="106"><net_src comp="72" pin="2"/><net_sink comp="90" pin=3"/></net>

<net id="107"><net_src comp="66" pin="2"/><net_sink comp="90" pin=4"/></net>

<net id="108"><net_src comp="60" pin="2"/><net_sink comp="90" pin=5"/></net>

<net id="109"><net_src comp="54" pin="2"/><net_sink comp="90" pin=6"/></net>

<net id="110"><net_src comp="48" pin="2"/><net_sink comp="90" pin=7"/></net>

<net id="111"><net_src comp="42" pin="2"/><net_sink comp="90" pin=8"/></net>

<net id="112"><net_src comp="36" pin="2"/><net_sink comp="90" pin=9"/></net>

<net id="113"><net_src comp="30" pin="2"/><net_sink comp="90" pin=10"/></net>

<net id="125"><net_src comp="26" pin="0"/><net_sink comp="114" pin=0"/></net>

<net id="137"><net_src comp="28" pin="0"/><net_sink comp="126" pin=0"/></net>

<net id="149"><net_src comp="24" pin="0"/><net_sink comp="138" pin=0"/></net>

<net id="161"><net_src comp="24" pin="0"/><net_sink comp="150" pin=0"/></net>

<net id="165"><net_src comp="90" pin="11"/><net_sink comp="162" pin=0"/></net>

<net id="169"><net_src comp="90" pin="11"/><net_sink comp="166" pin=0"/></net>

<net id="173"><net_src comp="90" pin="11"/><net_sink comp="170" pin=0"/></net>

<net id="177"><net_src comp="90" pin="11"/><net_sink comp="174" pin=0"/></net>

<net id="181"><net_src comp="90" pin="11"/><net_sink comp="178" pin=0"/></net>

<net id="185"><net_src comp="90" pin="11"/><net_sink comp="182" pin=0"/></net>

<net id="189"><net_src comp="90" pin="11"/><net_sink comp="186" pin=0"/></net>

<net id="193"><net_src comp="90" pin="11"/><net_sink comp="190" pin=0"/></net>

<net id="197"><net_src comp="138" pin="9"/><net_sink comp="194" pin=0"/></net>

<net id="201"><net_src comp="138" pin="9"/><net_sink comp="198" pin=0"/></net>

<net id="205"><net_src comp="138" pin="9"/><net_sink comp="202" pin=0"/></net>

<net id="209"><net_src comp="138" pin="9"/><net_sink comp="206" pin=0"/></net>

<net id="213"><net_src comp="138" pin="9"/><net_sink comp="210" pin=0"/></net>

<net id="217"><net_src comp="138" pin="9"/><net_sink comp="214" pin=0"/></net>

<net id="221"><net_src comp="138" pin="9"/><net_sink comp="218" pin=0"/></net>

<net id="225"><net_src comp="138" pin="9"/><net_sink comp="222" pin=0"/></net>

<net id="229"><net_src comp="114" pin="9"/><net_sink comp="226" pin=0"/></net>

<net id="233"><net_src comp="114" pin="9"/><net_sink comp="230" pin=0"/></net>

<net id="237"><net_src comp="114" pin="9"/><net_sink comp="234" pin=0"/></net>

<net id="241"><net_src comp="114" pin="9"/><net_sink comp="238" pin=0"/></net>

<net id="245"><net_src comp="114" pin="9"/><net_sink comp="242" pin=0"/></net>

<net id="249"><net_src comp="114" pin="9"/><net_sink comp="246" pin=0"/></net>

<net id="253"><net_src comp="114" pin="9"/><net_sink comp="250" pin=0"/></net>

<net id="257"><net_src comp="114" pin="9"/><net_sink comp="254" pin=0"/></net>

<net id="261"><net_src comp="150" pin="9"/><net_sink comp="258" pin=0"/></net>

<net id="265"><net_src comp="150" pin="9"/><net_sink comp="262" pin=0"/></net>

<net id="269"><net_src comp="150" pin="9"/><net_sink comp="266" pin=0"/></net>

<net id="273"><net_src comp="150" pin="9"/><net_sink comp="270" pin=0"/></net>

<net id="277"><net_src comp="150" pin="9"/><net_sink comp="274" pin=0"/></net>

<net id="281"><net_src comp="150" pin="9"/><net_sink comp="278" pin=0"/></net>

<net id="285"><net_src comp="150" pin="9"/><net_sink comp="282" pin=0"/></net>

<net id="289"><net_src comp="150" pin="9"/><net_sink comp="286" pin=0"/></net>

<net id="293"><net_src comp="162" pin="1"/><net_sink comp="290" pin=0"/></net>

<net id="294"><net_src comp="290" pin="1"/><net_sink comp="138" pin=1"/></net>

<net id="298"><net_src comp="166" pin="1"/><net_sink comp="295" pin=0"/></net>

<net id="299"><net_src comp="295" pin="1"/><net_sink comp="138" pin=2"/></net>

<net id="303"><net_src comp="170" pin="1"/><net_sink comp="300" pin=0"/></net>

<net id="304"><net_src comp="300" pin="1"/><net_sink comp="138" pin=3"/></net>

<net id="308"><net_src comp="174" pin="1"/><net_sink comp="305" pin=0"/></net>

<net id="309"><net_src comp="305" pin="1"/><net_sink comp="138" pin=4"/></net>

<net id="313"><net_src comp="178" pin="1"/><net_sink comp="310" pin=0"/></net>

<net id="314"><net_src comp="310" pin="1"/><net_sink comp="138" pin=5"/></net>

<net id="318"><net_src comp="182" pin="1"/><net_sink comp="315" pin=0"/></net>

<net id="319"><net_src comp="315" pin="1"/><net_sink comp="138" pin=6"/></net>

<net id="323"><net_src comp="186" pin="1"/><net_sink comp="320" pin=0"/></net>

<net id="324"><net_src comp="320" pin="1"/><net_sink comp="138" pin=7"/></net>

<net id="328"><net_src comp="190" pin="1"/><net_sink comp="325" pin=0"/></net>

<net id="329"><net_src comp="325" pin="1"/><net_sink comp="138" pin=8"/></net>

<net id="333"><net_src comp="194" pin="1"/><net_sink comp="330" pin=0"/></net>

<net id="334"><net_src comp="330" pin="1"/><net_sink comp="114" pin=1"/></net>

<net id="338"><net_src comp="198" pin="1"/><net_sink comp="335" pin=0"/></net>

<net id="339"><net_src comp="335" pin="1"/><net_sink comp="114" pin=2"/></net>

<net id="343"><net_src comp="202" pin="1"/><net_sink comp="340" pin=0"/></net>

<net id="344"><net_src comp="340" pin="1"/><net_sink comp="114" pin=3"/></net>

<net id="348"><net_src comp="206" pin="1"/><net_sink comp="345" pin=0"/></net>

<net id="349"><net_src comp="345" pin="1"/><net_sink comp="114" pin=4"/></net>

<net id="353"><net_src comp="210" pin="1"/><net_sink comp="350" pin=0"/></net>

<net id="354"><net_src comp="350" pin="1"/><net_sink comp="114" pin=5"/></net>

<net id="358"><net_src comp="214" pin="1"/><net_sink comp="355" pin=0"/></net>

<net id="359"><net_src comp="355" pin="1"/><net_sink comp="114" pin=6"/></net>

<net id="363"><net_src comp="218" pin="1"/><net_sink comp="360" pin=0"/></net>

<net id="364"><net_src comp="360" pin="1"/><net_sink comp="114" pin=7"/></net>

<net id="368"><net_src comp="222" pin="1"/><net_sink comp="365" pin=0"/></net>

<net id="369"><net_src comp="365" pin="1"/><net_sink comp="114" pin=8"/></net>

<net id="373"><net_src comp="226" pin="1"/><net_sink comp="370" pin=0"/></net>

<net id="374"><net_src comp="370" pin="1"/><net_sink comp="150" pin=1"/></net>

<net id="378"><net_src comp="230" pin="1"/><net_sink comp="375" pin=0"/></net>

<net id="379"><net_src comp="375" pin="1"/><net_sink comp="150" pin=2"/></net>

<net id="383"><net_src comp="234" pin="1"/><net_sink comp="380" pin=0"/></net>

<net id="384"><net_src comp="380" pin="1"/><net_sink comp="150" pin=3"/></net>

<net id="388"><net_src comp="238" pin="1"/><net_sink comp="385" pin=0"/></net>

<net id="389"><net_src comp="385" pin="1"/><net_sink comp="150" pin=4"/></net>

<net id="393"><net_src comp="242" pin="1"/><net_sink comp="390" pin=0"/></net>

<net id="394"><net_src comp="390" pin="1"/><net_sink comp="150" pin=5"/></net>

<net id="398"><net_src comp="246" pin="1"/><net_sink comp="395" pin=0"/></net>

<net id="399"><net_src comp="395" pin="1"/><net_sink comp="150" pin=6"/></net>

<net id="403"><net_src comp="250" pin="1"/><net_sink comp="400" pin=0"/></net>

<net id="404"><net_src comp="400" pin="1"/><net_sink comp="150" pin=7"/></net>

<net id="408"><net_src comp="254" pin="1"/><net_sink comp="405" pin=0"/></net>

<net id="409"><net_src comp="405" pin="1"/><net_sink comp="150" pin=8"/></net>

<net id="413"><net_src comp="258" pin="1"/><net_sink comp="410" pin=0"/></net>

<net id="414"><net_src comp="410" pin="1"/><net_sink comp="126" pin=1"/></net>

<net id="418"><net_src comp="262" pin="1"/><net_sink comp="415" pin=0"/></net>

<net id="419"><net_src comp="415" pin="1"/><net_sink comp="126" pin=2"/></net>

<net id="423"><net_src comp="266" pin="1"/><net_sink comp="420" pin=0"/></net>

<net id="424"><net_src comp="420" pin="1"/><net_sink comp="126" pin=3"/></net>

<net id="428"><net_src comp="270" pin="1"/><net_sink comp="425" pin=0"/></net>

<net id="429"><net_src comp="425" pin="1"/><net_sink comp="126" pin=4"/></net>

<net id="433"><net_src comp="274" pin="1"/><net_sink comp="430" pin=0"/></net>

<net id="434"><net_src comp="430" pin="1"/><net_sink comp="126" pin=5"/></net>

<net id="438"><net_src comp="278" pin="1"/><net_sink comp="435" pin=0"/></net>

<net id="439"><net_src comp="435" pin="1"/><net_sink comp="126" pin=6"/></net>

<net id="443"><net_src comp="282" pin="1"/><net_sink comp="440" pin=0"/></net>

<net id="444"><net_src comp="440" pin="1"/><net_sink comp="126" pin=7"/></net>

<net id="448"><net_src comp="286" pin="1"/><net_sink comp="445" pin=0"/></net>

<net id="449"><net_src comp="445" pin="1"/><net_sink comp="126" pin=8"/></net>

</net_list>

</model> 
---------------- Datapath Model END ------------------

* FSMD analyzer results:
  - Output states:
 - Input state : 
	Port: dense_mult_3lyr.1 : data_0_V_read | {1 }
	Port: dense_mult_3lyr.1 : data_1_V_read | {1 }
	Port: dense_mult_3lyr.1 : data_2_V_read | {1 }
	Port: dense_mult_3lyr.1 : data_3_V_read | {1 }
	Port: dense_mult_3lyr.1 : data_4_V_read | {1 }
	Port: dense_mult_3lyr.1 : data_5_V_read | {1 }
	Port: dense_mult_3lyr.1 : data_6_V_read | {1 }
	Port: dense_mult_3lyr.1 : data_7_V_read | {1 }
	Port: dense_mult_3lyr.1 : data_8_V_read | {1 }
	Port: dense_mult_3lyr.1 : data_9_V_read | {1 }
  - Chain level:
	State 1
	State 2
		data0_logits_0_V : 1
		data0_logits_1_V : 1
		data0_logits_2_V : 1
		data0_logits_3_V : 1
		data0_logits_4_V : 1
		data0_logits_5_V : 1
		data0_logits_6_V : 1
		data0_logits_7_V : 1
	State 3
		data0_0_V : 1
		data0_1_V : 1
		data0_2_V : 1
		data0_3_V : 1
		data0_4_V : 1
		data0_5_V : 1
		data0_6_V : 1
		data0_7_V : 1
	State 4
	State 5
		data1_logits_0_V : 1
		data1_logits_1_V : 1
		data1_logits_2_V : 1
		data1_logits_3_V : 1
		data1_logits_4_V : 1
		data1_logits_5_V : 1
		data1_logits_6_V : 1
		data1_logits_7_V : 1
	State 6
		data1_0_V : 1
		data1_1_V : 1
		data1_2_V : 1
		data1_3_V : 1
		data1_4_V : 1
		data1_5_V : 1
		data1_6_V : 1
		data1_7_V : 1
	State 7
	State 8
		ret_ln370 : 1


============================================================
+ Verbose Summary: Datapath Resource usage 
============================================================

* Functional unit list:
|----------|---------------------------------|---------|---------|---------|
| Operation|         Functional Unit         |  DSP48E |    FF   |   LUT   |
|----------|---------------------------------|---------|---------|---------|
|          |  grp_dense_resource_1_0_1_fu_90 |    45   |   342   |   1919  |
|          |  grp_dense_resource_2_0_fu_114  |    27   |   255   |   1702  |
|   call   | grp_dense_resource_0_0_1_fu_126 |    17   |   147   |   694   |
|          |      call_ret6_relu_fu_138      |    0    |    0    |   208   |
|          |       call_ret_relu_fu_150      |    0    |    0    |   208   |
|----------|---------------------------------|---------|---------|---------|
|          |    data_9_V_read_4_read_fu_30   |    0    |    0    |    0    |
|          |    data_8_V_read_4_read_fu_36   |    0    |    0    |    0    |
|          |    data_7_V_read_7_read_fu_42   |    0    |    0    |    0    |
|          |    data_6_V_read_7_read_fu_48   |    0    |    0    |    0    |
|   read   |    data_5_V_read_9_read_fu_54   |    0    |    0    |    0    |
|          |   data_4_V_read_10_read_fu_60   |    0    |    0    |    0    |
|          |   data_3_V_read_10_read_fu_66   |    0    |    0    |    0    |
|          |   data_2_V_read_10_read_fu_72   |    0    |    0    |    0    |
|          |   data_1_V_read_10_read_fu_78   |    0    |    0    |    0    |
|          |   data_0_V_read_10_read_fu_84   |    0    |    0    |    0    |
|----------|---------------------------------|---------|---------|---------|
|          |     data0_logits_0_V_fu_162     |    0    |    0    |    0    |
|          |     data0_logits_1_V_fu_166     |    0    |    0    |    0    |
|          |     data0_logits_2_V_fu_170     |    0    |    0    |    0    |
|          |     data0_logits_3_V_fu_174     |    0    |    0    |    0    |
|          |     data0_logits_4_V_fu_178     |    0    |    0    |    0    |
|          |     data0_logits_5_V_fu_182     |    0    |    0    |    0    |
|          |     data0_logits_6_V_fu_186     |    0    |    0    |    0    |
|          |     data0_logits_7_V_fu_190     |    0    |    0    |    0    |
|          |         data0_0_V_fu_194        |    0    |    0    |    0    |
|          |         data0_1_V_fu_198        |    0    |    0    |    0    |
|          |         data0_2_V_fu_202        |    0    |    0    |    0    |
|          |         data0_3_V_fu_206        |    0    |    0    |    0    |
|          |         data0_4_V_fu_210        |    0    |    0    |    0    |
|          |         data0_5_V_fu_214        |    0    |    0    |    0    |
|          |         data0_6_V_fu_218        |    0    |    0    |    0    |
|extractvalue|         data0_7_V_fu_222        |    0    |    0    |    0    |
|          |     data1_logits_0_V_fu_226     |    0    |    0    |    0    |
|          |     data1_logits_1_V_fu_230     |    0    |    0    |    0    |
|          |     data1_logits_2_V_fu_234     |    0    |    0    |    0    |
|          |     data1_logits_3_V_fu_238     |    0    |    0    |    0    |
|          |     data1_logits_4_V_fu_242     |    0    |    0    |    0    |
|          |     data1_logits_5_V_fu_246     |    0    |    0    |    0    |
|          |     data1_logits_6_V_fu_250     |    0    |    0    |    0    |
|          |     data1_logits_7_V_fu_254     |    0    |    0    |    0    |
|          |         data1_0_V_fu_258        |    0    |    0    |    0    |
|          |         data1_1_V_fu_262        |    0    |    0    |    0    |
|          |         data1_2_V_fu_266        |    0    |    0    |    0    |
|          |         data1_3_V_fu_270        |    0    |    0    |    0    |
|          |         data1_4_V_fu_274        |    0    |    0    |    0    |
|          |         data1_5_V_fu_278        |    0    |    0    |    0    |
|          |         data1_6_V_fu_282        |    0    |    0    |    0    |
|          |         data1_7_V_fu_286        |    0    |    0    |    0    |
|----------|---------------------------------|---------|---------|---------|
|   Total  |                                 |    89   |   744   |   4731  |
|----------|---------------------------------|---------|---------|---------|

Memories:
N/A

* Register list:
+------------------------+--------+
|                        |   FF   |
+------------------------+--------+
|    data0_0_V_reg_330   |   14   |
|    data0_1_V_reg_335   |   14   |
|    data0_2_V_reg_340   |   14   |
|    data0_3_V_reg_345   |   14   |
|    data0_4_V_reg_350   |   14   |
|    data0_5_V_reg_355   |   14   |
|    data0_6_V_reg_360   |   14   |
|    data0_7_V_reg_365   |   14   |
|data0_logits_0_V_reg_290|   14   |
|data0_logits_1_V_reg_295|   14   |
|data0_logits_2_V_reg_300|   14   |
|data0_logits_3_V_reg_305|   14   |
|data0_logits_4_V_reg_310|   14   |
|data0_logits_5_V_reg_315|   14   |
|data0_logits_6_V_reg_320|   14   |
|data0_logits_7_V_reg_325|   14   |
|    data1_0_V_reg_410   |   14   |
|    data1_1_V_reg_415   |   14   |
|    data1_2_V_reg_420   |   14   |
|    data1_3_V_reg_425   |   14   |
|    data1_4_V_reg_430   |   14   |
|    data1_5_V_reg_435   |   14   |
|    data1_6_V_reg_440   |   14   |
|    data1_7_V_reg_445   |   14   |
|data1_logits_0_V_reg_370|   14   |
|data1_logits_1_V_reg_375|   14   |
|data1_logits_2_V_reg_380|   14   |
|data1_logits_3_V_reg_385|   14   |
|data1_logits_4_V_reg_390|   14   |
|data1_logits_5_V_reg_395|   14   |
|data1_logits_6_V_reg_400|   14   |
|data1_logits_7_V_reg_405|   14   |
+------------------------+--------+
|          Total         |   448  |
+------------------------+--------+

* Multiplexer (MUX) list: 
|--------|------|------|------|--------|
|  Comp  |  Pin | Size |  BW  | S x BW |
|--------|------|------|------|--------|
|  Total |      |      |      |    0   |
|--------|------|------|------|--------|



* Summary:
+-----------+--------+--------+--------+
|           | DSP48E |   FF   |   LUT  |
+-----------+--------+--------+--------+
|  Function |   89   |   744  |  4731  |
|   Memory  |    -   |    -   |    -   |
|Multiplexer|    -   |    -   |    -   |
|  Register |    -   |   448  |    -   |
+-----------+--------+--------+--------+
|   Total   |   89   |  1192  |  4731  |
+-----------+--------+--------+--------+
