

================================================================
== Vivado HLS Report for 'sigmoid'
================================================================
* Date:           Fri Aug 19 15:50:49 2022

* Version:        2019.2 (Build 2704478 on Wed Nov 06 22:10:23 MST 2019)
* Project:        ii_1
* Solution:       example_par_4
* Product family: virtexuplus
* Target device:  xcvu9p-flga2104-2-i


================================================================
== Performance Estimates
================================================================
+ Timing: 
    * Summary: 
    +--------+---------+----------+------------+
    |  Clock |  Target | Estimated| Uncertainty|
    +--------+---------+----------+------------+
    |ap_clk  | 5.00 ns | 3.946 ns |   0.62 ns  |
    +--------+---------+----------+------------+

+ Latency: 
    * Summary: 
    +---------+---------+----------+----------+-----+-----+----------+
    |  Latency (cycles) |  Latency (absolute) |  Interval | Pipeline |
    |   min   |   max   |    min   |    max   | min | max |   Type   |
    +---------+---------+----------+----------+-----+-----+----------+
    |        1|        1| 5.000 ns | 5.000 ns |    1|    1| function |
    +---------+---------+----------+----------+-----+-----+----------+

    + Detail: 
        * Instance: 
        N/A

        * Loop: 
        N/A

============================================================
+ Verbose Summary: Synthesis Manager
============================================================
InlineROM: 1
ExposeGlobal: 0
============================================================
+ Verbose Summary: CDFG Model
============================================================
IsTopModel: 0
ResetActiveHigh: 1
IsCombinational: 0
IsDatapathOnly: 0
HasWiredReturn: 1
HasMFsm: 2
HasVarLatency: 0
IsPipeline: 1
IsRtlPipelined: 1
IsInstanceOverlapped: 0
IsDontTouch: 0
HasImplIP: 0
IsGatedGlobalClock: 0

+ Individual pipeline summary: 
  * Pipeline-0: initiation interval (II) = 1, depth = 2


============================================================
+ Verbose Summary: Schedule
============================================================
* Number of FSM states : 2
* Pipeline : 1
  Pipeline-0 : II = 1, D = 2, States = { 1 2 }
* Dataflow Pipeline: 0

* FSM state transitions: 
1 --> 2 
2 --> 

* FSM state operations: 

State 1 <SV = 0> <Delay = 3.94>
ST_1 : Operation 3 [1/1] (0.00ns)   --->   "%data_V_read_1 = call i14 @_ssdm_op_Read.ap_auto.i14(i14 %data_V_read)" [./example.h:315]   --->   Operation 3 'read' 'data_V_read_1' <Predicate = true> <Delay = 0.00>
ST_1 : Operation 4 [1/1] (0.00ns)   --->   "%r_V = call i24 @_ssdm_op_BitConcatenate.i24.i14.i10(i14 %data_V_read_1, i10 0)" [./example.h:335]   --->   Operation 4 'bitconcatenate' 'r_V' <Predicate = true> <Delay = 0.00>
ST_1 : Operation 5 [1/1] (0.00ns)   --->   "%tmp = call i13 @_ssdm_op_PartSelect.i13.i14.i32.i32(i14 %data_V_read_1, i32 1, i32 13)" [./example.h:335]   --->   Operation 5 'partselect' 'tmp' <Predicate = true> <Delay = 0.00>
ST_1 : Operation 6 [1/1] (0.00ns)   --->   "%sext_ln835 = sext i13 %tmp to i14" [./example.h:335]   --->   Operation 6 'sext' 'sext_ln835' <Predicate = true> <Delay = 0.00>
ST_1 : Operation 7 [1/1] (0.76ns)   --->   "%p_Result_s = icmp slt i24 %r_V, -15" [./example.h:335]   --->   Operation 7 'icmp' 'p_Result_s' <Predicate = true> <Delay = 0.76> <Core = "Cmp">   --->   Core 25 'Cmp' <Latency = 0> <II = 1> <Delay = 0.49> <FuncUnit> <Opcode : 'icmp'> <InPorts = 2> <OutPorts = 1>
ST_1 : Operation 8 [1/1] (0.00ns)   --->   "%trunc_ln851 = trunc i14 %data_V_read_1 to i1" [./example.h:335]   --->   Operation 8 'trunc' 'trunc_ln851' <Predicate = true> <Delay = 0.00>
ST_1 : Operation 9 [1/1] (0.00ns)   --->   "%p_Result_2 = call i7 @_ssdm_op_BitConcatenate.i7.i1.i6(i1 %trunc_ln851, i6 0)" [./example.h:335]   --->   Operation 9 'bitconcatenate' 'p_Result_2' <Predicate = true> <Delay = 0.00>
ST_1 : Operation 10 [1/1] (0.59ns)   --->   "%icmp_ln851 = icmp eq i7 %p_Result_2, 0" [./example.h:335]   --->   Operation 10 'icmp' 'icmp_ln851' <Predicate = true> <Delay = 0.59> <Core = "Cmp">   --->   Core 25 'Cmp' <Latency = 0> <II = 1> <Delay = 0.49> <FuncUnit> <Opcode : 'icmp'> <InPorts = 2> <OutPorts = 1>
ST_1 : Operation 11 [1/1] (0.54ns)   --->   "%ret_V = add i14 1, %sext_ln835" [./example.h:335]   --->   Operation 11 'add' 'ret_V' <Predicate = true> <Delay = 0.54> <Core = "AddSub">   --->   Core 14 'AddSub' <Latency = 0> <II = 1> <Delay = 0.54> <FuncUnit> <Opcode : 'add' 'sub'> <InPorts = 2> <OutPorts = 1>
ST_1 : Operation 12 [1/1] (0.00ns) (grouped into LUT with out node select_ln850)   --->   "%select_ln851 = select i1 %icmp_ln851, i14 %sext_ln835, i14 %ret_V" [./example.h:335]   --->   Operation 12 'select' 'select_ln851' <Predicate = true> <Delay = 0.00> <Core = "Sel">   --->   Core 26 'Sel' <Latency = 0> <II = 1> <Delay = 0.30> <FuncUnit> <Opcode : 'select'> <InPorts = 3> <OutPorts = 1>
ST_1 : Operation 13 [1/1] (0.34ns) (out node of the LUT)   --->   "%select_ln850 = select i1 %p_Result_s, i14 %select_ln851, i14 %sext_ln835" [./example.h:335]   --->   Operation 13 'select' 'select_ln850' <Predicate = true> <Delay = 0.34> <Core = "Sel">   --->   Core 26 'Sel' <Latency = 0> <II = 1> <Delay = 0.30> <FuncUnit> <Opcode : 'select'> <InPorts = 3> <OutPorts = 1>
ST_1 : Operation 14 [1/1] (0.00ns)   --->   "%trunc_ln336 = trunc i14 %select_ln850 to i13" [./example.h:336]   --->   Operation 14 'trunc' 'trunc_ln336' <Predicate = true> <Delay = 0.00>
ST_1 : Operation 15 [1/1] (0.55ns)   --->   "%index = add i14 512, %select_ln850" [./example.h:336]   --->   Operation 15 'add' 'index' <Predicate = true> <Delay = 0.55> <Core = "AddSub">   --->   Core 14 'AddSub' <Latency = 0> <II = 1> <Delay = 0.54> <FuncUnit> <Opcode : 'add' 'sub'> <InPorts = 2> <OutPorts = 1>
ST_1 : Operation 16 [1/1] (0.54ns)   --->   "%add_ln336_1 = add i13 512, %trunc_ln336" [./example.h:336]   --->   Operation 16 'add' 'add_ln336_1' <Predicate = true> <Delay = 0.54> <Core = "AddSub">   --->   Core 14 'AddSub' <Latency = 0> <II = 1> <Delay = 0.54> <FuncUnit> <Opcode : 'add' 'sub'> <InPorts = 2> <OutPorts = 1>
ST_1 : Operation 17 [1/1] (0.00ns)   --->   "%tmp_1 = call i1 @_ssdm_op_BitSelect.i1.i14.i32(i14 %index, i32 13)" [./example.h:337]   --->   Operation 17 'bitselect' 'tmp_1' <Predicate = true> <Delay = 0.00>
ST_1 : Operation 18 [1/1] (0.32ns)   --->   "%select_ln337 = select i1 %tmp_1, i13 0, i13 %add_ln336_1" [./example.h:337]   --->   Operation 18 'select' 'select_ln337' <Predicate = true> <Delay = 0.32> <Core = "Sel">   --->   Core 26 'Sel' <Latency = 0> <II = 1> <Delay = 0.30> <FuncUnit> <Opcode : 'select'> <InPorts = 3> <OutPorts = 1>
ST_1 : Operation 19 [1/1] (0.00ns)   --->   "%trunc_ln337 = trunc i13 %select_ln337 to i10" [./example.h:337]   --->   Operation 19 'trunc' 'trunc_ln337' <Predicate = true> <Delay = 0.00>
ST_1 : Operation 20 [1/1] (0.00ns)   --->   "%tmp_2 = call i3 @_ssdm_op_PartSelect.i3.i13.i32.i32(i13 %select_ln337, i32 10, i32 12)" [./example.h:338]   --->   Operation 20 'partselect' 'tmp_2' <Predicate = true> <Delay = 0.00>
ST_1 : Operation 21 [1/1] (0.49ns)   --->   "%icmp_ln338 = icmp ne i3 %tmp_2, 0" [./example.h:338]   --->   Operation 21 'icmp' 'icmp_ln338' <Predicate = true> <Delay = 0.49> <Core = "Cmp">   --->   Core 25 'Cmp' <Latency = 0> <II = 1> <Delay = 0.49> <FuncUnit> <Opcode : 'icmp'> <InPorts = 2> <OutPorts = 1>
ST_1 : Operation 22 [1/1] (0.30ns)   --->   "%select_ln338 = select i1 %icmp_ln338, i10 -1, i10 %trunc_ln337" [./example.h:338]   --->   Operation 22 'select' 'select_ln338' <Predicate = true> <Delay = 0.30> <Core = "Sel">   --->   Core 26 'Sel' <Latency = 0> <II = 1> <Delay = 0.30> <FuncUnit> <Opcode : 'select'> <InPorts = 3> <OutPorts = 1>
ST_1 : Operation 23 [1/1] (0.00ns)   --->   "%zext_ln339 = zext i10 %select_ln338 to i64" [./example.h:339]   --->   Operation 23 'zext' 'zext_ln339' <Predicate = true> <Delay = 0.00>
ST_1 : Operation 24 [1/1] (0.00ns)   --->   "%sigmoid_table10_addr = getelementptr [1024 x i10]* @sigmoid_table10, i64 0, i64 %zext_ln339" [./example.h:339]   --->   Operation 24 'getelementptr' 'sigmoid_table10_addr' <Predicate = true> <Delay = 0.00>
ST_1 : Operation 25 [2/2] (1.15ns)   --->   "%p_Val2_s = load i10* %sigmoid_table10_addr, align 2" [./example.h:339]   --->   Operation 25 'load' 'p_Val2_s' <Predicate = true> <Delay = 1.15> <Core = "ROM_nP">   --->   Core 52 'ROM_nP' <Latency = 1> <II = 1> <Delay = 1.15> <Storage> <Opcode : 'load'> <Ports = 0> <Width = 10> <Depth = 1024> <ROM>

State 2 <SV = 1> <Delay = 1.15>
ST_2 : Operation 26 [1/1] (0.00ns)   --->   "call void (...)* @_ssdm_op_SpecPipeline(i32 -1, i32 1, i32 1, i32 0, [1 x i8]* @p_str) nounwind" [./example.h:329]   --->   Operation 26 'specpipeline' <Predicate = true> <Delay = 0.00>
ST_2 : Operation 27 [1/2] (1.15ns)   --->   "%p_Val2_s = load i10* %sigmoid_table10_addr, align 2" [./example.h:339]   --->   Operation 27 'load' 'p_Val2_s' <Predicate = true> <Delay = 1.15> <Core = "ROM_nP">   --->   Core 52 'ROM_nP' <Latency = 1> <II = 1> <Delay = 1.15> <Storage> <Opcode : 'load'> <Ports = 0> <Width = 10> <Depth = 1024> <ROM>
ST_2 : Operation 28 [1/1] (0.00ns)   --->   "%trunc_ln1 = call i7 @_ssdm_op_PartSelect.i7.i10.i32.i32(i10 %p_Val2_s, i32 3, i32 9)" [./example.h:341]   --->   Operation 28 'partselect' 'trunc_ln1' <Predicate = true> <Delay = 0.00>
ST_2 : Operation 29 [1/1] (0.00ns)   --->   "ret i7 %trunc_ln1" [./example.h:341]   --->   Operation 29 'ret' <Predicate = true> <Delay = 0.00>


============================================================
+ Verbose Summary: Binding
============================================================
STG Binding: 
---------------- STG Properties BEGIN ----------------
- Is combinational: 0
- Is one-state seq: 0
- Is datapath-only: 0
- Is pipelined: 1
- Is top level: 0
Port [ Return ] is wired: 1; IO mode=ap_ctrl_hs:ce=0
Port [ data_V_read]:  wired=1; compound=0; hidden=0; nouse=0; global=0; static=0; extern=0; dir=0; type=0; pingpong=0; private_global=0; IO mode=ap_none:ce=0
Port [ sigmoid_table10]:  wired=0; compound=1; hidden=1; nouse=0; global=1; static=1; extern=0; dir=0; type=1; pingpong=0; private_global=1; linkage=7; visibility=0; MemPort=[1]; IO mode=ap_memory:ce=0
---------------- STG Properties END ------------------

---------------- Datapath Model BEGIN ----------------

<LifeTime>
<method=bitvector/>
data_V_read_1        (read          ) [ 000]
r_V                  (bitconcatenate) [ 000]
tmp                  (partselect    ) [ 000]
sext_ln835           (sext          ) [ 000]
p_Result_s           (icmp          ) [ 000]
trunc_ln851          (trunc         ) [ 000]
p_Result_2           (bitconcatenate) [ 000]
icmp_ln851           (icmp          ) [ 000]
ret_V                (add           ) [ 000]
select_ln851         (select        ) [ 000]
select_ln850         (select        ) [ 000]
trunc_ln336          (trunc         ) [ 000]
index                (add           ) [ 000]
add_ln336_1          (add           ) [ 000]
tmp_1                (bitselect     ) [ 000]
select_ln337         (select        ) [ 000]
trunc_ln337          (trunc         ) [ 000]
tmp_2                (partselect    ) [ 000]
icmp_ln338           (icmp          ) [ 000]
select_ln338         (select        ) [ 000]
zext_ln339           (zext          ) [ 000]
sigmoid_table10_addr (getelementptr ) [ 011]
specpipeline_ln329   (specpipeline  ) [ 000]
p_Val2_s             (load          ) [ 000]
trunc_ln1            (partselect    ) [ 000]
ret_ln341            (ret           ) [ 000]
</LifeTime>

<model>

<comp_list>
<comp id="0" class="1000" name="data_V_read">
<pin_list>
<pin id="1" dir="1" index="0" bw="1" slack="0"/>
</pin_list>
<bind>
<StgValue><ssdm name="data_V_read"/></StgValue>
</bind>
</comp>

<comp id="2" class="1000" name="sigmoid_table10">
<pin_list>
<pin id="3" dir="1" index="0" bw="1" slack="0"/>
</pin_list>
<bind>
<StgValue><ssdm name="sigmoid_table10"/><MemPortTyVec>1 </MemPortTyVec>
</StgValue>
</bind>
</comp>

<comp id="4" class="1001" name="const_4">
<pin_list>
<pin id="5" dir="1" index="0" bw="1" slack="0"/>
</pin_list>
<bind>
<StgValue><ssdm name="_ssdm_op_Read.ap_auto.i14"/></StgValue>
</bind>
</comp>

<comp id="6" class="1001" name="const_6">
<pin_list>
<pin id="7" dir="1" index="0" bw="1" slack="0"/>
</pin_list>
<bind>
<StgValue><ssdm name="_ssdm_op_BitConcatenate.i24.i14.i10"/></StgValue>
</bind>
</comp>

<comp id="8" class="1001" name="const_8">
<pin_list>
<pin id="9" dir="1" index="0" bw="1" slack="0"/>
</pin_list>
<bind>
<StgValue><ssdm name=""/></StgValue>
</bind>
</comp>

<comp id="10" class="1001" name="const_10">
<pin_list>
<pin id="11" dir="1" index="0" bw="1" slack="0"/>
</pin_list>
<bind>
<StgValue><ssdm name="_ssdm_op_PartSelect.i13.i14.i32.i32"/></StgValue>
</bind>
</comp>

<comp id="12" class="1001" name="const_12">
<pin_list>
<pin id="13" dir="1" index="0" bw="1" slack="0"/>
</pin_list>
<bind>
<StgValue><ssdm name=""/></StgValue>
</bind>
</comp>

<comp id="14" class="1001" name="const_14">
<pin_list>
<pin id="15" dir="1" index="0" bw="1" slack="0"/>
</pin_list>
<bind>
<StgValue><ssdm name=""/></StgValue>
</bind>
</comp>

<comp id="16" class="1001" name="const_16">
<pin_list>
<pin id="17" dir="1" index="0" bw="1" slack="0"/>
</pin_list>
<bind>
<StgValue><ssdm name=""/></StgValue>
</bind>
</comp>

<comp id="18" class="1001" name="const_18">
<pin_list>
<pin id="19" dir="1" index="0" bw="1" slack="0"/>
</pin_list>
<bind>
<StgValue><ssdm name="_ssdm_op_BitConcatenate.i7.i1.i6"/></StgValue>
</bind>
</comp>

<comp id="20" class="1001" name="const_20">
<pin_list>
<pin id="21" dir="1" index="0" bw="1" slack="0"/>
</pin_list>
<bind>
<StgValue><ssdm name=""/></StgValue>
</bind>
</comp>

<comp id="22" class="1001" name="const_22">
<pin_list>
<pin id="23" dir="1" index="0" bw="1" slack="0"/>
</pin_list>
<bind>
<StgValue><ssdm name=""/></StgValue>
</bind>
</comp>

<comp id="24" class="1001" name="const_24">
<pin_list>
<pin id="25" dir="1" index="0" bw="1" slack="0"/>
</pin_list>
<bind>
<StgValue><ssdm name=""/></StgValue>
</bind>
</comp>

<comp id="26" class="1001" name="const_26">
<pin_list>
<pin id="27" dir="1" index="0" bw="1" slack="0"/>
</pin_list>
<bind>
<StgValue><ssdm name=""/></StgValue>
</bind>
</comp>

<comp id="28" class="1001" name="const_28">
<pin_list>
<pin id="29" dir="1" index="0" bw="1" slack="0"/>
</pin_list>
<bind>
<StgValue><ssdm name=""/></StgValue>
</bind>
</comp>

<comp id="30" class="1001" name="const_30">
<pin_list>
<pin id="31" dir="1" index="0" bw="1" slack="0"/>
</pin_list>
<bind>
<StgValue><ssdm name="_ssdm_op_BitSelect.i1.i14.i32"/></StgValue>
</bind>
</comp>

<comp id="32" class="1001" name="const_32">
<pin_list>
<pin id="33" dir="1" index="0" bw="1" slack="0"/>
</pin_list>
<bind>
<StgValue><ssdm name=""/></StgValue>
</bind>
</comp>

<comp id="34" class="1001" name="const_34">
<pin_list>
<pin id="35" dir="1" index="0" bw="1" slack="0"/>
</pin_list>
<bind>
<StgValue><ssdm name="_ssdm_op_PartSelect.i3.i13.i32.i32"/></StgValue>
</bind>
</comp>

<comp id="36" class="1001" name="const_36">
<pin_list>
<pin id="37" dir="1" index="0" bw="1" slack="0"/>
</pin_list>
<bind>
<StgValue><ssdm name=""/></StgValue>
</bind>
</comp>

<comp id="38" class="1001" name="const_38">
<pin_list>
<pin id="39" dir="1" index="0" bw="1" slack="0"/>
</pin_list>
<bind>
<StgValue><ssdm name=""/></StgValue>
</bind>
</comp>

<comp id="40" class="1001" name="const_40">
<pin_list>
<pin id="41" dir="1" index="0" bw="1" slack="0"/>
</pin_list>
<bind>
<StgValue><ssdm name=""/></StgValue>
</bind>
</comp>

<comp id="42" class="1001" name="const_42">
<pin_list>
<pin id="43" dir="1" index="0" bw="1" slack="0"/>
</pin_list>
<bind>
<StgValue><ssdm name=""/></StgValue>
</bind>
</comp>

<comp id="44" class="1001" name="const_44">
<pin_list>
<pin id="45" dir="1" index="0" bw="1" slack="0"/>
</pin_list>
<bind>
<StgValue><ssdm name=""/></StgValue>
</bind>
</comp>

<comp id="46" class="1001" name="const_46">
<pin_list>
<pin id="47" dir="1" index="0" bw="1" slack="2147483647"/>
</pin_list>
<bind>
<StgValue><ssdm name="_ssdm_op_SpecPipeline"/></StgValue>
</bind>
</comp>

<comp id="48" class="1001" name="const_48">
<pin_list>
<pin id="49" dir="1" index="0" bw="1" slack="2147483647"/>
</pin_list>
<bind>
<StgValue><ssdm name=""/></StgValue>
</bind>
</comp>

<comp id="50" class="1001" name="const_50">
<pin_list>
<pin id="51" dir="1" index="0" bw="1" slack="2147483647"/>
</pin_list>
<bind>
<StgValue><ssdm name=""/></StgValue>
</bind>
</comp>

<comp id="52" class="1001" name="const_52">
<pin_list>
<pin id="53" dir="1" index="0" bw="1" slack="2147483647"/>
</pin_list>
<bind>
<StgValue><ssdm name="p_str"/></StgValue>
</bind>
</comp>

<comp id="54" class="1001" name="const_54">
<pin_list>
<pin id="55" dir="1" index="0" bw="1" slack="0"/>
</pin_list>
<bind>
<StgValue><ssdm name="_ssdm_op_PartSelect.i7.i10.i32.i32"/></StgValue>
</bind>
</comp>

<comp id="56" class="1001" name="const_56">
<pin_list>
<pin id="57" dir="1" index="0" bw="1" slack="0"/>
</pin_list>
<bind>
<StgValue><ssdm name=""/></StgValue>
</bind>
</comp>

<comp id="58" class="1001" name="const_58">
<pin_list>
<pin id="59" dir="1" index="0" bw="1" slack="0"/>
</pin_list>
<bind>
<StgValue><ssdm name=""/></StgValue>
</bind>
</comp>

<comp id="60" class="1004" name="data_V_read_1_read_fu_60">
<pin_list>
<pin id="61" dir="0" index="0" bw="14" slack="0"/>
<pin id="62" dir="0" index="1" bw="14" slack="0"/>
<pin id="63" dir="1" index="2" bw="14" slack="0"/>
</pin_list>
<bind>
<opcode="read(1150) " fcode="read"/>
<opset="data_V_read_1/1 "/>
</bind>
</comp>

<comp id="66" class="1004" name="sigmoid_table10_addr_gep_fu_66">
<pin_list>
<pin id="67" dir="0" index="0" bw="10" slack="0"/>
<pin id="68" dir="0" index="1" bw="1" slack="0"/>
<pin id="69" dir="0" index="2" bw="10" slack="0"/>
<pin id="70" dir="1" index="3" bw="10" slack="0"/>
</pin_list>
<bind>
<opcode="getelementptr(29) " fcode="getelementptr"/>
<opset="sigmoid_table10_addr/1 "/>
</bind>
</comp>

<comp id="73" class="1004" name="grp_access_fu_73">
<pin_list>
<pin id="74" dir="0" index="0" bw="10" slack="0"/>
<pin id="75" dir="0" index="1" bw="10" slack="2147483647"/>
<pin id="76" dir="0" index="2" bw="0" slack="2147483647"/>
<pin id="77" dir="1" index="3" bw="10" slack="0"/>
</pin_list>
<bind>
<opcode="load(27) " fcode="load"/>
<opset="p_Val2_s/1 "/>
</bind>
</comp>

<comp id="79" class="1004" name="r_V_fu_79">
<pin_list>
<pin id="80" dir="0" index="0" bw="24" slack="0"/>
<pin id="81" dir="0" index="1" bw="14" slack="0"/>
<pin id="82" dir="0" index="2" bw="1" slack="0"/>
<pin id="83" dir="1" index="3" bw="24" slack="0"/>
</pin_list>
<bind>
<opcode="bitconcatenate(1004) " fcode="bitconcatenate"/>
<opset="r_V/1 "/>
</bind>
</comp>

<comp id="87" class="1004" name="tmp_fu_87">
<pin_list>
<pin id="88" dir="0" index="0" bw="13" slack="0"/>
<pin id="89" dir="0" index="1" bw="14" slack="0"/>
<pin id="90" dir="0" index="2" bw="1" slack="0"/>
<pin id="91" dir="0" index="3" bw="5" slack="0"/>
<pin id="92" dir="1" index="4" bw="13" slack="0"/>
</pin_list>
<bind>
<opcode="partselect(1002) " fcode="partselect"/>
<opset="tmp/1 "/>
</bind>
</comp>

<comp id="97" class="1004" name="sext_ln835_fu_97">
<pin_list>
<pin id="98" dir="0" index="0" bw="13" slack="0"/>
<pin id="99" dir="1" index="1" bw="14" slack="0"/>
</pin_list>
<bind>
<opcode="sext(35) " fcode="sext"/>
<opset="sext_ln835/1 "/>
</bind>
</comp>

<comp id="101" class="1004" name="p_Result_s_fu_101">
<pin_list>
<pin id="102" dir="0" index="0" bw="24" slack="0"/>
<pin id="103" dir="0" index="1" bw="5" slack="0"/>
<pin id="104" dir="1" index="2" bw="1" slack="0"/>
</pin_list>
<bind>
<opcode="icmp(45) " fcode="icmp"/>
<opset="p_Result_s/1 "/>
</bind>
</comp>

<comp id="107" class="1004" name="trunc_ln851_fu_107">
<pin_list>
<pin id="108" dir="0" index="0" bw="14" slack="0"/>
<pin id="109" dir="1" index="1" bw="1" slack="0"/>
</pin_list>
<bind>
<opcode="trunc(33) " fcode="trunc"/>
<opset="trunc_ln851/1 "/>
</bind>
</comp>

<comp id="111" class="1004" name="p_Result_2_fu_111">
<pin_list>
<pin id="112" dir="0" index="0" bw="7" slack="0"/>
<pin id="113" dir="0" index="1" bw="1" slack="0"/>
<pin id="114" dir="0" index="2" bw="1" slack="0"/>
<pin id="115" dir="1" index="3" bw="7" slack="0"/>
</pin_list>
<bind>
<opcode="bitconcatenate(1004) " fcode="bitconcatenate"/>
<opset="p_Result_2/1 "/>
</bind>
</comp>

<comp id="119" class="1004" name="icmp_ln851_fu_119">
<pin_list>
<pin id="120" dir="0" index="0" bw="7" slack="0"/>
<pin id="121" dir="0" index="1" bw="1" slack="0"/>
<pin id="122" dir="1" index="2" bw="1" slack="0"/>
</pin_list>
<bind>
<opcode="icmp(45) " fcode="icmp"/>
<opset="icmp_ln851/1 "/>
</bind>
</comp>

<comp id="125" class="1004" name="ret_V_fu_125">
<pin_list>
<pin id="126" dir="0" index="0" bw="1" slack="0"/>
<pin id="127" dir="0" index="1" bw="13" slack="0"/>
<pin id="128" dir="1" index="2" bw="14" slack="0"/>
</pin_list>
<bind>
<opcode="add(8) " fcode="add"/>
<opset="ret_V/1 "/>
</bind>
</comp>

<comp id="131" class="1004" name="select_ln851_fu_131">
<pin_list>
<pin id="132" dir="0" index="0" bw="1" slack="0"/>
<pin id="133" dir="0" index="1" bw="13" slack="0"/>
<pin id="134" dir="0" index="2" bw="14" slack="0"/>
<pin id="135" dir="1" index="3" bw="14" slack="0"/>
</pin_list>
<bind>
<opcode="select(49) " fcode="select"/>
<opset="select_ln851/1 "/>
</bind>
</comp>

<comp id="139" class="1004" name="select_ln850_fu_139">
<pin_list>
<pin id="140" dir="0" index="0" bw="1" slack="0"/>
<pin id="141" dir="0" index="1" bw="14" slack="0"/>
<pin id="142" dir="0" index="2" bw="13" slack="0"/>
<pin id="143" dir="1" index="3" bw="14" slack="0"/>
</pin_list>
<bind>
<opcode="select(49) " fcode="select"/>
<opset="select_ln850/1 "/>
</bind>
</comp>

<comp id="147" class="1004" name="trunc_ln336_fu_147">
<pin_list>
<pin id="148" dir="0" index="0" bw="14" slack="0"/>
<pin id="149" dir="1" index="1" bw="13" slack="0"/>
</pin_list>
<bind>
<opcode="trunc(33) " fcode="trunc"/>
<opset="trunc_ln336/1 "/>
</bind>
</comp>

<comp id="151" class="1004" name="index_fu_151">
<pin_list>
<pin id="152" dir="0" index="0" bw="11" slack="0"/>
<pin id="153" dir="0" index="1" bw="14" slack="0"/>
<pin id="154" dir="1" index="2" bw="14" slack="0"/>
</pin_list>
<bind>
<opcode="add(8) " fcode="add"/>
<opset="index/1 "/>
</bind>
</comp>

<comp id="157" class="1004" name="add_ln336_1_fu_157">
<pin_list>
<pin id="158" dir="0" index="0" bw="11" slack="0"/>
<pin id="159" dir="0" index="1" bw="13" slack="0"/>
<pin id="160" dir="1" index="2" bw="13" slack="0"/>
</pin_list>
<bind>
<opcode="add(8) " fcode="add"/>
<opset="add_ln336_1/1 "/>
</bind>
</comp>

<comp id="163" class="1004" name="tmp_1_fu_163">
<pin_list>
<pin id="164" dir="0" index="0" bw="1" slack="0"/>
<pin id="165" dir="0" index="1" bw="14" slack="0"/>
<pin id="166" dir="0" index="2" bw="5" slack="0"/>
<pin id="167" dir="1" index="3" bw="1" slack="0"/>
</pin_list>
<bind>
<opcode="bitselect(1000) " fcode="bitselect"/>
<opset="tmp_1/1 "/>
</bind>
</comp>

<comp id="171" class="1004" name="select_ln337_fu_171">
<pin_list>
<pin id="172" dir="0" index="0" bw="1" slack="0"/>
<pin id="173" dir="0" index="1" bw="1" slack="0"/>
<pin id="174" dir="0" index="2" bw="13" slack="0"/>
<pin id="175" dir="1" index="3" bw="13" slack="0"/>
</pin_list>
<bind>
<opcode="select(49) " fcode="select"/>
<opset="select_ln337/1 "/>
</bind>
</comp>

<comp id="179" class="1004" name="trunc_ln337_fu_179">
<pin_list>
<pin id="180" dir="0" index="0" bw="13" slack="0"/>
<pin id="181" dir="1" index="1" bw="10" slack="0"/>
</pin_list>
<bind>
<opcode="trunc(33) " fcode="trunc"/>
<opset="trunc_ln337/1 "/>
</bind>
</comp>

<comp id="183" class="1004" name="tmp_2_fu_183">
<pin_list>
<pin id="184" dir="0" index="0" bw="3" slack="0"/>
<pin id="185" dir="0" index="1" bw="13" slack="0"/>
<pin id="186" dir="0" index="2" bw="5" slack="0"/>
<pin id="187" dir="0" index="3" bw="5" slack="0"/>
<pin id="188" dir="1" index="4" bw="3" slack="0"/>
</pin_list>
<bind>
<opcode="partselect(1002) " fcode="partselect"/>
<opset="tmp_2/1 "/>
</bind>
</comp>

<comp id="193" class="1004" name="icmp_ln338_fu_193">
<pin_list>
<pin id="194" dir="0" index="0" bw="3" slack="0"/>
<pin id="195" dir="0" index="1" bw="1" slack="0"/>
<pin id="196" dir="1" index="2" bw="1" slack="0"/>
</pin_list>
<bind>
<opcode="icmp(45) " fcode="icmp"/>
<opset="icmp_ln338/1 "/>
</bind>
</comp>

<comp id="199" class="1004" name="select_ln338_fu_199">
<pin_list>
<pin id="200" dir="0" index="0" bw="1" slack="0"/>
<pin id="201" dir="0" index="1" bw="1" slack="0"/>
<pin id="202" dir="0" index="2" bw="10" slack="0"/>
<pin id="203" dir="1" index="3" bw="10" slack="0"/>
</pin_list>
<bind>
<opcode="select(49) " fcode="select"/>
<opset="select_ln338/1 "/>
</bind>
</comp>

<comp id="207" class="1004" name="zext_ln339_fu_207">
<pin_list>
<pin id="208" dir="0" index="0" bw="10" slack="0"/>
<pin id="209" dir="1" index="1" bw="64" slack="0"/>
</pin_list>
<bind>
<opcode="zext(34) " fcode="zext"/>
<opset="zext_ln339/1 "/>
</bind>
</comp>

<comp id="212" class="1004" name="trunc_ln1_fu_212">
<pin_list>
<pin id="213" dir="0" index="0" bw="7" slack="0"/>
<pin id="214" dir="0" index="1" bw="10" slack="0"/>
<pin id="215" dir="0" index="2" bw="3" slack="0"/>
<pin id="216" dir="0" index="3" bw="5" slack="0"/>
<pin id="217" dir="1" index="4" bw="7" slack="2147483647"/>
</pin_list>
<bind>
<opcode="partselect(1002) " fcode="partselect"/>
<opset="trunc_ln1/2 "/>
</bind>
</comp>

<comp id="222" class="1005" name="sigmoid_table10_addr_reg_222">
<pin_list>
<pin id="223" dir="0" index="0" bw="10" slack="1"/>
<pin id="224" dir="1" index="1" bw="10" slack="1"/>
</pin_list>
<bind>
<opset="sigmoid_table10_addr "/>
</bind>
</comp>

</comp_list>

<net_list>
<net id="64"><net_src comp="4" pin="0"/><net_sink comp="60" pin=0"/></net>

<net id="65"><net_src comp="0" pin="0"/><net_sink comp="60" pin=1"/></net>

<net id="71"><net_src comp="2" pin="0"/><net_sink comp="66" pin=0"/></net>

<net id="72"><net_src comp="44" pin="0"/><net_sink comp="66" pin=1"/></net>

<net id="78"><net_src comp="66" pin="3"/><net_sink comp="73" pin=0"/></net>

<net id="84"><net_src comp="6" pin="0"/><net_sink comp="79" pin=0"/></net>

<net id="85"><net_src comp="60" pin="2"/><net_sink comp="79" pin=1"/></net>

<net id="86"><net_src comp="8" pin="0"/><net_sink comp="79" pin=2"/></net>

<net id="93"><net_src comp="10" pin="0"/><net_sink comp="87" pin=0"/></net>

<net id="94"><net_src comp="60" pin="2"/><net_sink comp="87" pin=1"/></net>

<net id="95"><net_src comp="12" pin="0"/><net_sink comp="87" pin=2"/></net>

<net id="96"><net_src comp="14" pin="0"/><net_sink comp="87" pin=3"/></net>

<net id="100"><net_src comp="87" pin="4"/><net_sink comp="97" pin=0"/></net>

<net id="105"><net_src comp="79" pin="3"/><net_sink comp="101" pin=0"/></net>

<net id="106"><net_src comp="16" pin="0"/><net_sink comp="101" pin=1"/></net>

<net id="110"><net_src comp="60" pin="2"/><net_sink comp="107" pin=0"/></net>

<net id="116"><net_src comp="18" pin="0"/><net_sink comp="111" pin=0"/></net>

<net id="117"><net_src comp="107" pin="1"/><net_sink comp="111" pin=1"/></net>

<net id="118"><net_src comp="20" pin="0"/><net_sink comp="111" pin=2"/></net>

<net id="123"><net_src comp="111" pin="3"/><net_sink comp="119" pin=0"/></net>

<net id="124"><net_src comp="22" pin="0"/><net_sink comp="119" pin=1"/></net>

<net id="129"><net_src comp="24" pin="0"/><net_sink comp="125" pin=0"/></net>

<net id="130"><net_src comp="97" pin="1"/><net_sink comp="125" pin=1"/></net>

<net id="136"><net_src comp="119" pin="2"/><net_sink comp="131" pin=0"/></net>

<net id="137"><net_src comp="97" pin="1"/><net_sink comp="131" pin=1"/></net>

<net id="138"><net_src comp="125" pin="2"/><net_sink comp="131" pin=2"/></net>

<net id="144"><net_src comp="101" pin="2"/><net_sink comp="139" pin=0"/></net>

<net id="145"><net_src comp="131" pin="3"/><net_sink comp="139" pin=1"/></net>

<net id="146"><net_src comp="97" pin="1"/><net_sink comp="139" pin=2"/></net>

<net id="150"><net_src comp="139" pin="3"/><net_sink comp="147" pin=0"/></net>

<net id="155"><net_src comp="26" pin="0"/><net_sink comp="151" pin=0"/></net>

<net id="156"><net_src comp="139" pin="3"/><net_sink comp="151" pin=1"/></net>

<net id="161"><net_src comp="28" pin="0"/><net_sink comp="157" pin=0"/></net>

<net id="162"><net_src comp="147" pin="1"/><net_sink comp="157" pin=1"/></net>

<net id="168"><net_src comp="30" pin="0"/><net_sink comp="163" pin=0"/></net>

<net id="169"><net_src comp="151" pin="2"/><net_sink comp="163" pin=1"/></net>

<net id="170"><net_src comp="14" pin="0"/><net_sink comp="163" pin=2"/></net>

<net id="176"><net_src comp="163" pin="3"/><net_sink comp="171" pin=0"/></net>

<net id="177"><net_src comp="32" pin="0"/><net_sink comp="171" pin=1"/></net>

<net id="178"><net_src comp="157" pin="2"/><net_sink comp="171" pin=2"/></net>

<net id="182"><net_src comp="171" pin="3"/><net_sink comp="179" pin=0"/></net>

<net id="189"><net_src comp="34" pin="0"/><net_sink comp="183" pin=0"/></net>

<net id="190"><net_src comp="171" pin="3"/><net_sink comp="183" pin=1"/></net>

<net id="191"><net_src comp="36" pin="0"/><net_sink comp="183" pin=2"/></net>

<net id="192"><net_src comp="38" pin="0"/><net_sink comp="183" pin=3"/></net>

<net id="197"><net_src comp="183" pin="4"/><net_sink comp="193" pin=0"/></net>

<net id="198"><net_src comp="40" pin="0"/><net_sink comp="193" pin=1"/></net>

<net id="204"><net_src comp="193" pin="2"/><net_sink comp="199" pin=0"/></net>

<net id="205"><net_src comp="42" pin="0"/><net_sink comp="199" pin=1"/></net>

<net id="206"><net_src comp="179" pin="1"/><net_sink comp="199" pin=2"/></net>

<net id="210"><net_src comp="199" pin="3"/><net_sink comp="207" pin=0"/></net>

<net id="211"><net_src comp="207" pin="1"/><net_sink comp="66" pin=2"/></net>

<net id="218"><net_src comp="54" pin="0"/><net_sink comp="212" pin=0"/></net>

<net id="219"><net_src comp="73" pin="3"/><net_sink comp="212" pin=1"/></net>

<net id="220"><net_src comp="56" pin="0"/><net_sink comp="212" pin=2"/></net>

<net id="221"><net_src comp="58" pin="0"/><net_sink comp="212" pin=3"/></net>

<net id="225"><net_src comp="66" pin="3"/><net_sink comp="222" pin=0"/></net>

<net id="226"><net_src comp="222" pin="1"/><net_sink comp="73" pin=0"/></net>

</net_list>

</model> 
---------------- Datapath Model END ------------------

* FSMD analyzer results:
  - Output states:
 - Input state : 
	Port: sigmoid : data_V_read | {1 }
	Port: sigmoid : sigmoid_table10 | {1 2 }
  - Chain level:
	State 1
		sext_ln835 : 1
		p_Result_s : 1
		p_Result_2 : 1
		icmp_ln851 : 2
		ret_V : 2
		select_ln851 : 3
		select_ln850 : 4
		trunc_ln336 : 5
		index : 5
		add_ln336_1 : 6
		tmp_1 : 6
		select_ln337 : 7
		trunc_ln337 : 8
		tmp_2 : 8
		icmp_ln338 : 9
		select_ln338 : 10
		zext_ln339 : 11
		sigmoid_table10_addr : 12
		p_Val2_s : 13
	State 2
		trunc_ln1 : 1
		ret_ln341 : 2


============================================================
+ Verbose Summary: Datapath Resource usage 
============================================================

* Functional unit list:
|----------|--------------------------|---------|---------|
| Operation|      Functional Unit     |    FF   |   LUT   |
|----------|--------------------------|---------|---------|
|          |    select_ln851_fu_131   |    0    |    14   |
|  select  |    select_ln850_fu_139   |    0    |    14   |
|          |    select_ln337_fu_171   |    0    |    13   |
|          |    select_ln338_fu_199   |    0    |    10   |
|----------|--------------------------|---------|---------|
|          |     p_Result_s_fu_101    |    0    |    20   |
|   icmp   |     icmp_ln851_fu_119    |    0    |    11   |
|          |     icmp_ln338_fu_193    |    0    |    9    |
|----------|--------------------------|---------|---------|
|          |       ret_V_fu_125       |    0    |    13   |
|    add   |       index_fu_151       |    0    |    14   |
|          |    add_ln336_1_fu_157    |    0    |    13   |
|----------|--------------------------|---------|---------|
|   read   | data_V_read_1_read_fu_60 |    0    |    0    |
|----------|--------------------------|---------|---------|
|bitconcatenate|         r_V_fu_79        |    0    |    0    |
|          |     p_Result_2_fu_111    |    0    |    0    |
|----------|--------------------------|---------|---------|
|          |         tmp_fu_87        |    0    |    0    |
|partselect|       tmp_2_fu_183       |    0    |    0    |
|          |     trunc_ln1_fu_212     |    0    |    0    |
|----------|--------------------------|---------|---------|
|   sext   |     sext_ln835_fu_97     |    0    |    0    |
|----------|--------------------------|---------|---------|
|          |    trunc_ln851_fu_107    |    0    |    0    |
|   trunc  |    trunc_ln336_fu_147    |    0    |    0    |
|          |    trunc_ln337_fu_179    |    0    |    0    |
|----------|--------------------------|---------|---------|
| bitselect|       tmp_1_fu_163       |    0    |    0    |
|----------|--------------------------|---------|---------|
|   zext   |     zext_ln339_fu_207    |    0    |    0    |
|----------|--------------------------|---------|---------|
|   Total  |                          |    0    |   131   |
|----------|--------------------------|---------|---------|

Memories:
N/A

* Register list:
+----------------------------+--------+
|                            |   FF   |
+----------------------------+--------+
|sigmoid_table10_addr_reg_222|   10   |
+----------------------------+--------+
|            Total           |   10   |
+----------------------------+--------+

* Multiplexer (MUX) list: 
|------------------|------|------|------|--------||---------||---------|
|       Comp       |  Pin | Size |  BW  | S x BW ||  Delay  ||   LUT   |
|------------------|------|------|------|--------||---------||---------|
| grp_access_fu_73 |  p0  |   2  |  10  |   20   ||    9    |
|------------------|------|------|------|--------||---------||---------|
|       Total      |      |      |      |   20   ||  0.603  ||    9    |
|------------------|------|------|------|--------||---------||---------|



* Summary:
+-----------+--------+--------+--------+
|           |  Delay |   FF   |   LUT  |
+-----------+--------+--------+--------+
|  Function |    -   |    0   |   131  |
|   Memory  |    -   |    -   |    -   |
|Multiplexer|    0   |    -   |    9   |
|  Register |    -   |   10   |    -   |
+-----------+--------+--------+--------+
|   Total   |    0   |   10   |   140  |
+-----------+--------+--------+--------+
