#-----------------------------------------------------------
# xsim v2019.2 (64-bit)
# SW Build 2708876 on Wed Nov  6 21:39:14 MST 2019
# IP Build 2700528 on Thu Nov  7 00:09:20 MST 2019
# Start of session at: Fri Aug 19 16:05:26 2022
# Process ID: 740
# Current directory: /home/ShiYuHuang/manual_GNN_conversion/hls_output_current/add/source_to_target/axi/ii_1/example_par_4/sim/verilog
# Command line: xsim -mode tcl -source {xsim.dir/example/xsim_script.tcl}
# Log file: /home/ShiYuHuang/manual_GNN_conversion/hls_output_current/add/source_to_target/axi/ii_1/example_par_4/sim/verilog/xsim.log
# Journal file: /home/ShiYuHuang/manual_GNN_conversion/hls_output_current/add/source_to_target/axi/ii_1/example_par_4/sim/verilog/xsim.jou
#-----------------------------------------------------------
source xsim.dir/example/xsim_script.tcl
# xsim {example} -autoloadwcfg -tclbatch {example.tcl}
Vivado Simulator 2019.2
Time resolution is 1 ps
source example.tcl
## run all
////////////////////////////////////////////////////////////////////////////////////
// Inter-Transaction Progress: Completed Transaction / Total Transaction
// Intra-Transaction Progress: Measured Latency / Latency Estimation * 100%
//
// RTL Simulation : "Inter-Transaction Progress" ["Intra-Transaction Progress"] @ "Simulation Time"
////////////////////////////////////////////////////////////////////////////////////
// RTL Simulation : 0 / 1 [0.00%] @ "113000"
//Critical WARNING: Due to pragma (./example.h:651:1), dependence access (loop distance = 1) is detected in "`AUTOTB_DUT_INST.Loop_fetch_loop_proc_U0"
//                : From memory access "edge_attr_aggr_2_0_0_V_address1" = 0x33 @ "1325000"
//                : To memory access "edge_attr_aggr_2_0_0_V_address0" = DEP_address_8_to[0][5:0] = 0x33 @ "1325000"
//If cosim fails, the WARNING should be checked. autotb LINE:      10557
////////////////////////////////////////////////////////////////////////////////////
//Critical WARNING: Due to pragma (./example.h:651:1), dependence access (loop distance = 1) is detected in "`AUTOTB_DUT_INST.Loop_fetch_loop_proc_U0"
//                : From memory access "edge_attr_aggr_2_0_1_V_address1" = 0x33 @ "1325000"
//                : To memory access "edge_attr_aggr_2_0_1_V_address0" = DEP_address_9_to[0][5:0] = 0x33 @ "1325000"
//If cosim fails, the WARNING should be checked. autotb LINE:      10628
////////////////////////////////////////////////////////////////////////////////////
//Critical WARNING: Due to pragma (./example.h:651:1), dependence access (loop distance = 1) is detected in "`AUTOTB_DUT_INST.Loop_fetch_loop_proc_U0"
//                : From memory access "edge_attr_aggr_2_0_2_V_address1" = 0x33 @ "1325000"
//                : To memory access "edge_attr_aggr_2_0_2_V_address0" = DEP_address_10_to[0][5:0] = 0x33 @ "1325000"
//If cosim fails, the WARNING should be checked. autotb LINE:      10699
////////////////////////////////////////////////////////////////////////////////////
//Critical WARNING: Due to pragma (./example.h:651:1), dependence access (loop distance = 1) is detected in "`AUTOTB_DUT_INST.Loop_fetch_loop_proc_U0"
//                : From memory access "edge_attr_aggr_4_3_0_V_address1" = 0x19 @ "1340000"
//                : To memory access "edge_attr_aggr_4_3_0_V_address0" = DEP_address_172_to[0][5:0] = 0x19 @ "1340000"
//If cosim fails, the WARNING should be checked. autotb LINE:      22201
////////////////////////////////////////////////////////////////////////////////////
//Critical WARNING: Due to pragma (./example.h:651:1), dependence access (loop distance = 1) is detected in "`AUTOTB_DUT_INST.Loop_fetch_loop_proc_U0"
//                : From memory access "edge_attr_aggr_4_3_1_V_address1" = 0x19 @ "1340000"
//                : To memory access "edge_attr_aggr_4_3_1_V_address0" = DEP_address_173_to[0][5:0] = 0x19 @ "1340000"
//If cosim fails, the WARNING should be checked. autotb LINE:      22272
////////////////////////////////////////////////////////////////////////////////////
//Critical WARNING: Due to pragma (./example.h:651:1), dependence access (loop distance = 1) is detected in "`AUTOTB_DUT_INST.Loop_fetch_loop_proc_U0"
//                : From memory access "edge_attr_aggr_4_3_2_V_address1" = 0x19 @ "1340000"
//                : To memory access "edge_attr_aggr_4_3_2_V_address0" = DEP_address_174_to[0][5:0] = 0x19 @ "1340000"
//If cosim fails, the WARNING should be checked. autotb LINE:      22343
////////////////////////////////////////////////////////////////////////////////////
//Critical WARNING: Due to pragma (./example.h:651:1), dependence access (loop distance = 1) is detected in "`AUTOTB_DUT_INST.Loop_fetch_loop_proc_U0"
//                : From memory access "edge_attr_aggr_0_1_0_V_address1" = 0xd @ "1345000"
//                : To memory access "edge_attr_aggr_0_1_0_V_address0" = DEP_address_52_to[0][5:0] = 0xd @ "1345000"
//If cosim fails, the WARNING should be checked. autotb LINE:      13681
////////////////////////////////////////////////////////////////////////////////////
//Critical WARNING: Due to pragma (./example.h:651:1), dependence access (loop distance = 1) is detected in "`AUTOTB_DUT_INST.Loop_fetch_loop_proc_U0"
//                : From memory access "edge_attr_aggr_0_1_1_V_address1" = 0xd @ "1345000"
//                : To memory access "edge_attr_aggr_0_1_1_V_address0" = DEP_address_53_to[0][5:0] = 0xd @ "1345000"
//If cosim fails, the WARNING should be checked. autotb LINE:      13752
////////////////////////////////////////////////////////////////////////////////////
//Critical WARNING: Due to pragma (./example.h:651:1), dependence access (loop distance = 1) is detected in "`AUTOTB_DUT_INST.Loop_fetch_loop_proc_U0"
//                : From memory access "edge_attr_aggr_0_1_2_V_address1" = 0xd @ "1345000"
//                : To memory access "edge_attr_aggr_0_1_2_V_address0" = DEP_address_54_to[0][5:0] = 0xd @ "1345000"
//If cosim fails, the WARNING should be checked. autotb LINE:      13823
////////////////////////////////////////////////////////////////////////////////////
//Critical WARNING: Due to pragma (./example.h:651:1), dependence access (loop distance = 1) is detected in "`AUTOTB_DUT_INST.Loop_fetch_loop_proc_U0"
//                : From memory access "edge_attr_aggr_5_2_0_V_address1" = 0x14 @ "1345000"
//                : To memory access "edge_attr_aggr_5_2_0_V_address0" = DEP_address_124_to[0][5:0] = 0x14 @ "1345000"
//If cosim fails, the WARNING should be checked. autotb LINE:      18793
////////////////////////////////////////////////////////////////////////////////////
//Critical WARNING: Due to pragma (./example.h:651:1), dependence access (loop distance = 1) is detected in "`AUTOTB_DUT_INST.Loop_fetch_loop_proc_U0"
//                : From memory access "edge_attr_aggr_5_2_1_V_address1" = 0x14 @ "1345000"
//                : To memory access "edge_attr_aggr_5_2_1_V_address0" = DEP_address_125_to[0][5:0] = 0x14 @ "1345000"
//If cosim fails, the WARNING should be checked. autotb LINE:      18864
////////////////////////////////////////////////////////////////////////////////////
//Critical WARNING: Due to pragma (./example.h:651:1), dependence access (loop distance = 1) is detected in "`AUTOTB_DUT_INST.Loop_fetch_loop_proc_U0"
//                : From memory access "edge_attr_aggr_5_2_2_V_address1" = 0x14 @ "1345000"
//                : To memory access "edge_attr_aggr_5_2_2_V_address0" = DEP_address_126_to[0][5:0] = 0x14 @ "1345000"
//If cosim fails, the WARNING should be checked. autotb LINE:      18935
////////////////////////////////////////////////////////////////////////////////////
//Critical WARNING: Due to pragma (./example.h:651:1), dependence access (loop distance = 1) is detected in "`AUTOTB_DUT_INST.Loop_fetch_loop_proc_U0"
//                : From memory access "edge_attr_aggr_7_0_0_V_address1" = 0xf @ "1350000"
//                : To memory access "edge_attr_aggr_7_0_0_V_address0" = DEP_address_28_to[0][5:0] = 0xf @ "1350000"
//If cosim fails, the WARNING should be checked. autotb LINE:      11977
////////////////////////////////////////////////////////////////////////////////////
//Critical WARNING: Due to pragma (./example.h:651:1), dependence access (loop distance = 1) is detected in "`AUTOTB_DUT_INST.Loop_fetch_loop_proc_U0"
//                : From memory access "edge_attr_aggr_7_0_1_V_address1" = 0xf @ "1350000"
//                : To memory access "edge_attr_aggr_7_0_1_V_address0" = DEP_address_29_to[0][5:0] = 0xf @ "1350000"
//If cosim fails, the WARNING should be checked. autotb LINE:      12048
////////////////////////////////////////////////////////////////////////////////////
//Critical WARNING: Due to pragma (./example.h:651:1), dependence access (loop distance = 1) is detected in "`AUTOTB_DUT_INST.Loop_fetch_loop_proc_U0"
//                : From memory access "edge_attr_aggr_7_0_2_V_address1" = 0xf @ "1350000"
//                : To memory access "edge_attr_aggr_7_0_2_V_address0" = DEP_address_30_to[0][5:0] = 0xf @ "1350000"
//If cosim fails, the WARNING should be checked. autotb LINE:      12119
////////////////////////////////////////////////////////////////////////////////////
//Critical WARNING: Due to pragma (./example.h:651:1), dependence access (loop distance = 1) is detected in "`AUTOTB_DUT_INST.Loop_fetch_loop_proc_U0"
//                : From memory access "edge_attr_aggr_2_1_0_V_address1" = 0xf @ "1350000"
//                : To memory access "edge_attr_aggr_2_1_0_V_address0" = DEP_address_60_to[0][5:0] = 0xf @ "1350000"
//If cosim fails, the WARNING should be checked. autotb LINE:      14249
////////////////////////////////////////////////////////////////////////////////////
//Critical WARNING: Due to pragma (./example.h:651:1), dependence access (loop distance = 1) is detected in "`AUTOTB_DUT_INST.Loop_fetch_loop_proc_U0"
//                : From memory access "edge_attr_aggr_2_1_1_V_address1" = 0xf @ "1350000"
//                : To memory access "edge_attr_aggr_2_1_1_V_address0" = DEP_address_61_to[0][5:0] = 0xf @ "1350000"
//If cosim fails, the WARNING should be checked. autotb LINE:      14320
////////////////////////////////////////////////////////////////////////////////////
//Critical WARNING: Due to pragma (./example.h:651:1), dependence access (loop distance = 1) is detected in "`AUTOTB_DUT_INST.Loop_fetch_loop_proc_U0"
//                : From memory access "edge_attr_aggr_2_1_2_V_address1" = 0xf @ "1350000"
//                : To memory access "edge_attr_aggr_2_1_2_V_address0" = DEP_address_62_to[0][5:0] = 0xf @ "1350000"
//If cosim fails, the WARNING should be checked. autotb LINE:      14391
////////////////////////////////////////////////////////////////////////////////////
//Critical WARNING: Due to pragma (./example.h:651:1), dependence access (loop distance = 1) is detected in "`AUTOTB_DUT_INST.Loop_fetch_loop_proc_U0"
//                : From memory access "edge_attr_aggr_10_2_0_V_address1" = 0x6 @ "1350000"
//                : To memory access "edge_attr_aggr_10_2_0_V_address0" = DEP_address_144_to[0][5:0] = 0x6 @ "1350000"
//If cosim fails, the WARNING should be checked. autotb LINE:      20213
////////////////////////////////////////////////////////////////////////////////////
//Critical WARNING: Due to pragma (./example.h:651:1), dependence access (loop distance = 1) is detected in "`AUTOTB_DUT_INST.Loop_fetch_loop_proc_U0"
//                : From memory access "edge_attr_aggr_10_2_1_V_address1" = 0x6 @ "1350000"
//                : To memory access "edge_attr_aggr_10_2_1_V_address0" = DEP_address_145_to[0][5:0] = 0x6 @ "1350000"
//If cosim fails, the WARNING should be checked. autotb LINE:      20284
////////////////////////////////////////////////////////////////////////////////////
//Critical WARNING: Due to pragma (./example.h:651:1), dependence access (loop distance = 1) is detected in "`AUTOTB_DUT_INST.Loop_fetch_loop_proc_U0"
//                : From memory access "edge_attr_aggr_10_2_2_V_address1" = 0x6 @ "1350000"
//                : To memory access "edge_attr_aggr_10_2_2_V_address0" = DEP_address_146_to[0][5:0] = 0x6 @ "1350000"
//If cosim fails, the WARNING should be checked. autotb LINE:      20355
////////////////////////////////////////////////////////////////////////////////////
//Critical WARNING: Due to pragma (./example.h:651:1), dependence access (loop distance = 1) is detected in "`AUTOTB_DUT_INST.Loop_fetch_loop_proc_U0"
//                : From memory access "edge_attr_aggr_2_0_0_V_address1" = 0x0 @ "1360000"
//                : To memory access "edge_attr_aggr_2_0_0_V_address0" = DEP_address_8_to[0][5:0] = 0x0 @ "1360000"
//If cosim fails, the WARNING should be checked. autotb LINE:      10557
////////////////////////////////////////////////////////////////////////////////////
//Critical WARNING: Due to pragma (./example.h:651:1), dependence access (loop distance = 1) is detected in "`AUTOTB_DUT_INST.Loop_fetch_loop_proc_U0"
//                : From memory access "edge_attr_aggr_2_0_1_V_address1" = 0x0 @ "1360000"
//                : To memory access "edge_attr_aggr_2_0_1_V_address0" = DEP_address_9_to[0][5:0] = 0x0 @ "1360000"
//If cosim fails, the WARNING should be checked. autotb LINE:      10628
////////////////////////////////////////////////////////////////////////////////////
//Critical WARNING: Due to pragma (./example.h:651:1), dependence access (loop distance = 1) is detected in "`AUTOTB_DUT_INST.Loop_fetch_loop_proc_U0"
//                : From memory access "edge_attr_aggr_2_0_2_V_address1" = 0x0 @ "1360000"
//                : To memory access "edge_attr_aggr_2_0_2_V_address0" = DEP_address_10_to[0][5:0] = 0x0 @ "1360000"
//If cosim fails, the WARNING should be checked. autotb LINE:      10699
////////////////////////////////////////////////////////////////////////////////////
//Critical WARNING: Due to pragma (./example.h:651:1), dependence access (loop distance = 1) is detected in "`AUTOTB_DUT_INST.Loop_fetch_loop_proc_U0"
//                : From memory access "edge_attr_aggr_2_2_0_V_address1" = 0x2 @ "1365000"
//                : To memory access "edge_attr_aggr_2_2_0_V_address0" = DEP_address_112_to[0][5:0] = 0x2 @ "1365000"
//If cosim fails, the WARNING should be checked. autotb LINE:      17941
////////////////////////////////////////////////////////////////////////////////////
//Critical WARNING: Due to pragma (./example.h:651:1), dependence access (loop distance = 1) is detected in "`AUTOTB_DUT_INST.Loop_fetch_loop_proc_U0"
//                : From memory access "edge_attr_aggr_2_2_1_V_address1" = 0x2 @ "1365000"
//                : To memory access "edge_attr_aggr_2_2_1_V_address0" = DEP_address_113_to[0][5:0] = 0x2 @ "1365000"
//If cosim fails, the WARNING should be checked. autotb LINE:      18012
////////////////////////////////////////////////////////////////////////////////////
//Critical WARNING: Due to pragma (./example.h:651:1), dependence access (loop distance = 1) is detected in "`AUTOTB_DUT_INST.Loop_fetch_loop_proc_U0"
//                : From memory access "edge_attr_aggr_2_2_2_V_address1" = 0x2 @ "1365000"
//                : To memory access "edge_attr_aggr_2_2_2_V_address0" = DEP_address_114_to[0][5:0] = 0x2 @ "1365000"
//If cosim fails, the WARNING should be checked. autotb LINE:      18083
////////////////////////////////////////////////////////////////////////////////////
//Critical WARNING: Due to pragma (./example.h:651:1), dependence access (loop distance = 1) is detected in "`AUTOTB_DUT_INST.Loop_fetch_loop_proc_U0"
//                : From memory access "edge_attr_aggr_3_0_0_V_address1" = 0x16 @ "1385000"
//                : To memory access "edge_attr_aggr_3_0_0_V_address0" = DEP_address_12_to[0][5:0] = 0x16 @ "1385000"
//If cosim fails, the WARNING should be checked. autotb LINE:      10841
////////////////////////////////////////////////////////////////////////////////////
//Critical WARNING: Due to pragma (./example.h:651:1), dependence access (loop distance = 1) is detected in "`AUTOTB_DUT_INST.Loop_fetch_loop_proc_U0"
//                : From memory access "edge_attr_aggr_3_0_1_V_address1" = 0x16 @ "1385000"
//                : To memory access "edge_attr_aggr_3_0_1_V_address0" = DEP_address_13_to[0][5:0] = 0x16 @ "1385000"
//If cosim fails, the WARNING should be checked. autotb LINE:      10912
////////////////////////////////////////////////////////////////////////////////////
//Critical WARNING: Due to pragma (./example.h:651:1), dependence access (loop distance = 1) is detected in "`AUTOTB_DUT_INST.Loop_fetch_loop_proc_U0"
//                : From memory access "edge_attr_aggr_3_0_2_V_address1" = 0x16 @ "1385000"
//                : To memory access "edge_attr_aggr_3_0_2_V_address0" = DEP_address_14_to[0][5:0] = 0x16 @ "1385000"
//If cosim fails, the WARNING should be checked. autotb LINE:      10983
////////////////////////////////////////////////////////////////////////////////////
//Critical WARNING: Due to pragma (./example.h:651:1), dependence access (loop distance = 1) is detected in "`AUTOTB_DUT_INST.Loop_fetch_loop_proc_U0"
//                : From memory access "edge_attr_aggr_10_1_0_V_address1" = 0x24 @ "1385000"
//                : To memory access "edge_attr_aggr_10_1_0_V_address0" = DEP_address_92_to[0][5:0] = 0x24 @ "1385000"
//If cosim fails, the WARNING should be checked. autotb LINE:      16521
////////////////////////////////////////////////////////////////////////////////////
//Critical WARNING: Due to pragma (./example.h:651:1), dependence access (loop distance = 1) is detected in "`AUTOTB_DUT_INST.Loop_fetch_loop_proc_U0"
//                : From memory access "edge_attr_aggr_10_1_1_V_address1" = 0x24 @ "1385000"
//                : To memory access "edge_attr_aggr_10_1_1_V_address0" = DEP_address_93_to[0][5:0] = 0x24 @ "1385000"
//If cosim fails, the WARNING should be checked. autotb LINE:      16592
////////////////////////////////////////////////////////////////////////////////////
//Critical WARNING: Due to pragma (./example.h:651:1), dependence access (loop distance = 1) is detected in "`AUTOTB_DUT_INST.Loop_fetch_loop_proc_U0"
//                : From memory access "edge_attr_aggr_10_1_2_V_address1" = 0x24 @ "1385000"
//                : To memory access "edge_attr_aggr_10_1_2_V_address0" = DEP_address_94_to[0][5:0] = 0x24 @ "1385000"
//If cosim fails, the WARNING should be checked. autotb LINE:      16663
////////////////////////////////////////////////////////////////////////////////////
//Critical WARNING: Due to pragma (./example.h:651:1), dependence access (loop distance = 1) is detected in "`AUTOTB_DUT_INST.Loop_fetch_loop_proc_U0"
//                : From memory access "edge_attr_aggr_0_2_0_V_address1" = 0x2b @ "1385000"
//                : To memory access "edge_attr_aggr_0_2_0_V_address0" = DEP_address_104_to[0][5:0] = 0x2b @ "1385000"
//If cosim fails, the WARNING should be checked. autotb LINE:      17373
////////////////////////////////////////////////////////////////////////////////////
//Critical WARNING: Due to pragma (./example.h:651:1), dependence access (loop distance = 1) is detected in "`AUTOTB_DUT_INST.Loop_fetch_loop_proc_U0"
//                : From memory access "edge_attr_aggr_0_2_1_V_address1" = 0x2b @ "1385000"
//                : To memory access "edge_attr_aggr_0_2_1_V_address0" = DEP_address_105_to[0][5:0] = 0x2b @ "1385000"
//If cosim fails, the WARNING should be checked. autotb LINE:      17444
////////////////////////////////////////////////////////////////////////////////////
//Critical WARNING: Due to pragma (./example.h:651:1), dependence access (loop distance = 1) is detected in "`AUTOTB_DUT_INST.Loop_fetch_loop_proc_U0"
//                : From memory access "edge_attr_aggr_0_2_2_V_address1" = 0x2b @ "1385000"
//                : To memory access "edge_attr_aggr_0_2_2_V_address0" = DEP_address_106_to[0][5:0] = 0x2b @ "1385000"
//If cosim fails, the WARNING should be checked. autotb LINE:      17515
////////////////////////////////////////////////////////////////////////////////////
//Critical WARNING: Due to pragma (./example.h:651:1), dependence access (loop distance = 1) is detected in "`AUTOTB_DUT_INST.Loop_fetch_loop_proc_U0"
//                : From memory access "edge_attr_aggr_4_1_0_V_address1" = 0x4 @ "1390000"
//                : To memory access "edge_attr_aggr_4_1_0_V_address0" = DEP_address_68_to[0][5:0] = 0x4 @ "1390000"
//If cosim fails, the WARNING should be checked. autotb LINE:      14817
////////////////////////////////////////////////////////////////////////////////////
//Critical WARNING: Due to pragma (./example.h:651:1), dependence access (loop distance = 1) is detected in "`AUTOTB_DUT_INST.Loop_fetch_loop_proc_U0"
//                : From memory access "edge_attr_aggr_4_1_1_V_address1" = 0x4 @ "1390000"
//                : To memory access "edge_attr_aggr_4_1_1_V_address0" = DEP_address_69_to[0][5:0] = 0x4 @ "1390000"
//If cosim fails, the WARNING should be checked. autotb LINE:      14888
////////////////////////////////////////////////////////////////////////////////////
//Critical WARNING: Due to pragma (./example.h:651:1), dependence access (loop distance = 1) is detected in "`AUTOTB_DUT_INST.Loop_fetch_loop_proc_U0"
//                : From memory access "edge_attr_aggr_4_1_2_V_address1" = 0x4 @ "1390000"
//                : To memory access "edge_attr_aggr_4_1_2_V_address0" = DEP_address_70_to[0][5:0] = 0x4 @ "1390000"
//If cosim fails, the WARNING should be checked. autotb LINE:      14959
////////////////////////////////////////////////////////////////////////////////////
//Critical WARNING: Due to pragma (./example.h:651:1), dependence access (loop distance = 1) is detected in "`AUTOTB_DUT_INST.Loop_fetch_loop_proc_U0"
//                : From memory access "edge_attr_aggr_3_0_0_V_address1" = 0x32 @ "1405000"
//                : To memory access "edge_attr_aggr_3_0_0_V_address0" = DEP_address_12_to[0][5:0] = 0x32 @ "1405000"
//If cosim fails, the WARNING should be checked. autotb LINE:      10841
////////////////////////////////////////////////////////////////////////////////////
//Critical WARNING: Due to pragma (./example.h:651:1), dependence access (loop distance = 1) is detected in "`AUTOTB_DUT_INST.Loop_fetch_loop_proc_U0"
//                : From memory access "edge_attr_aggr_3_0_1_V_address1" = 0x32 @ "1405000"
//                : To memory access "edge_attr_aggr_3_0_1_V_address0" = DEP_address_13_to[0][5:0] = 0x32 @ "1405000"
//If cosim fails, the WARNING should be checked. autotb LINE:      10912
////////////////////////////////////////////////////////////////////////////////////
//Critical WARNING: Due to pragma (./example.h:651:1), dependence access (loop distance = 1) is detected in "`AUTOTB_DUT_INST.Loop_fetch_loop_proc_U0"
//                : From memory access "edge_attr_aggr_3_0_2_V_address1" = 0x32 @ "1405000"
//                : To memory access "edge_attr_aggr_3_0_2_V_address0" = DEP_address_14_to[0][5:0] = 0x32 @ "1405000"
//If cosim fails, the WARNING should be checked. autotb LINE:      10983
////////////////////////////////////////////////////////////////////////////////////
//Critical WARNING: Due to pragma (./example.h:651:1), dependence access (loop distance = 1) is detected in "`AUTOTB_DUT_INST.Loop_fetch_loop_proc_U0"
//                : From memory access "edge_attr_aggr_7_1_0_V_address1" = 0x20 @ "1410000"
//                : To memory access "edge_attr_aggr_7_1_0_V_address0" = DEP_address_80_to[0][5:0] = 0x20 @ "1410000"
//If cosim fails, the WARNING should be checked. autotb LINE:      15669
////////////////////////////////////////////////////////////////////////////////////
//Critical WARNING: Due to pragma (./example.h:651:1), dependence access (loop distance = 1) is detected in "`AUTOTB_DUT_INST.Loop_fetch_loop_proc_U0"
//                : From memory access "edge_attr_aggr_7_1_1_V_address1" = 0x20 @ "1410000"
//                : To memory access "edge_attr_aggr_7_1_1_V_address0" = DEP_address_81_to[0][5:0] = 0x20 @ "1410000"
//If cosim fails, the WARNING should be checked. autotb LINE:      15740
////////////////////////////////////////////////////////////////////////////////////
//Critical WARNING: Due to pragma (./example.h:651:1), dependence access (loop distance = 1) is detected in "`AUTOTB_DUT_INST.Loop_fetch_loop_proc_U0"
//                : From memory access "edge_attr_aggr_7_1_2_V_address1" = 0x20 @ "1410000"
//                : To memory access "edge_attr_aggr_7_1_2_V_address0" = DEP_address_82_to[0][5:0] = 0x20 @ "1410000"
//If cosim fails, the WARNING should be checked. autotb LINE:      15811
////////////////////////////////////////////////////////////////////////////////////
//Critical WARNING: Due to pragma (./example.h:651:1), dependence access (loop distance = 1) is detected in "`AUTOTB_DUT_INST.Loop_fetch_loop_proc_U0"
//                : From memory access "edge_attr_aggr_8_1_0_V_address1" = 0x2 @ "1410000"
//                : To memory access "edge_attr_aggr_8_1_0_V_address0" = DEP_address_84_to[0][5:0] = 0x2 @ "1410000"
//If cosim fails, the WARNING should be checked. autotb LINE:      15953
////////////////////////////////////////////////////////////////////////////////////
//Critical WARNING: Due to pragma (./example.h:651:1), dependence access (loop distance = 1) is detected in "`AUTOTB_DUT_INST.Loop_fetch_loop_proc_U0"
//                : From memory access "edge_attr_aggr_8_1_1_V_address1" = 0x2 @ "1410000"
//                : To memory access "edge_attr_aggr_8_1_1_V_address0" = DEP_address_85_to[0][5:0] = 0x2 @ "1410000"
//If cosim fails, the WARNING should be checked. autotb LINE:      16024
////////////////////////////////////////////////////////////////////////////////////
//Critical WARNING: Due to pragma (./example.h:651:1), dependence access (loop distance = 1) is detected in "`AUTOTB_DUT_INST.Loop_fetch_loop_proc_U0"
//                : From memory access "edge_attr_aggr_8_1_2_V_address1" = 0x2 @ "1410000"
//                : To memory access "edge_attr_aggr_8_1_2_V_address0" = DEP_address_86_to[0][5:0] = 0x2 @ "1410000"
//If cosim fails, the WARNING should be checked. autotb LINE:      16095
////////////////////////////////////////////////////////////////////////////////////
//Critical WARNING: Due to pragma (./example.h:651:1), dependence access (loop distance = 1) is detected in "`AUTOTB_DUT_INST.Loop_fetch_loop_proc_U0"
//                : From memory access "edge_attr_aggr_7_1_0_V_address1" = 0x1c @ "1430000"
//                : To memory access "edge_attr_aggr_7_1_0_V_address0" = DEP_address_80_to[0][5:0] = 0x1c @ "1430000"
//If cosim fails, the WARNING should be checked. autotb LINE:      15669
////////////////////////////////////////////////////////////////////////////////////
//Critical WARNING: Due to pragma (./example.h:651:1), dependence access (loop distance = 1) is detected in "`AUTOTB_DUT_INST.Loop_fetch_loop_proc_U0"
//                : From memory access "edge_attr_aggr_7_1_1_V_address1" = 0x1c @ "1430000"
//                : To memory access "edge_attr_aggr_7_1_1_V_address0" = DEP_address_81_to[0][5:0] = 0x1c @ "1430000"
//If cosim fails, the WARNING should be checked. autotb LINE:      15740
////////////////////////////////////////////////////////////////////////////////////
//Critical WARNING: Due to pragma (./example.h:651:1), dependence access (loop distance = 1) is detected in "`AUTOTB_DUT_INST.Loop_fetch_loop_proc_U0"
//                : From memory access "edge_attr_aggr_7_1_2_V_address1" = 0x1c @ "1430000"
//                : To memory access "edge_attr_aggr_7_1_2_V_address0" = DEP_address_82_to[0][5:0] = 0x1c @ "1430000"
//If cosim fails, the WARNING should be checked. autotb LINE:      15811
////////////////////////////////////////////////////////////////////////////////////
//Critical WARNING: Due to pragma (./example.h:651:1), dependence access (loop distance = 1) is detected in "`AUTOTB_DUT_INST.Loop_fetch_loop_proc_U0"
//                : From memory access "edge_attr_aggr_12_3_0_V_address1" = 0x30 @ "1430000"
//                : To memory access "edge_attr_aggr_12_3_0_V_address0" = DEP_address_204_to[0][5:0] = 0x30 @ "1430000"
//If cosim fails, the WARNING should be checked. autotb LINE:      24473
////////////////////////////////////////////////////////////////////////////////////
//Critical WARNING: Due to pragma (./example.h:651:1), dependence access (loop distance = 1) is detected in "`AUTOTB_DUT_INST.Loop_fetch_loop_proc_U0"
//                : From memory access "edge_attr_aggr_12_3_1_V_address1" = 0x30 @ "1430000"
//                : To memory access "edge_attr_aggr_12_3_1_V_address0" = DEP_address_205_to[0][5:0] = 0x30 @ "1430000"
//If cosim fails, the WARNING should be checked. autotb LINE:      24544
////////////////////////////////////////////////////////////////////////////////////
//Critical WARNING: Due to pragma (./example.h:651:1), dependence access (loop distance = 1) is detected in "`AUTOTB_DUT_INST.Loop_fetch_loop_proc_U0"
//                : From memory access "edge_attr_aggr_12_3_2_V_address1" = 0x30 @ "1430000"
//                : To memory access "edge_attr_aggr_12_3_2_V_address0" = DEP_address_206_to[0][5:0] = 0x30 @ "1430000"
//If cosim fails, the WARNING should be checked. autotb LINE:      24615
////////////////////////////////////////////////////////////////////////////////////
//Critical WARNING: Due to pragma (./example.h:651:1), dependence access (loop distance = 1) is detected in "`AUTOTB_DUT_INST.Loop_fetch_loop_proc_U0"
//                : From memory access "edge_attr_aggr_11_2_0_V_address1" = 0x9 @ "1435000"
//                : To memory access "edge_attr_aggr_11_2_0_V_address0" = DEP_address_148_to[0][5:0] = 0x9 @ "1435000"
//If cosim fails, the WARNING should be checked. autotb LINE:      20497
////////////////////////////////////////////////////////////////////////////////////
//Critical WARNING: Due to pragma (./example.h:651:1), dependence access (loop distance = 1) is detected in "`AUTOTB_DUT_INST.Loop_fetch_loop_proc_U0"
//                : From memory access "edge_attr_aggr_11_2_1_V_address1" = 0x9 @ "1435000"
//                : To memory access "edge_attr_aggr_11_2_1_V_address0" = DEP_address_149_to[0][5:0] = 0x9 @ "1435000"
//If cosim fails, the WARNING should be checked. autotb LINE:      20568
////////////////////////////////////////////////////////////////////////////////////
//Critical WARNING: Due to pragma (./example.h:651:1), dependence access (loop distance = 1) is detected in "`AUTOTB_DUT_INST.Loop_fetch_loop_proc_U0"
//                : From memory access "edge_attr_aggr_11_2_2_V_address1" = 0x9 @ "1435000"
//                : To memory access "edge_attr_aggr_11_2_2_V_address0" = DEP_address_150_to[0][5:0] = 0x9 @ "1435000"
//If cosim fails, the WARNING should be checked. autotb LINE:      20639
////////////////////////////////////////////////////////////////////////////////////
//Critical WARNING: Due to pragma (./example.h:651:1), dependence access (loop distance = 1) is detected in "`AUTOTB_DUT_INST.Loop_fetch_loop_proc_U0"
//                : From memory access "edge_attr_aggr_3_0_0_V_address1" = 0x30 @ "1440000"
//                : To memory access "edge_attr_aggr_3_0_0_V_address0" = DEP_address_12_to[0][5:0] = 0x30 @ "1440000"
//If cosim fails, the WARNING should be checked. autotb LINE:      10841
////////////////////////////////////////////////////////////////////////////////////
//Critical WARNING: Due to pragma (./example.h:651:1), dependence access (loop distance = 1) is detected in "`AUTOTB_DUT_INST.Loop_fetch_loop_proc_U0"
//                : From memory access "edge_attr_aggr_3_0_1_V_address1" = 0x30 @ "1440000"
//                : To memory access "edge_attr_aggr_3_0_1_V_address0" = DEP_address_13_to[0][5:0] = 0x30 @ "1440000"
//If cosim fails, the WARNING should be checked. autotb LINE:      10912
////////////////////////////////////////////////////////////////////////////////////
//Critical WARNING: Due to pragma (./example.h:651:1), dependence access (loop distance = 1) is detected in "`AUTOTB_DUT_INST.Loop_fetch_loop_proc_U0"
//                : From memory access "edge_attr_aggr_3_0_2_V_address1" = 0x30 @ "1440000"
//                : To memory access "edge_attr_aggr_3_0_2_V_address0" = DEP_address_14_to[0][5:0] = 0x30 @ "1440000"
//If cosim fails, the WARNING should be checked. autotb LINE:      10983
////////////////////////////////////////////////////////////////////////////////////
//Critical WARNING: Due to pragma (./example.h:651:1), dependence access (loop distance = 1) is detected in "`AUTOTB_DUT_INST.Loop_fetch_loop_proc_U0"
//                : From memory access "edge_attr_aggr_6_1_0_V_address1" = 0x7 @ "1440000"
//                : To memory access "edge_attr_aggr_6_1_0_V_address0" = DEP_address_76_to[0][5:0] = 0x7 @ "1440000"
//If cosim fails, the WARNING should be checked. autotb LINE:      15385
////////////////////////////////////////////////////////////////////////////////////
//Critical WARNING: Due to pragma (./example.h:651:1), dependence access (loop distance = 1) is detected in "`AUTOTB_DUT_INST.Loop_fetch_loop_proc_U0"
//                : From memory access "edge_attr_aggr_6_1_1_V_address1" = 0x7 @ "1440000"
//                : To memory access "edge_attr_aggr_6_1_1_V_address0" = DEP_address_77_to[0][5:0] = 0x7 @ "1440000"
//If cosim fails, the WARNING should be checked. autotb LINE:      15456
////////////////////////////////////////////////////////////////////////////////////
//Critical WARNING: Due to pragma (./example.h:651:1), dependence access (loop distance = 1) is detected in "`AUTOTB_DUT_INST.Loop_fetch_loop_proc_U0"
//                : From memory access "edge_attr_aggr_6_1_2_V_address1" = 0x7 @ "1440000"
//                : To memory access "edge_attr_aggr_6_1_2_V_address0" = DEP_address_78_to[0][5:0] = 0x7 @ "1440000"
//If cosim fails, the WARNING should be checked. autotb LINE:      15527
////////////////////////////////////////////////////////////////////////////////////
//Critical WARNING: Due to pragma (./example.h:651:1), dependence access (loop distance = 1) is detected in "`AUTOTB_DUT_INST.Loop_fetch_loop_proc_U0"
//                : From memory access "edge_attr_aggr_1_3_0_V_address1" = 0x18 @ "1445000"
//                : To memory access "edge_attr_aggr_1_3_0_V_address0" = DEP_address_160_to[0][5:0] = 0x18 @ "1445000"
//If cosim fails, the WARNING should be checked. autotb LINE:      21349
////////////////////////////////////////////////////////////////////////////////////
//Critical WARNING: Due to pragma (./example.h:651:1), dependence access (loop distance = 1) is detected in "`AUTOTB_DUT_INST.Loop_fetch_loop_proc_U0"
//                : From memory access "edge_attr_aggr_1_3_1_V_address1" = 0x18 @ "1445000"
//                : To memory access "edge_attr_aggr_1_3_1_V_address0" = DEP_address_161_to[0][5:0] = 0x18 @ "1445000"
//If cosim fails, the WARNING should be checked. autotb LINE:      21420
////////////////////////////////////////////////////////////////////////////////////
//Critical WARNING: Due to pragma (./example.h:651:1), dependence access (loop distance = 1) is detected in "`AUTOTB_DUT_INST.Loop_fetch_loop_proc_U0"
//                : From memory access "edge_attr_aggr_1_3_2_V_address1" = 0x18 @ "1445000"
//                : To memory access "edge_attr_aggr_1_3_2_V_address0" = DEP_address_162_to[0][5:0] = 0x18 @ "1445000"
//If cosim fails, the WARNING should be checked. autotb LINE:      21491
////////////////////////////////////////////////////////////////////////////////////
//Critical WARNING: Due to pragma (./example.h:651:1), dependence access (loop distance = 1) is detected in "`AUTOTB_DUT_INST.Loop_fetch_loop_proc_U0"
//                : From memory access "edge_attr_aggr_11_1_0_V_address1" = 0x36 @ "1450000"
//                : To memory access "edge_attr_aggr_11_1_0_V_address0" = DEP_address_96_to[0][5:0] = 0x36 @ "1450000"
//If cosim fails, the WARNING should be checked. autotb LINE:      16805
////////////////////////////////////////////////////////////////////////////////////
//Critical WARNING: Due to pragma (./example.h:651:1), dependence access (loop distance = 1) is detected in "`AUTOTB_DUT_INST.Loop_fetch_loop_proc_U0"
//                : From memory access "edge_attr_aggr_11_1_1_V_address1" = 0x36 @ "1450000"
//                : To memory access "edge_attr_aggr_11_1_1_V_address0" = DEP_address_97_to[0][5:0] = 0x36 @ "1450000"
//If cosim fails, the WARNING should be checked. autotb LINE:      16876
////////////////////////////////////////////////////////////////////////////////////
//Critical WARNING: Due to pragma (./example.h:651:1), dependence access (loop distance = 1) is detected in "`AUTOTB_DUT_INST.Loop_fetch_loop_proc_U0"
//                : From memory access "edge_attr_aggr_11_1_2_V_address1" = 0x36 @ "1450000"
//                : To memory access "edge_attr_aggr_11_1_2_V_address0" = DEP_address_98_to[0][5:0] = 0x36 @ "1450000"
//If cosim fails, the WARNING should be checked. autotb LINE:      16947
////////////////////////////////////////////////////////////////////////////////////
//Critical WARNING: Due to pragma (./example.h:651:1), dependence access (loop distance = 1) is detected in "`AUTOTB_DUT_INST.Loop_fetch_loop_proc_U0"
//                : From memory access "edge_attr_aggr_11_3_0_V_address1" = 0x17 @ "1450000"
//                : To memory access "edge_attr_aggr_11_3_0_V_address0" = DEP_address_200_to[0][5:0] = 0x17 @ "1450000"
//If cosim fails, the WARNING should be checked. autotb LINE:      24189
////////////////////////////////////////////////////////////////////////////////////
//Critical WARNING: Due to pragma (./example.h:651:1), dependence access (loop distance = 1) is detected in "`AUTOTB_DUT_INST.Loop_fetch_loop_proc_U0"
//                : From memory access "edge_attr_aggr_11_3_1_V_address1" = 0x17 @ "1450000"
//                : To memory access "edge_attr_aggr_11_3_1_V_address0" = DEP_address_201_to[0][5:0] = 0x17 @ "1450000"
//If cosim fails, the WARNING should be checked. autotb LINE:      24260
////////////////////////////////////////////////////////////////////////////////////
//Critical WARNING: Due to pragma (./example.h:651:1), dependence access (loop distance = 1) is detected in "`AUTOTB_DUT_INST.Loop_fetch_loop_proc_U0"
//                : From memory access "edge_attr_aggr_11_3_2_V_address1" = 0x17 @ "1450000"
//                : To memory access "edge_attr_aggr_11_3_2_V_address0" = DEP_address_202_to[0][5:0] = 0x17 @ "1450000"
//If cosim fails, the WARNING should be checked. autotb LINE:      24331
////////////////////////////////////////////////////////////////////////////////////
//Critical WARNING: Due to pragma (./example.h:651:1), dependence access (loop distance = 1) is detected in "`AUTOTB_DUT_INST.Loop_fetch_loop_proc_U0"
//                : From memory access "edge_attr_aggr_2_0_0_V_address1" = 0x33 @ "2025000"
//                : To memory access "edge_attr_aggr_2_0_0_V_address0" = DEP_address_8_to[0][5:0] = 0x33 @ "2025000"
//If cosim fails, the WARNING should be checked. autotb LINE:      10557
////////////////////////////////////////////////////////////////////////////////////
//Critical WARNING: Due to pragma (./example.h:651:1), dependence access (loop distance = 1) is detected in "`AUTOTB_DUT_INST.Loop_fetch_loop_proc_U0"
//                : From memory access "edge_attr_aggr_2_0_1_V_address1" = 0x33 @ "2025000"
//                : To memory access "edge_attr_aggr_2_0_1_V_address0" = DEP_address_9_to[0][5:0] = 0x33 @ "2025000"
//If cosim fails, the WARNING should be checked. autotb LINE:      10628
////////////////////////////////////////////////////////////////////////////////////
//Critical WARNING: Due to pragma (./example.h:651:1), dependence access (loop distance = 1) is detected in "`AUTOTB_DUT_INST.Loop_fetch_loop_proc_U0"
//                : From memory access "edge_attr_aggr_2_0_2_V_address1" = 0x33 @ "2025000"
//                : To memory access "edge_attr_aggr_2_0_2_V_address0" = DEP_address_10_to[0][5:0] = 0x33 @ "2025000"
//If cosim fails, the WARNING should be checked. autotb LINE:      10699
////////////////////////////////////////////////////////////////////////////////////
//Critical WARNING: Due to pragma (./example.h:651:1), dependence access (loop distance = 1) is detected in "`AUTOTB_DUT_INST.Loop_fetch_loop_proc_U0"
//                : From memory access "edge_attr_aggr_4_3_0_V_address1" = 0x19 @ "2040000"
//                : To memory access "edge_attr_aggr_4_3_0_V_address0" = DEP_address_172_to[0][5:0] = 0x19 @ "2040000"
//If cosim fails, the WARNING should be checked. autotb LINE:      22201
////////////////////////////////////////////////////////////////////////////////////
//Critical WARNING: Due to pragma (./example.h:651:1), dependence access (loop distance = 1) is detected in "`AUTOTB_DUT_INST.Loop_fetch_loop_proc_U0"
//                : From memory access "edge_attr_aggr_4_3_1_V_address1" = 0x19 @ "2040000"
//                : To memory access "edge_attr_aggr_4_3_1_V_address0" = DEP_address_173_to[0][5:0] = 0x19 @ "2040000"
//If cosim fails, the WARNING should be checked. autotb LINE:      22272
////////////////////////////////////////////////////////////////////////////////////
//Critical WARNING: Due to pragma (./example.h:651:1), dependence access (loop distance = 1) is detected in "`AUTOTB_DUT_INST.Loop_fetch_loop_proc_U0"
//                : From memory access "edge_attr_aggr_4_3_2_V_address1" = 0x19 @ "2040000"
//                : To memory access "edge_attr_aggr_4_3_2_V_address0" = DEP_address_174_to[0][5:0] = 0x19 @ "2040000"
//If cosim fails, the WARNING should be checked. autotb LINE:      22343
////////////////////////////////////////////////////////////////////////////////////
//Critical WARNING: Due to pragma (./example.h:651:1), dependence access (loop distance = 1) is detected in "`AUTOTB_DUT_INST.Loop_fetch_loop_proc_U0"
//                : From memory access "edge_attr_aggr_0_1_0_V_address1" = 0xd @ "2045000"
//                : To memory access "edge_attr_aggr_0_1_0_V_address0" = DEP_address_52_to[0][5:0] = 0xd @ "2045000"
//If cosim fails, the WARNING should be checked. autotb LINE:      13681
////////////////////////////////////////////////////////////////////////////////////
//Critical WARNING: Due to pragma (./example.h:651:1), dependence access (loop distance = 1) is detected in "`AUTOTB_DUT_INST.Loop_fetch_loop_proc_U0"
//                : From memory access "edge_attr_aggr_0_1_1_V_address1" = 0xd @ "2045000"
//                : To memory access "edge_attr_aggr_0_1_1_V_address0" = DEP_address_53_to[0][5:0] = 0xd @ "2045000"
//If cosim fails, the WARNING should be checked. autotb LINE:      13752
////////////////////////////////////////////////////////////////////////////////////
//Critical WARNING: Due to pragma (./example.h:651:1), dependence access (loop distance = 1) is detected in "`AUTOTB_DUT_INST.Loop_fetch_loop_proc_U0"
//                : From memory access "edge_attr_aggr_0_1_2_V_address1" = 0xd @ "2045000"
//                : To memory access "edge_attr_aggr_0_1_2_V_address0" = DEP_address_54_to[0][5:0] = 0xd @ "2045000"
//If cosim fails, the WARNING should be checked. autotb LINE:      13823
////////////////////////////////////////////////////////////////////////////////////
//Critical WARNING: Due to pragma (./example.h:651:1), dependence access (loop distance = 1) is detected in "`AUTOTB_DUT_INST.Loop_fetch_loop_proc_U0"
//                : From memory access "edge_attr_aggr_5_2_0_V_address1" = 0x14 @ "2045000"
//                : To memory access "edge_attr_aggr_5_2_0_V_address0" = DEP_address_124_to[0][5:0] = 0x14 @ "2045000"
//If cosim fails, the WARNING should be checked. autotb LINE:      18793
////////////////////////////////////////////////////////////////////////////////////
//Critical WARNING: Due to pragma (./example.h:651:1), dependence access (loop distance = 1) is detected in "`AUTOTB_DUT_INST.Loop_fetch_loop_proc_U0"
//                : From memory access "edge_attr_aggr_5_2_1_V_address1" = 0x14 @ "2045000"
//                : To memory access "edge_attr_aggr_5_2_1_V_address0" = DEP_address_125_to[0][5:0] = 0x14 @ "2045000"
//If cosim fails, the WARNING should be checked. autotb LINE:      18864
////////////////////////////////////////////////////////////////////////////////////
//Critical WARNING: Due to pragma (./example.h:651:1), dependence access (loop distance = 1) is detected in "`AUTOTB_DUT_INST.Loop_fetch_loop_proc_U0"
//                : From memory access "edge_attr_aggr_5_2_2_V_address1" = 0x14 @ "2045000"
//                : To memory access "edge_attr_aggr_5_2_2_V_address0" = DEP_address_126_to[0][5:0] = 0x14 @ "2045000"
//If cosim fails, the WARNING should be checked. autotb LINE:      18935
////////////////////////////////////////////////////////////////////////////////////
//Critical WARNING: Due to pragma (./example.h:651:1), dependence access (loop distance = 1) is detected in "`AUTOTB_DUT_INST.Loop_fetch_loop_proc_U0"
//                : From memory access "edge_attr_aggr_7_0_0_V_address1" = 0xf @ "2050000"
//                : To memory access "edge_attr_aggr_7_0_0_V_address0" = DEP_address_28_to[0][5:0] = 0xf @ "2050000"
//If cosim fails, the WARNING should be checked. autotb LINE:      11977
////////////////////////////////////////////////////////////////////////////////////
//Critical WARNING: Due to pragma (./example.h:651:1), dependence access (loop distance = 1) is detected in "`AUTOTB_DUT_INST.Loop_fetch_loop_proc_U0"
//                : From memory access "edge_attr_aggr_7_0_1_V_address1" = 0xf @ "2050000"
//                : To memory access "edge_attr_aggr_7_0_1_V_address0" = DEP_address_29_to[0][5:0] = 0xf @ "2050000"
//If cosim fails, the WARNING should be checked. autotb LINE:      12048
////////////////////////////////////////////////////////////////////////////////////
//Critical WARNING: Due to pragma (./example.h:651:1), dependence access (loop distance = 1) is detected in "`AUTOTB_DUT_INST.Loop_fetch_loop_proc_U0"
//                : From memory access "edge_attr_aggr_7_0_2_V_address1" = 0xf @ "2050000"
//                : To memory access "edge_attr_aggr_7_0_2_V_address0" = DEP_address_30_to[0][5:0] = 0xf @ "2050000"
//If cosim fails, the WARNING should be checked. autotb LINE:      12119
////////////////////////////////////////////////////////////////////////////////////
//Critical WARNING: Due to pragma (./example.h:651:1), dependence access (loop distance = 1) is detected in "`AUTOTB_DUT_INST.Loop_fetch_loop_proc_U0"
//                : From memory access "edge_attr_aggr_2_1_0_V_address1" = 0xf @ "2050000"
//                : To memory access "edge_attr_aggr_2_1_0_V_address0" = DEP_address_60_to[0][5:0] = 0xf @ "2050000"
//If cosim fails, the WARNING should be checked. autotb LINE:      14249
////////////////////////////////////////////////////////////////////////////////////
//Critical WARNING: Due to pragma (./example.h:651:1), dependence access (loop distance = 1) is detected in "`AUTOTB_DUT_INST.Loop_fetch_loop_proc_U0"
//                : From memory access "edge_attr_aggr_2_1_1_V_address1" = 0xf @ "2050000"
//                : To memory access "edge_attr_aggr_2_1_1_V_address0" = DEP_address_61_to[0][5:0] = 0xf @ "2050000"
//If cosim fails, the WARNING should be checked. autotb LINE:      14320
////////////////////////////////////////////////////////////////////////////////////
//Critical WARNING: Due to pragma (./example.h:651:1), dependence access (loop distance = 1) is detected in "`AUTOTB_DUT_INST.Loop_fetch_loop_proc_U0"
//                : From memory access "edge_attr_aggr_2_1_2_V_address1" = 0xf @ "2050000"
//                : To memory access "edge_attr_aggr_2_1_2_V_address0" = DEP_address_62_to[0][5:0] = 0xf @ "2050000"
//If cosim fails, the WARNING should be checked. autotb LINE:      14391
////////////////////////////////////////////////////////////////////////////////////
//Critical WARNING: Due to pragma (./example.h:651:1), dependence access (loop distance = 1) is detected in "`AUTOTB_DUT_INST.Loop_fetch_loop_proc_U0"
//                : From memory access "edge_attr_aggr_10_2_0_V_address1" = 0x6 @ "2050000"
//                : To memory access "edge_attr_aggr_10_2_0_V_address0" = DEP_address_144_to[0][5:0] = 0x6 @ "2050000"
//If cosim fails, the WARNING should be checked. autotb LINE:      20213
////////////////////////////////////////////////////////////////////////////////////
//Critical WARNING: Due to pragma (./example.h:651:1), dependence access (loop distance = 1) is detected in "`AUTOTB_DUT_INST.Loop_fetch_loop_proc_U0"
//                : From memory access "edge_attr_aggr_10_2_1_V_address1" = 0x6 @ "2050000"
//                : To memory access "edge_attr_aggr_10_2_1_V_address0" = DEP_address_145_to[0][5:0] = 0x6 @ "2050000"
//If cosim fails, the WARNING should be checked. autotb LINE:      20284
////////////////////////////////////////////////////////////////////////////////////
//Critical WARNING: Due to pragma (./example.h:651:1), dependence access (loop distance = 1) is detected in "`AUTOTB_DUT_INST.Loop_fetch_loop_proc_U0"
//                : From memory access "edge_attr_aggr_10_2_2_V_address1" = 0x6 @ "2050000"
//                : To memory access "edge_attr_aggr_10_2_2_V_address0" = DEP_address_146_to[0][5:0] = 0x6 @ "2050000"
//If cosim fails, the WARNING should be checked. autotb LINE:      20355
////////////////////////////////////////////////////////////////////////////////////
//Critical WARNING: Due to pragma (./example.h:651:1), dependence access (loop distance = 1) is detected in "`AUTOTB_DUT_INST.Loop_fetch_loop_proc_U0"
//                : From memory access "edge_attr_aggr_2_0_0_V_address1" = 0x0 @ "2060000"
//                : To memory access "edge_attr_aggr_2_0_0_V_address0" = DEP_address_8_to[0][5:0] = 0x0 @ "2060000"
//If cosim fails, the WARNING should be checked. autotb LINE:      10557
////////////////////////////////////////////////////////////////////////////////////
//Critical WARNING: Due to pragma (./example.h:651:1), dependence access (loop distance = 1) is detected in "`AUTOTB_DUT_INST.Loop_fetch_loop_proc_U0"
//                : From memory access "edge_attr_aggr_2_0_1_V_address1" = 0x0 @ "2060000"
//                : To memory access "edge_attr_aggr_2_0_1_V_address0" = DEP_address_9_to[0][5:0] = 0x0 @ "2060000"
//If cosim fails, the WARNING should be checked. autotb LINE:      10628
////////////////////////////////////////////////////////////////////////////////////
//Critical WARNING: Due to pragma (./example.h:651:1), dependence access (loop distance = 1) is detected in "`AUTOTB_DUT_INST.Loop_fetch_loop_proc_U0"
//                : From memory access "edge_attr_aggr_2_0_2_V_address1" = 0x0 @ "2060000"
//                : To memory access "edge_attr_aggr_2_0_2_V_address0" = DEP_address_10_to[0][5:0] = 0x0 @ "2060000"
//If cosim fails, the WARNING should be checked. autotb LINE:      10699
////////////////////////////////////////////////////////////////////////////////////
//Critical WARNING: Due to pragma (./example.h:651:1), dependence access (loop distance = 1) is detected in "`AUTOTB_DUT_INST.Loop_fetch_loop_proc_U0"
//                : From memory access "edge_attr_aggr_2_2_0_V_address1" = 0x2 @ "2065000"
//                : To memory access "edge_attr_aggr_2_2_0_V_address0" = DEP_address_112_to[0][5:0] = 0x2 @ "2065000"
//If cosim fails, the WARNING should be checked. autotb LINE:      17941
////////////////////////////////////////////////////////////////////////////////////
//Critical WARNING: Due to pragma (./example.h:651:1), dependence access (loop distance = 1) is detected in "`AUTOTB_DUT_INST.Loop_fetch_loop_proc_U0"
//                : From memory access "edge_attr_aggr_2_2_1_V_address1" = 0x2 @ "2065000"
//                : To memory access "edge_attr_aggr_2_2_1_V_address0" = DEP_address_113_to[0][5:0] = 0x2 @ "2065000"
//If cosim fails, the WARNING should be checked. autotb LINE:      18012
////////////////////////////////////////////////////////////////////////////////////
//Critical WARNING: Due to pragma (./example.h:651:1), dependence access (loop distance = 1) is detected in "`AUTOTB_DUT_INST.Loop_fetch_loop_proc_U0"
//                : From memory access "edge_attr_aggr_2_2_2_V_address1" = 0x2 @ "2065000"
//                : To memory access "edge_attr_aggr_2_2_2_V_address0" = DEP_address_114_to[0][5:0] = 0x2 @ "2065000"
//If cosim fails, the WARNING should be checked. autotb LINE:      18083
////////////////////////////////////////////////////////////////////////////////////
//Critical WARNING: Due to pragma (./example.h:651:1), dependence access (loop distance = 1) is detected in "`AUTOTB_DUT_INST.Loop_fetch_loop_proc_U0"
//                : From memory access "edge_attr_aggr_3_0_0_V_address1" = 0x16 @ "2085000"
//                : To memory access "edge_attr_aggr_3_0_0_V_address0" = DEP_address_12_to[0][5:0] = 0x16 @ "2085000"
//If cosim fails, the WARNING should be checked. autotb LINE:      10841
////////////////////////////////////////////////////////////////////////////////////
//Critical WARNING: Due to pragma (./example.h:651:1), dependence access (loop distance = 1) is detected in "`AUTOTB_DUT_INST.Loop_fetch_loop_proc_U0"
//                : From memory access "edge_attr_aggr_3_0_1_V_address1" = 0x16 @ "2085000"
//                : To memory access "edge_attr_aggr_3_0_1_V_address0" = DEP_address_13_to[0][5:0] = 0x16 @ "2085000"
//If cosim fails, the WARNING should be checked. autotb LINE:      10912
////////////////////////////////////////////////////////////////////////////////////
//Critical WARNING: Due to pragma (./example.h:651:1), dependence access (loop distance = 1) is detected in "`AUTOTB_DUT_INST.Loop_fetch_loop_proc_U0"
//                : From memory access "edge_attr_aggr_3_0_2_V_address1" = 0x16 @ "2085000"
//                : To memory access "edge_attr_aggr_3_0_2_V_address0" = DEP_address_14_to[0][5:0] = 0x16 @ "2085000"
//If cosim fails, the WARNING should be checked. autotb LINE:      10983
////////////////////////////////////////////////////////////////////////////////////
//Critical WARNING: Due to pragma (./example.h:651:1), dependence access (loop distance = 1) is detected in "`AUTOTB_DUT_INST.Loop_fetch_loop_proc_U0"
//                : From memory access "edge_attr_aggr_10_1_0_V_address1" = 0x24 @ "2085000"
//                : To memory access "edge_attr_aggr_10_1_0_V_address0" = DEP_address_92_to[0][5:0] = 0x24 @ "2085000"
//If cosim fails, the WARNING should be checked. autotb LINE:      16521
////////////////////////////////////////////////////////////////////////////////////
//Critical WARNING: Due to pragma (./example.h:651:1), dependence access (loop distance = 1) is detected in "`AUTOTB_DUT_INST.Loop_fetch_loop_proc_U0"
//                : From memory access "edge_attr_aggr_10_1_1_V_address1" = 0x24 @ "2085000"
//                : To memory access "edge_attr_aggr_10_1_1_V_address0" = DEP_address_93_to[0][5:0] = 0x24 @ "2085000"
//If cosim fails, the WARNING should be checked. autotb LINE:      16592
////////////////////////////////////////////////////////////////////////////////////
//Critical WARNING: Due to pragma (./example.h:651:1), dependence access (loop distance = 1) is detected in "`AUTOTB_DUT_INST.Loop_fetch_loop_proc_U0"
//                : From memory access "edge_attr_aggr_10_1_2_V_address1" = 0x24 @ "2085000"
//                : To memory access "edge_attr_aggr_10_1_2_V_address0" = DEP_address_94_to[0][5:0] = 0x24 @ "2085000"
//If cosim fails, the WARNING should be checked. autotb LINE:      16663
////////////////////////////////////////////////////////////////////////////////////
//Critical WARNING: Due to pragma (./example.h:651:1), dependence access (loop distance = 1) is detected in "`AUTOTB_DUT_INST.Loop_fetch_loop_proc_U0"
//                : From memory access "edge_attr_aggr_0_2_0_V_address1" = 0x2b @ "2085000"
//                : To memory access "edge_attr_aggr_0_2_0_V_address0" = DEP_address_104_to[0][5:0] = 0x2b @ "2085000"
//If cosim fails, the WARNING should be checked. autotb LINE:      17373
////////////////////////////////////////////////////////////////////////////////////
//Critical WARNING: Due to pragma (./example.h:651:1), dependence access (loop distance = 1) is detected in "`AUTOTB_DUT_INST.Loop_fetch_loop_proc_U0"
//                : From memory access "edge_attr_aggr_0_2_1_V_address1" = 0x2b @ "2085000"
//                : To memory access "edge_attr_aggr_0_2_1_V_address0" = DEP_address_105_to[0][5:0] = 0x2b @ "2085000"
//If cosim fails, the WARNING should be checked. autotb LINE:      17444
////////////////////////////////////////////////////////////////////////////////////
//Critical WARNING: Due to pragma (./example.h:651:1), dependence access (loop distance = 1) is detected in "`AUTOTB_DUT_INST.Loop_fetch_loop_proc_U0"
//                : From memory access "edge_attr_aggr_0_2_2_V_address1" = 0x2b @ "2085000"
//                : To memory access "edge_attr_aggr_0_2_2_V_address0" = DEP_address_106_to[0][5:0] = 0x2b @ "2085000"
//If cosim fails, the WARNING should be checked. autotb LINE:      17515
////////////////////////////////////////////////////////////////////////////////////
//Critical WARNING: Due to pragma (./example.h:651:1), dependence access (loop distance = 1) is detected in "`AUTOTB_DUT_INST.Loop_fetch_loop_proc_U0"
//                : From memory access "edge_attr_aggr_4_1_0_V_address1" = 0x4 @ "2090000"
//                : To memory access "edge_attr_aggr_4_1_0_V_address0" = DEP_address_68_to[0][5:0] = 0x4 @ "2090000"
//If cosim fails, the WARNING should be checked. autotb LINE:      14817
////////////////////////////////////////////////////////////////////////////////////
//Critical WARNING: Due to pragma (./example.h:651:1), dependence access (loop distance = 1) is detected in "`AUTOTB_DUT_INST.Loop_fetch_loop_proc_U0"
//                : From memory access "edge_attr_aggr_4_1_1_V_address1" = 0x4 @ "2090000"
//                : To memory access "edge_attr_aggr_4_1_1_V_address0" = DEP_address_69_to[0][5:0] = 0x4 @ "2090000"
//If cosim fails, the WARNING should be checked. autotb LINE:      14888
////////////////////////////////////////////////////////////////////////////////////
//Critical WARNING: Due to pragma (./example.h:651:1), dependence access (loop distance = 1) is detected in "`AUTOTB_DUT_INST.Loop_fetch_loop_proc_U0"
//                : From memory access "edge_attr_aggr_4_1_2_V_address1" = 0x4 @ "2090000"
//                : To memory access "edge_attr_aggr_4_1_2_V_address0" = DEP_address_70_to[0][5:0] = 0x4 @ "2090000"
//If cosim fails, the WARNING should be checked. autotb LINE:      14959
////////////////////////////////////////////////////////////////////////////////////
//Critical WARNING: Due to pragma (./example.h:651:1), dependence access (loop distance = 1) is detected in "`AUTOTB_DUT_INST.Loop_fetch_loop_proc_U0"
//                : From memory access "edge_attr_aggr_3_0_0_V_address1" = 0x32 @ "2105000"
//                : To memory access "edge_attr_aggr_3_0_0_V_address0" = DEP_address_12_to[0][5:0] = 0x32 @ "2105000"
//If cosim fails, the WARNING should be checked. autotb LINE:      10841
////////////////////////////////////////////////////////////////////////////////////
//Critical WARNING: Due to pragma (./example.h:651:1), dependence access (loop distance = 1) is detected in "`AUTOTB_DUT_INST.Loop_fetch_loop_proc_U0"
//                : From memory access "edge_attr_aggr_3_0_1_V_address1" = 0x32 @ "2105000"
//                : To memory access "edge_attr_aggr_3_0_1_V_address0" = DEP_address_13_to[0][5:0] = 0x32 @ "2105000"
//If cosim fails, the WARNING should be checked. autotb LINE:      10912
////////////////////////////////////////////////////////////////////////////////////
//Critical WARNING: Due to pragma (./example.h:651:1), dependence access (loop distance = 1) is detected in "`AUTOTB_DUT_INST.Loop_fetch_loop_proc_U0"
//                : From memory access "edge_attr_aggr_3_0_2_V_address1" = 0x32 @ "2105000"
//                : To memory access "edge_attr_aggr_3_0_2_V_address0" = DEP_address_14_to[0][5:0] = 0x32 @ "2105000"
//If cosim fails, the WARNING should be checked. autotb LINE:      10983
////////////////////////////////////////////////////////////////////////////////////
//Critical WARNING: Due to pragma (./example.h:651:1), dependence access (loop distance = 1) is detected in "`AUTOTB_DUT_INST.Loop_fetch_loop_proc_U0"
//                : From memory access "edge_attr_aggr_7_1_0_V_address1" = 0x20 @ "2110000"
//                : To memory access "edge_attr_aggr_7_1_0_V_address0" = DEP_address_80_to[0][5:0] = 0x20 @ "2110000"
//If cosim fails, the WARNING should be checked. autotb LINE:      15669
////////////////////////////////////////////////////////////////////////////////////
//Critical WARNING: Due to pragma (./example.h:651:1), dependence access (loop distance = 1) is detected in "`AUTOTB_DUT_INST.Loop_fetch_loop_proc_U0"
//                : From memory access "edge_attr_aggr_7_1_1_V_address1" = 0x20 @ "2110000"
//                : To memory access "edge_attr_aggr_7_1_1_V_address0" = DEP_address_81_to[0][5:0] = 0x20 @ "2110000"
//If cosim fails, the WARNING should be checked. autotb LINE:      15740
////////////////////////////////////////////////////////////////////////////////////
//Critical WARNING: Due to pragma (./example.h:651:1), dependence access (loop distance = 1) is detected in "`AUTOTB_DUT_INST.Loop_fetch_loop_proc_U0"
//                : From memory access "edge_attr_aggr_7_1_2_V_address1" = 0x20 @ "2110000"
//                : To memory access "edge_attr_aggr_7_1_2_V_address0" = DEP_address_82_to[0][5:0] = 0x20 @ "2110000"
//If cosim fails, the WARNING should be checked. autotb LINE:      15811
////////////////////////////////////////////////////////////////////////////////////
//Critical WARNING: Due to pragma (./example.h:651:1), dependence access (loop distance = 1) is detected in "`AUTOTB_DUT_INST.Loop_fetch_loop_proc_U0"
//                : From memory access "edge_attr_aggr_8_1_0_V_address1" = 0x2 @ "2110000"
//                : To memory access "edge_attr_aggr_8_1_0_V_address0" = DEP_address_84_to[0][5:0] = 0x2 @ "2110000"
//If cosim fails, the WARNING should be checked. autotb LINE:      15953
////////////////////////////////////////////////////////////////////////////////////
//Critical WARNING: Due to pragma (./example.h:651:1), dependence access (loop distance = 1) is detected in "`AUTOTB_DUT_INST.Loop_fetch_loop_proc_U0"
//                : From memory access "edge_attr_aggr_8_1_1_V_address1" = 0x2 @ "2110000"
//                : To memory access "edge_attr_aggr_8_1_1_V_address0" = DEP_address_85_to[0][5:0] = 0x2 @ "2110000"
//If cosim fails, the WARNING should be checked. autotb LINE:      16024
////////////////////////////////////////////////////////////////////////////////////
//Critical WARNING: Due to pragma (./example.h:651:1), dependence access (loop distance = 1) is detected in "`AUTOTB_DUT_INST.Loop_fetch_loop_proc_U0"
//                : From memory access "edge_attr_aggr_8_1_2_V_address1" = 0x2 @ "2110000"
//                : To memory access "edge_attr_aggr_8_1_2_V_address0" = DEP_address_86_to[0][5:0] = 0x2 @ "2110000"
//If cosim fails, the WARNING should be checked. autotb LINE:      16095
////////////////////////////////////////////////////////////////////////////////////
//Critical WARNING: Due to pragma (./example.h:651:1), dependence access (loop distance = 1) is detected in "`AUTOTB_DUT_INST.Loop_fetch_loop_proc_U0"
//                : From memory access "edge_attr_aggr_7_1_0_V_address1" = 0x1c @ "2130000"
//                : To memory access "edge_attr_aggr_7_1_0_V_address0" = DEP_address_80_to[0][5:0] = 0x1c @ "2130000"
//If cosim fails, the WARNING should be checked. autotb LINE:      15669
////////////////////////////////////////////////////////////////////////////////////
//Critical WARNING: Due to pragma (./example.h:651:1), dependence access (loop distance = 1) is detected in "`AUTOTB_DUT_INST.Loop_fetch_loop_proc_U0"
//                : From memory access "edge_attr_aggr_7_1_1_V_address1" = 0x1c @ "2130000"
//                : To memory access "edge_attr_aggr_7_1_1_V_address0" = DEP_address_81_to[0][5:0] = 0x1c @ "2130000"
//If cosim fails, the WARNING should be checked. autotb LINE:      15740
////////////////////////////////////////////////////////////////////////////////////
//Critical WARNING: Due to pragma (./example.h:651:1), dependence access (loop distance = 1) is detected in "`AUTOTB_DUT_INST.Loop_fetch_loop_proc_U0"
//                : From memory access "edge_attr_aggr_7_1_2_V_address1" = 0x1c @ "2130000"
//                : To memory access "edge_attr_aggr_7_1_2_V_address0" = DEP_address_82_to[0][5:0] = 0x1c @ "2130000"
//If cosim fails, the WARNING should be checked. autotb LINE:      15811
////////////////////////////////////////////////////////////////////////////////////
//Critical WARNING: Due to pragma (./example.h:651:1), dependence access (loop distance = 1) is detected in "`AUTOTB_DUT_INST.Loop_fetch_loop_proc_U0"
//                : From memory access "edge_attr_aggr_12_3_0_V_address1" = 0x30 @ "2130000"
//                : To memory access "edge_attr_aggr_12_3_0_V_address0" = DEP_address_204_to[0][5:0] = 0x30 @ "2130000"
//If cosim fails, the WARNING should be checked. autotb LINE:      24473
////////////////////////////////////////////////////////////////////////////////////
//Critical WARNING: Due to pragma (./example.h:651:1), dependence access (loop distance = 1) is detected in "`AUTOTB_DUT_INST.Loop_fetch_loop_proc_U0"
//                : From memory access "edge_attr_aggr_12_3_1_V_address1" = 0x30 @ "2130000"
//                : To memory access "edge_attr_aggr_12_3_1_V_address0" = DEP_address_205_to[0][5:0] = 0x30 @ "2130000"
//If cosim fails, the WARNING should be checked. autotb LINE:      24544
////////////////////////////////////////////////////////////////////////////////////
//Critical WARNING: Due to pragma (./example.h:651:1), dependence access (loop distance = 1) is detected in "`AUTOTB_DUT_INST.Loop_fetch_loop_proc_U0"
//                : From memory access "edge_attr_aggr_12_3_2_V_address1" = 0x30 @ "2130000"
//                : To memory access "edge_attr_aggr_12_3_2_V_address0" = DEP_address_206_to[0][5:0] = 0x30 @ "2130000"
//If cosim fails, the WARNING should be checked. autotb LINE:      24615
////////////////////////////////////////////////////////////////////////////////////
//Critical WARNING: Due to pragma (./example.h:651:1), dependence access (loop distance = 1) is detected in "`AUTOTB_DUT_INST.Loop_fetch_loop_proc_U0"
//                : From memory access "edge_attr_aggr_11_2_0_V_address1" = 0x9 @ "2135000"
//                : To memory access "edge_attr_aggr_11_2_0_V_address0" = DEP_address_148_to[0][5:0] = 0x9 @ "2135000"
//If cosim fails, the WARNING should be checked. autotb LINE:      20497
////////////////////////////////////////////////////////////////////////////////////
//Critical WARNING: Due to pragma (./example.h:651:1), dependence access (loop distance = 1) is detected in "`AUTOTB_DUT_INST.Loop_fetch_loop_proc_U0"
//                : From memory access "edge_attr_aggr_11_2_1_V_address1" = 0x9 @ "2135000"
//                : To memory access "edge_attr_aggr_11_2_1_V_address0" = DEP_address_149_to[0][5:0] = 0x9 @ "2135000"
//If cosim fails, the WARNING should be checked. autotb LINE:      20568
////////////////////////////////////////////////////////////////////////////////////
//Critical WARNING: Due to pragma (./example.h:651:1), dependence access (loop distance = 1) is detected in "`AUTOTB_DUT_INST.Loop_fetch_loop_proc_U0"
//                : From memory access "edge_attr_aggr_11_2_2_V_address1" = 0x9 @ "2135000"
//                : To memory access "edge_attr_aggr_11_2_2_V_address0" = DEP_address_150_to[0][5:0] = 0x9 @ "2135000"
//If cosim fails, the WARNING should be checked. autotb LINE:      20639
////////////////////////////////////////////////////////////////////////////////////
//Critical WARNING: Due to pragma (./example.h:651:1), dependence access (loop distance = 1) is detected in "`AUTOTB_DUT_INST.Loop_fetch_loop_proc_U0"
//                : From memory access "edge_attr_aggr_3_0_0_V_address1" = 0x30 @ "2140000"
//                : To memory access "edge_attr_aggr_3_0_0_V_address0" = DEP_address_12_to[0][5:0] = 0x30 @ "2140000"
//If cosim fails, the WARNING should be checked. autotb LINE:      10841
////////////////////////////////////////////////////////////////////////////////////
//Critical WARNING: Due to pragma (./example.h:651:1), dependence access (loop distance = 1) is detected in "`AUTOTB_DUT_INST.Loop_fetch_loop_proc_U0"
//                : From memory access "edge_attr_aggr_3_0_1_V_address1" = 0x30 @ "2140000"
//                : To memory access "edge_attr_aggr_3_0_1_V_address0" = DEP_address_13_to[0][5:0] = 0x30 @ "2140000"
//If cosim fails, the WARNING should be checked. autotb LINE:      10912
////////////////////////////////////////////////////////////////////////////////////
//Critical WARNING: Due to pragma (./example.h:651:1), dependence access (loop distance = 1) is detected in "`AUTOTB_DUT_INST.Loop_fetch_loop_proc_U0"
//                : From memory access "edge_attr_aggr_3_0_2_V_address1" = 0x30 @ "2140000"
//                : To memory access "edge_attr_aggr_3_0_2_V_address0" = DEP_address_14_to[0][5:0] = 0x30 @ "2140000"
//If cosim fails, the WARNING should be checked. autotb LINE:      10983
////////////////////////////////////////////////////////////////////////////////////
//Critical WARNING: Due to pragma (./example.h:651:1), dependence access (loop distance = 1) is detected in "`AUTOTB_DUT_INST.Loop_fetch_loop_proc_U0"
//                : From memory access "edge_attr_aggr_6_1_0_V_address1" = 0x7 @ "2140000"
//                : To memory access "edge_attr_aggr_6_1_0_V_address0" = DEP_address_76_to[0][5:0] = 0x7 @ "2140000"
//If cosim fails, the WARNING should be checked. autotb LINE:      15385
////////////////////////////////////////////////////////////////////////////////////
//Critical WARNING: Due to pragma (./example.h:651:1), dependence access (loop distance = 1) is detected in "`AUTOTB_DUT_INST.Loop_fetch_loop_proc_U0"
//                : From memory access "edge_attr_aggr_6_1_1_V_address1" = 0x7 @ "2140000"
//                : To memory access "edge_attr_aggr_6_1_1_V_address0" = DEP_address_77_to[0][5:0] = 0x7 @ "2140000"
//If cosim fails, the WARNING should be checked. autotb LINE:      15456
////////////////////////////////////////////////////////////////////////////////////
//Critical WARNING: Due to pragma (./example.h:651:1), dependence access (loop distance = 1) is detected in "`AUTOTB_DUT_INST.Loop_fetch_loop_proc_U0"
//                : From memory access "edge_attr_aggr_6_1_2_V_address1" = 0x7 @ "2140000"
//                : To memory access "edge_attr_aggr_6_1_2_V_address0" = DEP_address_78_to[0][5:0] = 0x7 @ "2140000"
//If cosim fails, the WARNING should be checked. autotb LINE:      15527
////////////////////////////////////////////////////////////////////////////////////
//Critical WARNING: Due to pragma (./example.h:651:1), dependence access (loop distance = 1) is detected in "`AUTOTB_DUT_INST.Loop_fetch_loop_proc_U0"
//                : From memory access "edge_attr_aggr_1_3_0_V_address1" = 0x18 @ "2145000"
//                : To memory access "edge_attr_aggr_1_3_0_V_address0" = DEP_address_160_to[0][5:0] = 0x18 @ "2145000"
//If cosim fails, the WARNING should be checked. autotb LINE:      21349
////////////////////////////////////////////////////////////////////////////////////
//Critical WARNING: Due to pragma (./example.h:651:1), dependence access (loop distance = 1) is detected in "`AUTOTB_DUT_INST.Loop_fetch_loop_proc_U0"
//                : From memory access "edge_attr_aggr_1_3_1_V_address1" = 0x18 @ "2145000"
//                : To memory access "edge_attr_aggr_1_3_1_V_address0" = DEP_address_161_to[0][5:0] = 0x18 @ "2145000"
//If cosim fails, the WARNING should be checked. autotb LINE:      21420
////////////////////////////////////////////////////////////////////////////////////
//Critical WARNING: Due to pragma (./example.h:651:1), dependence access (loop distance = 1) is detected in "`AUTOTB_DUT_INST.Loop_fetch_loop_proc_U0"
//                : From memory access "edge_attr_aggr_1_3_2_V_address1" = 0x18 @ "2145000"
//                : To memory access "edge_attr_aggr_1_3_2_V_address0" = DEP_address_162_to[0][5:0] = 0x18 @ "2145000"
//If cosim fails, the WARNING should be checked. autotb LINE:      21491
////////////////////////////////////////////////////////////////////////////////////
//Critical WARNING: Due to pragma (./example.h:651:1), dependence access (loop distance = 1) is detected in "`AUTOTB_DUT_INST.Loop_fetch_loop_proc_U0"
//                : From memory access "edge_attr_aggr_11_1_0_V_address1" = 0x36 @ "2150000"
//                : To memory access "edge_attr_aggr_11_1_0_V_address0" = DEP_address_96_to[0][5:0] = 0x36 @ "2150000"
//If cosim fails, the WARNING should be checked. autotb LINE:      16805
////////////////////////////////////////////////////////////////////////////////////
//Critical WARNING: Due to pragma (./example.h:651:1), dependence access (loop distance = 1) is detected in "`AUTOTB_DUT_INST.Loop_fetch_loop_proc_U0"
//                : From memory access "edge_attr_aggr_11_1_1_V_address1" = 0x36 @ "2150000"
//                : To memory access "edge_attr_aggr_11_1_1_V_address0" = DEP_address_97_to[0][5:0] = 0x36 @ "2150000"
//If cosim fails, the WARNING should be checked. autotb LINE:      16876
////////////////////////////////////////////////////////////////////////////////////
//Critical WARNING: Due to pragma (./example.h:651:1), dependence access (loop distance = 1) is detected in "`AUTOTB_DUT_INST.Loop_fetch_loop_proc_U0"
//                : From memory access "edge_attr_aggr_11_1_2_V_address1" = 0x36 @ "2150000"
//                : To memory access "edge_attr_aggr_11_1_2_V_address0" = DEP_address_98_to[0][5:0] = 0x36 @ "2150000"
//If cosim fails, the WARNING should be checked. autotb LINE:      16947
////////////////////////////////////////////////////////////////////////////////////
//Critical WARNING: Due to pragma (./example.h:651:1), dependence access (loop distance = 1) is detected in "`AUTOTB_DUT_INST.Loop_fetch_loop_proc_U0"
//                : From memory access "edge_attr_aggr_11_3_0_V_address1" = 0x17 @ "2150000"
//                : To memory access "edge_attr_aggr_11_3_0_V_address0" = DEP_address_200_to[0][5:0] = 0x17 @ "2150000"
//If cosim fails, the WARNING should be checked. autotb LINE:      24189
////////////////////////////////////////////////////////////////////////////////////
//Critical WARNING: Due to pragma (./example.h:651:1), dependence access (loop distance = 1) is detected in "`AUTOTB_DUT_INST.Loop_fetch_loop_proc_U0"
//                : From memory access "edge_attr_aggr_11_3_1_V_address1" = 0x17 @ "2150000"
//                : To memory access "edge_attr_aggr_11_3_1_V_address0" = DEP_address_201_to[0][5:0] = 0x17 @ "2150000"
//If cosim fails, the WARNING should be checked. autotb LINE:      24260
////////////////////////////////////////////////////////////////////////////////////
//Critical WARNING: Due to pragma (./example.h:651:1), dependence access (loop distance = 1) is detected in "`AUTOTB_DUT_INST.Loop_fetch_loop_proc_U0"
//                : From memory access "edge_attr_aggr_11_3_2_V_address1" = 0x17 @ "2150000"
//                : To memory access "edge_attr_aggr_11_3_2_V_address0" = DEP_address_202_to[0][5:0] = 0x17 @ "2150000"
//If cosim fails, the WARNING should be checked. autotb LINE:      24331
////////////////////////////////////////////////////////////////////////////////////
// RTL Simulation : 1 / 1 [100.00%] @ "2523000"
////////////////////////////////////////////////////////////////////////////////////
$finish called at time : 2542500 ps : File "/home/ShiYuHuang/manual_GNN_conversion/hls_output_current/add/source_to_target/axi/ii_1/example_par_4/sim/verilog/example.autotb.v" Line 8836
## quit
INFO: [Common 17-206] Exiting xsim at Fri Aug 19 16:05:39 2022...
